spk_ver/v00/v0000	SES146	0.370087	-41.9675	-42.3376
spk_ver/v00/v0001	SES002	-20.1517	-62.8884	-42.7367
spk_ver/v00/v0002	SES002	-15.5217	-58.5266	-43.0048
spk_ver/v00/v0003	SES002	-20.6247	-63.9654	-43.3407
spk_ver/v00/v0004	SES002	-2.60041	-45.9982	-43.3978
spk_ver/v00/v0005	SES002	-5.00611	-47.1724	-42.1663
spk_ver/v00/v0006	SES002	-11.0788	-53.0634	-41.9846
spk_ver/v00/v0007	SES002	-11.4649	-55.1504	-43.6855
spk_ver/v00/v0008	SES146	0.0124474	-42.4687	-42.4811
spk_ver/v00/v0009	SES002	-2.1685	-44.1137	-41.9452
spk_ver/v00/v0010	SES002	-4.29413	-46.762	-42.4679
spk_ver/v00/v0011	SES002	-3.53635	-47.4828	-43.9465
spk_ver/v00/v0012	SES002	-16.7746	-57.9951	-41.2204
spk_ver/v00/v0013	SES002	-13.2169	-55.3307	-42.1138
spk_ver/v00/v0014	SES002	-3.04159	-45.7675	-42.7259
spk_ver/v00/v0015	SES002	-2.89326	-44.8155	-41.9223
spk_ver/v00/v0016	SES275	0.32679	-42.921	-43.2478
spk_ver/v00/v0017	SES002	-0.447105	-42.4257	-41.9785
spk_ver/v00/v0018	SES002	-14.469	-58.146	-43.6769
spk_ver/v00/v0019	SES002	-2.92271	-45.1299	-42.2072
spk_ver/v00/v0020	SES002	-14.2389	-57.9695	-43.7306
spk_ver/v00/v0021	SES002	-17.0722	-59.8258	-42.7536
spk_ver/v00/v0022	SES002	-3.30508	-46.228	-42.923
spk_ver/v00/v0023	SES002	-14.4806	-55.4007	-40.9201
spk_ver/v00/v0024	SES002	-14.2234	-57.7336	-43.5102
spk_ver/v00/v0025	SES002	-7.26116	-50.3466	-43.0855
spk_ver/v00/v0026	SES002	-8.61533	-50.5532	-41.9379
spk_ver/v00/v0027	SES129	1.28754	-40.6672	-41.9547
spk_ver/v00/v0028	SES007	-2.18174	-44.1671	-41.9854
spk_ver/v00/v0029	SES083	-0.189281	-41.6762	-41.4869
spk_ver/v00/v0030	SES019	1.80116	-41.1895	-42.9907
spk_ver/v00/v0031	SES007	-2.97955	-45.4369	-42.4573
spk_ver/v00/v0032	SES270	0.592545	-41.2221	-41.8147
spk_ver/v00/v0033	SES007	-2.65388	-44.3665	-41.7126
spk_ver/v00/v0034	SES007	-2.60197	-47.2949	-44.693
spk_ver/v00/v0035	SES007	-1.58745	-43.2233	-41.6359
spk_ver/v00/v0036	SES007	-1.9981	-43.4871	-41.489
spk_ver/v00/v0037	SES007	-3.86312	-45.8032	-41.9401
spk_ver/v00/v0038	SES259	1.56286	-39.7826	-41.3455
spk_ver/v00/v0039	SES007	-3.36657	-46.001	-42.6345
spk_ver/v00/v0040	SES007	-3.22522	-44.9273	-41.702
spk_ver/v00/v0041	SES007	-2.88382	-44.7672	-41.8833
spk_ver/v00/v0042	SES007	-1.72285	-44.264	-42.5411
spk_ver/v00/v0043	SES007	-1.56495	-44.1538	-42.5889
spk_ver/v00/v0044	SES007	-2.77847	-43.7382	-40.9597
spk_ver/v00/v0045	SES007	-1.53397	-43.6038	-42.0698
spk_ver/v00/v0046	SES007	-2.03968	-44.1155	-42.0759
spk_ver/v00/v0047	SES172	0.117508	-41.5558	-41.6733
spk_ver/v00/v0048	SES105	1.31258	-41.5107	-42.8233
spk_ver/v00/v0049	SES007	-1.04787	-42.8541	-41.8062
spk_ver/v00/v0050	SES292	-0.64399	-42.6096	-41.9656
spk_ver/v00/v0051	SES007	-2.22508	-44.5011	-42.276
spk_ver/v00/v0052	SES068	0.621216	-40.7928	-41.4141
spk_ver/v00/v0053	SES008	-2.1084	-43.5889	-41.4805
spk_ver/v00/v0054	SES008	-7.35524	-51.2461	-43.8909
spk_ver/v00/v0055	SES008	-3.57177	-46.4421	-42.8703
spk_ver/v00/v0056	SES008	-7.5288	-50.2212	-42.6924
spk_ver/v00/v0057	SES008	-7.7692	-50.4713	-42.7021
spk_ver/v00/v0058	SES083	-0.0224075	-41.8629	-41.8404
spk_ver/v00/v0059	SES158	1.19164	-41.1964	-42.388
spk_ver/v00/v0060	SES008	-2.98545	-44.8754	-41.89
spk_ver/v00/v0061	SES101	0.302204	-41.9667	-42.2689
spk_ver/v00/v0062	SES008	-4.52011	-46.6022	-42.0821
spk_ver/v00/v0063	SES008	-2.90676	-45.0812	-42.1744
spk_ver/v00/v0064	SES117	0.820484	-41.8595	-42.68
spk_ver/v00/v0065	SES149	1.34615	-40.8271	-42.1733
spk_ver/v00/v0066	SES008	-2.85466	-45.0598	-42.2052
spk_ver/v00/v0067	SES008	-5.27691	-49.2477	-43.9707
spk_ver/v00/v0068	SES162	0.774265	-41.8454	-42.6196
spk_ver/v00/v0069	SES008	-7.02755	-49.3713	-42.3438
spk_ver/v00/v0070	SES008	-0.760586	-42.6738	-41.9132
spk_ver/v00/v0071	SES008	-4.35105	-46.8906	-42.5396
spk_ver/v00/v0072	SES008	-1.33061	-42.1149	-40.7843
spk_ver/v00/v0073	SES008	-3.61374	-44.7916	-41.1778
spk_ver/v00/v0074	SES008	-4.9019	-47.2249	-42.323
spk_ver/v00/v0075	SES008	-9.04847	-52.5079	-43.4594
spk_ver/v00/v0076	SES167	1.02042	-40.9482	-41.9686
spk_ver/v00/v0077	SES008	-2.79799	-44.2023	-41.4043
spk_ver/v00/v0078	SES177	0.330933	-41.0829	-41.4138
spk_ver/v00/v0079	SES008	-1.81026	-44.0882	-42.278
spk_ver/v00/v0080	SES008	-3.90801	-46.8349	-42.9269
spk_ver/v00/v0081	SES008	-6.9475	-50.6384	-43.6909
spk_ver/v00/v0082	SES008	-3.18945	-45.1585	-41.9691
spk_ver/v00/v0083	SES008	-7.97036	-51.5	-43.5296
spk_ver/v00/v0084	SES144	0.950218	-41.6432	-42.5934
spk_ver/v00/v0085	SES008	-2.8686	-44.8901	-42.0215
spk_ver/v00/v0086	SES008	-2.21756	-42.8575	-40.6399
spk_ver/v00/v0087	SES008	-4.01857	-47.1656	-43.147
spk_ver/v00/v0088	SES008	-3.25019	-45.1546	-41.9044
spk_ver/v00/v0089	SES008	-2.88578	-45.888	-43.0022
spk_ver/v00/v0090	SES142	1.33219	-41.1392	-42.4714
spk_ver/v00/v0091	SES008	-7.36198	-49.6991	-42.3371
spk_ver/v00/v0092	SES158	0.635475	-42.0372	-42.6727
spk_ver/v00/v0093	SES014	-6.22018	-48.0771	-41.8569
spk_ver/v00/v0094	SES014	-4.91803	-49.325	-44.407
spk_ver/v00/v0095	SES014	-1.5885	-43.3227	-41.7342
spk_ver/v00/v0096	SES014	-4.0102	-45.7264	-41.7162
spk_ver/v00/v0097	SES014	-2.11494	-45.3873	-43.2724
spk_ver/v00/v0098	SES014	-1.79806	-43.2805	-41.4825
spk_ver/v00/v0099	SES014	-15.821	-58.9168	-43.0959
spk_ver/v01/v0100	SES127	0.290573	-41.3325	-41.6231
spk_ver/v01/v0101	SES014	-11.3782	-55.2494	-43.8711
spk_ver/v01/v0102	SES014	-20.0486	-63.575	-43.5263
spk_ver/v01/v0103	SES014	-6.00971	-50.2836	-44.2739
spk_ver/v01/v0104	SES014	-12.8321	-56.1921	-43.36
spk_ver/v01/v0105	SES014	-3.85492	-48.1666	-44.3117
spk_ver/v01/v0106	SES014	-3.01411	-46.0484	-43.0343
spk_ver/v01/v0107	SES014	-16.6757	-58.4367	-41.7611
spk_ver/v01/v0108	SES014	-19.8805	-62.7345	-42.854
spk_ver/v01/v0109	SES014	-13.5427	-56.8513	-43.3086
spk_ver/v01/v0110	SES014	-3.24685	-47.3063	-44.0595
spk_ver/v01/v0111	SES014	-1.7192	-43.5553	-41.8361
spk_ver/v01/v0112	SES014	-13.2252	-54.9087	-41.6835
spk_ver/v01/v0113	SES104	-0.32534	-43.1844	-42.8591
spk_ver/v01/v0114	SES082	0.430969	-41.5015	-41.9325
spk_ver/v01/v0115	SES087	1.87707	-40.6851	-42.5621
spk_ver/v01/v0116	SES014	-1.67091	-43.9143	-42.2433
spk_ver/v01/v0117	SES177	-0.151218	-42.5792	-42.428
spk_ver/v01/v0118	SES014	-12.0511	-55.2579	-43.2068
spk_ver/v01/v0119	SES014	-1.54242	-43.3714	-41.829
spk_ver/v01/v0120	SES014	-18.7438	-61.8062	-43.0624
spk_ver/v01/v0121	SES146	0.227699	-41.9142	-42.1419
spk_ver/v01/v0122	SES014	1.65398	-39.2505	-40.9044
spk_ver/v01/v0123	SES014	-2.42242	-44.8502	-42.4278
spk_ver/v01/v0124	SES014	-16.1693	-58.4715	-42.3022
spk_ver/v01/v0125	SES014	-6.96732	-50.2837	-43.3163
spk_ver/v01/v0126	SES016	-3.28783	-45.9672	-42.6793
spk_ver/v01/v0127	SES016	-2.5241	-46.5356	-44.0115
spk_ver/v01/v0128	SES106	1.88148	-40.7086	-42.5901
spk_ver/v01/v0129	SES016	-4.77512	-46.404	-41.6289
spk_ver/v01/v0130	SES016	-2.72114	-45.1316	-42.4105
spk_ver/v01/v0131	SES016	-5.58332	-47.6813	-42.0979
spk_ver/v01/v0132	SES016	-2.39645	-44.9841	-42.5877
spk_ver/v01/v0133	SES016	-3.0272	-45.4001	-42.3729
spk_ver/v01/v0134	SES016	-2.78379	-44.2126	-41.4288
spk_ver/v01/v0135	SES016	-3.96196	-47.1669	-43.205
spk_ver/v01/v0136	SES016	-4.48127	-47.3541	-42.8728
spk_ver/v01/v0137	SES007	0.306915	-42.133	-42.4399
spk_ver/v01/v0138	SES016	-1.6996	-43.5473	-41.8477
spk_ver/v01/v0139	SES016	-1.96794	-43.1311	-41.1632
spk_ver/v01/v0140	SES016	1.462	-40.9627	-42.4247
spk_ver/v01/v0141	SES016	-9.14025	-54.2732	-45.1329
spk_ver/v01/v0142	SES016	-3.64349	-46.0602	-42.4167
spk_ver/v01/v0143	SES016	-7.81717	-51.2487	-43.4316
spk_ver/v01/v0144	SES016	-4.04057	-46.1353	-42.0948
spk_ver/v01/v0145	SES016	-3.97102	-47.8814	-43.9103
spk_ver/v01/v0146	SES016	-1.88528	-43.1805	-41.2952
spk_ver/v01/v0147	SES016	-1.54819	-43.4151	-41.8669
spk_ver/v01/v0148	SES127	0.489826	-41.5992	-42.089
spk_ver/v01/v0149	SES016	-4.27603	-46.8083	-42.5323
spk_ver/v01/v0150	SES016	-2.34382	-44.258	-41.9142
spk_ver/v01/v0151	SES147	1.51461	-42.4293	-43.9439
spk_ver/v01/v0152	SES016	-2.70861	-44.6932	-41.9846
spk_ver/v01/v0153	SES104	0.845837	-40.5486	-41.3945
spk_ver/v01/v0154	SES016	-4.18544	-46.944	-42.7586
spk_ver/v01/v0155	SES016	-3.26175	-46.2578	-42.996
spk_ver/v01/v0156	SES019	-1.7234	-45.0688	-43.3454
spk_ver/v01/v0157	SES019	-4.61494	-45.8154	-41.2005
spk_ver/v01/v0158	SES019	-0.869934	-43.0867	-42.2168
spk_ver/v01/v0159	SES007	-0.0662155	-41.973	-41.9068
spk_ver/v01/v0160	SES019	-3.53164	-44.6738	-41.1422
spk_ver/v01/v0161	SES019	-3.27823	-46.4752	-43.197
spk_ver/v01/v0162	SES019	-11.1611	-52.5327	-41.3716
spk_ver/v01/v0163	SES189	0.972973	-42.4603	-43.4333
spk_ver/v01/v0164	SES019	-2.87862	-44.8584	-41.9798
spk_ver/v01/v0165	SES019	-1.42509	-44.8028	-43.3777
spk_ver/v01/v0166	SES019	-9.29261	-51.1594	-41.8668
spk_ver/v01/v0167	SES019	-10.6317	-53.3682	-42.7364
spk_ver/v01/v0168	SES019	-1.87625	-45.2288	-43.3525
spk_ver/v01/v0169	SES019	-4.95753	-48.1855	-43.228
spk_ver/v01/v0170	SES270	0.967876	-41.3105	-42.2784
spk_ver/v01/v0171	SES019	-2.80893	-44.8738	-42.0648
spk_ver/v01/v0172	SES019	-10.1652	-52.7715	-42.6063
spk_ver/v01/v0173	SES206	0.971405	-41.2882	-42.2596
spk_ver/v01/v0174	SES019	-2.37088	-45.4078	-43.0369
spk_ver/v01/v0175	SES014	0.802776	-40.8267	-41.6295
spk_ver/v01/v0176	SES019	-9.24369	-51.0271	-41.7835
spk_ver/v01/v0177	SES120	1.04831	-41.8346	-42.8829
spk_ver/v01/v0178	SES019	-1.7677	-45.6589	-43.8912
spk_ver/v01/v0179	SES019	-12.8135	-53.6198	-40.8062
spk_ver/v01/v0180	SES175	1.00409	-41.4161	-42.4202
spk_ver/v01/v0181	SES019	-11.1609	-54.1095	-42.9486
spk_ver/v01/v0182	SES019	-6.70444	-48.3831	-41.6787
spk_ver/v01/v0183	SES029	-3.09579	-46.1729	-43.0771
spk_ver/v01/v0184	SES029	-6.05527	-48.1765	-42.1213
spk_ver/v01/v0185	SES029	-3.5514	-46.1892	-42.6378
spk_ver/v01/v0186	SES068	0.546577	-40.6328	-41.1794
spk_ver/v01/v0187	SES029	-6.17708	-48.0865	-41.9094
spk_ver/v01/v0188	SES029	-3.4378	-44.4375	-40.9997
spk_ver/v01/v0189	SES149	1.31007	-40.3153	-41.6254
spk_ver/v01/v0190	SES029	-5.15564	-46.9538	-41.7981
spk_ver/v01/v0191	SES029	-4.74646	-47.4206	-42.6741
spk_ver/v01/v0192	SES183	1.26724	-40.3672	-41.6344
spk_ver/v01/v0193	SES029	-1.73079	-44.421	-42.6902
spk_ver/v01/v0194	SES016	1.27774	-40.8609	-42.1386
spk_ver/v01/v0195	SES029	-3.59809	-45.3559	-41.7578
spk_ver/v01/v0196	SES029	-1.69017	-43.8045	-42.1144
spk_ver/v01/v0197	SES029	-4.88698	-46.8741	-41.9871
spk_ver/v01/v0198	SES146	0.12566	-42.4485	-42.5742
spk_ver/v01/v0199	SES029	-4.6129	-47.9899	-43.377
spk_ver/v02/v0200	SES029	-3.38461	-46.348	-42.9634
spk_ver/v02/v0201	SES068	0.221973	-41.1532	-41.3751
spk_ver/v02/v0202	SES148	0.992584	-41.2512	-42.2438
spk_ver/v02/v0203	SES029	-3.90968	-46.298	-42.3883
spk_ver/v02/v0204	SES029	-0.875637	-42.9814	-42.1057
spk_ver/v02/v0205	SES060	0.714703	-40.6165	-41.3312
spk_ver/v02/v0206	SES127	1.36361	-40.2313	-41.5949
spk_ver/v02/v0207	SES029	-5.34309	-48.3664	-43.0233
spk_ver/v02/v0208	SES048	2.03386	-41.5646	-43.5984
spk_ver/v02/v0209	SES029	-2.0564	-44.0914	-42.035
spk_ver/v02/v0210	SES029	-5.66789	-48.1801	-42.5122
spk_ver/v02/v0211	SES029	-3.61118	-45.4973	-41.8861
spk_ver/v02/v0212	SES042	-18.1574	-61.0496	-42.8923
spk_ver/v02/v0213	SES085	1.23323	-40.9364	-42.1696
spk_ver/v02/v0214	SES206	1.24102	-40.5845	-41.8255
spk_ver/v02/v0215	SES144	0.527798	-41.7347	-42.2625
spk_ver/v02/v0216	SES042	-4.03872	-46.2139	-42.1752
spk_ver/v02/v0217	SES042	-4.40057	-49.6673	-45.2667
spk_ver/v02/v0218	SES042	-1.93169	-43.1943	-41.2626
spk_ver/v02/v0219	SES206	1.27017	-40.5471	-41.8173
spk_ver/v02/v0220	SES019	3.44416	-40.1303	-43.5745
spk_ver/v02/v0221	SES007	-0.214695	-42.1806	-41.9659
spk_ver/v02/v0222	SES042	-13.8607	-57.6035	-43.7428
spk_ver/v02/v0223	SES147	1.41751	-42.2857	-43.7032
spk_ver/v02/v0224	SES105	0.937534	-42.0669	-43.0044
spk_ver/v02/v0225	SES042	-2.69722	-44.787	-42.0898
spk_ver/v02/v0226	SES275	0.441296	-42.1437	-42.585
spk_ver/v02/v0227	SES042	-4.85853	-47.5053	-42.6468
spk_ver/v02/v0228	SES042	-6.326	-48.6561	-42.3301
spk_ver/v02/v0229	SES042	-20.8066	-62.5543	-41.7477
spk_ver/v02/v0230	SES085	0.368301	-40.3603	-40.7286
spk_ver/v02/v0231	SES014	1.58503	-39.5715	-41.1566
spk_ver/v02/v0232	SES042	-2.40201	-44.1594	-41.7574
spk_ver/v02/v0233	SES048	-5.40887	-47.5518	-42.1429
spk_ver/v02/v0234	SES048	-9.96126	-53.4307	-43.4694
spk_ver/v02/v0235	SES029	0.599289	-41.7675	-42.3668
spk_ver/v02/v0236	SES048	-5.00646	-46.315	-41.3085
spk_ver/v02/v0237	SES048	-5.9269	-48.2627	-42.3358
spk_ver/v02/v0238	SES048	-5.05202	-47.1059	-42.0539
spk_ver/v02/v0239	SES060	0.477188	-41.3862	-41.8634
spk_ver/v02/v0240	SES048	-7.15616	-49.825	-42.6689
spk_ver/v02/v0241	SES048	-7.18796	-49.5193	-42.3314
spk_ver/v02/v0242	SES189	2.12716	-41.547	-43.6741
spk_ver/v02/v0243	SES162	0.45903	-42.2554	-42.7145
spk_ver/v02/v0244	SES048	-4.4799	-45.8345	-41.3546
spk_ver/v02/v0245	SES048	-5.12636	-46.7355	-41.6091
spk_ver/v02/v0246	SES048	-4.57793	-46.0439	-41.466
spk_ver/v02/v0247	SES048	-5.45032	-49.0388	-43.5885
spk_ver/v02/v0248	SES226	1.84359	-40.967	-42.8106
spk_ver/v02/v0249	SES048	-3.97747	-46.2288	-42.2514
spk_ver/v02/v0250	SES048	-3.23515	-46.6818	-43.4466
spk_ver/v02/v0251	SES048	-4.27903	-47.7917	-43.5127
spk_ver/v02/v0252	SES060	-6.78004	-50.1964	-43.4164
spk_ver/v02/v0253	SES060	-6.0054	-48.3185	-42.3131
spk_ver/v02/v0254	SES259	1.83846	-39.7204	-41.5588
spk_ver/v02/v0255	SES060	-4.13629	-47.7011	-43.5648
spk_ver/v02/v0256	SES202	0.225548	-42.7325	-42.958
spk_ver/v02/v0257	SES148	0.640221	-40.9579	-41.5981
spk_ver/v02/v0258	SES060	-8.72696	-53.8971	-45.1701
spk_ver/v02/v0259	SES060	-1.84388	-43.9128	-42.0689
spk_ver/v02/v0260	SES060	-3.26392	-45.5182	-42.2543
spk_ver/v02/v0261	SES099	1.93726	-40.4788	-42.416
spk_ver/v02/v0262	SES060	-3.29123	-45.1071	-41.8158
spk_ver/v02/v0263	SES060	-2.51537	-43.4914	-40.976
spk_ver/v02/v0264	SES292	0.222504	-42.0076	-42.2301
spk_ver/v02/v0265	SES060	-1.58529	-43.384	-41.7987
spk_ver/v02/v0266	SES060	-8.52526	-51.6719	-43.1466
spk_ver/v02/v0267	SES060	-6.39263	-50.1064	-43.7137
spk_ver/v02/v0268	SES060	-6.1322	-50.5523	-44.4201
spk_ver/v02/v0269	SES127	0.74432	-41.1108	-41.8551
spk_ver/v02/v0270	SES060	-3.49353	-47.1451	-43.6516
spk_ver/v02/v0271	SES060	-0.973507	-42.7713	-41.7978
spk_ver/v02/v0272	SES060	-6.12896	-50.3812	-44.2522
spk_ver/v02/v0273	SES087	1.56976	-40.9282	-42.498
spk_ver/v02/v0274	SES146	0.428703	-42.1492	-42.5779
spk_ver/v02/v0275	SES060	-6.92828	-50.6788	-43.7506
spk_ver/v02/v0276	SES002	2.10086	-39.9165	-42.0173
spk_ver/v02/v0277	SES060	-1.97164	-44.1384	-42.1667
spk_ver/v02/v0278	SES060	-5.85826	-48.6363	-42.778
spk_ver/v02/v0279	SES060	-5.9511	-47.4605	-41.5095
spk_ver/v02/v0280	SES129	1.79034	-40.551	-42.3413
spk_ver/v02/v0281	SES162	0.827065	-41.7264	-42.5535
spk_ver/v02/v0282	SES060	-3.68559	-45.8576	-42.172
spk_ver/v02/v0283	SES060	-2.87926	-44.2355	-41.3563
spk_ver/v02/v0284	SES062	-3.75924	-47.4669	-43.7077
spk_ver/v02/v0285	SES062	-4.65417	-46.9929	-42.3388
spk_ver/v02/v0286	SES120	-0.538006	-43.3084	-42.7704
spk_ver/v02/v0287	SES062	-4.60965	-48.1314	-43.5217
spk_ver/v02/v0288	SES062	-4.56755	-47.2598	-42.6923
spk_ver/v02/v0289	SES062	-4.04654	-44.9395	-40.893
spk_ver/v02/v0290	SES062	-1.55613	-43.1839	-41.6278
spk_ver/v02/v0291	SES275	0.0625572	-42.0089	-42.0715
spk_ver/v02/v0292	SES062	-4.3983	-47.9598	-43.5615
spk_ver/v02/v0293	SES062	-4.18124	-47.3797	-43.1984
spk_ver/v02/v0294	SES062	-3.64507	-45.1179	-41.4728
spk_ver/v02/v0295	SES062	-3.67873	-46.0672	-42.3885
spk_ver/v02/v0296	SES062	-3.8197	-45.6727	-41.853
spk_ver/v02/v0297	SES062	-5.21428	-47.7721	-42.5578
spk_ver/v02/v0298	SES062	-5.12448	-47.7655	-42.641
spk_ver/v02/v0299	SES062	-2.80085	-45.0867	-42.2859
spk_ver/v03/v0300	SES062	-4.29303	-48.2412	-43.9482
spk_ver/v03/v0301	SES062	-2.82423	-43.7683	-40.9441
spk_ver/v03/v0302	SES172	0.665455	-40.2337	-40.8991
spk_ver/v03/v0303	SES062	-1.77303	-44.4134	-42.6404
spk_ver/v03/v0304	SES062	-2.81705	-45.4637	-42.6466
spk_ver/v03/v0305	SES062	-4.10514	-47.019	-42.9138
spk_ver/v03/v0306	SES062	-6.3019	-50.5887	-44.2868
spk_ver/v03/v0307	SES062	-5.34697	-46.9939	-41.6469
spk_ver/v03/v0308	SES062	-5.49157	-48.5046	-43.013
spk_ver/v03/v0309	SES062	-3.70676	-48.2424	-44.5356
spk_ver/v03/v0310	SES125	1.33366	-39.6296	-40.9632
spk_ver/v03/v0311	SES062	-3.53732	-45.3487	-41.8113
spk_ver/v03/v0312	SES062	-5.99966	-49.0108	-43.0112
spk_ver/v03/v0313	SES062	-3.28197	-47.0509	-43.7689
spk_ver/v03/v0314	SES068	-5.61042	-47.8184	-42.208
spk_ver/v03/v0315	SES068	-4.61551	-45.8592	-41.2437
spk_ver/v03/v0316	SES068	-5.82891	-49.1277	-43.2988
spk_ver/v03/v0317	SES068	-3.20186	-46.3716	-43.1697
spk_ver/v03/v0318	SES068	-5.66746	-47.5262	-41.8587
spk_ver/v03/v0319	SES068	-8.05542	-51.099	-43.0436
spk_ver/v03/v0320	SES068	-1.59593	-43.0261	-41.4302
spk_ver/v03/v0321	SES068	-0.707829	-42.8739	-42.1661
spk_ver/v03/v0322	SES068	-1.26914	-43.5893	-42.3201
spk_ver/v03/v0323	SES068	-4.17617	-46.7511	-42.5749
spk_ver/v03/v0324	SES144	0.156559	-43.2666	-43.4232
spk_ver/v03/v0325	SES068	-2.84995	-44.1503	-41.3004
spk_ver/v03/v0326	SES068	-0.68758	-41.4461	-40.7585
spk_ver/v03/v0327	SES068	-3.48186	-45.8952	-42.4134
spk_ver/v03/v0328	SES068	-6.19503	-49.0633	-42.8683
spk_ver/v03/v0329	SES068	-2.14532	-43.9387	-41.7934
spk_ver/v03/v0330	SES180	0.294533	-42.4797	-42.7743
spk_ver/v03/v0331	SES068	-1.08799	-43.4692	-42.3812
spk_ver/v03/v0332	SES275	0.960079	-41.3493	-42.3094
spk_ver/v03/v0333	SES062	1.20943	-40.0522	-41.2616
spk_ver/v03/v0334	SES270	1.75303	-41.0371	-42.7901
spk_ver/v03/v0335	SES068	-6.66866	-50.4045	-43.7358
spk_ver/v03/v0336	SES068	-1.7292	-42.4448	-40.7156
spk_ver/v03/v0337	SES068	-3.2568	-46.2875	-43.0307
spk_ver/v03/v0338	SES068	-2.69829	-45.3572	-42.6589
spk_ver/v03/v0339	SES068	-1.14705	-43.7644	-42.6174
spk_ver/v03/v0340	SES068	-3.36742	-46.9182	-43.5508
spk_ver/v03/v0341	SES016	0.945496	-40.676	-41.6215
spk_ver/v03/v0342	SES068	-4.24267	-47.8916	-43.6489
spk_ver/v03/v0343	SES068	-1.52809	-43.8049	-42.2768
spk_ver/v03/v0344	SES125	1.16475	-40.7391	-41.9038
spk_ver/v03/v0345	SES187	0.910034	-40.9908	-41.9008
spk_ver/v03/v0346	SES068	-2.96558	-44.531	-41.5655
spk_ver/v03/v0347	SES143	0.920902	-41.21	-42.1309
spk_ver/v03/v0348	SES292	0.918549	-41.1387	-42.0573
spk_ver/v03/v0349	SES082	-8.05446	-50.661	-42.6065
spk_ver/v03/v0350	SES101	0.623962	-40.558	-41.1819
spk_ver/v03/v0351	SES082	-0.656399	-43.6369	-42.9805
spk_ver/v03/v0352	SES082	-1.79831	-45.0475	-43.2492
spk_ver/v03/v0353	SES082	-5.36639	-47.9032	-42.5368
spk_ver/v03/v0354	SES082	-11.0067	-54.2651	-43.2584
spk_ver/v03/v0355	SES083	0.236744	-40.5869	-40.8236
spk_ver/v03/v0356	SES082	-2.48899	-45.5969	-43.1079
spk_ver/v03/v0357	SES082	-9.33916	-52.0818	-42.7427
spk_ver/v03/v0358	SES082	-1.84361	-44.3476	-42.504
spk_ver/v03/v0359	SES117	0.693401	-43.1544	-43.8478
spk_ver/v03/v0360	SES082	-6.47356	-48.8484	-42.3749
spk_ver/v03/v0361	SES082	-1.50148	-44.3991	-42.8976
spk_ver/v03/v0362	SES007	0.628422	-41.4157	-42.0441
spk_ver/v03/v0363	SES082	-3.40722	-45.2937	-41.8865
spk_ver/v03/v0364	SES019	2.07152	-40.7665	-42.838
spk_ver/v03/v0365	SES082	-1.54288	-44.1744	-42.6315
spk_ver/v03/v0366	SES226	1.52431	-41.3075	-42.8318
spk_ver/v03/v0367	SES167	1.28427	-40.0912	-41.3754
spk_ver/v03/v0368	SES082	-3.07145	-44.273	-41.2015
spk_ver/v03/v0369	SES042	3.31907	-38.9727	-42.2918
spk_ver/v03/v0370	SES042	2.11322	-40.346	-42.4592
spk_ver/v03/v0371	SES082	-7.13876	-49.5705	-42.4317
spk_ver/v03/v0372	SES082	-2.15623	-43.9544	-41.7982
spk_ver/v03/v0373	SES082	-4.94638	-47.8454	-42.899
spk_ver/v03/v0374	SES083	-1.9556	-43.4318	-41.4762
spk_ver/v03/v0375	SES292	0.30352	-41.6808	-41.9843
spk_ver/v03/v0376	SES083	-4.31098	-46.6422	-42.3312
spk_ver/v03/v0377	SES083	-4.31112	-47.7108	-43.3997
spk_ver/v03/v0378	SES083	-2.49288	-45.6881	-43.1952
spk_ver/v03/v0379	SES083	-1.94878	-44.2917	-42.3429
spk_ver/v03/v0380	SES083	-3.75854	-46.8727	-43.1142
spk_ver/v03/v0381	SES083	-2.08398	-44.6944	-42.6104
spk_ver/v03/v0382	SES148	0.546268	-41.9605	-42.5068
spk_ver/v03/v0383	SES083	-1.93101	-42.9457	-41.0147
spk_ver/v03/v0384	SES226	1.69794	-40.7143	-42.4123
spk_ver/v03/v0385	SES226	1.45702	-40.1954	-41.6524
spk_ver/v03/v0386	SES087	1.56237	-40.9816	-42.5439
spk_ver/v03/v0387	SES029	0.944275	-41.1431	-42.0874
spk_ver/v03/v0388	SES147	1.95415	-41.6037	-43.5578
spk_ver/v03/v0389	SES083	-5.19292	-48.8422	-43.6493
spk_ver/v03/v0390	SES189	1.52814	-41.2279	-42.7561
spk_ver/v03/v0391	SES083	-2.21451	-43.8622	-41.6477
spk_ver/v03/v0392	SES083	-0.826221	-41.7215	-40.8953
spk_ver/v03/v0393	SES083	-2.62967	-44.7357	-42.106
spk_ver/v03/v0394	SES083	-3.95136	-46.5373	-42.586
spk_ver/v03/v0395	SES083	-1.78258	-43.4163	-41.6337
spk_ver/v03/v0396	SES014	2.17859	-38.8756	-41.0542
spk_ver/v03/v0397	SES085	-0.280087	-41.1548	-40.8747
spk_ver/v03/v0398	SES085	-1.68198	-42.3552	-40.6732
spk_ver/v03/v0399	SES085	-6.45148	-48.4479	-41.9964
spk_ver/v04/v0400	SES106	1.78775	-40.0214	-41.8092
spk_ver/v04/v0401	SES085	-4.76888	-47.1765	-42.4076
spk_ver/v04/v0402	SES085	-9.6736	-53.4356	-43.762
spk_ver/v04/v0403	SES085	-0.45364	-41.3777	-40.9241
spk_ver/v04/v0404	SES180	0.86454	-40.7473	-41.6119
spk_ver/v04/v0405	SES129	0.981907	-40.097	-41.0789
spk_ver/v04/v0406	SES085	-6.08624	-48.6403	-42.5541
spk_ver/v04/v0407	SES146	0.015377	-42.6086	-42.624
spk_ver/v04/v0408	SES085	-1.35822	-42.8777	-41.5195
spk_ver/v04/v0409	SES085	-4.05621	-46.2147	-42.1585
spk_ver/v04/v0410	SES085	-6.89994	-49.4455	-42.5456
spk_ver/v04/v0411	SES292	0.665791	-42.0517	-42.7175
spk_ver/v04/v0412	SES085	-2.2937	-43.6253	-41.3316
spk_ver/v04/v0413	SES125	1.78949	-39.6183	-41.4077
spk_ver/v04/v0414	SES085	-6.81458	-51.6905	-44.8759
spk_ver/v04/v0415	SES085	-2.19644	-44.0025	-41.806
spk_ver/v04/v0416	SES085	-4.31931	-46.4705	-42.1512
spk_ver/v04/v0417	SES062	0.395657	-40.4882	-40.8839
spk_ver/v04/v0418	SES060	1.62489	-40.5455	-42.1704
spk_ver/v04/v0419	SES085	-2.7835	-44.9005	-42.117
spk_ver/v04/v0420	SES085	-6.61507	-48.9031	-42.288
spk_ver/v04/v0421	SES085	-8.18586	-51.3911	-43.2052
spk_ver/v04/v0422	SES085	-1.48172	-44.7197	-43.238
spk_ver/v04/v0423	SES085	-7.6303	-50.2417	-42.6114
spk_ver/v04/v0424	SES085	-4.81085	-48.3576	-43.5467
spk_ver/v04/v0425	SES183	1.02019	-41.713	-42.7332
spk_ver/v04/v0426	SES085	-5.46398	-47.9412	-42.4772
spk_ver/v04/v0427	SES087	-3.57861	-47.0568	-43.4782
spk_ver/v04/v0428	SES162	0.785084	-41.4239	-42.2089
spk_ver/v04/v0429	SES087	-2.37338	-43.9581	-41.5847
spk_ver/v04/v0430	SES087	-5.67181	-48.7829	-43.1111
spk_ver/v04/v0431	SES087	-12.5848	-54.9965	-42.4117
spk_ver/v04/v0432	SES087	-2.77583	-45.4072	-42.6313
spk_ver/v04/v0433	SES087	-14.3179	-55.7668	-41.449
spk_ver/v04/v0434	SES142	2.24579	-40.0207	-42.2665
spk_ver/v04/v0435	SES087	-12.9916	-56.2488	-43.2572
spk_ver/v04/v0436	SES099	1.25459	-40.844	-42.0986
spk_ver/v04/v0437	SES087	-5.97747	-47.0738	-41.0964
spk_ver/v04/v0438	SES087	-7.45422	-50.2186	-42.7644
spk_ver/v04/v0439	SES087	-2.5533	-43.9691	-41.4158
spk_ver/v04/v0440	SES087	-9.20154	-50.9638	-41.7622
spk_ver/v04/v0441	SES087	-13.8655	-56.031	-42.1655
spk_ver/v04/v0442	SES187	1.40127	-41.4686	-42.8699
spk_ver/v04/v0443	SES172	1.55915	-40.8883	-42.4475
spk_ver/v04/v0444	SES087	-4.22595	-45.9114	-41.6854
spk_ver/v04/v0445	SES087	-2.44209	-43.6139	-41.1718
spk_ver/v04/v0446	SES087	-0.525238	-42.2348	-41.7095
spk_ver/v04/v0447	SES087	-1.58448	-43.42	-41.8356
spk_ver/v04/v0448	SES106	1.88847	-41.2711	-43.1596
spk_ver/v04/v0449	SES146	0.678535	-42.4977	-43.1762
spk_ver/v04/v0450	SES087	-12.9002	-55.5857	-42.6856
spk_ver/v04/v0451	SES087	-1.99987	-44.6698	-42.6699
spk_ver/v04/v0452	SES007	0.6096	-41.6498	-42.2594
spk_ver/v04/v0453	SES087	-2.58564	-45.0357	-42.4501
spk_ver/v04/v0454	SES087	-11.2728	-53.3835	-42.1107
spk_ver/v04/v0455	SES180	0.536648	-41.3037	-41.8404
spk_ver/v04/v0456	SES099	-5.30234	-48.2341	-42.9318
spk_ver/v04/v0457	SES042	1.55848	-40.6535	-42.212
spk_ver/v04/v0458	SES099	-0.691059	-43.2843	-42.5932
spk_ver/v04/v0459	SES099	-11.9921	-54.7622	-42.7702
spk_ver/v04/v0460	SES099	-6.08789	-50.255	-44.1671
spk_ver/v04/v0461	SES099	-1.50122	-43.5759	-42.0747
spk_ver/v04/v0462	SES082	1.95823	-40.0696	-42.0279
spk_ver/v04/v0463	SES099	-0.450859	-42.8555	-42.4046
spk_ver/v04/v0464	SES099	0.816921	-41.0394	-41.8563
spk_ver/v04/v0465	SES099	-10.9941	-52.7383	-41.7442
spk_ver/v04/v0466	SES099	-0.546604	-42.4345	-41.8879
spk_ver/v04/v0467	SES099	-0.937737	-43.4786	-42.5409
spk_ver/v04/v0468	SES129	1.48087	-40.9295	-42.4103
spk_ver/v04/v0469	SES101	0.302509	-41.6283	-41.9308
spk_ver/v04/v0470	SES099	-7.95751	-51.2923	-43.3348
spk_ver/v04/v0471	SES172	0.805611	-41.3901	-42.1957
spk_ver/v04/v0472	SES099	0.345413	-41.9562	-42.3016
spk_ver/v04/v0473	SES270	2.22504	-40.1328	-42.3578
spk_ver/v04/v0474	SES099	-4.55963	-46.6406	-42.081
spk_ver/v04/v0475	SES099	-5.14534	-46.4326	-41.2872
spk_ver/v04/v0476	SES099	-3.18515	-47.4599	-44.2748
spk_ver/v04/v0477	SES002	1.86712	-39.796	-41.6632
spk_ver/v04/v0478	SES099	-0.194729	-42.7952	-42.6005
spk_ver/v04/v0479	SES007	-0.792385	-43.1816	-42.3892
spk_ver/v04/v0480	SES101	-4.56124	-45.983	-41.4217
spk_ver/v04/v0481	SES101	-4.8694	-48.4352	-43.5658
spk_ver/v04/v0482	SES175	0.590069	-41.4641	-42.0542
spk_ver/v04/v0483	SES101	-2.41549	-44.4647	-42.0492
spk_ver/v04/v0484	SES101	-4.32261	-45.5798	-41.2571
spk_ver/v04/v0485	SES101	-3.24237	-46.3415	-43.0991
spk_ver/v04/v0486	SES101	-1.69981	-45.3916	-43.6918
spk_ver/v04/v0487	SES101	-2.42469	-45.1982	-42.7735
spk_ver/v04/v0488	SES101	-4.71298	-47.6174	-42.9044
spk_ver/v04/v0489	SES147	0.554523	-43.499	-44.0536
spk_ver/v04/v0490	SES085	-0.207451	-43.1364	-42.929
spk_ver/v04/v0491	SES101	-3.74944	-47.181	-43.4316
spk_ver/v04/v0492	SES101	-5.43023	-49.9712	-44.541
spk_ver/v04/v0493	SES101	-3.5252	-45.2977	-41.7725
spk_ver/v04/v0494	SES101	-1.80177	-45.3802	-43.5785
spk_ver/v04/v0495	SES101	-2.20879	-42.9235	-40.7147
spk_ver/v04/v0496	SES101	-1.80643	-44.1315	-42.3251
spk_ver/v04/v0497	SES014	1.4368	-39.4711	-40.9079
spk_ver/v04/v0498	SES101	-3.66679	-46.6705	-43.0037
spk_ver/v04/v0499	SES101	-2.25677	-43.7118	-41.4551
spk_ver/v05/v0500	SES085	0.156723	-40.911	-41.0677
spk_ver/v05/v0501	SES101	-5.69519	-47.9307	-42.2355
spk_ver/v05/v0502	SES275	0.278629	-41.8177	-42.0964
spk_ver/v05/v0503	SES117	1.02694	-41.9643	-42.9912
spk_ver/v05/v0504	SES101	-4.36438	-46.5784	-42.214
spk_ver/v05/v0505	SES101	-2.94708	-45.2792	-42.3321
spk_ver/v05/v0506	SES101	-1.96609	-44.5764	-42.6103
spk_ver/v05/v0507	SES048	0.932106	-41.0728	-42.0049
spk_ver/v05/v0508	SES117	0.683136	-42.6374	-43.3206
spk_ver/v05/v0509	SES202	1.54117	-40.4792	-42.0204
spk_ver/v05/v0510	SES104	-2.42171	-46.6459	-44.2242
spk_ver/v05/v0511	SES008	-0.418091	-43.6676	-43.2495
spk_ver/v05/v0512	SES104	-1.13231	-44.2922	-43.1599
spk_ver/v05/v0513	SES104	-1.68271	-43.1996	-41.5168
spk_ver/v05/v0514	SES104	-13.1437	-54.5037	-41.36
spk_ver/v05/v0515	SES104	-16.2727	-59.2041	-42.9314
spk_ver/v05/v0516	SES104	-1.64717	-45.5866	-43.9394
spk_ver/v05/v0517	SES060	0.359577	-40.3306	-40.6902
spk_ver/v05/v0518	SES104	-13.0572	-56.7825	-43.7253
spk_ver/v05/v0519	SES104	-16.162	-58.9873	-42.8253
spk_ver/v05/v0520	SES104	-0.716911	-42.1075	-41.3906
spk_ver/v05/v0521	SES008	0.840137	-40.1924	-41.0325
spk_ver/v05/v0522	SES068	0.923191	-41.0039	-41.9271
spk_ver/v05/v0523	SES087	1.49263	-40.3627	-41.8553
spk_ver/v05/v0524	SES104	-2.29668	-44.9453	-42.6486
spk_ver/v05/v0525	SES104	-1.68385	-44.3045	-42.6207
spk_ver/v05/v0526	SES104	-2.17734	-43.9506	-41.7732
spk_ver/v05/v0527	SES083	0.428631	-41.2875	-41.7161
spk_ver/v05/v0528	SES148	0.883106	-41.3232	-42.2063
spk_ver/v05/v0529	SES104	-3.39582	-46.6353	-43.2395
spk_ver/v05/v0530	SES104	-11.9744	-54.0243	-42.0499
spk_ver/v05/v0531	SES125	1.06321	-41.1219	-42.1851
spk_ver/v05/v0532	SES104	-14.9395	-57.3324	-42.3929
spk_ver/v05/v0533	SES149	1.98335	-40.0351	-42.0184
spk_ver/v05/v0534	SES104	-15.8536	-57.7815	-41.9279
spk_ver/v05/v0535	SES187	0.316277	-42.6826	-42.9988
spk_ver/v05/v0536	SES104	-2.57977	-44.7222	-42.1424
spk_ver/v05/v0537	SES104	-1.65395	-43.9124	-42.2584
spk_ver/v05/v0538	SES167	0.967346	-40.8899	-41.8572
spk_ver/v05/v0539	SES104	-2.42714	-46.9329	-44.5057
spk_ver/v05/v0540	SES104	-14.682	-55.1679	-40.4859
spk_ver/v05/v0541	SES183	1.03121	-42.3428	-43.374
spk_ver/v05/v0542	SES104	-1.1136	-43.972	-42.8584
spk_ver/v05/v0543	SES104	-12.9127	-54.5434	-41.6306
spk_ver/v05/v0544	SES105	-4.07674	-45.9116	-41.8348
spk_ver/v05/v0545	SES105	-2.62637	-45.8735	-43.2471
spk_ver/v05/v0546	SES105	-3.17512	-45.5659	-42.3908
spk_ver/v05/v0547	SES105	-3.59737	-47.4033	-43.8059
spk_ver/v05/v0548	SES019	2.78848	-40.5666	-43.3551
spk_ver/v05/v0549	SES105	-2.84518	-45.5931	-42.7479
spk_ver/v05/v0550	SES105	-3.1935	-47.278	-44.0845
spk_ver/v05/v0551	SES202	1.19156	-41.9663	-43.1579
spk_ver/v05/v0552	SES105	-3.3469	-46.4726	-43.1257
spk_ver/v05/v0553	SES105	-1.19312	-43.3394	-42.1462
spk_ver/v05/v0554	SES105	-1.99282	-43.1268	-41.134
spk_ver/v05/v0555	SES105	-2.51852	-44.9567	-42.4382
spk_ver/v05/v0556	SES082	0.0406761	-42.0722	-42.1128
spk_ver/v05/v0557	SES105	-3.18699	-45.3221	-42.1351
spk_ver/v05/v0558	SES014	1.14659	-40.1646	-41.3112
spk_ver/v05/v0559	SES105	-2.35756	-44.313	-41.9554
spk_ver/v05/v0560	SES177	-0.36142	-42.5171	-42.1557
spk_ver/v05/v0561	SES189	3.32605	-44.884	-48.2101
spk_ver/v05/v0562	SES105	-3.05991	-46.5281	-43.4682
spk_ver/v05/v0563	SES099	1.38401	-42.2111	-43.5951
spk_ver/v05/v0564	SES105	-2.14787	-44.1951	-42.0472
spk_ver/v05/v0565	SES105	-3.14798	-45.5822	-42.4343
spk_ver/v05/v0566	SES105	-2.83435	-46.0209	-43.1866
spk_ver/v05/v0567	SES142	0.788128	-41.7478	-42.5359
spk_ver/v05/v0568	SES048	0.724461	-41.3547	-42.0791
spk_ver/v05/v0569	SES105	-3.57742	-45.9834	-42.406
spk_ver/v05/v0570	SES105	-1.79908	-43.6528	-41.8537
spk_ver/v05/v0571	SES105	-4.15792	-46.5455	-42.3876
spk_ver/v05/v0572	SES105	-3.45474	-47.2585	-43.8037
spk_ver/v05/v0573	SES105	-4.0935	-47.0007	-42.9072
spk_ver/v05/v0574	SES105	-1.89656	-44.6547	-42.7581
spk_ver/v05/v0575	SES105	-1.94785	-44.6957	-42.7478
spk_ver/v05/v0576	SES106	-8.24034	-51.3174	-43.077
spk_ver/v05/v0577	SES106	-4.13422	-47.584	-43.4498
spk_ver/v05/v0578	SES106	-9.71895	-52.1514	-42.4325
spk_ver/v05/v0579	SES106	-9.75889	-51.3333	-41.5744
spk_ver/v05/v0580	SES106	-1.44764	-42.8725	-41.4249
spk_ver/v05/v0581	SES106	-10.9809	-53.6367	-42.6558
spk_ver/v05/v0582	SES106	-2.04637	-45.4133	-43.3669
spk_ver/v05/v0583	SES106	-1.14019	-42.809	-41.6688
spk_ver/v05/v0584	SES106	-9.43279	-52.0671	-42.6343
spk_ver/v05/v0585	SES106	-1.03907	-45.2555	-44.2164
spk_ver/v05/v0586	SES106	-8.66822	-50.8383	-42.1701
spk_ver/v05/v0587	SES106	-4.26681	-46.7281	-42.4612
spk_ver/v05/v0588	SES106	-8.06103	-49.1685	-41.1075
spk_ver/v05/v0589	SES106	-10.0321	-51.01	-40.9779
spk_ver/v05/v0590	SES082	1.16069	-41.401	-42.5617
spk_ver/v05/v0591	SES180	0.173584	-41.7556	-41.9292
spk_ver/v05/v0592	SES106	-1.52472	-44.4548	-42.9301
spk_ver/v05/v0593	SES106	-12.5082	-55.5003	-42.9921
spk_ver/v05/v0594	SES292	0.78545	-41.0475	-41.8329
spk_ver/v05/v0595	SES106	-1.60451	-44.5715	-42.967
spk_ver/v05/v0596	SES106	-9.92068	-52.3772	-42.4565
spk_ver/v05/v0597	SES106	-9.28613	-51.5393	-42.2532
spk_ver/v05/v0598	SES042	2.01468	-40.8465	-42.8611
spk_ver/v05/v0599	SES106	-9.09511	-52.1972	-43.1021
spk_ver/v06/v0600	SES106	-0.382076	-43.2791	-42.897
spk_ver/v06/v0601	SES106	-1.89734	-44.6493	-42.752
spk_ver/v06/v0602	SES106	-6.25359	-47.9727	-41.7191
spk_ver/v06/v0603	SES106	-9.01144	-51.758	-42.7466
spk_ver/v06/v0604	SES106	-7.92414	-49.8365	-41.9124
spk_ver/v06/v0605	SES106	-5.99607	-49.6635	-43.6675
spk_ver/v06/v0606	SES048	1.86403	-40.1334	-41.9974
spk_ver/v06/v0607	SES167	1.92147	-39.6938	-41.6153
spk_ver/v06/v0608	SES106	-7.31448	-50.3291	-43.0147
spk_ver/v06/v0609	SES143	0.687717	-41.7742	-42.4619
spk_ver/v06/v0610	SES106	-11.1332	-55.294	-44.1608
spk_ver/v06/v0611	SES106	-6.53649	-49.235	-42.6985
spk_ver/v06/v0612	SES106	-12.0563	-55.2596	-43.2032
spk_ver/v06/v0613	SES117	-2.04877	-44.3903	-42.3415
spk_ver/v06/v0614	SES117	-5.19077	-47.7312	-42.5404
spk_ver/v06/v0615	SES117	-1.6116	-44.4606	-42.849
spk_ver/v06/v0616	SES106	1.86685	-39.1461	-41.013
spk_ver/v06/v0617	SES142	1.94437	-41.0035	-42.9478
spk_ver/v06/v0618	SES048	1.6847	-40.1618	-41.8465
spk_ver/v06/v0619	SES175	1.18782	-41.4886	-42.6764
spk_ver/v06/v0620	SES180	0.631207	-41.0029	-41.6341
spk_ver/v06/v0621	SES117	-1.07344	-44.8091	-43.7356
spk_ver/v06/v0622	SES029	0.411366	-42.3493	-42.7606
spk_ver/v06/v0623	SES117	-2.20614	-43.874	-41.6678
spk_ver/v06/v0624	SES117	-4.10714	-46.9564	-42.8493
spk_ver/v06/v0625	SES117	-2.73698	-47.0852	-44.3482
spk_ver/v06/v0626	SES106	1.75709	-40.4519	-42.209
spk_ver/v06/v0627	SES226	1.33091	-40.1395	-41.4704
spk_ver/v06/v0628	SES117	-1.00507	-43.5772	-42.5722
spk_ver/v06/v0629	SES117	-2.30183	-41.9473	-39.6455
spk_ver/v06/v0630	SES117	-3.47033	-45.1486	-41.6782
spk_ver/v06/v0631	SES117	-4.21741	-48.8921	-44.6747
spk_ver/v06/v0632	SES117	-1.93369	-42.9465	-41.0128
spk_ver/v06/v0633	SES099	2.02745	-40.6087	-42.6362
spk_ver/v06/v0634	SES105	1.63634	-41.6271	-43.2634
spk_ver/v06/v0635	SES167	0.518051	-41.8472	-42.3652
spk_ver/v06/v0636	SES117	-0.808182	-42.4329	-41.6247
spk_ver/v06/v0637	SES202	1.23096	-41.3456	-42.5765
spk_ver/v06/v0638	SES117	-2.61454	-44.2342	-41.6197
spk_ver/v06/v0639	SES167	1.34866	-40.7813	-42.13
spk_ver/v06/v0640	SES117	-1.69818	-44.4985	-42.8003
spk_ver/v06/v0641	SES117	-3.07426	-44.6419	-41.5676
spk_ver/v06/v0642	SES101	0.823483	-40.7393	-41.5628
spk_ver/v06/v0643	SES068	0.591537	-41.1962	-41.7877
spk_ver/v06/v0644	SES120	-4.58536	-48.3977	-43.8124
spk_ver/v06/v0645	SES120	-2.15112	-45.6497	-43.4986
spk_ver/v06/v0646	SES172	0.790615	-41.6312	-42.4218
spk_ver/v06/v0647	SES120	-2.6523	-43.9012	-41.2489
spk_ver/v06/v0648	SES120	-0.865028	-42.4864	-41.6213
spk_ver/v06/v0649	SES120	-3.40576	-47.0614	-43.6557
spk_ver/v06/v0650	SES087	1.67192	-40.9686	-42.6405
spk_ver/v06/v0651	SES120	-2.46413	-44.7458	-42.2817
spk_ver/v06/v0652	SES104	-0.669037	-43.9972	-43.3282
spk_ver/v06/v0653	SES129	1.19458	-40.5192	-41.7138
spk_ver/v06/v0654	SES120	-2.79644	-45.6278	-42.8313
spk_ver/v06/v0655	SES120	-2.16106	-45.3713	-43.2102
spk_ver/v06/v0656	SES120	-1.88411	-43.8288	-41.9447
spk_ver/v06/v0657	SES147	1.11567	-42.4514	-43.5671
spk_ver/v06/v0658	SES120	-3.24913	-46.4143	-43.1652
spk_ver/v06/v0659	SES120	-2.72626	-44.0732	-41.347
spk_ver/v06/v0660	SES120	-1.25115	-42.9377	-41.6865
spk_ver/v06/v0661	SES120	-3.79061	-47.3358	-43.5452
spk_ver/v06/v0662	SES120	-2.77612	-45.4387	-42.6625
spk_ver/v06/v0663	SES120	-2.96457	-46.5983	-43.6338
spk_ver/v06/v0664	SES147	1.43806	-41.6368	-43.0749
spk_ver/v06/v0665	SES162	1.10129	-41.7269	-42.8282
spk_ver/v06/v0666	SES120	-2.10415	-43.8567	-41.7525
spk_ver/v06/v0667	SES120	-3.07982	-46.1433	-43.0635
spk_ver/v06/v0668	SES120	0.965244	-41.1316	-42.0968
spk_ver/v06/v0669	SES142	2.42403	-40.4052	-42.8292
spk_ver/v06/v0670	SES106	1.75981	-40.3661	-42.1259
spk_ver/v06/v0671	SES183	1.5066	-41.2117	-42.7183
spk_ver/v06/v0672	SES120	-2.68492	-45.3839	-42.699
spk_ver/v06/v0673	SES029	-0.0763054	-42.4978	-42.4215
spk_ver/v06/v0674	SES120	-1.8826	-44.5551	-42.6725
spk_ver/v06/v0675	SES008	1.29942	-40.9015	-42.2009
spk_ver/v06/v0676	SES125	-13.036	-57.1054	-44.0693
spk_ver/v06/v0677	SES143	0.757599	-41.7593	-42.5169
spk_ver/v06/v0678	SES125	-11.921	-55.9025	-43.9815
spk_ver/v06/v0679	SES162	-0.355148	-42.0951	-41.7399
spk_ver/v06/v0680	SES125	-7.70593	-49.1397	-41.4338
spk_ver/v06/v0681	SES125	-2.73354	-45.2765	-42.543
spk_ver/v06/v0682	SES125	-9.2149	-50.0986	-40.8837
spk_ver/v06/v0683	SES226	1.57441	-40.8906	-42.465
spk_ver/v06/v0684	SES125	-11.6108	-54.5946	-42.9839
spk_ver/v06/v0685	SES125	-16.4298	-58.8167	-42.3869
spk_ver/v06/v0686	SES120	0.533237	-40.8873	-41.4206
spk_ver/v06/v0687	SES125	-4.25646	-48.6171	-44.3606
spk_ver/v06/v0688	SES158	1.17746	-40.9505	-42.128
spk_ver/v06/v0689	SES125	-5.5302	-48.8101	-43.2799
spk_ver/v06/v0690	SES105	1.48262	-41.4504	-42.9331
spk_ver/v06/v0691	SES125	-1.70089	-44.6821	-42.9812
spk_ver/v06/v0692	SES125	-3.52324	-45.492	-41.9688
spk_ver/v06/v0693	SES180	0.741817	-41.0175	-41.7593
spk_ver/v06/v0694	SES125	-21.7078	-64.392	-42.6843
spk_ver/v06/v0695	SES125	-4.00854	-46.1017	-42.0931
spk_ver/v06/v0696	SES125	-16.7756	-58.5997	-41.824
spk_ver/v06/v0697	SES125	-15.9365	-59.3587	-43.4222
spk_ver/v06/v0698	SES083	0.314919	-40.9111	-41.2261
spk_ver/v06/v0699	SES125	-13.6988	-56.0109	-42.3121
spk_ver/v07/v0700	SES014	1.67838	-40.0201	-41.6985
spk_ver/v07/v0701	SES125	-8.77843	-50.2366	-41.4581
spk_ver/v07/v0702	SES127	-1.28647	-42.9695	-41.683
spk_ver/v07/v0703	SES127	-1.80434	-44.7805	-42.9761
spk_ver/v07/v0704	SES206	1.40857	-40.5383	-41.9469
spk_ver/v07/v0705	SES127	-2.42142	-44.8215	-42.4
spk_ver/v07/v0706	SES127	-2.86708	-44.9145	-42.0474
spk_ver/v07/v0707	SES127	-5.16488	-47.069	-41.9041
spk_ver/v07/v0708	SES275	0.398872	-41.6643	-42.0632
spk_ver/v07/v0709	SES127	-2.90891	-45.2969	-42.388
spk_ver/v07/v0710	SES105	1.1115	-41.7498	-42.8613
spk_ver/v07/v0711	SES127	-3.45905	-46.7119	-43.2528
spk_ver/v07/v0712	SES127	-1.97155	-43.1625	-41.191
spk_ver/v07/v0713	SES127	-3.43768	-45.6412	-42.2035
spk_ver/v07/v0714	SES019	3.41789	-40.4858	-43.9037
spk_ver/v07/v0715	SES127	-3.69106	-47.6023	-43.9112
spk_ver/v07/v0716	SES148	0.56604	-41.3654	-41.9314
spk_ver/v07/v0717	SES162	0.639538	-41.2421	-41.8816
spk_ver/v07/v0718	SES189	1.01682	-43.0203	-44.0372
spk_ver/v07/v0719	SES149	0.140385	-41.0012	-41.1416
spk_ver/v07/v0720	SES175	0.29604	-42.1441	-42.4402
spk_ver/v07/v0721	SES127	-4.80452	-47.2414	-42.4369
spk_ver/v07/v0722	SES127	-2.2368	-45.3496	-43.1128
spk_ver/v07/v0723	SES127	-2.84428	-44.7848	-41.9406
spk_ver/v07/v0724	SES127	-3.04659	-45.4315	-42.385
spk_ver/v07/v0725	SES127	-2.95937	-45.9491	-42.9897
spk_ver/v07/v0726	SES259	1.74907	-39.9069	-41.6559
spk_ver/v07/v0727	SES127	-4.20032	-47.6992	-43.4989
spk_ver/v07/v0728	SES127	-1.21479	-41.9011	-40.6863
spk_ver/v07/v0729	SES127	-5.33841	-48.0747	-42.7363
spk_ver/v07/v0730	SES127	-3.13793	-46.403	-43.2651
spk_ver/v07/v0731	SES129	-2.22589	-43.4658	-41.2399
spk_ver/v07/v0732	SES129	-4.61856	-47.0029	-42.3843
spk_ver/v07/v0733	SES129	-6.68055	-50.9993	-44.3188
spk_ver/v07/v0734	SES129	-12.304	-56.6185	-44.3145
spk_ver/v07/v0735	SES183	1.01414	-41.2753	-42.2894
spk_ver/v07/v0736	SES129	-4.83055	-47.2514	-42.4209
spk_ver/v07/v0737	SES129	-3.80183	-47.2581	-43.4562
spk_ver/v07/v0738	SES129	-6.22342	-49.1992	-42.9758
spk_ver/v07/v0739	SES129	-5.90328	-48.5516	-42.6483
spk_ver/v07/v0740	SES167	-0.791378	-42.4566	-41.6652
spk_ver/v07/v0741	SES129	-3.69761	-46.8524	-43.1548
spk_ver/v07/v0742	SES129	-3.65404	-44.6044	-40.9503
spk_ver/v07/v0743	SES129	-2.73112	-45.393	-42.6619
spk_ver/v07/v0744	SES129	-9.0509	-53.4287	-44.3778
spk_ver/v07/v0745	SES180	0.683838	-41.3332	-42.017
spk_ver/v07/v0746	SES129	-2.12389	-43.5296	-41.4058
spk_ver/v07/v0747	SES292	0.327965	-41.3556	-41.6835
spk_ver/v07/v0748	SES202	1.01112	-41.1528	-42.1639
spk_ver/v07/v0749	SES270	0.851738	-41.5713	-42.423
spk_ver/v07/v0750	SES129	-3.71547	-45.061	-41.3455
spk_ver/v07/v0751	SES129	-4.3876	-45.7275	-41.3399
spk_ver/v07/v0752	SES060	0.0948448	-41.8338	-41.9287
spk_ver/v07/v0753	SES129	-6.7037	-49.5857	-42.882
spk_ver/v07/v0754	SES129	-13.1367	-58.6911	-45.5544
spk_ver/v07/v0755	SES129	-5.00364	-47.4949	-42.4913
spk_ver/v07/v0756	SES175	1.11893	-41.8147	-42.9337
spk_ver/v07/v0757	SES129	-5.23512	-48.4911	-43.256
spk_ver/v07/v0758	SES129	-6.02539	-48.9184	-42.893
spk_ver/v07/v0759	SES129	-4.44963	-45.6581	-41.2084
spk_ver/v07/v0760	SES129	-4.6299	-46.2655	-41.6356
spk_ver/v07/v0761	SES129	-3.46961	-44.1569	-40.6873
spk_ver/v07/v0762	SES172	0.479607	-41.6832	-42.1628
spk_ver/v07/v0763	SES129	-5.88324	-49.9183	-44.0351
spk_ver/v07/v0764	SES129	-6.6153	-47.8502	-41.2349
spk_ver/v07/v0765	SES175	0.962502	-42.3383	-43.3008
spk_ver/v07/v0766	SES129	-4.95689	-46.5444	-41.5876
spk_ver/v07/v0767	SES129	-4.95179	-47.3085	-42.3567
spk_ver/v07/v0768	SES042	2.15234	-39.7797	-41.9321
spk_ver/v07/v0769	SES099	1.29695	-41.694	-42.991
spk_ver/v07/v0770	SES142	-5.36747	-48.5205	-43.153
spk_ver/v07/v0771	SES142	-4.8002	-46.6681	-41.8679
spk_ver/v07/v0772	SES101	0.548946	-41.1548	-41.7038
spk_ver/v07/v0773	SES142	-9.25284	-52.5826	-43.3298
spk_ver/v07/v0774	SES142	-6.4522	-50.2564	-43.8042
spk_ver/v07/v0775	SES142	-3.71587	-46.1956	-42.4798
spk_ver/v07/v0776	SES142	-2.32743	-43.4691	-41.1417
spk_ver/v07/v0777	SES142	-3.70354	-46.2185	-42.5149
spk_ver/v07/v0778	SES142	-2.17332	-45.3304	-43.1571
spk_ver/v07/v0779	SES142	-10.8302	-53.5143	-42.6841
spk_ver/v07/v0780	SES142	-4.05407	-48.0081	-43.954
spk_ver/v07/v0781	SES142	-7.72299	-50.2858	-42.5628
spk_ver/v07/v0782	SES101	0.494938	-42.0294	-42.5243
spk_ver/v07/v0783	SES142	-4.51714	-46.1527	-41.6355
spk_ver/v07/v0784	SES187	1.35011	-41.1213	-42.4714
spk_ver/v07/v0785	SES143	0.135899	-42.3865	-42.5224
spk_ver/v07/v0786	SES142	-4.37677	-46.9707	-42.5939
spk_ver/v07/v0787	SES144	0.40971	-41.7628	-42.1725
spk_ver/v07/v0788	SES275	0.291344	-42.1718	-42.4631
spk_ver/v07/v0789	SES142	-3.40559	-45.0694	-41.6638
spk_ver/v07/v0790	SES099	1.42485	-40.2931	-41.7179
spk_ver/v07/v0791	SES142	-8.61126	-51.4833	-42.872
spk_ver/v07/v0792	SES142	-3.8901	-44.8649	-40.9748
spk_ver/v07/v0793	SES142	-6.45044	-49.3103	-42.8598
spk_ver/v07/v0794	SES014	1.2518	-39.9554	-41.2072
spk_ver/v07/v0795	SES142	-6.97534	-49	-42.0247
spk_ver/v07/v0796	SES142	-3.3071	-45.3735	-42.0664
spk_ver/v07/v0797	SES143	-0.671906	-42.1643	-41.4924
spk_ver/v07/v0798	SES206	0.869312	-40.3839	-41.2532
spk_ver/v07/v0799	SES143	-5.8551	-48.6966	-42.8415
spk_ver/v08/v0800	SES143	-2.44154	-45.2788	-42.8373
spk_ver/v08/v0801	SES143	-1.37334	-42.3222	-40.9489
spk_ver/v08/v0802	SES143	-2.91889	-45.0604	-42.1415
spk_ver/v08/v0803	SES143	-3.73364	-45.9561	-42.2225
spk_ver/v08/v0804	SES143	-4.35039	-47.2699	-42.9195
spk_ver/v08/v0805	SES143	-4.05408	-47.2908	-43.2367
spk_ver/v08/v0806	SES143	-5.23181	-48.9012	-43.6694
spk_ver/v08/v0807	SES177	0.301727	-41.6065	-41.9082
spk_ver/v08/v0808	SES149	0.810143	-41.2651	-42.0753
spk_ver/v08/v0809	SES143	-7.11891	-49.4761	-42.3572
spk_ver/v08/v0810	SES158	1.43945	-41.458	-42.8974
spk_ver/v08/v0811	SES143	-4.65005	-49.354	-44.704
spk_ver/v08/v0812	SES062	0.968929	-40.3847	-41.3536
spk_ver/v08/v0813	SES259	1.18606	-40.5556	-41.7417
spk_ver/v08/v0814	SES143	-6.67025	-47.828	-41.1578
spk_ver/v08/v0815	SES143	-5.01276	-47.6846	-42.6718
spk_ver/v08/v0816	SES143	-1.86508	-43.8588	-41.9937
spk_ver/v08/v0817	SES144	0.63345	-42.131	-42.7644
spk_ver/v08/v0818	SES143	-1.45901	-43.8339	-42.3749
spk_ver/v08/v0819	SES143	-3.91701	-46.1118	-42.1948
spk_ver/v08/v0820	SES143	-1.12167	-41.8769	-40.7552
spk_ver/v08/v0821	SES143	-1.91804	-44.8788	-42.9607
spk_ver/v08/v0822	SES143	-3.77951	-46.0428	-42.2633
spk_ver/v08/v0823	SES104	1.34953	-40.5755	-41.925
spk_ver/v08/v0824	SES143	-4.93562	-47.2153	-42.2797
spk_ver/v08/v0825	SES143	-4.40676	-46.4151	-42.0083
spk_ver/v08/v0826	SES144	-5.50333	-47.5261	-42.0227
spk_ver/v08/v0827	SES144	-1.79161	-43.6129	-41.8213
spk_ver/v08/v0828	SES144	-0.801956	-42.1905	-41.3886
spk_ver/v08/v0829	SES172	0.648788	-41.6041	-42.2528
spk_ver/v08/v0830	SES144	-0.523151	-42.8011	-42.278
spk_ver/v08/v0831	SES183	0.786728	-42.3992	-43.1859
spk_ver/v08/v0832	SES144	-4.06502	-47.7445	-43.6795
spk_ver/v08/v0833	SES144	-6.37491	-48.4887	-42.1138
spk_ver/v08/v0834	SES144	-1.39674	-43.6179	-42.2212
spk_ver/v08/v0835	SES144	-3.29915	-46.62	-43.3208
spk_ver/v08/v0836	SES144	-2.72359	-45.47	-42.7464
spk_ver/v08/v0837	SES144	-3.21739	-44.2936	-41.0762
spk_ver/v08/v0838	SES144	-3.79056	-47.6227	-43.8321
spk_ver/v08/v0839	SES085	0.136124	-41.5791	-41.7152
spk_ver/v08/v0840	SES144	-0.969025	-43.3251	-42.356
spk_ver/v08/v0841	SES144	-5.33664	-49.5032	-44.1666
spk_ver/v08/v0842	SES144	-5.27961	-47.4932	-42.2136
spk_ver/v08/v0843	SES144	-0.831833	-42.3339	-41.502
spk_ver/v08/v0844	SES144	-2.89455	-45.3329	-42.4383
spk_ver/v08/v0845	SES144	-5.25313	-46.6913	-41.4382
spk_ver/v08/v0846	SES104	0.836384	-41.5844	-42.4208
spk_ver/v08/v0847	SES144	-2.25899	-44.8489	-42.5899
spk_ver/v08/v0848	SES144	-2.853	-47.2705	-44.4175
spk_ver/v08/v0849	SES144	-6.27386	-48.5344	-42.2605
spk_ver/v08/v0850	SES144	-4.98074	-46.6142	-41.6334
spk_ver/v08/v0851	SES144	-2.16713	-44.0978	-41.9307
spk_ver/v08/v0852	SES144	-0.69228	-41.8101	-41.1178
spk_ver/v08/v0853	SES144	-6.83246	-49.491	-42.6586
spk_ver/v08/v0854	SES144	-1.74146	-43.8802	-42.1387
spk_ver/v08/v0855	SES144	-0.273655	-41.3465	-41.0728
spk_ver/v08/v0856	SES082	0.0524635	-44.6125	-44.665
spk_ver/v08/v0857	SES142	2.22407	-39.9579	-42.182
spk_ver/v08/v0858	SES144	-0.72979	-44.2981	-43.5683
spk_ver/v08/v0859	SES144	-1.31528	-44.1051	-42.7898
spk_ver/v08/v0860	SES146	-3.32387	-46.543	-43.2192
spk_ver/v08/v0861	SES146	-3.21613	-46.1039	-42.8877
spk_ver/v08/v0862	SES146	-3.54657	-46.263	-42.7165
spk_ver/v08/v0863	SES146	-2.53979	-45.7704	-43.2306
spk_ver/v08/v0864	SES146	-4.03947	-45.5739	-41.5344
spk_ver/v08/v0865	SES008	1.82391	-39.4818	-41.3057
spk_ver/v08/v0866	SES142	0.837639	-41.6894	-42.5271
spk_ver/v08/v0867	SES146	-2.6423	-44.1188	-41.4765
spk_ver/v08/v0868	SES082	1.86628	-39.7509	-41.6172
spk_ver/v08/v0869	SES146	-1.7187	-43.2947	-41.576
spk_ver/v08/v0870	SES146	-3.90102	-46.7509	-42.8499
spk_ver/v08/v0871	SES146	-4.1136	-46.8736	-42.76
spk_ver/v08/v0872	SES146	-4.38689	-47.8929	-43.506
spk_ver/v08/v0873	SES082	1.32663	-39.5995	-40.9261
spk_ver/v08/v0874	SES146	-2.0822	-45.0633	-42.9811
spk_ver/v08/v0875	SES144	0.0694618	-42.7584	-42.8278
spk_ver/v08/v0876	SES146	-2.28187	-42.121	-39.8391
spk_ver/v08/v0877	SES146	-3.37353	-45.8518	-42.4783
spk_ver/v08/v0878	SES146	-2.67272	-45.1689	-42.4961
spk_ver/v08/v0879	SES146	-2.84452	-44.7917	-41.9471
spk_ver/v08/v0880	SES146	-3.04741	-45.7334	-42.686
spk_ver/v08/v0881	SES143	0.718597	-41.5485	-42.2671
spk_ver/v08/v0882	SES146	-1.22778	-43.5975	-42.3697
spk_ver/v08/v0883	SES147	-3.48922	-44.8781	-41.3889
spk_ver/v08/v0884	SES147	-2.09465	-43.8726	-41.778
spk_ver/v08/v0885	SES016	0.756245	-41.2119	-41.9682
spk_ver/v08/v0886	SES147	-2.27291	-45.4223	-43.1494
spk_ver/v08/v0887	SES147	-2.7664	-45.1232	-42.3568
spk_ver/v08/v0888	SES147	-3.00097	-46.3778	-43.3768
spk_ver/v08/v0889	SES019	1.34026	-41.3461	-42.6864
spk_ver/v08/v0890	SES147	-3.90219	-47.0699	-43.1677
spk_ver/v08/v0891	SES147	-4.37491	-46.1778	-41.8029
spk_ver/v08/v0892	SES147	-4.22652	-46.9136	-42.6871
spk_ver/v08/v0893	SES270	1.87016	-41.9166	-43.7868
spk_ver/v08/v0894	SES029	0.715069	-41.9002	-42.6152
spk_ver/v08/v0895	SES147	-3.02851	-47.377	-44.3485
spk_ver/v08/v0896	SES117	1.00955	-42.2335	-43.2431
spk_ver/v08/v0897	SES183	1.73805	-42.5294	-44.2675
spk_ver/v08/v0898	SES147	-4.06028	-46.0007	-41.9404
spk_ver/v08/v0899	SES147	-5.40157	-49.3442	-43.9426
spk_ver/v09/v0900	SES087	1.55078	-40.5608	-42.1116
spk_ver/v09/v0901	SES147	-5.07042	-48.0975	-43.027
spk_ver/v09/v0902	SES147	-3.13558	-45.36	-42.2244
spk_ver/v09/v0903	SES147	-3.15302	-45.3372	-42.1842
spk_ver/v09/v0904	SES147	-2.37851	-44.3929	-42.0144
spk_ver/v09/v0905	SES143	0.549835	-41.8256	-42.3754
spk_ver/v09/v0906	SES149	0.0683212	-41.4283	-41.4967
spk_ver/v09/v0907	SES148	-1.47868	-43.293	-41.8143
spk_ver/v09/v0908	SES148	-0.799763	-42.9968	-42.197
spk_ver/v09/v0909	SES106	1.88	-41.2917	-43.1717
spk_ver/v09/v0910	SES148	-0.915462	-44.4711	-43.5557
spk_ver/v09/v0911	SES148	-2.95563	-45.2302	-42.2746
spk_ver/v09/v0912	SES142	0.27919	-42.0888	-42.368
spk_ver/v09/v0913	SES148	-5.49715	-48.4759	-42.9788
spk_ver/v09/v0914	SES148	-3.07596	-45.4518	-42.3758
spk_ver/v09/v0915	SES148	-2.45523	-45.957	-43.5018
spk_ver/v09/v0916	SES148	-2.88305	-46.5663	-43.6833
spk_ver/v09/v0917	SES148	0.622593	-41.8443	-42.4668
spk_ver/v09/v0918	SES148	-0.528168	-42.1558	-41.6276
spk_ver/v09/v0919	SES270	1.10862	-42.0371	-43.1458
spk_ver/v09/v0920	SES148	-1.65471	-43.3241	-41.6694
spk_ver/v09/v0921	SES148	-3.52573	-45.3021	-41.7764
spk_ver/v09/v0922	SES129	0.884068	-40.4004	-41.2844
spk_ver/v09/v0923	SES117	0.759365	-41.2635	-42.0229
spk_ver/v09/v0924	SES042	2.78947	-39.4329	-42.2224
spk_ver/v09/v0925	SES148	-5.43004	-49.4372	-44.0072
spk_ver/v09/v0926	SES148	-5.57215	-49.2224	-43.6502
spk_ver/v09/v0927	SES144	0.605068	-41.7767	-42.3818
spk_ver/v09/v0928	SES007	0.617546	-41.9297	-42.5472
spk_ver/v09/v0929	SES148	-2.05619	-43.4093	-41.3531
spk_ver/v09/v0930	SES148	-1.70015	-43.3534	-41.6532
spk_ver/v09/v0931	SES148	-2.61969	-45.5964	-42.9767
spk_ver/v09/v0932	SES202	1.09811	-40.7787	-41.8768
spk_ver/v09/v0933	SES148	-0.440136	-42.1604	-41.7203
spk_ver/v09/v0934	SES148	-4.6422	-45.9386	-41.2964
spk_ver/v09/v0935	SES060	1.10599	-40.4247	-41.5307
spk_ver/v09/v0936	SES060	1.26492	-40.8724	-42.1373
spk_ver/v09/v0937	SES148	-1.86897	-43.9479	-42.079
spk_ver/v09/v0938	SES148	-2.56969	-45.1949	-42.6253
spk_ver/v09/v0939	SES148	-3.53824	-45.1985	-41.6602
spk_ver/v09/v0940	SES148	-3.26333	-44.6261	-41.3628
spk_ver/v09/v0941	SES149	-3.72505	-46.2708	-42.5458
spk_ver/v09/v0942	SES149	-7.17434	-48.4824	-41.3081
spk_ver/v09/v0943	SES149	-7.1062	-49.8993	-42.7931
spk_ver/v09/v0944	SES149	-2.49876	-44.7155	-42.2167
spk_ver/v09/v0945	SES105	0.474602	-41.4952	-41.9698
spk_ver/v09/v0946	SES149	-3.89639	-45.9343	-42.0379
spk_ver/v09/v0947	SES149	-4.71146	-48.6592	-43.9477
spk_ver/v09/v0948	SES149	-7.47965	-49.3256	-41.8459
spk_ver/v09/v0949	SES149	-4.55751	-45.0425	-40.485
spk_ver/v09/v0950	SES226	1.01476	-40.5793	-41.5941
spk_ver/v09/v0951	SES149	-5.32784	-48.4429	-43.1151
spk_ver/v09/v0952	SES149	-4.35517	-47.2194	-42.8642
spk_ver/v09/v0953	SES062	0.822998	-40.3744	-41.1974
spk_ver/v09/v0954	SES149	-5.38505	-48.261	-42.876
spk_ver/v09/v0955	SES048	0.214348	-41.3298	-41.5442
spk_ver/v09/v0956	SES158	-0.965347	-43.127	-42.1617
spk_ver/v09/v0957	SES158	-4.33166	-47.6893	-43.3576
spk_ver/v09/v0958	SES158	-0.826027	-42.0076	-41.1816
spk_ver/v09/v0959	SES158	-1.85773	-44.0363	-42.1786
spk_ver/v09/v0960	SES158	-8.14548	-51.5281	-43.3826
spk_ver/v09/v0961	SES147	1.40682	-42.3242	-43.7311
spk_ver/v09/v0962	SES158	-10.6427	-53.9415	-43.2987
spk_ver/v09/v0963	SES292	0.691025	-41.3215	-42.0125
spk_ver/v09/v0964	SES060	1.13706	-40.4792	-41.6163
spk_ver/v09/v0965	SES002	1.14101	-41.5805	-42.7215
spk_ver/v09/v0966	SES149	1.86673	-39.9698	-41.8365
spk_ver/v09/v0967	SES158	-8.5061	-51.8046	-43.2985
spk_ver/v09/v0968	SES158	-2.40046	-45.0253	-42.6248
spk_ver/v09/v0969	SES275	-0.734146	-44.0324	-43.2983
spk_ver/v09/v0970	SES158	-8.74366	-50.5582	-41.8145
spk_ver/v09/v0971	SES158	-7.77272	-50.0182	-42.2455
spk_ver/v09/v0972	SES002	1.38737	-40.3559	-41.7432
spk_ver/v09/v0973	SES158	-9.91393	-51.6375	-41.7236
spk_ver/v09/v0974	SES202	0.841061	-41.3524	-42.1934
spk_ver/v09/v0975	SES158	-8.3623	-51.6801	-43.3178
spk_ver/v09/v0976	SES158	0.00830078	-42.2791	-42.2874
spk_ver/v09/v0977	SES162	-1.96898	-43.9128	-41.9438
spk_ver/v09/v0978	SES162	-7.0684	-50.4725	-43.4041
spk_ver/v09/v0979	SES162	-5.65224	-48.3366	-42.6843
spk_ver/v09/v0980	SES162	-2.15005	-45.5177	-43.3676
spk_ver/v09/v0981	SES162	-2.78881	-46.0521	-43.2633
spk_ver/v09/v0982	SES259	2.05326	-39.8809	-41.9342
spk_ver/v09/v0983	SES162	-3.63407	-49.0669	-45.4328
spk_ver/v09/v0984	SES162	-2.38429	-43.6701	-41.2858
spk_ver/v09/v0985	SES162	-1.29693	-43.2608	-41.9638
spk_ver/v09/v0986	SES062	1.01477	-40.2728	-41.2876
spk_ver/v09/v0987	SES162	-2.035	-44.7104	-42.6754
spk_ver/v09/v0988	SES162	-4.4613	-46.4656	-42.0043
spk_ver/v09/v0989	SES162	-4.31694	-48.5603	-44.2434
spk_ver/v09/v0990	SES162	-3.34162	-45.4956	-42.154
spk_ver/v09/v0991	SES087	1.45707	-40.9174	-42.3744
spk_ver/v09/v0992	SES120	-0.114815	-42.9291	-42.8143
spk_ver/v09/v0993	SES162	-4.69475	-46.6355	-41.9408
spk_ver/v09/v0994	SES162	-2.34271	-43.8098	-41.4671
spk_ver/v09/v0995	SES162	-4.4619	-45.6817	-41.2198
spk_ver/v09/v0996	SES162	-2.29204	-42.9002	-40.6082
spk_ver/v09/v0997	SES162	-6.21882	-48.5086	-42.2898
spk_ver/v09/v0998	SES162	-4.2126	-48.1391	-43.9265
spk_ver/v09/v0999	SES162	-2.07095	-42.3224	-40.2515
spk_ver/v10/v1000	SES162	-4.69459	-46.7278	-42.0332
spk_ver/v10/v1001	SES148	0.947029	-41.91	-42.8571
spk_ver/v10/v1002	SES162	-0.761879	-43.6713	-42.9094
spk_ver/v10/v1003	SES162	-2.68847	-45.4191	-42.7307
spk_ver/v10/v1004	SES162	-3.34842	-46.5619	-43.2135
spk_ver/v10/v1005	SES162	-3.76184	-47.2498	-43.488
spk_ver/v10/v1006	SES162	-3.53968	-45.9716	-42.432
spk_ver/v10/v1007	SES162	-2.4673	-45.6051	-43.1378
spk_ver/v10/v1008	SES162	-3.63972	-48.501	-44.8612
spk_ver/v10/v1009	SES162	-5.24657	-46.9835	-41.737
spk_ver/v10/v1010	SES167	-3.37735	-47.037	-43.6596
spk_ver/v10/v1011	SES167	-0.841579	-43.0259	-42.1843
spk_ver/v10/v1012	SES167	-1.99487	-45.0604	-43.0656
spk_ver/v10/v1013	SES167	-7.18073	-49.6437	-42.463
spk_ver/v10/v1014	SES167	-1.09307	-41.8506	-40.7575
spk_ver/v10/v1015	SES167	-1.33099	-42.978	-41.647
spk_ver/v10/v1016	SES167	-1.73772	-44.04	-42.3023
spk_ver/v10/v1017	SES167	-1.70347	-44.3134	-42.61
spk_ver/v10/v1018	SES167	-3.52926	-46.0984	-42.5691
spk_ver/v10/v1019	SES167	-2.26671	-44.0271	-41.7604
spk_ver/v10/v1020	SES167	-6.47795	-49.1057	-42.6277
spk_ver/v10/v1021	SES167	-1.71831	-45.6707	-43.9524
spk_ver/v10/v1022	SES167	-4.25745	-46.9191	-42.6616
spk_ver/v10/v1023	SES167	-4.86207	-48.8233	-43.9612
spk_ver/v10/v1024	SES167	-5.45946	-50.2069	-44.7475
spk_ver/v10/v1025	SES167	-1.83181	-43.0786	-41.2467
spk_ver/v10/v1026	SES167	-2.54833	-45.0553	-42.507
spk_ver/v10/v1027	SES167	-1.52593	-43.027	-41.5011
spk_ver/v10/v1028	SES167	-5.66824	-47.8452	-42.177
spk_ver/v10/v1029	SES167	-4.43869	-46.9644	-42.5257
spk_ver/v10/v1030	SES167	-2.59969	-44.8104	-42.2107
spk_ver/v10/v1031	SES167	-5.81393	-48.3054	-42.4915
spk_ver/v10/v1032	SES167	-6.15316	-47.2292	-41.076
spk_ver/v10/v1033	SES167	-5.79409	-47.128	-41.3339
spk_ver/v10/v1034	SES002	1.65747	-39.3454	-41.0028
spk_ver/v10/v1035	SES167	-1.95699	-43.3579	-41.4009
spk_ver/v10/v1036	SES083	0.740547	-41.2495	-41.9901
spk_ver/v10/v1037	SES167	-2.47912	-45.0596	-42.5805
spk_ver/v10/v1038	SES167	-3.67109	-47.971	-44.2999
spk_ver/v10/v1039	SES167	-1.40678	-44.0362	-42.6294
spk_ver/v10/v1040	SES167	-6.18184	-49.2567	-43.0749
spk_ver/v10/v1041	SES167	-1.25626	-44.0523	-42.796
spk_ver/v10/v1042	SES087	1.27581	-41.6633	-42.9391
spk_ver/v10/v1043	SES029	1.13959	-41.2795	-42.4191
spk_ver/v10/v1044	SES206	0.769753	-41.0786	-41.8483
spk_ver/v10/v1045	SES172	-3.49619	-46.2851	-42.789
spk_ver/v10/v1046	SES172	0.956501	-40.6385	-41.595
spk_ver/v10/v1047	SES172	-1.4154	-43.2522	-41.8368
spk_ver/v10/v1048	SES259	2.30585	-39.5187	-41.8246
spk_ver/v10/v1049	SES172	-5.59274	-47.0683	-41.4756
spk_ver/v10/v1050	SES120	0.842335	-42.1214	-42.9637
spk_ver/v10/v1051	SES172	-2.59817	-43.9807	-41.3826
spk_ver/v10/v1052	SES172	-3.72938	-46.2727	-42.5434
spk_ver/v10/v1053	SES172	-4.34224	-46.7531	-42.4108
spk_ver/v10/v1054	SES172	-2.66479	-44.9625	-42.2977
spk_ver/v10/v1055	SES189	1.62382	-42.9363	-44.5601
spk_ver/v10/v1056	SES172	-6.01609	-48.5651	-42.549
spk_ver/v10/v1057	SES172	-1.93086	-44.2202	-42.2893
spk_ver/v10/v1058	SES172	-3.24809	-45.3995	-42.1515
spk_ver/v10/v1059	SES172	-2.61629	-44.8711	-42.2548
spk_ver/v10/v1060	SES029	0.325577	-41.1397	-41.4653
spk_ver/v10/v1061	SES175	-8.94631	-51.6493	-42.703
spk_ver/v10/v1062	SES187	0.487656	-40.9067	-41.3943
spk_ver/v10/v1063	SES019	2.89775	-41.4401	-44.3378
spk_ver/v10/v1064	SES175	-5.96747	-48.3233	-42.3558
spk_ver/v10/v1065	SES175	-7.31009	-49.7857	-42.4756
spk_ver/v10/v1066	SES175	-8.21331	-52.2293	-44.016
spk_ver/v10/v1067	SES175	-2.60344	-45.3546	-42.7511
spk_ver/v10/v1068	SES175	-4.60552	-46.9522	-42.3466
spk_ver/v10/v1069	SES016	2.37659	-39.5632	-41.9398
spk_ver/v10/v1070	SES175	-4.33493	-47.5283	-43.1934
spk_ver/v10/v1071	SES175	-2.2216	-43.0635	-40.8419
spk_ver/v10/v1072	SES175	-6.94905	-49.6153	-42.6663
spk_ver/v10/v1073	SES029	0.0694427	-41.7432	-41.8126
spk_ver/v10/v1074	SES175	-3.96019	-46.5204	-42.5602
spk_ver/v10/v1075	SES175	-1.43745	-42.5201	-41.0826
spk_ver/v10/v1076	SES175	-1.00366	-41.6731	-40.6695
spk_ver/v10/v1077	SES175	-5.46458	-46.6453	-41.1807
spk_ver/v10/v1078	SES127	1.04876	-39.9749	-41.0237
spk_ver/v10/v1079	SES175	-4.60993	-45.8952	-41.2853
spk_ver/v10/v1080	SES175	-2.98372	-45.9836	-42.9999
spk_ver/v10/v1081	SES175	-5.21596	-47.931	-42.7151
spk_ver/v10/v1082	SES175	-4.44043	-46.3494	-41.909
spk_ver/v10/v1083	SES007	0.79324	-41.8045	-42.5977
spk_ver/v10/v1084	SES068	0.643032	-40.4858	-41.1289
spk_ver/v10/v1085	SES008	1.01443	-40.4269	-41.4413
spk_ver/v10/v1086	SES175	-1.43453	-41.9575	-40.523
spk_ver/v10/v1087	SES175	-3.95892	-46.2993	-42.3404
spk_ver/v10/v1088	SES008	1.65419	-40.1226	-41.7768
spk_ver/v10/v1089	SES177	-3.16568	-44.0092	-40.8436
spk_ver/v10/v1090	SES177	-4.21925	-45.9376	-41.7183
spk_ver/v10/v1091	SES177	-6.01418	-49.141	-43.1268
spk_ver/v10/v1092	SES177	-1.28221	-43.3752	-42.093
spk_ver/v10/v1093	SES177	-6.41562	-48.7277	-42.3121
spk_ver/v10/v1094	SES002	1.28554	-40.6283	-41.9138
spk_ver/v10/v1095	SES104	0.821327	-41.5688	-42.3902
spk_ver/v10/v1096	SES177	-1.37403	-43.5221	-42.148
spk_ver/v10/v1097	SES177	-2.74039	-46.4724	-43.732
spk_ver/v10/v1098	SES177	-2.68428	-44.2954	-41.6111
spk_ver/v10/v1099	SES177	-0.750652	-42.2737	-41.5231
spk_ver/v11/v1100	SES177	-4.98898	-47.7904	-42.8014
spk_ver/v11/v1101	SES085	-0.214119	-41.6421	-41.4279
spk_ver/v11/v1102	SES187	0.870148	-41.6027	-42.4728
spk_ver/v11/v1103	SES177	-1.94927	-44.4	-42.4508
spk_ver/v11/v1104	SES177	0.459702	-40.9529	-41.4126
spk_ver/v11/v1105	SES177	-0.5886	-41.7453	-41.1567
spk_ver/v11/v1106	SES177	-1.98701	-44.4484	-42.4614
spk_ver/v11/v1107	SES177	-1.02043	-42.7866	-41.7662
spk_ver/v11/v1108	SES177	-1.15522	-43.0874	-41.9322
spk_ver/v11/v1109	SES125	1.51255	-40.0352	-41.5478
spk_ver/v11/v1110	SES177	-4.20672	-46.4085	-42.2018
spk_ver/v11/v1111	SES177	-2.00425	-43.893	-41.8887
spk_ver/v11/v1112	SES177	-3.37748	-45.4625	-42.085
spk_ver/v11/v1113	SES177	-5.73617	-47.366	-41.6298
spk_ver/v11/v1114	SES177	-2.02574	-45.2846	-43.2588
spk_ver/v11/v1115	SES177	-2.10628	-45.397	-43.2907
spk_ver/v11/v1116	SES085	0.217869	-40.6515	-40.8694
spk_ver/v11/v1117	SES147	0.993336	-41.8367	-42.83
spk_ver/v11/v1118	SES177	-0.859791	-43.2331	-42.3733
spk_ver/v11/v1119	SES177	-3.87212	-45.7465	-41.8744
spk_ver/v11/v1120	SES180	-6.52458	-49.3395	-42.8149
spk_ver/v11/v1121	SES189	0.750202	-43.1359	-43.8861
spk_ver/v11/v1122	SES117	0.785999	-43.7716	-44.5576
spk_ver/v11/v1123	SES129	1.87632	-39.7736	-41.6499
spk_ver/v11/v1124	SES180	-3.11057	-45.874	-42.7634
spk_ver/v11/v1125	SES180	-1.21909	-42.4268	-41.2077
spk_ver/v11/v1126	SES180	-1.50255	-43.2809	-41.7783
spk_ver/v11/v1127	SES180	-2.5804	-45.4649	-42.8845
spk_ver/v11/v1128	SES016	0.64193	-42.251	-42.8929
spk_ver/v11/v1129	SES158	1.05893	-41.0832	-42.1421
spk_ver/v11/v1130	SES180	-2.78671	-45.2117	-42.4249
spk_ver/v11/v1131	SES180	-4.4841	-45.6438	-41.1597
spk_ver/v11/v1132	SES180	-2.91135	-46.0891	-43.1777
spk_ver/v11/v1133	SES180	-3.85235	-45.2706	-41.4183
spk_ver/v11/v1134	SES180	-1.97857	-45.2246	-43.246
spk_ver/v11/v1135	SES180	-1.70433	-43.004	-41.2996
spk_ver/v11/v1136	SES180	-7.26173	-51.0983	-43.8366
spk_ver/v11/v1137	SES148	0.417305	-41.415	-41.8323
spk_ver/v11/v1138	SES104	1.22999	-39.6816	-40.9116
spk_ver/v11/v1139	SES180	-4.7486	-47.2697	-42.5211
spk_ver/v11/v1140	SES083	0.718506	-41.5046	-42.2231
spk_ver/v11/v1141	SES180	-5.88832	-48.5404	-42.652
spk_ver/v11/v1142	SES180	-2.86233	-45.5687	-42.7064
spk_ver/v11/v1143	SES180	-3.23024	-46.4678	-43.2376
spk_ver/v11/v1144	SES099	1.28436	-41.8161	-43.1004
spk_ver/v11/v1145	SES180	-2.51751	-44.4842	-41.9667
spk_ver/v11/v1146	SES183	-3.51242	-46.3858	-42.8733
spk_ver/v11/v1147	SES183	-1.21558	-43.3167	-42.1011
spk_ver/v11/v1148	SES183	-5.16397	-49.2684	-44.1044
spk_ver/v11/v1149	SES183	-6.33083	-48.8719	-42.5411
spk_ver/v11/v1150	SES183	-5.4401	-48.0071	-42.567
spk_ver/v11/v1151	SES082	1.09605	-40.822	-41.918
spk_ver/v11/v1152	SES183	-3.22252	-47.0753	-43.8527
spk_ver/v11/v1153	SES183	-2.7253	-44.3475	-41.6222
spk_ver/v11/v1154	SES002	1.25024	-40.0724	-41.3227
spk_ver/v11/v1155	SES183	-2.96292	-45.762	-42.7991
spk_ver/v11/v1156	SES183	-4.95234	-49.242	-44.2897
spk_ver/v11/v1157	SES183	-2.31197	-42.5529	-40.2409
spk_ver/v11/v1158	SES183	-0.726414	-42.6627	-41.9362
spk_ver/v11/v1159	SES183	-3.45588	-45.9762	-42.5203
spk_ver/v11/v1160	SES183	-5.09918	-47.3255	-42.2263
spk_ver/v11/v1161	SES183	-4.52346	-47.971	-43.4476
spk_ver/v11/v1162	SES105	1.41673	-41.3056	-42.7223
spk_ver/v11/v1163	SES183	-6.13842	-48.7709	-42.6325
spk_ver/v11/v1164	SES259	1.80663	-40.2223	-42.0289
spk_ver/v11/v1165	SES183	-2.51404	-45.7738	-43.2597
spk_ver/v11/v1166	SES183	-4.94084	-46.8843	-41.9435
spk_ver/v11/v1167	SES183	-2.67517	-45.1076	-42.4325
spk_ver/v11/v1168	SES183	-2.36404	-43.9172	-41.5532
spk_ver/v11/v1169	SES183	-5.53848	-47.3419	-41.8034
spk_ver/v11/v1170	SES183	-4.28468	-45.7966	-41.5119
spk_ver/v11/v1171	SES183	-7.85683	-51.7028	-43.846
spk_ver/v11/v1172	SES187	-3.21091	-45.7734	-42.5625
spk_ver/v11/v1173	SES019	2.70752	-41.5318	-44.2393
spk_ver/v11/v1174	SES187	-6.36621	-50.1905	-43.8243
spk_ver/v11/v1175	SES187	-2.19653	-45.8134	-43.6169
spk_ver/v11/v1176	SES083	0.396091	-40.2399	-40.636
spk_ver/v11/v1177	SES187	-5.68011	-49.969	-44.2889
spk_ver/v11/v1178	SES187	-4.97861	-47.1533	-42.1747
spk_ver/v11/v1179	SES187	-3.37906	-46.5321	-43.1531
spk_ver/v11/v1180	SES187	-0.946163	-43.647	-42.7008
spk_ver/v11/v1181	SES187	-6.50408	-48.1449	-41.6409
spk_ver/v11/v1182	SES187	-1.53878	-42.7592	-41.2204
spk_ver/v11/v1183	SES187	-4.26947	-46.4782	-42.2087
spk_ver/v11/v1184	SES187	-0.298	-42.5478	-42.2498
spk_ver/v11/v1185	SES127	0.505013	-41.1687	-41.6737
spk_ver/v11/v1186	SES187	-1.25518	-42.6203	-41.3651
spk_ver/v11/v1187	SES187	-1.3872	-42.3052	-40.918
spk_ver/v11/v1188	SES187	-2.87428	-46.1006	-43.2263
spk_ver/v11/v1189	SES042	2.16318	-39.8176	-41.9808
spk_ver/v11/v1190	SES187	-0.956074	-42.5412	-41.5852
spk_ver/v11/v1191	SES187	-4.45777	-48.8779	-44.4202
spk_ver/v11/v1192	SES187	-4.58186	-47.4597	-42.8778
spk_ver/v11/v1193	SES183	0.84901	-41.8325	-42.6815
spk_ver/v11/v1194	SES187	-2.50589	-45.5027	-42.9969
spk_ver/v11/v1195	SES187	-6.03146	-48.542	-42.5106
spk_ver/v11/v1196	SES146	0.996059	-42.5384	-43.5345
spk_ver/v11/v1197	SES189	-4.74636	-46.7576	-42.0112
spk_ver/v11/v1198	SES175	1.26595	-41.6645	-42.9304
spk_ver/v11/v1199	SES189	-4.55639	-48.233	-43.6766
spk_ver/v12/v1200	SES189	-2.06767	-43.0506	-40.983
spk_ver/v12/v1201	SES177	0.636692	-40.8298	-41.4665
spk_ver/v12/v1202	SES189	-1.94204	-44.9161	-42.9741
spk_ver/v12/v1203	SES143	0.753109	-41.642	-42.3951
spk_ver/v12/v1204	SES189	-3.13134	-45.3223	-42.191
spk_ver/v12/v1205	SES189	-2.04502	-43.401	-41.3559
spk_ver/v12/v1206	SES189	-5.57838	-49.6914	-44.1131
spk_ver/v12/v1207	SES189	-3.71446	-45.2489	-41.5344
spk_ver/v12/v1208	SES189	-3.50562	-44.3877	-40.8821
spk_ver/v12/v1209	SES189	-5.40832	-48.9147	-43.5064
spk_ver/v12/v1210	SES189	-0.532368	-43.5	-42.9677
spk_ver/v12/v1211	SES062	1.24403	-40.3264	-41.5704
spk_ver/v12/v1212	SES189	-3.04182	-44.4721	-41.4303
spk_ver/v12/v1213	SES048	1.27351	-40.6186	-41.8921
spk_ver/v12/v1214	SES042	2.16747	-39.4158	-41.5833
spk_ver/v12/v1215	SES008	1.84919	-39.6032	-41.4524
spk_ver/v12/v1216	SES202	-5.15707	-46.0369	-40.8798
spk_ver/v12/v1217	SES202	-3.75008	-47.2073	-43.4572
spk_ver/v12/v1218	SES085	0.991592	-39.4981	-40.4897
spk_ver/v12/v1219	SES202	-2.29951	-43.7719	-41.4724
spk_ver/v12/v1220	SES202	-4.34746	-45.9817	-41.6342
spk_ver/v12/v1221	SES202	-3.50431	-46.7452	-43.2409
spk_ver/v12/v1222	SES202	-8.8353	-52.2893	-43.454
spk_ver/v12/v1223	SES158	0.965881	-41.044	-42.0099
spk_ver/v12/v1224	SES202	-2.58192	-45.9452	-43.3633
spk_ver/v12/v1225	SES202	-7.62592	-49.6964	-42.0705
spk_ver/v12/v1226	SES202	-5.78299	-48.0251	-42.2421
spk_ver/v12/v1227	SES202	-6.25198	-49.2905	-43.0385
spk_ver/v12/v1228	SES177	0.127949	-41.8969	-42.0249
spk_ver/v12/v1229	SES202	-5.28608	-47.7258	-42.4397
spk_ver/v12/v1230	SES202	-2.34781	-44.4366	-42.0888
spk_ver/v12/v1231	SES202	-6.73175	-49.8563	-43.1246
spk_ver/v12/v1232	SES202	-3.22313	-48.2059	-44.9828
spk_ver/v12/v1233	SES206	0.926571	-40.2923	-41.2189
spk_ver/v12/v1234	SES202	-7.44837	-50.1392	-42.6909
spk_ver/v12/v1235	SES202	-3.1527	-44.8967	-41.744
spk_ver/v12/v1236	SES125	1.88859	-40.4153	-42.3039
spk_ver/v12/v1237	SES127	0.816242	-40.8456	-41.6618
spk_ver/v12/v1238	SES202	1.71996	-40.1283	-41.8482
spk_ver/v12/v1239	SES167	1.17442	-40.3368	-41.5112
spk_ver/v12/v1240	SES206	-11.7933	-54.5594	-42.7661
spk_ver/v12/v1241	SES206	-11.8993	-55.1309	-43.2316
spk_ver/v12/v1242	SES206	-1.57255	-43.2738	-41.7012
spk_ver/v12/v1243	SES206	-3.03712	-45.7623	-42.7251
spk_ver/v12/v1244	SES259	1.31253	-41.1078	-42.4203
spk_ver/v12/v1245	SES206	-5.12686	-47.165	-42.0381
spk_ver/v12/v1246	SES206	-8.64031	-50.6468	-42.0065
spk_ver/v12/v1247	SES206	-0.769512	-42.8768	-42.1073
spk_ver/v12/v1248	SES206	-14.2304	-57.7896	-43.5592
spk_ver/v12/v1249	SES270	2.37436	-41.2088	-43.5831
spk_ver/v12/v1250	SES206	-10.6919	-53.0598	-42.3679
spk_ver/v12/v1251	SES206	-6.71398	-48.1296	-41.4156
spk_ver/v12/v1252	SES206	-6.42207	-48.6582	-42.2361
spk_ver/v12/v1253	SES206	-1.39949	-43.4309	-42.0314
spk_ver/v12/v1254	SES206	-1.8313	-44.0778	-42.2465
spk_ver/v12/v1255	SES125	1.59089	-40.2745	-41.8654
spk_ver/v12/v1256	SES206	-15.3339	-57.2511	-41.9173
spk_ver/v12/v1257	SES206	-9.03959	-50.2089	-41.1693
spk_ver/v12/v1258	SES206	-2.32496	-45.0266	-42.7016
spk_ver/v12/v1259	SES206	-10.9888	-53.1366	-42.1478
spk_ver/v12/v1260	SES206	-13.8111	-57.1097	-43.2986
spk_ver/v12/v1261	SES206	-9.44802	-51.0835	-41.6354
spk_ver/v12/v1262	SES206	-11.9614	-54.4371	-42.4757
spk_ver/v12/v1263	SES206	-9.62124	-51.3699	-41.7486
spk_ver/v12/v1264	SES149	0.827492	-41.4459	-42.2734
spk_ver/v12/v1265	SES206	-1.19759	-45.0366	-43.839
spk_ver/v12/v1266	SES206	-16.0248	-58.9822	-42.9574
spk_ver/v12/v1267	SES206	-1.66746	-46.0408	-44.3733
spk_ver/v12/v1268	SES206	-6.31731	-49.1598	-42.8425
spk_ver/v12/v1269	SES206	-11.0341	-56.0762	-45.0421
spk_ver/v12/v1270	SES206	-17.6321	-62.3792	-44.7471
spk_ver/v12/v1271	SES226	-11.8075	-55.6394	-43.8319
spk_ver/v12/v1272	SES226	-0.977039	-42.3461	-41.369
spk_ver/v12/v1273	SES226	-13.151	-54.4187	-41.2677
spk_ver/v12/v1274	SES226	-9.53194	-51.868	-42.3361
spk_ver/v12/v1275	SES226	-0.514797	-42.8853	-42.3705
spk_ver/v12/v1276	SES226	-11.1252	-53.7703	-42.6452
spk_ver/v12/v1277	SES226	-1.66085	-43.3608	-41.7
spk_ver/v12/v1278	SES226	-0.450569	-43.4059	-42.9554
spk_ver/v12/v1279	SES226	-10.1504	-51.0206	-40.8702
spk_ver/v12/v1280	SES226	-3.06174	-44.5849	-41.5231
spk_ver/v12/v1281	SES226	-1.80051	-45.2253	-43.4247
spk_ver/v12/v1282	SES226	-2.22748	-45.6216	-43.3942
spk_ver/v12/v1283	SES143	0.902142	-41.3909	-42.2931
spk_ver/v12/v1284	SES226	-7.42828	-48.7938	-41.3655
spk_ver/v12/v1285	SES226	-1.34593	-43.4651	-42.1191
spk_ver/v12/v1286	SES226	-2.5237	-45.2626	-42.7389
spk_ver/v12/v1287	SES226	-4.29586	-46.9132	-42.6174
spk_ver/v12/v1288	SES226	-11.1667	-52.4018	-41.2351
spk_ver/v12/v1289	SES104	1.55437	-41.0687	-42.6231
spk_ver/v12/v1290	SES008	1.75101	-41.0683	-42.8193
spk_ver/v12/v1291	SES226	-1.36759	-43.3781	-42.0105
spk_ver/v12/v1292	SES259	-4.6661	-47.7264	-43.0603
spk_ver/v12/v1293	SES062	0.985027	-40.53	-41.515
spk_ver/v12/v1294	SES099	1.0032	-42.1544	-43.1576
spk_ver/v12/v1295	SES158	0.235909	-42.6563	-42.8922
spk_ver/v12/v1296	SES259	-8.70198	-49.6639	-40.9619
spk_ver/v12/v1297	SES259	-4.70512	-47.7331	-43.028
spk_ver/v12/v1298	SES259	-3.30659	-45.3204	-42.0138
spk_ver/v12/v1299	SES259	-9.23682	-51.432	-42.1952
spk_ver/v13/v1300	SES120	0.771683	-41.9604	-42.7321
spk_ver/v13/v1301	SES259	-11.7306	-53.5435	-41.813
spk_ver/v13/v1302	SES259	-11.6876	-54.1045	-42.4168
spk_ver/v13/v1303	SES129	0.715523	-41.22	-41.9355
spk_ver/v13/v1304	SES259	-5.55574	-48.4665	-42.9107
spk_ver/v13/v1305	SES259	-5.13543	-48.6211	-43.4856
spk_ver/v13/v1306	SES106	1.28068	-41.3168	-42.5975
spk_ver/v13/v1307	SES259	-4.22959	-47.5735	-43.3439
spk_ver/v13/v1308	SES259	-2.01835	-44.061	-42.0426
spk_ver/v13/v1309	SES259	-9.59305	-50.9621	-41.369
spk_ver/v13/v1310	SES259	-8.44155	-49.5741	-41.1325
spk_ver/v13/v1311	SES259	-9.15358	-50.8134	-41.6599
spk_ver/v13/v1312	SES259	-2.54248	-43.5068	-40.9643
spk_ver/v13/v1313	SES144	0.517479	-41.5186	-42.036
spk_ver/v13/v1314	SES259	-11.5712	-53.822	-42.2508
spk_ver/v13/v1315	SES162	1.23531	-40.8659	-42.1012
spk_ver/v13/v1316	SES206	0.91349	-40.5511	-41.4646
spk_ver/v13/v1317	SES175	0.83596	-42.059	-42.8949
spk_ver/v13/v1318	SES259	-8.51681	-51.8188	-43.302
spk_ver/v13/v1319	SES259	-12.171	-54.7677	-42.5966
spk_ver/v13/v1320	SES270	-0.123932	-42.7728	-42.6489
spk_ver/v13/v1321	SES101	-0.0487442	-41.6846	-41.6358
spk_ver/v13/v1322	SES177	0.664032	-40.5882	-41.2523
spk_ver/v13/v1323	SES127	0.708435	-39.7818	-40.4902
spk_ver/v13/v1324	SES270	-9.16238	-51.635	-42.4727
spk_ver/v13/v1325	SES062	1.08509	-40.6134	-41.6985
spk_ver/v13/v1326	SES270	-0.40873	-43.31	-42.9013
spk_ver/v13/v1327	SES120	-0.0147018	-43.0675	-43.0528
spk_ver/v13/v1328	SES270	-4.25775	-47.8951	-43.6373
spk_ver/v13/v1329	SES270	-7.33505	-47.4843	-40.1493
spk_ver/v13/v1330	SES270	-0.146885	-43.9065	-43.7596
spk_ver/v13/v1331	SES270	-9.54078	-50.6096	-41.0688
spk_ver/v13/v1332	SES270	-0.71093	-42.0311	-41.3201
spk_ver/v13/v1333	SES270	-0.645512	-44.4843	-43.8387
spk_ver/v13/v1334	SES270	-2.62076	-44.716	-42.0952
spk_ver/v13/v1335	SES270	0.0807686	-41.9918	-42.0725
spk_ver/v13/v1336	SES270	-1.73893	-43.6213	-41.8824
spk_ver/v13/v1337	SES016	1.41374	-40.6879	-42.1016
spk_ver/v13/v1338	SES270	-6.68928	-48.4387	-41.7494
spk_ver/v13/v1339	SES002	1.4436	-40.2317	-41.6753
spk_ver/v13/v1340	SES105	1.75849	-41.5128	-43.2713
spk_ver/v13/v1341	SES275	-2.8847	-46.4554	-43.5707
spk_ver/v13/v1342	SES187	1.10366	-42.1089	-43.2125
spk_ver/v13/v1343	SES275	-3.24467	-45.6587	-42.414
spk_ver/v13/v1344	SES275	-4.05046	-47.259	-43.2085
spk_ver/v13/v1345	SES275	-2.62646	-45.3854	-42.7589
spk_ver/v13/v1346	SES275	-5.96515	-48.4461	-42.4809
spk_ver/v13/v1347	SES275	-4.21562	-47.4892	-43.2735
spk_ver/v13/v1348	SES180	0.34832	-41.6478	-41.9961
spk_ver/v13/v1349	SES275	-2.79305	-47.3039	-44.5108
spk_ver/v13/v1350	SES275	-1.00777	-41.8218	-40.814
spk_ver/v13/v1351	SES275	-5.17464	-51.2007	-46.0261
spk_ver/v13/v1352	SES275	-2.35453	-45.0656	-42.711
spk_ver/v13/v1353	SES275	-3.24699	-47.4822	-44.2352
spk_ver/v13/v1354	SES189	1.43063	-42.8746	-44.3052
spk_ver/v13/v1355	SES068	0.353954	-40.7319	-41.0858
spk_ver/v13/v1356	SES275	-4.39487	-48.1778	-43.783
spk_ver/v13/v1357	SES048	0.15844	-41.7971	-41.9555
spk_ver/v13/v1358	SES226	1.67999	-39.767	-41.447
spk_ver/v13/v1359	SES016	0.522152	-41.2184	-41.7405
spk_ver/v13/v1360	SES275	-3.91987	-46.6572	-42.7374
spk_ver/v13/v1361	SES068	0.574596	-40.3918	-40.9664
spk_ver/v13/v1362	SES275	-4.55657	-46.5675	-42.0109
spk_ver/v13/v1363	SES275	-3.65186	-46.4135	-42.7616
spk_ver/v13/v1364	SES275	-4.01508	-48.233	-44.218
spk_ver/v13/v1365	SES275	-2.54106	-44.214	-41.673
spk_ver/v13/v1366	SES187	0.256046	-41.5508	-41.8069
spk_ver/v13/v1367	SES275	-5.59443	-49.2295	-43.635
spk_ver/v13/v1368	SES125	1.25608	-40.5849	-41.841
spk_ver/v13/v1369	SES275	-2.50164	-45.8351	-43.3334
spk_ver/v13/v1370	SES292	-4.00621	-45.9468	-41.9406
spk_ver/v13/v1371	SES292	-3.74923	-45.6966	-41.9474
spk_ver/v13/v1372	SES292	-3.46751	-46.9481	-43.4806
spk_ver/v13/v1373	SES292	-2.13181	-43.986	-41.8541
spk_ver/v13/v1374	SES101	0.594715	-41.9814	-42.5761
spk_ver/v13/v1375	SES292	-2.58901	-45.3034	-42.7144
spk_ver/v13/v1376	SES292	-2.5179	-43.9572	-41.4393
spk_ver/v13/v1377	SES292	-6.2241	-49.9717	-43.7476
spk_ver/v13/v1378	SES292	-1.31674	-43.0356	-41.7189
spk_ver/v13/v1379	SES292	-1.19128	-43.2715	-42.0802
spk_ver/v13/v1380	SES292	-3.30562	-45.5906	-42.285
spk_ver/v13/v1381	SES292	-3.61358	-44.2153	-40.6017
spk_ver/v13/v1382	SES292	-3.15869	-46.3514	-43.1927
spk_ver/v13/v1383	SES292	-2.71506	-45.3201	-42.6051
spk_ver/v13/v1384	SES292	-2.34768	-44.209	-41.8613
spk_ver/v13/v1385	SES292	-2.13185	-44.3544	-42.2226
spk_ver/v13/v1386	SES292	-2.36217	-45.3062	-42.9441
spk_ver/v13/v1387	SES158	1.80434	-42.317	-44.1213
spk_ver/v13/v1388	SES292	-1.41188	-42.8127	-41.4008
spk_ver/v13/v1389	SES292	-1.6136	-41.7404	-40.1268
spk_ver/v13/v1390	SES292	-5.09765	-46.4157	-41.3181
spk_ver/v13/v1391	SES292	-3.17977	-45.5074	-42.3276
spk_ver/v13/v1392	SES292	-4.46903	-47.898	-43.429
spk_ver/v13/v1393	SES292	-3.84634	-45.75	-41.9037
spk_ver/v13/v1394	SES292	-4.93996	-47.5247	-42.5847
spk_ver/v13/v1395	SES292	-4.98364	-46.4335	-41.4499
spk_ver/v13/v1396	SES117	1.11708	-41.9286	-43.0457
spk_ver/v13/v1397	SES292	-3.84814	-45.3634	-41.5152
spk_ver/v13/v1398	SES292	-4.659	-48.2974	-43.6384
spk_ver/v13/v1399	SES292	-2.02251	-44.4953	-42.4728
