BLOCK00/SES002/SA002S12	SES002	1.04852	-41.1063	-42.1549
BLOCK00/SES002/SA002S13	SES002	1.87852	-40.4703	-42.3488
BLOCK00/SES002/SA002S23	SES002	1.18846	-40.5303	-41.7188
BLOCK00/SES002/SA002S26	SES002	1.89381	-40.4219	-42.3157
BLOCK00/SES002/SA002S28	SES002	1.13766	-40.8796	-42.0173
BLOCK00/SES007/SA007S14	SES007	1.07425	-40.041	-41.1152
BLOCK00/SES007/SA007S15	SES007	0.565754	-41.4235	-41.9893
BLOCK00/SES007/SA007S24	SES007	0.589607	-41.2437	-41.8333
BLOCK00/SES007/SA007S27	SES007	0.608795	-41.9622	-42.571
BLOCK00/SES007/SA007S29	SES007	0.232868	-40.8918	-41.1247
BLOCK00/SES008/SA008S11	SES008	0.972515	-41.2949	-42.2674
BLOCK00/SES008/SA008S12	SES008	0.0663452	-42.2402	-42.3065
BLOCK00/SES008/SA008S19	SES008	1.47688	-40.4328	-41.9096
BLOCK00/SES008/SA008S22	SES008	1.13096	-41.3427	-42.4736
BLOCK00/SES008/SA008S29	SES008	0.860134	-41.0964	-41.9565
BLOCK01/SES014/SA014S10	SES014	2.32878	-40.3454	-42.6742
BLOCK01/SES014/SA014S12	SES014	2.99779	-38.4353	-41.4331
BLOCK01/SES014/SA014S24	SES014	1.45124	-40.5034	-41.9546
BLOCK01/SES014/SA014S26	SES014	2.12529	-38.5079	-40.6331
BLOCK01/SES014/SA014S28	SES014	2.87487	-38.428	-41.3029
BLOCK01/SES016/SA016S12	SES016	1.36143	-42.2599	-43.6213
BLOCK01/SES016/SA016S13	SES016	1.4484	-40.9616	-42.41
BLOCK01/SES016/SA016S22	SES016	0.562328	-41.9064	-42.4687
BLOCK01/SES016/SA016S25	SES016	1.80982	-39.1902	-41.0001
BLOCK01/SES016/SA016S27	SES016	1.9666	-39.5436	-41.5102
BLOCK01/SES019/SA019S13	SES019	2.8588	-41.0518	-43.9106
BLOCK01/SES019/SA019S14	SES019	1.5611	-41.5377	-43.0988
BLOCK01/SES019/SA019S22	SES019	2.64112	-40.6044	-43.2455
BLOCK01/SES019/SA019S25	SES019	2.60081	-41.124	-43.7248
BLOCK01/SES019/SA019S29	SES019	3.29823	-40.9119	-44.2101
BLOCK02/SES029/SA029S11	SES029	1.40153	-40.47	-41.8715
BLOCK02/SES029/SA029S12	SES029	0.792645	-40.7238	-41.5164
BLOCK02/SES029/SA029S20	SES029	0.644428	-42.0042	-42.6486
BLOCK02/SES029/SA029S25	SES029	0.772694	-40.7205	-41.4932
BLOCK02/SES029/SA029S28	SES029	0.489658	-41.446	-41.9357
BLOCK04/SES042/SA042S12	SES042	2.08653	-39.5621	-41.6487
BLOCK04/SES042/SA042S15	SES042	2.40833	-39.9785	-42.3868
BLOCK04/SES042/SA042S22	SES042	3.13663	-38.6535	-41.7901
BLOCK04/SES042/SA042S25	SES042	2.00478	-41.2648	-43.2696
BLOCK04/SES042/SA042S27	SES042	2.01842	-39.9627	-41.9812
BLOCK04/SES048/SA048S11	SES048	1.51801	-40.5784	-42.0964
BLOCK04/SES048/SA048S12	SES048	0.280201	-41.7118	-41.992
BLOCK04/SES048/SA048S20	SES048	0.745323	-40.9558	-41.7011
BLOCK04/SES048/SA048S23	SES048	1.64186	-41.2879	-42.9298
BLOCK04/SES048/SA048S27	SES048	0.454659	-40.8332	-41.2879
BLOCK06/SES060/SA060S11	SES060	1.63424	-40.3873	-42.0215
BLOCK06/SES060/SA060S12	SES060	-0.698864	-42.4505	-41.7517
BLOCK06/SES060/SA060S22	SES060	-0.423298	-42.9494	-42.5261
BLOCK06/SES060/SA060S24	SES060	0.777584	-40.8662	-41.6438
BLOCK06/SES060/SA060S28	SES060	1.0689	-39.5035	-40.5724
BLOCK06/SES062/SA062S10	SES062	1.11977	-40.588	-41.7078
BLOCK06/SES062/SA062S11	SES062	1.18555	-40.5665	-41.752
BLOCK06/SES062/SA062S21	SES062	2.21091	-38.2382	-40.4491
BLOCK06/SES062/SA062S26	SES062	0.579525	-40.0701	-40.6496
BLOCK06/SES062/SA062S29	SES062	1.2354	-39.6431	-40.8785
BLOCK06/SES068/SA068S14	SES068	0.0205994	-41.5758	-41.5964
BLOCK06/SES068/SA068S15	SES068	0.881088	-40.4907	-41.3717
BLOCK06/SES068/SA068S23	SES068	0.882664	-41.2944	-42.1771
BLOCK06/SES068/SA068S27	SES068	1.54292	-39.808	-41.3509
BLOCK06/SES068/SA068S29	SES068	0.717274	-40.7446	-41.4619
BLOCK08/SES082/SA082S12	SES082	0.924732	-42.3477	-43.2724
BLOCK08/SES082/SA082S14	SES082	0.297302	-42.7129	-43.0102
BLOCK08/SES082/SA082S21	SES082	0.581711	-41.9937	-42.5754
BLOCK08/SES082/SA082S24	SES082	1.03899	-41.7027	-42.7417
BLOCK08/SES082/SA082S28	SES082	-0.0158691	-42.5952	-42.5793
BLOCK08/SES083/SA083S14	SES083	-0.619446	-42.2072	-41.5877
BLOCK08/SES083/SA083S15	SES083	-0.0769997	-41.4613	-41.3843
BLOCK08/SES083/SA083S24	SES083	-0.0590172	-41.7895	-41.7304
BLOCK08/SES083/SA083S26	SES083	0.745319	-41.0673	-41.8127
BLOCK08/SES083/SA083S29	SES083	-0.509098	-41.6787	-41.1696
BLOCK08/SES085/SA085S10	SES085	0.182247	-41.451	-41.6332
BLOCK08/SES085/SA085S13	SES085	0.352268	-41.7857	-42.138
BLOCK08/SES085/SA085S22	SES085	-1.26282	-43.0212	-41.7584
BLOCK08/SES085/SA085S26	SES085	-0.751144	-42.3835	-41.6324
BLOCK08/SES085/SA085S28	SES085	0.881283	-40.8662	-41.7474
BLOCK08/SES087/SA087S15	SES087	1.53024	-41.1947	-42.725
BLOCK08/SES087/SA087S16	SES087	1.72103	-40.8308	-42.5518
BLOCK08/SES087/SA087S24	SES087	1.51135	-41.1637	-42.675
BLOCK08/SES087/SA087S26	SES087	1.66214	-39.7183	-41.3805
BLOCK08/SES087/SA087S29	SES087	1.58602	-40.9383	-42.5244
BLOCK09/SES099/SA099S15	SES099	1.12225	-41.4879	-42.6101
BLOCK09/SES099/SA099S16	SES099	1.30844	-41.1292	-42.4377
BLOCK09/SES099/SA099S24	SES099	1.44388	-40.532	-41.9759
BLOCK09/SES099/SA099S26	SES099	1.37301	-40.6847	-42.0577
BLOCK09/SES099/SA099S29	SES099	1.45668	-40.6012	-42.0579
BLOCK10/SES101/SA101S11	SES101	0.805111	-40.8338	-41.6389
BLOCK10/SES101/SA101S13	SES101	0.910717	-40.6671	-41.5779
BLOCK10/SES101/SA101S22	SES101	1.32264	-41.2254	-42.5481
BLOCK10/SES101/SA101S24	SES101	1.506	-40.7429	-42.2489
BLOCK10/SES101/SA101S28	SES101	0.162609	-42.0538	-42.2164
BLOCK10/SES104/SA104S11	SES104	1.08692	-40.2132	-41.3001
BLOCK10/SES104/SA104S12	SES104	1.28279	-40.2104	-41.4932
BLOCK10/SES104/SA104S21	SES104	0.979607	-41.0539	-42.0335
BLOCK10/SES104/SA104S24	SES104	0.819527	-41.6903	-42.5098
BLOCK10/SES104/SA104S28	SES104	1.19749	-41.2171	-42.4146
BLOCK10/SES105/SA105S12	SES105	0.72398	-42.2351	-42.9591
BLOCK10/SES105/SA105S13	SES105	0.960567	-41.7554	-42.7159
BLOCK10/SES105/SA105S22	SES105	0.192108	-43.0035	-43.1956
BLOCK10/SES105/SA105S26	SES105	1.34211	-41.6722	-43.0143
BLOCK10/SES105/SA105S29	SES105	0.85804	-41.5361	-42.3941
BLOCK10/SES106/SA106S09	SES106	1.03097	-42.8061	-43.8371
BLOCK10/SES106/SA106S11	SES106	1.36805	-40.4744	-41.8425
BLOCK10/SES106/SA106S22	SES106	2.25911	-40.9957	-43.2548
BLOCK10/SES106/SA106S27	SES106	1.55655	-41.0265	-42.5831
BLOCK10/SES106/SA106S29	SES106	0.810753	-41.2373	-42.048
BLOCK11/SES117/SA117S12	SES117	0.705936	-41.1292	-41.8352
BLOCK11/SES117/SA117S13	SES117	0.527298	-41.2097	-41.737
BLOCK11/SES117/SA117S23	SES117	1.74794	-41.8009	-43.5488
BLOCK11/SES117/SA117S25	SES117	0.591305	-42.3439	-42.9352
BLOCK11/SES117/SA117S28	SES117	0.982872	-42.1869	-43.1697
BLOCK12/SES120/SA120S08	SES120	0.958607	-42.6791	-43.6377
BLOCK12/SES120/SA120S11	SES120	0.648201	-44.0652	-44.7134
BLOCK12/SES120/SA120S22	SES120	0.416397	-41.9112	-42.3276
BLOCK12/SES120/SA120S24	SES120	0.545059	-42.3219	-42.867
BLOCK12/SES120/SA120S28	SES120	0.290215	-43.5761	-43.8663
BLOCK12/SES125/SA125S13	SES125	1.64724	-40.28	-41.9272
BLOCK12/SES125/SA125S14	SES125	1.20049	-40.9912	-42.1917
BLOCK12/SES125/SA125S25	SES125	2.01248	-40.2451	-42.2576
BLOCK12/SES125/SA125S27	SES125	1.71108	-39.8257	-41.5368
BLOCK12/SES125/SA125S29	SES125	1.64316	-40.2888	-41.932
BLOCK12/SES127/SA127S11	SES127	0.38139	-41.9801	-42.3615
BLOCK12/SES127/SA127S12	SES127	-0.672085	-42.1425	-41.4704
BLOCK12/SES127/SA127S23	SES127	0.353039	-41.6927	-42.0457
BLOCK12/SES127/SA127S25	SES127	-0.300117	-41.8447	-41.5446
BLOCK12/SES127/SA127S27	SES127	0.655766	-40.768	-41.4238
BLOCK12/SES129/SA129S11	SES129	1.36152	-39.9473	-41.3089
BLOCK12/SES129/SA129S12	SES129	1.146	-40.1546	-41.3006
BLOCK12/SES129/SA129S22	SES129	1.09076	-40.4911	-41.5818
BLOCK12/SES129/SA129S27	SES129	1.6722	-39.9047	-41.5769
BLOCK12/SES129/SA129S29	SES129	1.40701	-40.1923	-41.5994
BLOCK14/SES142/SA142S11	SES142	1.33545	-41.0968	-42.4323
BLOCK14/SES142/SA142S12	SES142	0.88063	-41.7631	-42.6437
BLOCK14/SES142/SA142S24	SES142	1.2825	-41.166	-42.4485
BLOCK14/SES142/SA142S27	SES142	1.67829	-40.7437	-42.422
BLOCK14/SES142/SA142S29	SES142	1.81991	-40.0315	-41.8514
BLOCK14/SES143/SA143S12	SES143	0.992851	-41.4656	-42.4584
BLOCK14/SES143/SA143S13	SES143	0.667942	-41.7349	-42.4028
BLOCK14/SES143/SA143S23	SES143	1.12621	-41.6309	-42.7571
BLOCK14/SES143/SA143S25	SES143	1.03261	-41.3865	-42.4191
BLOCK14/SES143/SA143S28	SES143	0.782627	-41.1392	-41.9218
BLOCK14/SES144/SA144S09	SES144	0.753487	-41.1919	-41.9454
BLOCK14/SES144/SA144S11	SES144	0.63443	-42.4014	-43.0358
BLOCK14/SES144/SA144S21	SES144	0.202747	-42.1832	-42.3859
BLOCK14/SES144/SA144S25	SES144	0.656456	-42.0762	-42.7327
BLOCK14/SES144/SA144S29	SES144	0.0500603	-42.0593	-42.1094
BLOCK14/SES146/SA146S14	SES146	0.505455	-42.3414	-42.8468
BLOCK14/SES146/SA146S15	SES146	0.12463	-42.2019	-42.3266
BLOCK14/SES146/SA146S24	SES146	0.509029	-42.1087	-42.6178
BLOCK14/SES146/SA146S26	SES146	1.12656	-42.0197	-43.1463
BLOCK14/SES146/SA146S29	SES146	0.573734	-42.8632	-43.437
BLOCK14/SES147/SA147S11	SES147	2.11398	-41.1374	-43.2514
BLOCK14/SES147/SA147S13	SES147	2.07723	-40.4125	-42.4898
BLOCK14/SES147/SA147S23	SES147	1.52518	-41.8717	-43.3968
BLOCK14/SES147/SA147S26	SES147	1.31533	-41.6729	-42.9883
BLOCK14/SES147/SA147S28	SES147	2.36524	-40.907	-43.2722
BLOCK14/SES148/SA148S10	SES148	1.11675	-40.7818	-41.8985
BLOCK14/SES148/SA148S12	SES148	0.743652	-41.8526	-42.5962
BLOCK14/SES148/SA148S22	SES148	0.95541	-40.3627	-41.3181
BLOCK14/SES148/SA148S26	SES148	0.745228	-40.9503	-41.6955
BLOCK14/SES148/SA148S29	SES148	0.382298	-42.15	-42.5323
BLOCK14/SES149/SA149S13	SES149	-0.00191116	-42.1098	-42.1079
BLOCK14/SES149/SA149S14	SES149	0.30167	-41.2671	-41.5688
BLOCK14/SES149/SA149S24	SES149	1.09776	-41.133	-42.2308
BLOCK14/SES149/SA149S26	SES149	1.59667	-40.5083	-42.105
BLOCK14/SES149/SA149S28	SES149	2.1531	-39.6876	-41.8407
BLOCK15/SES158/SA158S13	SES158	1.03517	-41.8738	-42.909
BLOCK15/SES158/SA158S14	SES158	1.94653	-41.5314	-43.4779
BLOCK15/SES158/SA158S23	SES158	0.960087	-41.394	-42.3541
BLOCK15/SES158/SA158S26	SES158	1.50122	-41.1396	-42.6408
BLOCK15/SES158/SA158S28	SES158	1.122	-41.6046	-42.7266
BLOCK16/SES162/SA162S10	SES162	0.418713	-42.5507	-42.9694
BLOCK16/SES162/SA162S11	SES162	0.689392	-41.3643	-42.0537
BLOCK16/SES162/SA162S21	SES162	1.60995	-40.8693	-42.4792
BLOCK16/SES162/SA162S24	SES162	1.12889	-41.2703	-42.3992
BLOCK16/SES162/SA162S27	SES162	1.32552	-41.7189	-43.0444
BLOCK16/SES167/SA167S14	SES167	0.927456	-40.2848	-41.2122
BLOCK16/SES167/SA167S15	SES167	1.4224	-40.5808	-42.0032
BLOCK16/SES167/SA167S21	SES167	1.60895	-39.7461	-41.3551
BLOCK16/SES167/SA167S25	SES167	1.58434	-40.8257	-42.41
BLOCK16/SES167/SA167S29	SES167	2.13543	-39.1983	-41.3337
BLOCK17/SES172/SA172S12	SES172	1.25928	-41.2691	-42.5283
BLOCK17/SES172/SA172S13	SES172	1.4687	-41.0937	-42.5624
BLOCK17/SES172/SA172S23	SES172	0.972652	-39.8581	-40.8308
BLOCK17/SES172/SA172S27	SES172	1.07964	-41.1781	-42.2577
BLOCK17/SES172/SA172S29	SES172	1.25777	-40.9792	-42.2369
BLOCK17/SES175/SA175S11	SES175	1.13651	-40.9627	-42.0992
BLOCK17/SES175/SA175S13	SES175	0.926231	-40.9365	-41.8627
BLOCK17/SES175/SA175S23	SES175	1.30688	-41.2091	-42.516
BLOCK17/SES175/SA175S25	SES175	0.492531	-42.9419	-43.4345
BLOCK17/SES175/SA175S28	SES175	1.15792	-40.8118	-41.9697
BLOCK17/SES177/SA177S15	SES177	-0.183674	-42.0218	-41.8381
BLOCK17/SES177/SA177S17	SES177	-0.130455	-41.9066	-41.7761
BLOCK17/SES177/SA177S23	SES177	-0.0540428	-42.1466	-42.0926
BLOCK17/SES177/SA177S26	SES177	0.419579	-40.1281	-40.5477
BLOCK17/SES177/SA177S28	SES177	0.296196	-40.8069	-41.1031
BLOCK18/SES180/SA180S13	SES180	0.65778	-41.4367	-42.0945
BLOCK18/SES180/SA180S15	SES180	0.447315	-41.8114	-42.2587
BLOCK18/SES180/SA180S24	SES180	0.864769	-40.2211	-41.0859
BLOCK18/SES180/SA180S26	SES180	0.938442	-40.9454	-41.8838
BLOCK18/SES180/SA180S29	SES180	0.779114	-41.4982	-42.2773
BLOCK18/SES183/SA183S13	SES183	1.01606	-41.7624	-42.7785
BLOCK18/SES183/SA183S14	SES183	0.410728	-42.2784	-42.6892
BLOCK18/SES183/SA183S24	SES183	1.27439	-41.7921	-43.0665
BLOCK18/SES183/SA183S27	SES183	1.03389	-41.7223	-42.7562
BLOCK18/SES183/SA183S29	SES183	0.988644	-41.1949	-42.1835
BLOCK18/SES187/SA187S13	SES187	0.460175	-42.3056	-42.7658
BLOCK18/SES187/SA187S14	SES187	0.541298	-42.3037	-42.845
BLOCK18/SES187/SA187S24	SES187	1.05206	-41.6411	-42.6932
BLOCK18/SES187/SA187S27	SES187	1.42441	-40.7817	-42.2061
BLOCK18/SES187/SA187S29	SES187	1.30033	-41.7425	-43.0428
BLOCK18/SES189/SA189S10	SES189	1.72486	-42.8325	-44.5574
BLOCK18/SES189/SA189S13	SES189	1.74751	-43.422	-45.1695
BLOCK18/SES189/SA189S24	SES189	1.79948	-42.3394	-44.1389
BLOCK18/SES189/SA189S26	SES189	1.5535	-42.0368	-43.5903
BLOCK18/SES189/SA189S29	SES189	2.11502	-42.0859	-44.201
BLOCK20/SES202/SA202S12	SES202	0.891575	-42.5581	-43.4496
BLOCK20/SES202/SA202S14	SES202	2.08941	-40.6733	-42.7627
BLOCK20/SES202/SA202S24	SES202	1.37033	-41.49	-42.8604
BLOCK20/SES202/SA202S27	SES202	1.34459	-40.3523	-41.6969
BLOCK20/SES202/SA202S29	SES202	1.55236	-40.2871	-41.8394
BLOCK20/SES206/SA206S15	SES206	-0.0281258	-41.2861	-41.258
BLOCK20/SES206/SA206S17	SES206	1.87245	-39.7013	-41.5738
BLOCK20/SES206/SA206S24	SES206	1.51342	-39.9326	-41.446
BLOCK20/SES206/SA206S27	SES206	1.63987	-40.7056	-42.3455
BLOCK20/SES206/SA206S29	SES206	1.5255	-39.7073	-41.2328
BLOCK22/SES226/SA226S12	SES226	1.25434	-41.613	-42.8673
BLOCK22/SES226/SA226S13	SES226	-0.466366	-42.932	-42.4656
BLOCK22/SES226/SA226S20	SES226	1.11036	-41.7632	-42.8735
BLOCK22/SES226/SA226S23	SES226	1.08335	-41.2694	-42.3527
BLOCK22/SES226/SA226S28	SES226	1.86129	-40.7061	-42.5674
BLOCK25/SES259/SA259S13	SES259	2.90425	-39.3915	-42.2958
BLOCK25/SES259/SA259S14	SES259	1.68394	-40.3092	-41.9931
BLOCK25/SES259/SA259S22	SES259	1.36865	-40.4416	-41.8102
BLOCK25/SES259/SA259S24	SES259	1.66854	-40.0505	-41.7191
BLOCK25/SES259/SA259S28	SES259	1.58557	-39.8253	-41.4109
BLOCK27/SES270/SA270S14	SES270	1.73547	-41.8609	-43.5964
BLOCK27/SES270/SA270S16	SES270	0.655712	-41.7735	-42.4292
BLOCK27/SES270/SA270S22	SES270	2.23095	-40.7649	-42.9958
BLOCK27/SES270/SA270S26	SES270	1.36144	-42.0478	-43.4092
BLOCK27/SES270/SA270S28	SES270	0.95628	-41.2156	-42.1719
BLOCK27/SES275/SA275S17	SES275	1.21792	-41.727	-42.9449
BLOCK27/SES275/SA275S18	SES275	0.223896	-41.8687	-42.0926
BLOCK27/SES275/SA275S24	SES275	0.561665	-43.0794	-43.641
BLOCK27/SES275/SA275S26	SES275	1.11697	-41.0878	-42.2047
BLOCK27/SES275/SA275S28	SES275	0.360996	-41.5784	-41.9394
BLOCK29/SES292/SA292S10	SES292	-0.249981	-42.4014	-42.1514
BLOCK29/SES292/SA292S12	SES292	-0.0680847	-42.8367	-42.7686
BLOCK29/SES292/SA292S22	SES292	0.565823	-41.1919	-41.7577
BLOCK29/SES292/SA292S24	SES292	0.284988	-41.4108	-41.6958
BLOCK29/SES292/SA292S27	SES292	0.290035	-41.0905	-41.3805
BLOCK00/SES001/SA001S14	SES062	-1.87962	-44.4528	-42.5731
BLOCK00/SES001/SA001S14	SES082	-2.52238	-45.0955	-42.5731
BLOCK00/SES001/SA001S14	SES106	-2.89877	-45.4719	-42.5731
BLOCK00/SES001/SA001S14	SES206	-2.96819	-45.5413	-42.5731
BLOCK00/SES001/SA001S15	SES062	-2.3962	-44.0982	-41.702
BLOCK00/SES001/SA001S15	SES104	-3.98108	-45.6831	-41.702
BLOCK00/SES001/SA001S15	SES106	-2.80261	-44.5046	-41.702
BLOCK00/SES001/SA001S15	SES206	-3.12307	-44.8251	-41.702
BLOCK00/SES001/SA001S24	SES062	-3.69712	-46.6449	-42.9477
BLOCK00/SES001/SA001S24	SES082	-2.39084	-45.3386	-42.9477
BLOCK00/SES001/SA001S24	SES087	-3.58142	-46.5292	-42.9477
BLOCK00/SES001/SA001S24	SES206	-2.26283	-45.2106	-42.9477
BLOCK00/SES001/SA001S27	SES062	-2.02287	-43.5177	-41.4948
BLOCK00/SES001/SA001S27	SES082	-2.30634	-43.8011	-41.4948
BLOCK00/SES001/SA001S27	SES087	-3.10855	-44.6033	-41.4948
BLOCK00/SES001/SA001S27	SES206	-3.39711	-44.8919	-41.4948
BLOCK00/SES001/SA001S29	SES062	-3.01723	-45.6083	-42.5911
BLOCK00/SES001/SA001S29	SES082	-1.86339	-44.4545	-42.5911
BLOCK00/SES001/SA001S29	SES158	-1.751	-44.3421	-42.5911
BLOCK00/SES001/SA001S29	SES206	-4.74557	-47.3367	-42.5911
BLOCK00/SES003/SA003S11	SES002	-1.34953	-44.0128	-42.6632
BLOCK00/SES003/SA003S11	SES019	-1.69412	-44.3574	-42.6632
BLOCK00/SES003/SA003S11	SES082	-0.328125	-42.9914	-42.6632
BLOCK00/SES003/SA003S11	SES125	-1.52861	-44.1919	-42.6632
BLOCK00/SES003/SA003S15	SES016	-2.80848	-45.02	-42.2115
BLOCK00/SES003/SA003S15	SES019	-1.6684	-43.8799	-42.2115
BLOCK00/SES003/SA003S15	SES062	-2.02715	-44.2387	-42.2115
BLOCK00/SES003/SA003S15	SES206	-1.72182	-43.9334	-42.2115
BLOCK00/SES003/SA003S22	SES002	-2.63305	-44.7236	-42.0905
BLOCK00/SES003/SA003S22	SES062	-2.08491	-44.1754	-42.0905
BLOCK00/SES003/SA003S22	SES082	-1.31774	-43.4083	-42.0905
BLOCK00/SES003/SA003S22	SES087	-2.75005	-44.8406	-42.0905
BLOCK00/SES003/SA003S25	SES062	-3.49211	-46.4192	-42.9271
BLOCK00/SES003/SA003S25	SES082	-0.940758	-43.8678	-42.9271
BLOCK00/SES003/SA003S25	SES087	-2.25813	-45.1852	-42.9271
BLOCK00/SES003/SA003S25	SES206	-2.33336	-45.2604	-42.9271
BLOCK00/SES003/SA003S29	SES002	-2.35958	-45.2339	-42.8743
BLOCK00/SES003/SA003S29	SES062	-2.6162	-45.4905	-42.8743
BLOCK00/SES003/SA003S29	SES082	-0.998558	-43.8729	-42.8743
BLOCK00/SES003/SA003S29	SES087	-3.02565	-45.9	-42.8743
BLOCK00/SES004/SA004S12	SES083	-2.31153	-44.4879	-42.1764
BLOCK00/SES004/SA004S12	SES148	-2.17189	-44.3483	-42.1764
BLOCK00/SES004/SA004S12	SES172	-1.80672	-43.9831	-42.1764
BLOCK00/SES004/SA004S12	SES292	-2.92212	-45.0985	-42.1764
BLOCK00/SES004/SA004S17	SES083	-2.31835	-44.9545	-42.6362
BLOCK00/SES004/SA004S17	SES162	-1.35374	-43.9899	-42.6362
BLOCK00/SES004/SA004S17	SES172	-2.6574	-45.2936	-42.6362
BLOCK00/SES004/SA004S17	SES292	-2.45808	-45.0943	-42.6362
BLOCK00/SES004/SA004S24	SES083	-2.37091	-44.1745	-41.8036
BLOCK00/SES004/SA004S24	SES148	-1.60454	-43.4081	-41.8036
BLOCK00/SES004/SA004S24	SES172	-1.33642	-43.14	-41.8036
BLOCK00/SES004/SA004S24	SES292	-1.84012	-43.6437	-41.8036
BLOCK00/SES004/SA004S26	SES083	-2.30961	-44.1862	-41.8766
BLOCK00/SES004/SA004S26	SES127	-1.51559	-43.3922	-41.8766
BLOCK00/SES004/SA004S26	SES148	-2.52915	-44.4057	-41.8766
BLOCK00/SES004/SA004S26	SES292	-2.45966	-44.3362	-41.8766
BLOCK00/SES004/SA004S28	SES083	-2.01733	-43.4825	-41.4651
BLOCK00/SES004/SA004S28	SES127	-0.885262	-42.3504	-41.4651
BLOCK00/SES004/SA004S28	SES187	-0.753201	-42.2183	-41.4651
BLOCK00/SES004/SA004S28	SES292	-2.87273	-44.3378	-41.4651
BLOCK00/SES006/SA006S10	SES014	-4.38575	-48.7837	-44.3979
BLOCK00/SES006/SA006S10	SES158	-1.6128	-46.0107	-44.3979
BLOCK00/SES006/SA006S10	SES226	-4.35983	-48.7578	-44.3979
BLOCK00/SES006/SA006S10	SES270	-0.984909	-45.3828	-44.3979
BLOCK00/SES006/SA006S11	SES158	-1.25533	-45.5779	-44.3225
BLOCK00/SES006/SA006S11	SES226	-3.22319	-47.5457	-44.3225
BLOCK00/SES006/SA006S11	SES270	-0.761478	-45.084	-44.3225
BLOCK00/SES006/SA006S11	SES275	-4.31474	-48.6373	-44.3225
BLOCK00/SES006/SA006S23	SES062	-2.65231	-46.0352	-43.3829
BLOCK00/SES006/SA006S23	SES105	-2.23068	-45.6135	-43.3829
BLOCK00/SES006/SA006S23	SES158	-1.20928	-44.5921	-43.3829
BLOCK00/SES006/SA006S23	SES275	-2.69172	-46.0746	-43.3829
BLOCK00/SES006/SA006S26	SES104	-2.83935	-45.9453	-43.1059
BLOCK00/SES006/SA006S26	SES158	-1.02354	-44.1295	-43.1059
BLOCK00/SES006/SA006S26	SES270	0.123104	-42.9828	-43.1059
BLOCK00/SES006/SA006S26	SES275	-3.70559	-46.8115	-43.1059
BLOCK00/SES006/SA006S28	SES007	-2.53482	-46.4408	-43.906
BLOCK00/SES006/SA006S28	SES105	-2.50253	-46.4085	-43.906
BLOCK00/SES006/SA006S28	SES158	-1.58829	-45.4943	-43.906
BLOCK00/SES006/SA006S28	SES275	-3.76892	-47.6749	-43.906
BLOCK00/SES009/SA009S12	SES083	-2.22038	-44.4612	-42.2408
BLOCK00/SES009/SA009S12	SES148	-1.63097	-43.8718	-42.2408
BLOCK00/SES009/SA009S12	SES177	-1.02459	-43.2654	-42.2408
BLOCK00/SES009/SA009S12	SES292	-1.25252	-43.4934	-42.2408
BLOCK00/SES009/SA009S15	SES007	-0.226555	-41.6108	-41.3843
BLOCK00/SES009/SA009S15	SES099	-9.54765	-50.9319	-41.3843
BLOCK00/SES009/SA009S15	SES148	-1.77692	-43.1612	-41.3843
BLOCK00/SES009/SA009S15	SES172	-1.39833	-42.7826	-41.3843
BLOCK00/SES009/SA009S24	SES146	-0.923275	-42.5114	-41.5882
BLOCK00/SES009/SA009S24	SES148	-1.35756	-42.9457	-41.5882
BLOCK00/SES009/SA009S24	SES177	-0.70459	-42.2928	-41.5882
BLOCK00/SES009/SA009S24	SES292	-1.24079	-42.829	-41.5882
BLOCK00/SES009/SA009S26	SES083	-2.34232	-44.3752	-42.0328
BLOCK00/SES009/SA009S26	SES101	-2.26908	-44.3019	-42.0328
BLOCK00/SES009/SA009S26	SES120	-1.21888	-43.2517	-42.0328
BLOCK00/SES009/SA009S26	SES177	-1.01272	-43.0456	-42.0328
BLOCK00/SES009/SA009S29	SES083	-2.00709	-43.5875	-41.5805
BLOCK00/SES009/SA009S29	SES101	-2.00238	-43.5828	-41.5805
BLOCK00/SES009/SA009S29	SES177	-0.914989	-42.4954	-41.5805
BLOCK00/SES009/SA009S29	SES292	-1.76519	-43.3456	-41.5805
BLOCK01/SES011/SA011S10	SES019	-1.94296	-44.6534	-42.7104
BLOCK01/SES011/SA011S10	SES042	-1.00251	-43.7129	-42.7104
BLOCK01/SES011/SA011S10	SES082	-2.46038	-45.1708	-42.7104
BLOCK01/SES011/SA011S10	SES206	-1.51664	-44.2271	-42.7104
BLOCK01/SES011/SA011S11	SES019	-1.29369	-44.4052	-43.1115
BLOCK01/SES011/SA011S11	SES042	-1.7465	-44.858	-43.1115
BLOCK01/SES011/SA011S11	SES082	-2.37664	-45.4881	-43.1115
BLOCK01/SES011/SA011S11	SES206	-0.920433	-44.0319	-43.1115
BLOCK01/SES011/SA011S22	SES019	-0.866886	-43.6774	-42.8105
BLOCK01/SES011/SA011S22	SES042	-1.14299	-43.9535	-42.8105
BLOCK01/SES011/SA011S22	SES082	-1.94876	-44.7593	-42.8105
BLOCK01/SES011/SA011S22	SES206	-0.963184	-43.7737	-42.8105
BLOCK01/SES011/SA011S24	SES019	-1.25674	-43.5676	-42.3109
BLOCK01/SES011/SA011S24	SES042	-0.750732	-43.0616	-42.3109
BLOCK01/SES011/SA011S24	SES104	-1.75917	-44.0701	-42.3109
BLOCK01/SES011/SA011S24	SES206	-0.423641	-42.7345	-42.3109
BLOCK01/SES011/SA011S27	SES082	-0.0298424	-42.0854	-42.0556
BLOCK01/SES011/SA011S27	SES087	-1.88306	-43.9386	-42.0556
BLOCK01/SES011/SA011S27	SES125	-1.12666	-43.1822	-42.0556
BLOCK01/SES011/SA011S27	SES206	-0.657658	-42.7132	-42.0556
BLOCK01/SES012/SA012S11	SES007	-1.67189	-42.9258	-41.2539
BLOCK01/SES012/SA012S11	SES082	-2.05666	-43.3106	-41.2539
BLOCK01/SES012/SA012S11	SES083	-3.15378	-44.4077	-41.2539
BLOCK01/SES012/SA012S11	SES206	-1.29833	-42.5522	-41.2539
BLOCK01/SES012/SA012S14	SES082	-1.50174	-43.5747	-42.0729
BLOCK01/SES012/SA012S14	SES087	-2.73088	-44.8038	-42.0729
BLOCK01/SES012/SA012S14	SES206	-1.33747	-43.4104	-42.0729
BLOCK01/SES012/SA012S14	SES292	-4.25739	-46.3303	-42.0729
BLOCK01/SES012/SA012S24	SES082	-0.289463	-43.363	-43.0735
BLOCK01/SES012/SA012S24	SES087	-2.24067	-45.3142	-43.0735
BLOCK01/SES012/SA012S24	SES120	-4.64032	-47.7138	-43.0735
BLOCK01/SES012/SA012S24	SES206	-1.43214	-44.5057	-43.0735
BLOCK01/SES012/SA012S26	SES019	-3.15747	-45.397	-42.2396
BLOCK01/SES012/SA012S26	SES082	-2.38087	-44.6204	-42.2396
BLOCK01/SES012/SA012S26	SES206	-0.63184	-42.8714	-42.2396
BLOCK01/SES012/SA012S26	SES292	-3.28747	-45.527	-42.2396
BLOCK01/SES012/SA012S29	SES062	-2.21458	-43.8156	-41.601
BLOCK01/SES012/SA012S29	SES082	-1.24398	-42.845	-41.601
BLOCK01/SES012/SA012S29	SES083	-3.10189	-44.7029	-41.601
BLOCK01/SES012/SA012S29	SES206	-1.67411	-43.2752	-41.601
BLOCK01/SES013/SA013S16	SES062	-4.57788	-46.7965	-42.2186
BLOCK01/SES013/SA013S16	SES106	-0.908821	-43.1274	-42.2186
BLOCK01/SES013/SA013S16	SES206	-1.50357	-43.7222	-42.2186
BLOCK01/SES013/SA013S16	SES226	-0.710556	-42.9292	-42.2186
BLOCK01/SES013/SA013S17	SES062	-3.98114	-45.6411	-41.66
BLOCK01/SES013/SA013S17	SES106	-1.31203	-42.972	-41.66
BLOCK01/SES013/SA013S17	SES206	-0.920444	-42.5804	-41.66
BLOCK01/SES013/SA013S17	SES226	0.0219612	-41.638	-41.66
BLOCK01/SES013/SA013S23	SES104	-1.4886	-43.9377	-42.4491
BLOCK01/SES013/SA013S23	SES106	-0.619022	-43.0681	-42.4491
BLOCK01/SES013/SA013S23	SES206	-1.1843	-43.6334	-42.4491
BLOCK01/SES013/SA013S23	SES270	-0.604031	-43.0531	-42.4491
BLOCK01/SES013/SA013S25	SES042	-2.00742	-43.9796	-41.9722
BLOCK01/SES013/SA013S25	SES104	-1.24432	-43.2165	-41.9722
BLOCK01/SES013/SA013S25	SES106	-0.504311	-42.4765	-41.9722
BLOCK01/SES013/SA013S25	SES206	-1.24315	-43.2153	-41.9722
BLOCK01/SES013/SA013S29	SES062	-4.76871	-47.1303	-42.3616
BLOCK01/SES013/SA013S29	SES104	-1.86029	-44.2219	-42.3616
BLOCK01/SES013/SA013S29	SES106	-0.313	-42.6746	-42.3616
BLOCK01/SES013/SA013S29	SES206	-1.98447	-44.3461	-42.3616
BLOCK02/SES021/SA021S13	SES016	-3.17205	-44.9502	-41.7781
BLOCK02/SES021/SA021S13	SES029	-2.65173	-44.4299	-41.7781
BLOCK02/SES021/SA021S13	SES087	-2.23424	-44.0124	-41.7781
BLOCK02/SES021/SA021S13	SES206	-1.15185	-42.93	-41.7781
BLOCK02/SES021/SA021S15	SES087	-1.89305	-42.5288	-40.6358
BLOCK02/SES021/SA021S15	SES125	-1.04377	-41.6796	-40.6358
BLOCK02/SES021/SA021S15	SES206	-0.716976	-41.3528	-40.6358
BLOCK02/SES021/SA021S15	SES226	-1.69761	-42.3334	-40.6358
BLOCK02/SES021/SA021S23	SES062	-3.56224	-46.3327	-42.7705
BLOCK02/SES021/SA021S23	SES087	-2.39098	-45.1614	-42.7705
BLOCK02/SES021/SA021S23	SES206	-2.09885	-44.8693	-42.7705
BLOCK02/SES021/SA021S23	SES226	-1.38052	-44.151	-42.7705
BLOCK02/SES021/SA021S27	SES002	-2.28223	-43.5399	-41.2577
BLOCK02/SES021/SA021S27	SES016	-3.89931	-45.157	-41.2577
BLOCK02/SES021/SA021S27	SES019	-2.51376	-43.7714	-41.2577
BLOCK02/SES021/SA021S27	SES062	-1.43427	-42.6919	-41.2577
BLOCK02/SES021/SA021S29	SES087	-2.27549	-43.5654	-41.2899
BLOCK02/SES021/SA021S29	SES125	-1.50789	-42.7978	-41.2899
BLOCK02/SES021/SA021S29	SES206	-1.35574	-42.6457	-41.2899
BLOCK02/SES021/SA021S29	SES226	-1.60572	-42.8957	-41.2899
BLOCK04/SES043/SA043S09	SES083	-2.47141	-45.6443	-43.1729
BLOCK04/SES043/SA043S09	SES101	-2.92391	-46.0968	-43.1729
BLOCK04/SES043/SA043S09	SES144	-0.740219	-43.9131	-43.1729
BLOCK04/SES043/SA043S09	SES172	-4.37375	-47.5466	-43.1729
BLOCK04/SES043/SA043S11	SES083	-1.16315	-43.1706	-42.0075
BLOCK04/SES043/SA043S11	SES101	-1.56101	-43.5685	-42.0075
BLOCK04/SES043/SA043S11	SES144	-0.892635	-42.9001	-42.0075
BLOCK04/SES043/SA043S11	SES172	-2.11666	-44.1241	-42.0075
BLOCK04/SES043/SA043S23	SES083	-0.821159	-43.1989	-42.3778
BLOCK04/SES043/SA043S23	SES144	-0.0537491	-42.4315	-42.3778
BLOCK04/SES043/SA043S23	SES177	-1.58659	-43.9643	-42.3778
BLOCK04/SES043/SA043S23	SES275	-0.952469	-43.3302	-42.3778
BLOCK04/SES043/SA043S26	SES083	-1.71063	-44.185	-42.4744
BLOCK04/SES043/SA043S26	SES101	-1.73404	-44.2084	-42.4744
BLOCK04/SES043/SA043S26	SES144	-0.455589	-42.93	-42.4744
BLOCK04/SES043/SA043S26	SES177	-1.69081	-44.1652	-42.4744
BLOCK04/SES043/SA043S28	SES016	-1.80848	-43.6604	-41.8519
BLOCK04/SES043/SA043S28	SES083	-1.17361	-43.0255	-41.8519
BLOCK04/SES043/SA043S28	SES101	-0.983429	-42.8353	-41.8519
BLOCK04/SES043/SA043S28	SES144	-0.778942	-42.6308	-41.8519
BLOCK04/SES044/SA044S10	SES127	-3.74068	-48.1044	-44.3637
BLOCK04/SES044/SA044S10	SES144	-0.824066	-45.1877	-44.3637
BLOCK04/SES044/SA044S10	SES147	-4.07418	-48.4379	-44.3637
BLOCK04/SES044/SA044S10	SES148	-3.32047	-47.6841	-44.3637
BLOCK04/SES044/SA044S11	SES101	-2.61546	-46.2807	-43.6652
BLOCK04/SES044/SA044S11	SES144	-0.107655	-43.7729	-43.6652
BLOCK04/SES044/SA044S11	SES147	-3.42561	-47.0908	-43.6652
BLOCK04/SES044/SA044S11	SES177	-2.47429	-46.1395	-43.6652
BLOCK04/SES044/SA044S24	SES007	-2.6599	-45.7748	-43.1149
BLOCK04/SES044/SA044S24	SES101	-1.67162	-44.7865	-43.1149
BLOCK04/SES044/SA044S24	SES147	-3.01191	-46.1268	-43.1149
BLOCK04/SES044/SA044S24	SES177	-1.88286	-44.9977	-43.1149
BLOCK04/SES044/SA044S26	SES007	-2.1438	-45.0971	-42.9533
BLOCK04/SES044/SA044S26	SES016	-0.967918	-43.9213	-42.9533
BLOCK04/SES044/SA044S26	SES101	-1.86133	-44.8147	-42.9533
BLOCK04/SES044/SA044S26	SES147	-1.67459	-44.6279	-42.9533
BLOCK04/SES044/SA044S29	SES007	-1.58134	-43.8111	-42.2297
BLOCK04/SES044/SA044S29	SES101	-1.68482	-43.9145	-42.2297
BLOCK04/SES044/SA044S29	SES147	-2.38911	-44.6188	-42.2297
BLOCK04/SES044/SA044S29	SES177	-2.26397	-44.4937	-42.2297
BLOCK04/SES046/SA046S13	SES101	-2.94418	-46.177	-43.2328
BLOCK04/SES046/SA046S13	SES144	-0.739384	-43.9722	-43.2328
BLOCK04/SES046/SA046S13	SES147	-3.77143	-47.0042	-43.2328
BLOCK04/SES046/SA046S13	SES177	-1.30375	-44.5366	-43.2328
BLOCK04/SES046/SA046S15	SES048	-2.29823	-43.832	-41.5337
BLOCK04/SES046/SA046S15	SES083	-1.49159	-43.0253	-41.5337
BLOCK04/SES046/SA046S15	SES120	-2.80521	-44.3389	-41.5337
BLOCK04/SES046/SA046S15	SES148	-1.49277	-43.0265	-41.5337
BLOCK04/SES046/SA046S22	SES101	-1.70354	-44.3326	-42.6291
BLOCK04/SES046/SA046S22	SES144	-1.60847	-44.2376	-42.6291
BLOCK04/SES046/SA046S22	SES147	-3.96221	-46.5913	-42.6291
BLOCK04/SES046/SA046S22	SES172	-1.78085	-44.4099	-42.6291
BLOCK04/SES046/SA046S25	SES083	-2.09133	-44.2627	-42.1714
BLOCK04/SES046/SA046S25	SES127	-1.70769	-43.8791	-42.1714
BLOCK04/SES046/SA046S25	SES144	-1.93721	-44.1086	-42.1714
BLOCK04/SES046/SA046S25	SES148	-0.806419	-42.9778	-42.1714
BLOCK04/SES046/SA046S28	SES007	-2.43993	-45.8713	-43.4314
BLOCK04/SES046/SA046S28	SES105	-2.31083	-45.7422	-43.4314
BLOCK04/SES046/SA046S28	SES147	-2.62988	-46.0612	-43.4314
BLOCK04/SES046/SA046S28	SES148	-1.61275	-45.0441	-43.4314
BLOCK04/SES049/SA049S16	SES104	-2.3214	-45.6707	-43.3493
BLOCK04/SES049/SA049S16	SES106	-1.45575	-44.805	-43.3493
BLOCK04/SES049/SA049S16	SES120	-3.62307	-46.9724	-43.3493
BLOCK04/SES049/SA049S16	SES206	-1.40952	-44.7588	-43.3493
BLOCK04/SES049/SA049S18	SES099	-0.125763	-44.6498	-44.524
BLOCK04/SES049/SA049S18	SES104	-2.48812	-47.0121	-44.524
BLOCK04/SES049/SA049S18	SES125	-2.73278	-47.2568	-44.524
BLOCK04/SES049/SA049S18	SES206	-2.34153	-46.8655	-44.524
BLOCK04/SES049/SA049S25	SES087	-1.04194	-44.4674	-43.4255
BLOCK04/SES049/SA049S25	SES104	-1.38124	-44.8067	-43.4255
BLOCK04/SES049/SA049S25	SES125	-1.76995	-45.1954	-43.4255
BLOCK04/SES049/SA049S25	SES206	-1.00232	-44.4278	-43.4255
BLOCK04/SES049/SA049S27	SES099	-0.999805	-43.5503	-42.5505
BLOCK04/SES049/SA049S27	SES104	-0.934303	-43.4848	-42.5505
BLOCK04/SES049/SA049S27	SES125	-1.98404	-44.5345	-42.5505
BLOCK04/SES049/SA049S27	SES206	-1.49328	-44.0438	-42.5505
BLOCK04/SES049/SA049S29	SES099	0.270981	-41.6033	-41.8743
BLOCK04/SES049/SA049S29	SES104	-0.351608	-42.2259	-41.8743
BLOCK04/SES049/SA049S29	SES125	-1.1233	-42.9976	-41.8743
BLOCK04/SES049/SA049S29	SES206	-0.626225	-42.5005	-41.8743
BLOCK06/SES063/SA063S09	SES068	-2.2728	-44.6	-42.3272
BLOCK06/SES063/SA063S09	SES083	-0.637386	-42.9646	-42.3272
BLOCK06/SES063/SA063S09	SES177	-1.32827	-43.6555	-42.3272
BLOCK06/SES063/SA063S09	SES187	-1.55492	-43.8822	-42.3272
BLOCK06/SES063/SA063S10	SES068	-2.998	-45.7605	-42.7625
BLOCK06/SES063/SA063S10	SES083	-0.984352	-43.7468	-42.7625
BLOCK06/SES063/SA063S10	SES172	-1.22524	-43.9877	-42.7625
BLOCK06/SES063/SA063S10	SES187	-1.23971	-44.0022	-42.7625
BLOCK06/SES063/SA063S20	SES068	-3.04826	-45.4067	-42.3584
BLOCK06/SES063/SA063S20	SES083	-1.54941	-43.9078	-42.3584
BLOCK06/SES063/SA063S20	SES172	-1.71625	-44.0747	-42.3584
BLOCK06/SES063/SA063S20	SES187	-0.881741	-43.2402	-42.3584
BLOCK06/SES063/SA063S24	SES029	-3.59443	-45.3205	-41.726
BLOCK06/SES063/SA063S24	SES083	-1.21241	-42.9384	-41.726
BLOCK06/SES063/SA063S24	SES177	-1.09755	-42.8236	-41.726
BLOCK06/SES063/SA063S24	SES189	-1.62209	-43.3481	-41.726
BLOCK06/SES063/SA063S27	SES083	-0.279774	-43.3186	-43.0389
BLOCK06/SES063/SA063S27	SES172	-0.684483	-43.7234	-43.0389
BLOCK06/SES063/SA063S27	SES187	-2.14289	-45.1818	-43.0389
BLOCK06/SES063/SA063S27	SES292	-2.24171	-45.2806	-43.0389
BLOCK06/SES067/SA067S12	SES083	-2.74849	-44.9997	-42.2513
BLOCK06/SES067/SA067S12	SES172	-2.93468	-45.1859	-42.2513
BLOCK06/SES067/SA067S12	SES202	-0.31414	-42.5654	-42.2513
BLOCK06/SES067/SA067S12	SES292	-1.82575	-44.077	-42.2513
BLOCK06/SES067/SA067S14	SES085	-1.68067	-43.4113	-41.7306
BLOCK06/SES067/SA067S14	SES177	-1.48987	-43.2205	-41.7306
BLOCK06/SES067/SA067S14	SES183	-1.7405	-43.4711	-41.7306
BLOCK06/SES067/SA067S14	SES202	-0.989456	-42.7201	-41.7306
BLOCK06/SES067/SA067S21	SES144	-1.42697	-44.3799	-42.953
BLOCK06/SES067/SA067S21	SES177	-1.42881	-44.3818	-42.953
BLOCK06/SES067/SA067S21	SES183	-3.07071	-46.0237	-42.953
BLOCK06/SES067/SA067S21	SES189	-0.716614	-43.6696	-42.953
BLOCK06/SES067/SA067S25	SES085	-1.83851	-44.2495	-42.411
BLOCK06/SES067/SA067S25	SES177	-1.58741	-43.9984	-42.411
BLOCK06/SES067/SA067S25	SES183	-1.70892	-44.1199	-42.411
BLOCK06/SES067/SA067S25	SES202	-1.10777	-43.5188	-42.411
BLOCK06/SES067/SA067S29	SES085	-1.21617	-43.5668	-42.3506
BLOCK06/SES067/SA067S29	SES177	-1.46083	-43.8114	-42.3506
BLOCK06/SES067/SA067S29	SES183	-1.83643	-44.187	-42.3506
BLOCK06/SES067/SA067S29	SES202	-0.439896	-42.7905	-42.3506
BLOCK06/SES069/SA069S12	SES029	-2.60671	-44.5858	-41.9791
BLOCK06/SES069/SA069S12	SES082	-0.849598	-42.8287	-41.9791
BLOCK06/SES069/SA069S12	SES087	-2.53795	-44.517	-41.9791
BLOCK06/SES069/SA069S12	SES206	-2.06227	-44.0413	-41.9791
BLOCK06/SES069/SA069S13	SES029	-3.19097	-45.1062	-41.9152
BLOCK06/SES069/SA069S13	SES087	-3.22051	-45.1357	-41.9152
BLOCK06/SES069/SA069S13	SES206	-2.78579	-44.701	-41.9152
BLOCK06/SES069/SA069S13	SES226	-2.06771	-43.9829	-41.9152
BLOCK06/SES069/SA069S23	SES029	-1.84108	-42.4873	-40.6462
BLOCK06/SES069/SA069S23	SES087	-3.20436	-43.8506	-40.6462
BLOCK06/SES069/SA069S23	SES206	-2.58091	-43.2271	-40.6462
BLOCK06/SES069/SA069S23	SES226	-1.82776	-42.474	-40.6462
BLOCK06/SES069/SA069S25	SES087	-2.4942	-43.58	-41.0858
BLOCK06/SES069/SA069S25	SES206	-2.71082	-43.7966	-41.0858
BLOCK06/SES069/SA069S25	SES226	-1.65445	-42.7403	-41.0858
BLOCK06/SES069/SA069S25	SES270	-1.64227	-42.7281	-41.0858
BLOCK06/SES069/SA069S27	SES087	-2.64952	-44.0012	-41.3516
BLOCK06/SES069/SA069S27	SES206	-1.26131	-42.613	-41.3516
BLOCK06/SES069/SA069S27	SES226	-0.695927	-42.0476	-41.3516
BLOCK06/SES069/SA069S27	SES270	-1.22478	-42.5764	-41.3516
BLOCK08/SES081/SA081S11	SES060	-1.50375	-43.516	-42.0122
BLOCK08/SES081/SA081S11	SES062	-2.59586	-44.6081	-42.0122
BLOCK08/SES081/SA081S11	SES117	-2.80779	-44.82	-42.0122
BLOCK08/SES081/SA081S11	SES162	-2.35214	-44.3644	-42.0122
BLOCK08/SES081/SA081S13	SES016	-1.66916	-42.9565	-41.2873
BLOCK08/SES081/SA081S13	SES060	-0.706741	-41.994	-41.2873
BLOCK08/SES081/SA081S13	SES068	-0.988239	-42.2755	-41.2873
BLOCK08/SES081/SA081S13	SES129	-1.90411	-43.1914	-41.2873
BLOCK08/SES081/SA081S24	SES060	-1.0221	-42.582	-41.5599
BLOCK08/SES081/SA081S24	SES068	-0.844849	-42.4048	-41.5599
BLOCK08/SES081/SA081S24	SES117	-2.18927	-43.7492	-41.5599
BLOCK08/SES081/SA081S24	SES275	-1.59076	-43.1507	-41.5599
BLOCK08/SES081/SA081S27	SES007	-1.28226	-43.2753	-41.993
BLOCK08/SES081/SA081S27	SES060	-1.69125	-43.6843	-41.993
BLOCK08/SES081/SA081S27	SES117	-1.37949	-43.3725	-41.993
BLOCK08/SES081/SA081S27	SES275	-1.4303	-43.4233	-41.993
BLOCK08/SES081/SA081S29	SES007	-1.48879	-42.907	-41.4182
BLOCK08/SES081/SA081S29	SES060	-1.30656	-42.7248	-41.4182
BLOCK08/SES081/SA081S29	SES117	-2.19472	-43.613	-41.4182
BLOCK08/SES081/SA081S29	SES275	-1.88644	-43.3047	-41.4182
BLOCK08/SES086/SA086S11	SES029	-5.34059	-49.3857	-44.0452
BLOCK08/SES086/SA086S11	SES082	-1.92327	-45.9684	-44.0452
BLOCK08/SES086/SA086S11	SES087	-1.10835	-45.1535	-44.0452
BLOCK08/SES086/SA086S11	SES206	-2.24874	-46.2939	-44.0452
BLOCK08/SES086/SA086S12	SES029	-5.5819	-48.8449	-43.263
BLOCK08/SES086/SA086S12	SES082	-2.10425	-45.3673	-43.263
BLOCK08/SES086/SA086S12	SES087	-0.169167	-43.4322	-43.263
BLOCK08/SES086/SA086S12	SES206	-1.44952	-44.7126	-43.263
BLOCK08/SES086/SA086S20	SES029	-4.56277	-46.5112	-41.9484
BLOCK08/SES086/SA086S20	SES082	-1.70616	-43.6546	-41.9484
BLOCK08/SES086/SA086S20	SES087	0.349289	-41.5991	-41.9484
BLOCK08/SES086/SA086S20	SES206	-0.338772	-42.2872	-41.9484
BLOCK08/SES086/SA086S24	SES087	-0.405262	-43.5187	-43.1135
BLOCK08/SES086/SA086S24	SES104	-2.02763	-45.1411	-43.1135
BLOCK08/SES086/SA086S24	SES120	-4.72506	-47.8385	-43.1135
BLOCK08/SES086/SA086S24	SES206	-0.493687	-43.6072	-43.1135
BLOCK08/SES086/SA086S28	SES029	-3.62651	-45.6985	-42.072
BLOCK08/SES086/SA086S28	SES082	-2.13054	-44.2025	-42.072
BLOCK08/SES086/SA086S28	SES087	-0.248035	-42.32	-42.072
BLOCK08/SES086/SA086S28	SES206	-0.969719	-43.0417	-42.072
BLOCK08/SES089/SA089S13	SES087	-2.9885	-45.6658	-42.6773
BLOCK08/SES089/SA089S13	SES206	-2.5789	-45.2562	-42.6773
BLOCK08/SES089/SA089S13	SES226	-2.2613	-44.9386	-42.6773
BLOCK08/SES089/SA089S13	SES270	-2.97341	-45.6507	-42.6773
BLOCK08/SES089/SA089S14	SES062	-2.3856	-44.8947	-42.5091
BLOCK08/SES089/SA089S14	SES087	-1.19138	-43.7005	-42.5091
BLOCK08/SES089/SA089S14	SES206	-1.57765	-44.0868	-42.5091
BLOCK08/SES089/SA089S14	SES226	-0.990498	-43.4996	-42.5091
BLOCK08/SES089/SA089S23	SES087	-1.96333	-45.1526	-43.1893
BLOCK08/SES089/SA089S23	SES206	-1.54375	-44.733	-43.1893
BLOCK08/SES089/SA089S23	SES226	-1.75724	-44.9465	-43.1893
BLOCK08/SES089/SA089S23	SES270	-2.83991	-46.0292	-43.1893
BLOCK08/SES089/SA089S25	SES062	-3.75089	-46.1626	-42.4117
BLOCK08/SES089/SA089S25	SES087	-1.40711	-43.8188	-42.4117
BLOCK08/SES089/SA089S25	SES206	-1.69133	-44.103	-42.4117
BLOCK08/SES089/SA089S25	SES226	-1.2757	-43.6874	-42.4117
BLOCK08/SES089/SA089S28	SES062	-2.74368	-45.131	-42.3873
BLOCK08/SES089/SA089S28	SES087	-1.45774	-43.845	-42.3873
BLOCK08/SES089/SA089S28	SES206	-1.22313	-43.6104	-42.3873
BLOCK08/SES089/SA089S28	SES226	-1.35489	-43.7422	-42.3873
BLOCK09/SES097/SA097S11	SES099	-0.10915	-43.1101	-43.001
BLOCK09/SES097/SA097S11	SES125	-2.27477	-45.2757	-43.001
BLOCK09/SES097/SA097S11	SES206	-1.93079	-44.9318	-43.001
BLOCK09/SES097/SA097S11	SES226	-1.11452	-44.1155	-43.001
BLOCK09/SES097/SA097S14	SES062	-3.27465	-46.123	-42.8484
BLOCK09/SES097/SA097S14	SES099	-0.825001	-43.6734	-42.8484
BLOCK09/SES097/SA097S14	SES104	-1.72275	-44.5711	-42.8484
BLOCK09/SES097/SA097S14	SES206	-1.98348	-44.8318	-42.8484
BLOCK09/SES097/SA097S22	SES099	0.36993	-42.733	-43.1029
BLOCK09/SES097/SA097S22	SES206	-1.52221	-44.6251	-43.1029
BLOCK09/SES097/SA097S22	SES226	-1.5328	-44.6357	-43.1029
BLOCK09/SES097/SA097S22	SES270	0.40527	-42.6976	-43.1029
BLOCK09/SES097/SA097S26	SES099	-0.228619	-42.8414	-42.6127
BLOCK09/SES097/SA097S26	SES120	-3.59974	-46.2125	-42.6127
BLOCK09/SES097/SA097S26	SES206	-1.16619	-43.7789	-42.6127
BLOCK09/SES097/SA097S26	SES226	-2.08893	-44.7017	-42.6127
BLOCK09/SES097/SA097S28	SES099	-0.884693	-43.7211	-42.8364
BLOCK09/SES097/SA097S28	SES120	-2.82595	-45.6623	-42.8364
BLOCK09/SES097/SA097S28	SES206	-2.23025	-45.0666	-42.8364
BLOCK09/SES097/SA097S28	SES226	-2.4173	-45.2537	-42.8364
BLOCK09/SES098/SA098S11	SES127	-2.87796	-46.3119	-43.4339
BLOCK09/SES098/SA098S11	SES144	-1.36165	-44.7955	-43.4339
BLOCK09/SES098/SA098S11	SES147	-1.47029	-44.9042	-43.4339
BLOCK09/SES098/SA098S11	SES148	-2.64362	-46.0775	-43.4339
BLOCK09/SES098/SA098S12	SES127	-4.07621	-48.8397	-44.7635
BLOCK09/SES098/SA098S12	SES144	-2.36294	-47.1265	-44.7635
BLOCK09/SES098/SA098S12	SES147	-3.00388	-47.7674	-44.7635
BLOCK09/SES098/SA098S12	SES189	-1.20068	-45.9642	-44.7635
BLOCK09/SES098/SA098S20	SES127	-4.02521	-47.8118	-43.7866
BLOCK09/SES098/SA098S20	SES147	-2.86847	-46.6551	-43.7866
BLOCK09/SES098/SA098S20	SES148	-3.04102	-46.8276	-43.7866
BLOCK09/SES098/SA098S20	SES292	-5.24502	-49.0316	-43.7866
BLOCK09/SES098/SA098S23	SES127	-2.52932	-46.0205	-43.4912
BLOCK09/SES098/SA098S23	SES147	-1.92149	-45.4127	-43.4912
BLOCK09/SES098/SA098S23	SES187	-0.887379	-44.3786	-43.4912
BLOCK09/SES098/SA098S23	SES292	-1.86401	-45.3552	-43.4912
BLOCK09/SES098/SA098S27	SES127	-2.84464	-46.5264	-43.6817
BLOCK09/SES098/SA098S27	SES147	-3.09089	-46.7726	-43.6817
BLOCK09/SES098/SA098S27	SES148	-2.92449	-46.6062	-43.6817
BLOCK09/SES098/SA098S27	SES292	-3.49901	-47.1807	-43.6817
BLOCK10/SES102/SA102S13	SES101	-0.570518	-44.1739	-43.6034
BLOCK10/SES102/SA102S13	SES105	-1.66333	-45.2667	-43.6034
BLOCK10/SES102/SA102S13	SES120	-1.63107	-45.2345	-43.6034
BLOCK10/SES102/SA102S13	SES158	-5.7579	-49.3613	-43.6034
BLOCK10/SES102/SA102S14	SES007	-0.402382	-41.9952	-41.5928
BLOCK10/SES102/SA102S14	SES101	-0.801216	-42.3941	-41.5928
BLOCK10/SES102/SA102S14	SES105	-0.927216	-42.5201	-41.5928
BLOCK10/SES102/SA102S14	SES147	-2.52103	-44.1139	-41.5928
BLOCK10/SES102/SA102S22	SES007	-1.49479	-43.5932	-42.0984
BLOCK10/SES102/SA102S22	SES101	-0.481186	-42.5796	-42.0984
BLOCK10/SES102/SA102S22	SES105	-0.825268	-42.9236	-42.0984
BLOCK10/SES102/SA102S22	SES158	-4.05044	-46.1488	-42.0984
BLOCK10/SES102/SA102S25	SES007	-1.11515	-43.3261	-42.2109
BLOCK10/SES102/SA102S25	SES101	-0.47139	-42.6823	-42.2109
BLOCK10/SES102/SA102S25	SES105	-1.29153	-43.5024	-42.2109
BLOCK10/SES102/SA102S25	SES147	-2.71762	-44.9285	-42.2109
BLOCK10/SES102/SA102S27	SES007	-1.35914	-43.955	-42.5958
BLOCK10/SES102/SA102S27	SES101	-0.849335	-43.4452	-42.5958
BLOCK10/SES102/SA102S27	SES105	-1.3326	-43.9284	-42.5958
BLOCK10/SES102/SA102S27	SES147	-2.15521	-44.751	-42.5958
BLOCK10/SES103/SA103S14	SES105	-2.56868	-46.4911	-43.9224
BLOCK10/SES103/SA103S14	SES106	-0.868618	-44.791	-43.9224
BLOCK10/SES103/SA103S14	SES120	-4.17549	-48.0979	-43.9224
BLOCK10/SES103/SA103S14	SES206	-2.0581	-45.9805	-43.9224
BLOCK10/SES103/SA103S15	SES099	-0.671307	-45.2771	-44.6058
BLOCK10/SES103/SA103S15	SES101	-4.78597	-49.3918	-44.6058
BLOCK10/SES103/SA103S15	SES104	-1.46279	-46.0686	-44.6058
BLOCK10/SES103/SA103S15	SES125	-1.73372	-46.3395	-44.6058
BLOCK10/SES103/SA103S24	SES104	-1.58722	-44.8032	-43.216
BLOCK10/SES103/SA103S24	SES125	-1.79272	-45.0087	-43.216
BLOCK10/SES103/SA103S24	SES148	-4.46055	-47.6766	-43.216
BLOCK10/SES103/SA103S24	SES158	-0.859306	-44.0753	-43.216
BLOCK10/SES103/SA103S26	SES104	-2.01525	-45.7134	-43.6982
BLOCK10/SES103/SA103S26	SES106	-1.01589	-44.7141	-43.6982
BLOCK10/SES103/SA103S26	SES125	-1.99818	-45.6964	-43.6982
BLOCK10/SES103/SA103S26	SES148	-4.89294	-48.5911	-43.6982
BLOCK10/SES103/SA103S28	SES104	-2.48383	-46.3082	-43.8244
BLOCK10/SES103/SA103S28	SES106	-1.83883	-45.6632	-43.8244
BLOCK10/SES103/SA103S28	SES125	-2.58684	-46.4112	-43.8244
BLOCK10/SES103/SA103S28	SES206	-3.3086	-47.133	-43.8244
BLOCK12/SES121/SA121S12	SES042	-2.33934	-46.9079	-44.5686
BLOCK12/SES121/SA121S12	SES087	-2.29721	-46.8658	-44.5686
BLOCK12/SES121/SA121S12	SES105	-1.57695	-46.1455	-44.5686
BLOCK12/SES121/SA121S12	SES206	-1.71217	-46.2807	-44.5686
BLOCK12/SES121/SA121S14	SES007	-3.42949	-48.5303	-45.1008
BLOCK12/SES121/SA121S14	SES105	-2.79485	-47.8957	-45.1008
BLOCK12/SES121/SA121S14	SES106	-1.63168	-46.7325	-45.1008
BLOCK12/SES121/SA121S14	SES206	-2.05799	-47.1588	-45.1008
BLOCK12/SES121/SA121S23	SES105	-2.76606	-48.0116	-45.2456
BLOCK12/SES121/SA121S23	SES106	-1.17391	-46.4195	-45.2456
BLOCK12/SES121/SA121S23	SES120	-3.84313	-49.0887	-45.2456
BLOCK12/SES121/SA121S23	SES206	-1.46966	-46.7152	-45.2456
BLOCK12/SES121/SA121S25	SES007	-3.059	-48.9174	-45.8584
BLOCK12/SES121/SA121S25	SES105	-3.30309	-49.1615	-45.8584
BLOCK12/SES121/SA121S25	SES106	-1.56811	-47.4265	-45.8584
BLOCK12/SES121/SA121S25	SES206	-2.0957	-47.9541	-45.8584
BLOCK12/SES121/SA121S27	SES087	-1.14015	-45.5003	-44.3601
BLOCK12/SES121/SA121S27	SES105	-4.56024	-48.9204	-44.3601
BLOCK12/SES121/SA121S27	SES120	-3.75703	-48.1171	-44.3601
BLOCK12/SES121/SA121S27	SES206	-1.58733	-45.9474	-44.3601
BLOCK12/SES124/SA124S16	SES042	-1.00229	-43.1948	-42.1926
BLOCK12/SES124/SA124S16	SES082	-0.780407	-42.973	-42.1926
BLOCK12/SES124/SA124S16	SES183	-4.2371	-46.4296	-42.1926
BLOCK12/SES124/SA124S16	SES206	-1.24852	-43.4411	-42.1926
BLOCK12/SES124/SA124S17	SES105	-3.3633	-46.6683	-43.305
BLOCK12/SES124/SA124S17	SES149	-3.10179	-46.4068	-43.305
BLOCK12/SES124/SA124S17	SES158	-2.98702	-46.292	-43.305
BLOCK12/SES124/SA124S17	SES275	-4.74101	-48.046	-43.305
BLOCK12/SES124/SA124S23	SES105	-2.99698	-43.9362	-40.9392
BLOCK12/SES124/SA124S23	SES125	-0.226616	-41.1658	-40.9392
BLOCK12/SES124/SA124S23	SES129	-4.45159	-45.3908	-40.9392
BLOCK12/SES124/SA124S23	SES158	-0.925201	-41.8644	-40.9392
BLOCK12/SES124/SA124S26	SES105	-3.94889	-45.8178	-41.8689
BLOCK12/SES124/SA124S26	SES125	-0.457546	-42.3265	-41.8689
BLOCK12/SES124/SA124S26	SES129	-5.33963	-47.2086	-41.8689
BLOCK12/SES124/SA124S26	SES158	-1.34068	-43.2096	-41.8689
BLOCK12/SES124/SA124S28	SES104	-0.991955	-42.6648	-41.6728
BLOCK12/SES124/SA124S28	SES106	-0.711517	-42.3843	-41.6728
BLOCK12/SES124/SA124S28	SES125	-0.433296	-42.1061	-41.6728
BLOCK12/SES124/SA124S28	SES275	-4.50749	-46.1803	-41.6728
BLOCK12/SES126/SA126S13	SES007	-2.33656	-46.265	-43.9284
BLOCK12/SES126/SA126S13	SES162	-2.52896	-46.4574	-43.9284
BLOCK12/SES126/SA126S13	SES177	-2.10046	-46.0289	-43.9284
BLOCK12/SES126/SA126S13	SES180	-2.51498	-46.4434	-43.9284
BLOCK12/SES126/SA126S14	SES144	-0.953453	-43.2441	-42.2907
BLOCK12/SES126/SA126S14	SES148	-1.74352	-44.0342	-42.2907
BLOCK12/SES126/SA126S14	SES177	-0.49258	-42.7833	-42.2907
BLOCK12/SES126/SA126S14	SES180	-1.72612	-44.0168	-42.2907
BLOCK12/SES126/SA126S20	SES007	-2.2603	-44.8975	-42.6372
BLOCK12/SES126/SA126S20	SES162	-2.56755	-45.2047	-42.6372
BLOCK12/SES126/SA126S20	SES172	-4.42006	-47.0572	-42.6372
BLOCK12/SES126/SA126S20	SES180	-3.21176	-45.8489	-42.6372
BLOCK12/SES126/SA126S24	SES120	-1.69273	-43.8652	-42.1724
BLOCK12/SES126/SA126S24	SES162	-2.39602	-44.5684	-42.1724
BLOCK12/SES126/SA126S24	SES177	-1.34556	-43.518	-42.1724
BLOCK12/SES126/SA126S24	SES180	-1.53318	-43.7056	-42.1724
BLOCK12/SES126/SA126S26	SES120	-1.22662	-44.4677	-43.2411
BLOCK12/SES126/SA126S26	SES177	-1.68536	-44.9265	-43.2411
BLOCK12/SES126/SA126S26	SES180	-1.48162	-44.7227	-43.2411
BLOCK12/SES126/SA126S26	SES202	-1.87361	-45.1147	-43.2411
BLOCK12/SES128/SA128S10	SES087	-2.98176	-45.3506	-42.3689
BLOCK12/SES128/SA128S10	SES206	-2.23774	-44.6066	-42.3689
BLOCK12/SES128/SA128S10	SES226	-1.27444	-43.6433	-42.3689
BLOCK12/SES128/SA128S10	SES270	-1.1471	-43.516	-42.3689
BLOCK12/SES128/SA128S12	SES120	-2.91712	-45.3879	-42.4708
BLOCK12/SES128/SA128S12	SES158	-1.65458	-44.1254	-42.4708
BLOCK12/SES128/SA128S12	SES206	-1.39293	-43.8637	-42.4708
BLOCK12/SES128/SA128S12	SES226	-1.81623	-44.287	-42.4708
BLOCK12/SES128/SA128S21	SES106	-3.83163	-47.5196	-43.6879
BLOCK12/SES128/SA128S21	SES120	-2.37799	-46.0659	-43.6879
BLOCK12/SES128/SA128S21	SES206	-4.47373	-48.1617	-43.6879
BLOCK12/SES128/SA128S21	SES226	-3.33692	-47.0248	-43.6879
BLOCK12/SES128/SA128S24	SES087	-3.67397	-46.7922	-43.1182
BLOCK12/SES128/SA128S24	SES120	-1.48794	-44.6062	-43.1182
BLOCK12/SES128/SA128S24	SES206	-2.80031	-45.9185	-43.1182
BLOCK12/SES128/SA128S24	SES226	-2.41827	-45.5365	-43.1182
BLOCK12/SES128/SA128S27	SES099	-1.53897	-43.8869	-42.3479
BLOCK12/SES128/SA128S27	SES120	-1.64455	-43.9925	-42.3479
BLOCK12/SES128/SA128S27	SES206	-1.97225	-44.3202	-42.3479
BLOCK12/SES128/SA128S27	SES226	-1.33472	-43.6826	-42.3479
BLOCK13/SES130/SA130S13	SES143	-2.33554	-46.5079	-44.1724
BLOCK13/SES130/SA130S13	SES144	-0.473015	-44.6454	-44.1724
BLOCK13/SES130/SA130S13	SES146	-0.908367	-45.0807	-44.1724
BLOCK13/SES130/SA130S13	SES275	-3.72318	-47.8955	-44.1724
BLOCK13/SES130/SA130S15	SES143	-2.16257	-44.7363	-42.5737
BLOCK13/SES130/SA130S15	SES144	-0.906857	-43.4806	-42.5737
BLOCK13/SES130/SA130S15	SES146	-0.910862	-43.4846	-42.5737
BLOCK13/SES130/SA130S15	SES275	-1.91181	-44.4855	-42.5737
BLOCK13/SES130/SA130S23	SES127	-2.68082	-46.7709	-44.09
BLOCK13/SES130/SA130S23	SES144	-1.99574	-46.0858	-44.09
BLOCK13/SES130/SA130S23	SES146	-1.1092	-45.1993	-44.09
BLOCK13/SES130/SA130S23	SES162	-1.56045	-45.6505	-44.09
BLOCK13/SES130/SA130S25	SES127	-1.8958	-44.3638	-42.468
BLOCK13/SES130/SA130S25	SES144	-0.791882	-43.2599	-42.468
BLOCK13/SES130/SA130S25	SES146	-1.23383	-43.7019	-42.468
BLOCK13/SES130/SA130S25	SES275	-1.32219	-43.7902	-42.468
BLOCK13/SES130/SA130S28	SES127	-1.42758	-44.0565	-42.6289
BLOCK13/SES130/SA130S28	SES144	-1.07939	-43.7083	-42.6289
BLOCK13/SES130/SA130S28	SES146	-1.06517	-43.6941	-42.6289
BLOCK13/SES130/SA130S28	SES275	-0.959499	-43.5884	-42.6289
BLOCK13/SES131/SA131S13	SES002	-2.68565	-47.4598	-44.7742
BLOCK13/SES131/SA131S13	SES007	-4.26662	-49.0408	-44.7742
BLOCK13/SES131/SA131S13	SES099	-1.73002	-46.5042	-44.7742
BLOCK13/SES131/SA131S13	SES105	-2.76497	-47.5392	-44.7742
BLOCK13/SES131/SA131S14	SES104	-1.03947	-44.0814	-43.042
BLOCK13/SES131/SA131S14	SES106	-0.758064	-43.8	-43.042
BLOCK13/SES131/SA131S14	SES125	-2.0477	-45.0897	-43.042
BLOCK13/SES131/SA131S14	SES148	-3.19861	-46.2406	-43.042
BLOCK13/SES131/SA131S20	SES104	-2.07789	-46.2219	-44.144
BLOCK13/SES131/SA131S20	SES106	-0.481102	-44.6251	-44.144
BLOCK13/SES131/SA131S20	SES125	-2.2087	-46.3527	-44.144
BLOCK13/SES131/SA131S20	SES148	-5.61689	-49.7609	-44.144
BLOCK13/SES131/SA131S22	SES099	-0.953712	-44.3535	-43.3998
BLOCK13/SES131/SA131S22	SES104	-1.81672	-45.2165	-43.3998
BLOCK13/SES131/SA131S22	SES125	-1.75871	-45.1585	-43.3998
BLOCK13/SES131/SA131S22	SES206	-2.13535	-45.5351	-43.3998
BLOCK13/SES131/SA131S29	SES087	-1.72123	-45.7957	-44.0745
BLOCK13/SES131/SA131S29	SES104	-2.45541	-46.5299	-44.0745
BLOCK13/SES131/SA131S29	SES125	-2.60339	-46.6779	-44.0745
BLOCK13/SES131/SA131S29	SES206	-2.0192	-46.0937	-44.0745
BLOCK13/SES132/SA132S11	SES083	-3.25554	-45.3985	-42.1429
BLOCK13/SES132/SA132S11	SES120	-0.479813	-42.6228	-42.1429
BLOCK13/SES132/SA132S11	SES127	-1.79882	-43.9418	-42.1429
BLOCK13/SES132/SA132S11	SES275	-0.980686	-43.1236	-42.1429
BLOCK13/SES132/SA132S12	SES083	-2.27232	-44.1848	-41.9125
BLOCK13/SES132/SA132S12	SES143	-1.4724	-43.3849	-41.9125
BLOCK13/SES132/SA132S12	SES144	-1.41029	-43.3228	-41.9125
BLOCK13/SES132/SA132S12	SES148	-1.09104	-43.0036	-41.9125
BLOCK13/SES132/SA132S22	SES062	-0.485313	-42.4962	-42.0108
BLOCK13/SES132/SA132S22	SES083	-1.69572	-43.7066	-42.0108
BLOCK13/SES132/SA132S22	SES127	-1.56866	-43.5795	-42.0108
BLOCK13/SES132/SA132S22	SES275	-0.779865	-42.7907	-42.0108
BLOCK13/SES132/SA132S24	SES007	-0.558777	-42.2728	-41.714
BLOCK13/SES132/SA132S24	SES083	-2.25678	-43.9708	-41.714
BLOCK13/SES132/SA132S24	SES127	-2.1799	-43.8939	-41.714
BLOCK13/SES132/SA132S24	SES275	-0.875645	-42.5897	-41.714
BLOCK13/SES132/SA132S27	SES083	-2.82521	-45.152	-42.3268
BLOCK13/SES132/SA132S27	SES120	-0.43478	-42.7616	-42.3268
BLOCK13/SES132/SA132S27	SES127	-2.4595	-44.7863	-42.3268
BLOCK13/SES132/SA132S27	SES275	-1.86425	-44.1911	-42.3268
BLOCK14/SES141/SA141S09	SES143	-1.6344	-44.0112	-42.3768
BLOCK14/SES141/SA141S09	SES144	-1.16865	-43.5455	-42.3768
BLOCK14/SES141/SA141S09	SES162	-1.74467	-44.1215	-42.3768
BLOCK14/SES141/SA141S09	SES180	-1.57518	-43.952	-42.3768
BLOCK14/SES141/SA141S15	SES127	-1.34526	-43.6344	-42.2891
BLOCK14/SES141/SA141S15	SES144	-1.22933	-43.5184	-42.2891
BLOCK14/SES141/SA141S15	SES162	-1.42545	-43.7146	-42.2891
BLOCK14/SES141/SA141S15	SES180	-1.02642	-43.3155	-42.2891
BLOCK14/SES141/SA141S24	SES127	-0.946732	-42.868	-41.9213
BLOCK14/SES141/SA141S24	SES144	-1.25513	-43.1764	-41.9213
BLOCK14/SES141/SA141S24	SES162	-1.52402	-43.4453	-41.9213
BLOCK14/SES141/SA141S24	SES183	-2.19094	-44.1122	-41.9213
BLOCK14/SES141/SA141S26	SES142	-1.94349	-44.7854	-42.8419
BLOCK14/SES141/SA141S26	SES144	-1.20104	-44.0429	-42.8419
BLOCK14/SES141/SA141S26	SES172	-2.33912	-45.181	-42.8419
BLOCK14/SES141/SA141S26	SES180	-1.60493	-44.4468	-42.8419
BLOCK14/SES141/SA141S29	SES127	-0.436501	-42.4215	-41.985
BLOCK14/SES141/SA141S29	SES142	-0.775936	-42.761	-41.985
BLOCK14/SES141/SA141S29	SES144	-1.05864	-43.0437	-41.985
BLOCK14/SES141/SA141S29	SES180	-0.866116	-42.8511	-41.985
BLOCK15/SES157/SA157S08	SES083	-3.50728	-46.2558	-42.7485
BLOCK15/SES157/SA157S08	SES127	-1.63292	-44.3814	-42.7485
BLOCK15/SES157/SA157S08	SES148	-1.73342	-44.4819	-42.7485
BLOCK15/SES157/SA157S08	SES292	-2.69086	-45.4394	-42.7485
BLOCK15/SES157/SA157S11	SES083	-2.69366	-45.463	-42.7694
BLOCK15/SES157/SA157S11	SES127	-1.97887	-44.7482	-42.7694
BLOCK15/SES157/SA157S11	SES148	-1.39235	-44.1617	-42.7694
BLOCK15/SES157/SA157S11	SES292	-2.43867	-45.208	-42.7694
BLOCK15/SES157/SA157S21	SES127	-1.61841	-43.8919	-42.2735
BLOCK15/SES157/SA157S21	SES148	-1.31826	-43.5917	-42.2735
BLOCK15/SES157/SA157S21	SES158	-5.22173	-47.4952	-42.2735
BLOCK15/SES157/SA157S21	SES292	-1.86191	-44.1354	-42.2735
BLOCK15/SES157/SA157S24	SES127	-1.35902	-43.7612	-42.4022
BLOCK15/SES157/SA157S24	SES148	-1.68033	-44.0825	-42.4022
BLOCK15/SES157/SA157S24	SES183	-1.85982	-44.262	-42.4022
BLOCK15/SES157/SA157S24	SES292	-2.54244	-44.9446	-42.4022
BLOCK15/SES157/SA157S26	SES007	-0.947006	-42.9824	-42.0354
BLOCK15/SES157/SA157S26	SES127	-0.96796	-43.0034	-42.0354
BLOCK15/SES157/SA157S26	SES147	-3.87539	-45.9108	-42.0354
BLOCK15/SES157/SA157S26	SES148	-1.44097	-43.4764	-42.0354
BLOCK16/SES161/SA161S10	SES007	-2.72118	-46.6272	-43.906
BLOCK16/SES161/SA161S10	SES105	-1.6554	-45.5614	-43.906
BLOCK16/SES161/SA161S10	SES158	-1.81015	-45.7162	-43.906
BLOCK16/SES161/SA161S10	SES275	-2.70922	-46.6152	-43.906
BLOCK16/SES161/SA161S12	SES007	-2.40522	-45.7815	-43.3763
BLOCK16/SES161/SA161S12	SES105	-2.48492	-45.8612	-43.3763
BLOCK16/SES161/SA161S12	SES158	-1.66982	-45.0461	-43.3763
BLOCK16/SES161/SA161S12	SES275	-2.40722	-45.7835	-43.3763
BLOCK16/SES161/SA161S20	SES007	-2.90817	-47.3581	-44.45
BLOCK16/SES161/SA161S20	SES105	-3.16284	-47.6128	-44.45
BLOCK16/SES161/SA161S20	SES158	-1.88219	-46.3321	-44.45
BLOCK16/SES161/SA161S20	SES275	-3.78353	-48.2335	-44.45
BLOCK16/SES161/SA161S23	SES007	-2.22531	-45.2829	-43.0575
BLOCK16/SES161/SA161S23	SES105	-1.46447	-44.522	-43.0575
BLOCK16/SES161/SA161S23	SES148	-2.67033	-45.7279	-43.0575
BLOCK16/SES161/SA161S23	SES158	-1.45414	-44.5117	-43.0575
BLOCK16/SES161/SA161S28	SES007	-3.33895	-46.8812	-43.5423
BLOCK16/SES161/SA161S28	SES105	-3.21181	-46.7541	-43.5423
BLOCK16/SES161/SA161S28	SES158	-1.26279	-44.8051	-43.5423
BLOCK16/SES161/SA161S28	SES206	-1.96391	-45.5062	-43.5423
BLOCK16/SES164/SA164S11	SES104	-1.8871	-44.1825	-42.2954
BLOCK16/SES164/SA164S11	SES125	-1.21873	-43.5141	-42.2954
BLOCK16/SES164/SA164S11	SES158	-0.839237	-43.1346	-42.2954
BLOCK16/SES164/SA164S11	SES206	-2.24949	-44.5449	-42.2954
BLOCK16/SES164/SA164S13	SES099	-1.57101	-44.9808	-43.4098
BLOCK16/SES164/SA164S13	SES104	-1.80482	-45.2146	-43.4098
BLOCK16/SES164/SA164S13	SES125	-2.50302	-45.9128	-43.4098
BLOCK16/SES164/SA164S13	SES206	-2.47208	-45.8819	-43.4098
BLOCK16/SES164/SA164S24	SES002	-0.737614	-43.6438	-42.9062
BLOCK16/SES164/SA164S24	SES099	-1.01224	-43.9184	-42.9062
BLOCK16/SES164/SA164S24	SES125	-1.87107	-44.7773	-42.9062
BLOCK16/SES164/SA164S24	SES226	-0.794678	-43.7009	-42.9062
BLOCK16/SES164/SA164S27	SES087	-2.77191	-45.7398	-42.9679
BLOCK16/SES164/SA164S27	SES125	-2.04615	-45.014	-42.9679
BLOCK16/SES164/SA164S27	SES206	-2.25112	-45.219	-42.9679
BLOCK16/SES164/SA164S27	SES226	-1.6408	-44.6087	-42.9679
BLOCK16/SES164/SA164S29	SES002	-0.8256	-43.5612	-42.7356
BLOCK16/SES164/SA164S29	SES019	-1.61067	-44.3462	-42.7356
BLOCK16/SES164/SA164S29	SES125	-1.68187	-44.4174	-42.7356
BLOCK16/SES164/SA164S29	SES226	-1.5254	-44.261	-42.7356
BLOCK16/SES169/SA169S13	SES117	-1.57098	-44.1893	-42.6183
BLOCK16/SES169/SA169S13	SES144	-1.41685	-44.0352	-42.6183
BLOCK16/SES169/SA169S13	SES146	-1.77095	-44.3893	-42.6183
BLOCK16/SES169/SA169S13	SES162	-1.59015	-44.2085	-42.6183
BLOCK16/SES169/SA169S14	SES144	-1.27491	-43.0882	-41.8133
BLOCK16/SES169/SA169S14	SES148	-1.278	-43.0913	-41.8133
BLOCK16/SES169/SA169S14	SES177	-1.10948	-42.9228	-41.8133
BLOCK16/SES169/SA169S14	SES180	-1.81424	-43.6276	-41.8133
BLOCK16/SES169/SA169S24	SES117	-1.13345	-44.656	-43.5225
BLOCK16/SES169/SA169S24	SES144	-0.929482	-44.452	-43.5225
BLOCK16/SES169/SA169S24	SES146	-1.58802	-45.1105	-43.5225
BLOCK16/SES169/SA169S24	SES162	-1.49931	-45.0218	-43.5225
BLOCK16/SES169/SA169S27	SES127	-1.79309	-44.3615	-42.5684
BLOCK16/SES169/SA169S27	SES129	-1.8349	-44.4033	-42.5684
BLOCK16/SES169/SA169S27	SES144	-1.64767	-44.2161	-42.5684
BLOCK16/SES169/SA169S27	SES146	-0.940659	-43.5091	-42.5684
BLOCK16/SES169/SA169S29	SES144	-0.890171	-42.6216	-41.7315
BLOCK16/SES169/SA169S29	SES162	-0.982777	-42.7142	-41.7315
BLOCK16/SES169/SA169S29	SES177	-1.94851	-43.68	-41.7315
BLOCK16/SES169/SA169S29	SES180	-1.13723	-42.8687	-41.7315
BLOCK17/SES171/SA171S12	SES083	-1.82103	-45.0901	-43.2691
BLOCK17/SES171/SA171S12	SES148	-1.83783	-45.1069	-43.2691
BLOCK17/SES171/SA171S12	SES172	-1.73092	-45	-43.2691
BLOCK17/SES171/SA171S12	SES292	-2.75459	-46.0236	-43.2691
BLOCK17/SES171/SA171S15	SES148	-1.53232	-45.231	-43.6987
BLOCK17/SES171/SA171S15	SES177	-1.9028	-45.6015	-43.6987
BLOCK17/SES171/SA171S15	SES180	-4.49412	-48.1928	-43.6987
BLOCK17/SES171/SA171S15	SES292	-5.63691	-49.3356	-43.6987
BLOCK17/SES171/SA171S22	SES007	-1.75515	-44.2513	-42.4961
BLOCK17/SES171/SA171S22	SES148	-1.68832	-44.1845	-42.4961
BLOCK17/SES171/SA171S22	SES177	-0.997055	-43.4932	-42.4961
BLOCK17/SES171/SA171S22	SES180	-2.57529	-45.0714	-42.4961
BLOCK17/SES171/SA171S25	SES101	-3.10075	-46.5597	-43.459
BLOCK17/SES171/SA171S25	SES120	-3.50415	-46.9631	-43.459
BLOCK17/SES171/SA171S25	SES177	-1.17897	-44.6379	-43.459
BLOCK17/SES171/SA171S25	SES180	-3.24799	-46.707	-43.459
BLOCK17/SES171/SA171S27	SES177	-1.03744	-43.9262	-42.8887
BLOCK17/SES171/SA171S27	SES180	-3.14384	-46.0326	-42.8887
BLOCK17/SES171/SA171S27	SES189	-1.19341	-44.0822	-42.8887
BLOCK17/SES171/SA171S27	SES292	-2.83218	-45.7209	-42.8887
BLOCK17/SES173/SA173S13	SES162	-2.69595	-46.5401	-43.8442
BLOCK17/SES173/SA173S13	SES177	-2.54765	-46.3918	-43.8442
BLOCK17/SES173/SA173S13	SES180	-3.07322	-46.9174	-43.8442
BLOCK17/SES173/SA173S13	SES292	-2.09941	-45.9436	-43.8442
BLOCK17/SES173/SA173S14	SES007	-3.0188	-46.9201	-43.9013
BLOCK17/SES173/SA173S14	SES162	-2.28078	-46.1821	-43.9013
BLOCK17/SES173/SA173S14	SES177	-1.92308	-45.8244	-43.9013
BLOCK17/SES173/SA173S14	SES180	-3.49921	-47.4005	-43.9013
BLOCK17/SES173/SA173S24	SES144	-1.64682	-45.8955	-44.2487
BLOCK17/SES173/SA173S24	SES162	-2.63925	-46.888	-44.2487
BLOCK17/SES173/SA173S24	SES177	-2.434	-46.6827	-44.2487
BLOCK17/SES173/SA173S24	SES180	-3.45316	-47.7019	-44.2487
BLOCK17/SES173/SA173S27	SES162	-3.51789	-47.5949	-44.077
BLOCK17/SES173/SA173S27	SES177	-2.72108	-46.7981	-44.077
BLOCK17/SES173/SA173S27	SES180	-3.00016	-47.0771	-44.077
BLOCK17/SES173/SA173S27	SES292	-3.18853	-47.2655	-44.077
BLOCK17/SES173/SA173S29	SES162	-2.59903	-46.1402	-43.5412
BLOCK17/SES173/SA173S29	SES175	-1.1708	-44.7119	-43.5412
BLOCK17/SES173/SA173S29	SES177	-2.35319	-45.8943	-43.5412
BLOCK17/SES173/SA173S29	SES292	-3.95355	-47.4947	-43.5412
BLOCK18/SES182/SA182S10	SES144	-1.38741	-43.8717	-42.4843
BLOCK18/SES182/SA182S10	SES177	-1.49854	-43.9828	-42.4843
BLOCK18/SES182/SA182S10	SES180	-2.41852	-44.9028	-42.4843
BLOCK18/SES182/SA182S10	SES275	-0.699905	-43.1842	-42.4843
BLOCK18/SES182/SA182S12	SES144	-0.62867	-42.9405	-42.3119
BLOCK18/SES182/SA182S12	SES177	-1.07623	-43.3881	-42.3119
BLOCK18/SES182/SA182S12	SES180	-1.39399	-43.7058	-42.3119
BLOCK18/SES182/SA182S12	SES275	-0.897991	-43.2098	-42.3119
BLOCK18/SES182/SA182S21	SES117	-2.20413	-45.2446	-43.0405
BLOCK18/SES182/SA182S21	SES144	-1.24557	-44.2861	-43.0405
BLOCK18/SES182/SA182S21	SES162	-1.4295	-44.47	-43.0405
BLOCK18/SES182/SA182S21	SES180	-2.15121	-45.1917	-43.0405
BLOCK18/SES182/SA182S23	SES117	-2.05198	-44.9858	-42.9338
BLOCK18/SES182/SA182S23	SES144	-1.73214	-44.6659	-42.9338
BLOCK18/SES182/SA182S23	SES180	-1.60307	-44.5368	-42.9338
BLOCK18/SES182/SA182S23	SES275	-0.398361	-43.3321	-42.9338
BLOCK18/SES182/SA182S25	SES007	-0.0872841	-42.6995	-42.6122
BLOCK18/SES182/SA182S25	SES162	-1.38795	-44.0002	-42.6122
BLOCK18/SES182/SA182S25	SES177	-1.35059	-43.9628	-42.6122
BLOCK18/SES182/SA182S25	SES180	-2.01448	-44.6267	-42.6122
BLOCK18/SES184/SA184S12	SES177	-2.92472	-45.7225	-42.7978
BLOCK18/SES184/SA184S12	SES180	-2.48803	-45.2858	-42.7978
BLOCK18/SES184/SA184S12	SES189	-2.24258	-45.0404	-42.7978
BLOCK18/SES184/SA184S12	SES292	-1.50513	-44.3029	-42.7978
BLOCK18/SES184/SA184S13	SES101	-3.09257	-45.695	-42.6025
BLOCK18/SES184/SA184S13	SES177	-1.53463	-44.1371	-42.6025
BLOCK18/SES184/SA184S13	SES180	-1.86901	-44.4715	-42.6025
BLOCK18/SES184/SA184S13	SES292	-1.88282	-44.4853	-42.6025
BLOCK18/SES184/SA184S22	SES177	-1.80269	-43.5458	-41.7431
BLOCK18/SES184/SA184S22	SES180	-1.52441	-43.2675	-41.7431
BLOCK18/SES184/SA184S22	SES189	-2.62008	-44.3632	-41.7431
BLOCK18/SES184/SA184S22	SES292	-1.86052	-43.6036	-41.7431
BLOCK18/SES184/SA184S25	SES101	-2.09726	-43.3099	-41.2127
BLOCK18/SES184/SA184S25	SES177	-2.32086	-43.5335	-41.2127
BLOCK18/SES184/SA184S25	SES180	-1.55773	-42.7704	-41.2127
BLOCK18/SES184/SA184S25	SES292	-1.46765	-42.6803	-41.2127
BLOCK18/SES184/SA184S27	SES083	-2.16502	-44.3342	-42.1692
BLOCK18/SES184/SA184S27	SES177	-1.57342	-43.7426	-42.1692
BLOCK18/SES184/SA184S27	SES202	-2.1273	-44.2965	-42.1692
BLOCK18/SES184/SA184S27	SES292	-1.99231	-44.1615	-42.1692
BLOCK20/SES204/SA204S12	SES062	-2.72345	-44.6499	-41.9264
BLOCK20/SES204/SA204S12	SES083	-2.98318	-44.9096	-41.9264
BLOCK20/SES204/SA204S12	SES206	-1.16861	-43.095	-41.9264
BLOCK20/SES204/SA204S12	SES226	-2.49119	-44.4176	-41.9264
BLOCK20/SES204/SA204S14	SES068	-2.55914	-43.8125	-41.2534
BLOCK20/SES204/SA204S14	SES087	-0.817886	-42.0713	-41.2534
BLOCK20/SES204/SA204S14	SES206	-1.74133	-42.9947	-41.2534
BLOCK20/SES204/SA204S14	SES226	-1.94759	-43.201	-41.2534
BLOCK20/SES204/SA204S22	SES068	-4.04051	-46.003	-41.9625
BLOCK20/SES204/SA204S22	SES082	-3.8421	-45.8046	-41.9625
BLOCK20/SES204/SA204S22	SES083	-4.17435	-46.1368	-41.9625
BLOCK20/SES204/SA204S22	SES206	-1.8463	-43.8088	-41.9625
BLOCK20/SES204/SA204S25	SES062	-3.35539	-45.7041	-42.3487
BLOCK20/SES204/SA204S25	SES083	-3.86378	-46.2125	-42.3487
BLOCK20/SES204/SA204S25	SES206	-0.875095	-43.2238	-42.3487
BLOCK20/SES204/SA204S25	SES226	-2.28108	-44.6298	-42.3487
BLOCK20/SES204/SA204S27	SES068	-4.58627	-46.9626	-42.3764
BLOCK20/SES204/SA204S27	SES082	-2.8209	-45.1973	-42.3764
BLOCK20/SES204/SA204S27	SES087	-1.4234	-43.7998	-42.3764
BLOCK20/SES204/SA204S27	SES206	-1.23206	-43.6084	-42.3764
BLOCK20/SES207/SA207S10	SES127	-1.22343	-44.0868	-42.8634
BLOCK20/SES207/SA207S10	SES183	-2.08853	-44.9519	-42.8634
BLOCK20/SES207/SA207S10	SES189	-1.55124	-44.4146	-42.8634
BLOCK20/SES207/SA207S10	SES292	-1.86843	-44.7318	-42.8634
BLOCK20/SES207/SA207S11	SES127	-2.51959	-45.3521	-42.8325
BLOCK20/SES207/SA207S11	SES183	-2.40198	-45.2345	-42.8325
BLOCK20/SES207/SA207S11	SES187	-1.07161	-43.9041	-42.8325
BLOCK20/SES207/SA207S11	SES292	-2.40058	-45.2331	-42.8325
BLOCK20/SES207/SA207S25	SES068	-1.69633	-44.4941	-42.7978
BLOCK20/SES207/SA207S25	SES083	-3.0658	-45.8636	-42.7978
BLOCK20/SES207/SA207S25	SES127	-1.34338	-44.1412	-42.7978
BLOCK20/SES207/SA207S25	SES187	-1.08529	-43.8831	-42.7978
BLOCK20/SES207/SA207S27	SES127	-1.75482	-45.0994	-43.3446
BLOCK20/SES207/SA207S27	SES183	-1.3673	-44.7119	-43.3446
BLOCK20/SES207/SA207S27	SES187	-1.8023	-45.1469	-43.3446
BLOCK20/SES207/SA207S27	SES292	-2.47907	-45.8236	-43.3446
BLOCK20/SES207/SA207S29	SES083	-2.87816	-45.6354	-42.7572
BLOCK20/SES207/SA207S29	SES085	-1.40762	-44.1648	-42.7572
BLOCK20/SES207/SA207S29	SES172	-1.80584	-44.5631	-42.7572
BLOCK20/SES207/SA207S29	SES189	-2.46891	-45.2261	-42.7572
BLOCK22/SES221/SA221S12	SES068	-2.65928	-45.214	-42.5547
BLOCK22/SES221/SA221S12	SES143	-2.25566	-44.8103	-42.5547
BLOCK22/SES221/SA221S12	SES175	-0.64254	-43.1972	-42.5547
BLOCK22/SES221/SA221S12	SES202	-0.944511	-43.4992	-42.5547
BLOCK22/SES221/SA221S15	SES085	-2.59676	-46.2732	-43.6764
BLOCK22/SES221/SA221S15	SES143	-2.77429	-46.4507	-43.6764
BLOCK22/SES221/SA221S15	SES175	-1.62378	-45.3002	-43.6764
BLOCK22/SES221/SA221S15	SES187	-1.28616	-44.9626	-43.6764
BLOCK22/SES221/SA221S23	SES068	-2.15511	-44.7749	-42.6198
BLOCK22/SES221/SA221S23	SES143	-2.89063	-45.5104	-42.6198
BLOCK22/SES221/SA221S23	SES175	-1.15207	-43.7719	-42.6198
BLOCK22/SES221/SA221S23	SES189	-0.382881	-43.0027	-42.6198
BLOCK22/SES221/SA221S27	SES085	-2.8024	-45.8155	-43.0131
BLOCK22/SES221/SA221S27	SES143	-1.96733	-44.9805	-43.0131
BLOCK22/SES221/SA221S27	SES175	-1.65767	-44.6708	-43.0131
BLOCK22/SES221/SA221S27	SES189	0.548084	-42.4651	-43.0131
BLOCK22/SES221/SA221S29	SES085	-4.08407	-48.052	-43.9679
BLOCK22/SES221/SA221S29	SES143	-2.42862	-46.3965	-43.9679
BLOCK22/SES221/SA221S29	SES175	-1.08199	-45.0499	-43.9679
BLOCK22/SES221/SA221S29	SES187	-0.643925	-44.6118	-43.9679
BLOCK22/SES223/SA223S11	SES143	-1.96486	-45.5448	-43.5799
BLOCK22/SES223/SA223S11	SES144	-2.50551	-46.0854	-43.5799
BLOCK22/SES223/SA223S11	SES175	-1.35765	-44.9376	-43.5799
BLOCK22/SES223/SA223S11	SES187	-1.75645	-45.3364	-43.5799
BLOCK22/SES223/SA223S13	SES068	-2.61414	-47.1285	-44.5144
BLOCK22/SES223/SA223S13	SES143	-2.58901	-47.1034	-44.5144
BLOCK22/SES223/SA223S13	SES146	-2.39415	-46.9085	-44.5144
BLOCK22/SES223/SA223S13	SES202	-2.15274	-46.6671	-44.5144
BLOCK22/SES223/SA223S22	SES143	-1.95418	-45.4048	-43.4506
BLOCK22/SES223/SA223S22	SES144	-2.42823	-45.8788	-43.4506
BLOCK22/SES223/SA223S22	SES175	-1.33359	-44.7842	-43.4506
BLOCK22/SES223/SA223S22	SES187	-1.21634	-44.6669	-43.4506
BLOCK22/SES223/SA223S25	SES068	-2.32829	-45.6893	-43.361
BLOCK22/SES223/SA223S25	SES143	-2.19629	-45.5573	-43.361
BLOCK22/SES223/SA223S25	SES175	-1.12175	-44.4828	-43.361
BLOCK22/SES223/SA223S25	SES187	-0.986885	-44.3479	-43.361
BLOCK22/SES223/SA223S27	SES143	-1.12083	-44.9843	-43.8635
BLOCK22/SES223/SA223S27	SES146	-1.77898	-45.6425	-43.8635
BLOCK22/SES223/SA223S27	SES187	-1.44687	-45.3104	-43.8635
BLOCK22/SES223/SA223S27	SES292	-3.22611	-47.0896	-43.8635
BLOCK27/SES273/SA273S12	SES099	-0.199116	-41.5471	-41.348
BLOCK27/SES273/SA273S12	SES104	-0.925365	-42.2733	-41.348
BLOCK27/SES273/SA273S12	SES125	-1.4546	-42.8026	-41.348
BLOCK27/SES273/SA273S12	SES206	-0.669594	-42.0176	-41.348
BLOCK27/SES273/SA273S13	SES099	-1.0703	-42.111	-41.0407
BLOCK27/SES273/SA273S13	SES104	-1.13219	-42.1729	-41.0407
BLOCK27/SES273/SA273S13	SES206	-1.40845	-42.4491	-41.0407
BLOCK27/SES273/SA273S13	SES292	-4.2474	-45.2881	-41.0407
BLOCK27/SES273/SA273S21	SES099	-0.172192	-41.7738	-41.6016
BLOCK27/SES273/SA273S21	SES148	-3.25711	-44.8587	-41.6016
BLOCK27/SES273/SA273S21	SES149	-1.20499	-42.8066	-41.6016
BLOCK27/SES273/SA273S21	SES177	-3.92601	-45.5276	-41.6016
BLOCK27/SES273/SA273S25	SES104	-1.12607	-42.5714	-41.4454
BLOCK27/SES273/SA273S25	SES125	-1.55339	-42.9988	-41.4454
BLOCK27/SES273/SA273S25	SES158	-0.410904	-41.8563	-41.4454
BLOCK27/SES273/SA273S25	SES206	-0.44352	-41.8889	-41.4454
BLOCK27/SES273/SA273S27	SES099	-0.696182	-41.8495	-41.1533
BLOCK27/SES273/SA273S27	SES104	-1.07168	-42.225	-41.1533
BLOCK27/SES273/SA273S27	SES149	-1.11419	-42.2675	-41.1533
BLOCK27/SES273/SA273S27	SES275	-2.32893	-43.4822	-41.1533
BLOCK27/SES274/SA274S10	SES105	-1.43417	-43.0316	-41.5975
BLOCK27/SES274/SA274S10	SES125	-0.968712	-42.5662	-41.5975
BLOCK27/SES274/SA274S10	SES129	-1.30538	-42.9028	-41.5975
BLOCK27/SES274/SA274S10	SES158	-1.11397	-42.7114	-41.5975
BLOCK27/SES274/SA274S11	SES105	-2.08436	-43.806	-41.7217
BLOCK27/SES274/SA274S11	SES149	-1.02451	-42.7462	-41.7217
BLOCK27/SES274/SA274S11	SES158	-1.13566	-42.8573	-41.7217
BLOCK27/SES274/SA274S11	SES275	-1.68478	-43.4065	-41.7217
BLOCK27/SES274/SA274S21	SES105	-1.44912	-43.5531	-42.1039
BLOCK27/SES274/SA274S21	SES129	-1.54251	-43.6465	-42.1039
BLOCK27/SES274/SA274S21	SES149	-0.746521	-42.8505	-42.1039
BLOCK27/SES274/SA274S21	SES158	-2.14894	-44.2529	-42.1039
BLOCK27/SES274/SA274S24	SES105	-1.61199	-43.8849	-42.2729
BLOCK27/SES274/SA274S24	SES129	-2.47896	-44.7518	-42.2729
BLOCK27/SES274/SA274S24	SES149	-0.731529	-43.0044	-42.2729
BLOCK27/SES274/SA274S24	SES158	-1.8158	-44.0887	-42.2729
BLOCK27/SES274/SA274S29	SES105	-2.06001	-43.7585	-41.6985
BLOCK27/SES274/SA274S29	SES106	-2.22995	-43.9284	-41.6985
BLOCK27/SES274/SA274S29	SES120	-2.50221	-44.2007	-41.6985
BLOCK27/SES274/SA274S29	SES275	-1.89688	-43.5954	-41.6985
BLOCK27/SES276/SA276S16	SES148	-2.01217	-44.7542	-42.742
BLOCK27/SES276/SA276S16	SES172	-1.74854	-44.4905	-42.742
BLOCK27/SES276/SA276S16	SES180	-2.51591	-45.2579	-42.742
BLOCK27/SES276/SA276S16	SES292	-1.65003	-44.392	-42.742
BLOCK27/SES276/SA276S17	SES101	-2.67836	-45.3849	-42.7065
BLOCK27/SES276/SA276S17	SES177	-1.8524	-44.5589	-42.7065
BLOCK27/SES276/SA276S17	SES180	-1.55203	-44.2586	-42.7065
BLOCK27/SES276/SA276S17	SES292	-2.15733	-44.8639	-42.7065
BLOCK27/SES276/SA276S24	SES101	-1.7487	-43.357	-41.6083
BLOCK27/SES276/SA276S24	SES177	-1.49582	-43.1041	-41.6083
BLOCK27/SES276/SA276S24	SES180	-1.78448	-43.3928	-41.6083
BLOCK27/SES276/SA276S24	SES292	-2.28157	-43.8899	-41.6083
BLOCK27/SES276/SA276S26	SES101	-2.72619	-44.7264	-42.0002
BLOCK27/SES276/SA276S26	SES177	-1.33364	-43.3339	-42.0002
BLOCK27/SES276/SA276S26	SES180	-1.28408	-43.2843	-42.0002
BLOCK27/SES276/SA276S26	SES292	-0.856201	-42.8564	-42.0002
BLOCK27/SES276/SA276S28	SES101	-2.45101	-44.7727	-42.3217
BLOCK27/SES276/SA276S28	SES177	-1.7972	-44.1189	-42.3217
BLOCK27/SES276/SA276S28	SES180	-1.44853	-43.7702	-42.3217
BLOCK27/SES276/SA276S28	SES292	-2.61472	-44.9364	-42.3217
BLOCK27/SES277/SA277S12	SES101	-1.55833	-44.4706	-42.9123
BLOCK27/SES277/SA277S12	SES177	-1.80563	-44.7179	-42.9123
BLOCK27/SES277/SA277S12	SES180	-2.65099	-45.5632	-42.9123
BLOCK27/SES277/SA277S12	SES292	-2.99097	-45.9032	-42.9123
BLOCK27/SES277/SA277S14	SES177	-1.54872	-44.9992	-43.4505
BLOCK27/SES277/SA277S14	SES180	-2.59913	-46.0496	-43.4505
BLOCK27/SES277/SA277S14	SES189	-1.48888	-44.9394	-43.4505
BLOCK27/SES277/SA277S14	SES292	-3.59391	-47.0444	-43.4505
BLOCK27/SES277/SA277S21	SES177	-0.992393	-43.5092	-42.5168
BLOCK27/SES277/SA277S21	SES180	-2.20295	-44.7198	-42.5168
BLOCK27/SES277/SA277S21	SES189	-1.19782	-43.7147	-42.5168
BLOCK27/SES277/SA277S21	SES292	-3.24678	-45.7636	-42.5168
BLOCK27/SES277/SA277S24	SES144	-1.82703	-45.3587	-43.5317
BLOCK27/SES277/SA277S24	SES177	-1.42677	-44.9584	-43.5317
BLOCK27/SES277/SA277S24	SES180	-2.90725	-46.4389	-43.5317
BLOCK27/SES277/SA277S24	SES189	-1.50034	-45.032	-43.5317
BLOCK27/SES277/SA277S29	SES177	-1.16804	-42.3436	-41.1755
BLOCK27/SES277/SA277S29	SES180	-1.55692	-42.7324	-41.1755
BLOCK27/SES277/SA277S29	SES202	-1.67985	-42.8554	-41.1755
BLOCK27/SES277/SA277S29	SES292	-2.59314	-43.7687	-41.1755
BLOCK27/SES279/SA279S09	SES120	-1.29531	-43.3282	-42.0329
BLOCK27/SES279/SA279S09	SES146	-1.63133	-43.6642	-42.0329
BLOCK27/SES279/SA279S09	SES206	-2.79094	-44.8238	-42.0329
BLOCK27/SES279/SA279S09	SES226	-2.98523	-45.0181	-42.0329
BLOCK27/SES279/SA279S10	SES099	-1.96156	-44.0396	-42.0781
BLOCK27/SES279/SA279S10	SES206	-1.91132	-43.9894	-42.0781
BLOCK27/SES279/SA279S10	SES226	-2.56832	-44.6464	-42.0781
BLOCK27/SES279/SA279S10	SES292	-1.96289	-44.041	-42.0781
BLOCK27/SES279/SA279S20	SES099	-3.32824	-46.0737	-42.7454
BLOCK27/SES279/SA279S20	SES206	-2.00132	-44.7467	-42.7454
BLOCK27/SES279/SA279S20	SES226	-3.45049	-46.1959	-42.7454
BLOCK27/SES279/SA279S20	SES292	-1.29429	-44.0397	-42.7454
BLOCK27/SES279/SA279S26	SES099	-2.55196	-45.0051	-42.4532
BLOCK27/SES279/SA279S26	SES206	-1.56978	-44.023	-42.4532
BLOCK27/SES279/SA279S26	SES226	-2.2033	-44.6565	-42.4532
BLOCK27/SES279/SA279S26	SES292	-1.75419	-44.2074	-42.4532
BLOCK27/SES279/SA279S28	SES099	-3.44704	-44.3143	-40.8673
BLOCK27/SES279/SA279S28	SES120	-1.5488	-42.4161	-40.8673
BLOCK27/SES279/SA279S28	SES177	-2.73631	-43.6036	-40.8673
BLOCK27/SES279/SA279S28	SES206	-3.28979	-44.1571	-40.8673
BLOCK29/SES290/SA290S12	SES162	-2.00206	-43.6872	-41.6851
BLOCK29/SES290/SA290S12	SES177	-1.8121	-43.4972	-41.6851
BLOCK29/SES290/SA290S12	SES180	-2.78397	-44.4691	-41.6851
BLOCK29/SES290/SA290S12	SES292	-3.21653	-44.9017	-41.6851
BLOCK29/SES290/SA290S13	SES007	-1.69531	-44.2677	-42.5724
BLOCK29/SES290/SA290S13	SES162	-2.35639	-44.9288	-42.5724
BLOCK29/SES290/SA290S13	SES177	-1.14851	-43.7209	-42.5724
BLOCK29/SES290/SA290S13	SES180	-1.8815	-44.4539	-42.5724
BLOCK29/SES290/SA290S22	SES177	-1.71152	-43.5759	-41.8643
BLOCK29/SES290/SA290S22	SES180	-1.49743	-43.3618	-41.8643
BLOCK29/SES290/SA290S22	SES202	-1.61524	-43.4796	-41.8643
BLOCK29/SES290/SA290S22	SES292	-2.5388	-44.4031	-41.8643
BLOCK29/SES290/SA290S25	SES162	-1.85634	-43.6474	-41.7911
BLOCK29/SES290/SA290S25	SES177	-1.28356	-43.0746	-41.7911
BLOCK29/SES290/SA290S25	SES180	-1.73008	-43.5212	-41.7911
BLOCK29/SES290/SA290S25	SES292	-1.70752	-43.4986	-41.7911
BLOCK29/SES290/SA290S29	SES177	-0.9114	-42.5801	-41.6687
BLOCK29/SES290/SA290S29	SES180	-1.35505	-43.0238	-41.6687
BLOCK29/SES290/SA290S29	SES275	-1.81368	-43.4824	-41.6687
BLOCK29/SES290/SA290S29	SES292	-1.40905	-43.0778	-41.6687
BLOCK29/SES291/SA291S11	SES105	-3.87995	-46.5029	-42.6229
BLOCK29/SES291/SA291S11	SES125	-1.66452	-44.2874	-42.6229
BLOCK29/SES291/SA291S11	SES158	-1.48349	-44.1064	-42.6229
BLOCK29/SES291/SA291S11	SES275	-5.19724	-47.8202	-42.6229
BLOCK29/SES291/SA291S12	SES158	-0.725826	-42.8825	-42.1567
BLOCK29/SES291/SA291S12	SES226	-1.77635	-43.933	-42.1567
BLOCK29/SES291/SA291S12	SES270	-0.428692	-42.5854	-42.1567
BLOCK29/SES291/SA291S12	SES275	-6.27268	-48.4294	-42.1567
BLOCK29/SES291/SA291S22	SES082	-1.26571	-43.5732	-42.3075
BLOCK29/SES291/SA291S22	SES158	-1.34103	-43.6485	-42.3075
BLOCK29/SES291/SA291S22	SES259	-1.84884	-44.1563	-42.3075
BLOCK29/SES291/SA291S22	SES275	-4.08276	-46.3902	-42.3075
BLOCK29/SES291/SA291S24	SES104	-0.72876	-42.0144	-41.2857
BLOCK29/SES291/SA291S24	SES125	-0.534485	-41.8202	-41.2857
BLOCK29/SES291/SA291S24	SES158	-0.924686	-42.2104	-41.2857
BLOCK29/SES291/SA291S24	SES275	-4.77597	-46.0617	-41.2857
BLOCK29/SES291/SA291S27	SES158	-0.446602	-41.9437	-41.4971
BLOCK29/SES291/SA291S27	SES172	-6.35219	-47.8493	-41.4971
BLOCK29/SES291/SA291S27	SES275	-4.94121	-46.4383	-41.4971
BLOCK29/SES291/SA291S27	SES292	-4.51097	-46.0081	-41.4971
