BLOCK00/SES002/SA002S12	SES002	0.788458	16.5212	15.7327
BLOCK00/SES002/SA002S13	SES002	2.08304	16.7302	14.6472
BLOCK00/SES002/SA002S23	SES002	0.782105	16.3102	15.5281
BLOCK00/SES002/SA002S26	SES002	1.40727	17.9427	16.5355
BLOCK00/SES002/SA002S28	SES002	0.859736	15.2451	14.3854
BLOCK00/SES007/SA007S14	SES007	1.55229	18.4951	16.9428
BLOCK00/SES007/SA007S15	SES007	0.248292	15.956	15.7077
BLOCK00/SES007/SA007S24	SES007	1.15993	16.352	15.192
BLOCK00/SES007/SA007S27	SES007	0.666788	15.5287	14.8619
BLOCK00/SES007/SA007S29	SES007	0.134121	16.2951	16.1609
BLOCK00/SES008/SA008S11	SES008	1.0485	16.4677	15.4192
BLOCK00/SES008/SA008S12	SES008	-0.0750017	15.0637	15.1387
BLOCK00/SES008/SA008S19	SES008	1.66151	17.865	16.2035
BLOCK00/SES008/SA008S22	SES008	0.160793	14.9365	14.7757
BLOCK00/SES008/SA008S29	SES008	1.24619	17.4809	16.2347
BLOCK01/SES014/SA014S10	SES014	2.20574	17.5255	15.3198
BLOCK01/SES014/SA014S12	SES014	3.09988	20.1201	17.0202
BLOCK01/SES014/SA014S24	SES014	1.74198	17.9288	16.1868
BLOCK01/SES014/SA014S26	SES014	2.09942	20.5488	18.4494
BLOCK01/SES014/SA014S28	SES014	4.25649	21.5967	17.3402
BLOCK01/SES016/SA016S12	SES016	1.22943	14.7331	13.5037
BLOCK01/SES016/SA016S13	SES016	1.21653	16.6453	15.4287
BLOCK01/SES016/SA016S22	SES016	0.872967	16.5236	15.6506
BLOCK01/SES016/SA016S25	SES016	1.71619	18.6231	16.9069
BLOCK01/SES016/SA016S27	SES016	1.61401	19.085	17.471
BLOCK01/SES019/SA019S13	SES019	2.67691	15.7657	13.0888
BLOCK01/SES019/SA019S14	SES019	2.31762	16.1485	13.8308
BLOCK01/SES019/SA019S22	SES019	2.57254	15.8781	13.3055
BLOCK01/SES019/SA019S25	SES019	2.85059	16.6332	13.7826
BLOCK01/SES019/SA019S29	SES019	3.07994	16.6543	13.5744
BLOCK02/SES029/SA029S11	SES029	1.30958	17.0161	15.7065
BLOCK02/SES029/SA029S12	SES029	0.223808	16.9307	16.7069
BLOCK02/SES029/SA029S20	SES029	0.574181	16.2258	15.6516
BLOCK02/SES029/SA029S25	SES029	0.732504	17.5535	16.821
BLOCK02/SES029/SA029S28	SES029	-0.0203304	16.3342	16.3545
BLOCK04/SES042/SA042S12	SES042	1.51544	17.1679	15.6524
BLOCK04/SES042/SA042S15	SES042	2.15227	17.8232	15.6709
BLOCK04/SES042/SA042S22	SES042	2.87183	20.5236	17.6518
BLOCK04/SES042/SA042S25	SES042	1.98189	16.5881	14.6063
BLOCK04/SES042/SA042S27	SES042	1.68543	18.1148	16.4294
BLOCK04/SES048/SA048S11	SES048	1.44322	17.3115	15.8683
BLOCK04/SES048/SA048S12	SES048	0.513649	17.0423	16.5286
BLOCK04/SES048/SA048S20	SES048	0.18119	16.9087	16.7275
BLOCK04/SES048/SA048S23	SES048	1.36294	16.2023	14.8394
BLOCK04/SES048/SA048S27	SES048	0.397177	18.2528	17.8556
BLOCK06/SES060/SA060S11	SES060	1.43762	17.9826	16.545
BLOCK06/SES060/SA060S12	SES060	-1.05707	14.6636	15.7207
BLOCK06/SES060/SA060S22	SES060	-0.164221	13.9608	14.125
BLOCK06/SES060/SA060S24	SES060	0.757122	17.0603	16.3032
BLOCK06/SES060/SA060S28	SES060	0.964493	19.4511	18.4866
BLOCK06/SES062/SA062S10	SES062	0.294559	16.7095	16.415
BLOCK06/SES062/SA062S11	SES062	1.54383	17.3374	15.7936
BLOCK06/SES062/SA062S21	SES062	2.27549	20.5316	18.2561
BLOCK06/SES062/SA062S26	SES062	0.806194	18.2657	17.4595
BLOCK06/SES062/SA062S29	SES062	1.46715	19.6842	18.2171
BLOCK06/SES068/SA068S14	SES068	0.0186405	16.7152	16.6966
BLOCK06/SES068/SA068S15	SES068	0.728136	18.5632	17.835
BLOCK06/SES068/SA068S23	SES068	0.250787	15.7507	15.4999
BLOCK06/SES068/SA068S27	SES068	1.89548	19.546	17.6506
BLOCK06/SES068/SA068S29	SES068	0.35915	16.939	16.5798
BLOCK08/SES082/SA082S12	SES082	-0.5011	14.1816	14.6827
BLOCK08/SES082/SA082S14	SES082	0.379674	14.7895	14.4099
BLOCK08/SES082/SA082S21	SES082	0.33863	15.3276	14.9889
BLOCK08/SES082/SA082S24	SES082	0.90789	17.307	16.3991
BLOCK08/SES082/SA082S28	SES082	0.0696001	15.0975	15.0279
BLOCK08/SES083/SA083S14	SES083	-0.560596	15.5258	16.0864
BLOCK08/SES083/SA083S15	SES083	0.256607	17.0302	16.7736
BLOCK08/SES083/SA083S24	SES083	0.0735664	16.3305	16.2569
BLOCK08/SES083/SA083S26	SES083	0.478936	16.0506	15.5717
BLOCK08/SES083/SA083S29	SES083	-0.229715	16.8496	17.0794
BLOCK08/SES085/SA085S10	SES085	-0.683229	16.1708	16.854
BLOCK08/SES085/SA085S13	SES085	-0.460168	15.4972	15.9573
BLOCK08/SES085/SA085S22	SES085	-0.377489	17.6045	17.982
BLOCK08/SES085/SA085S26	SES085	-0.453568	16.6678	17.1214
BLOCK08/SES085/SA085S28	SES085	0.720341	17.1184	16.398
BLOCK08/SES087/SA087S15	SES087	1.30748	16.4083	15.1009
BLOCK08/SES087/SA087S16	SES087	1.50303	16.4639	14.9609
BLOCK08/SES087/SA087S24	SES087	1.6269	16.8791	15.2522
BLOCK08/SES087/SA087S26	SES087	0.767981	17.1923	16.4243
BLOCK08/SES087/SA087S29	SES087	1.48143	16.33	14.8485
BLOCK09/SES099/SA099S15	SES099	1.38316	16.3019	14.9188
BLOCK09/SES099/SA099S16	SES099	1.36503	16.2481	14.883
BLOCK09/SES099/SA099S24	SES099	1.74839	16.8799	15.1315
BLOCK09/SES099/SA099S26	SES099	1.69946	16.851	15.1516
BLOCK09/SES099/SA099S29	SES099	1.8373	17.6018	15.7645
BLOCK10/SES101/SA101S11	SES101	-0.0124512	16.1002	16.1126
BLOCK10/SES101/SA101S13	SES101	1.27929	18.4462	17.167
BLOCK10/SES101/SA101S22	SES101	0.789406	16.6255	15.8361
BLOCK10/SES101/SA101S24	SES101	0.406694	15.9438	15.5371
BLOCK10/SES101/SA101S28	SES101	0.0674496	15.6334	15.5659
BLOCK10/SES104/SA104S11	SES104	1.60535	19.1864	17.581
BLOCK10/SES104/SA104S12	SES104	1.62721	17.2702	15.643
BLOCK10/SES104/SA104S21	SES104	1.33215	16.8351	15.5029
BLOCK10/SES104/SA104S24	SES104	0.55489	16.2613	15.7064
BLOCK10/SES104/SA104S28	SES104	0.74156	17.1242	16.3826
BLOCK10/SES105/SA105S12	SES105	0.827906	15.0022	14.1743
BLOCK10/SES105/SA105S13	SES105	0.95375	15.379	14.4252
BLOCK10/SES105/SA105S22	SES105	0.139232	13.8315	13.6923
BLOCK10/SES105/SA105S26	SES105	1.26087	15.5379	14.2771
BLOCK10/SES105/SA105S29	SES105	1.10581	16.4062	15.3004
BLOCK10/SES106/SA106S09	SES106	1.21066	14.825	13.6144
BLOCK10/SES106/SA106S11	SES106	1.64507	17.0359	15.3908
BLOCK10/SES106/SA106S22	SES106	2.90312	17.5693	14.6662
BLOCK10/SES106/SA106S27	SES106	1.86203	16.0958	14.2337
BLOCK10/SES106/SA106S29	SES106	1.01207	15.3696	14.3575
BLOCK11/SES117/SA117S12	SES117	0.881783	16.0464	15.1646
BLOCK11/SES117/SA117S13	SES117	0.297653	16.4339	16.1363
BLOCK11/SES117/SA117S23	SES117	1.70855	15.0996	13.3911
BLOCK11/SES117/SA117S25	SES117	0.672484	14.944	14.2715
BLOCK11/SES117/SA117S28	SES117	0.781507	14.5415	13.76
BLOCK12/SES120/SA120S08	SES120	0.593401	13.5643	12.9709
BLOCK12/SES120/SA120S11	SES120	0.747605	12.2923	11.5447
BLOCK12/SES120/SA120S22	SES120	0.00971603	15.7849	15.7752
BLOCK12/SES120/SA120S24	SES120	0.673248	14.8925	14.2193
BLOCK12/SES120/SA120S28	SES120	-0.395536	11.9068	12.3023
BLOCK12/SES125/SA125S13	SES125	1.9845	16.9293	14.9448
BLOCK12/SES125/SA125S14	SES125	0.738041	15.5426	14.8046
BLOCK12/SES125/SA125S25	SES125	2.30398	18.0487	15.7447
BLOCK12/SES125/SA125S27	SES125	1.60761	18.4634	16.8558
BLOCK12/SES125/SA125S29	SES125	1.7033	16.7917	15.0884
BLOCK12/SES127/SA127S11	SES127	0.324381	15.5754	15.251
BLOCK12/SES127/SA127S12	SES127	0.168501	16.4272	16.2587
BLOCK12/SES127/SA127S23	SES127	0.326284	16.2605	15.9342
BLOCK12/SES127/SA127S25	SES127	-0.126648	15.2347	15.3613
BLOCK12/SES127/SA127S27	SES127	0.676623	16.614	15.9374
BLOCK12/SES129/SA129S11	SES129	1.39006	17.7973	16.4073
BLOCK12/SES129/SA129S12	SES129	1.27377	17.7683	16.4945
BLOCK12/SES129/SA129S22	SES129	0.817164	16.3057	15.4885
BLOCK12/SES129/SA129S27	SES129	1.52467	17.5397	16.015
BLOCK12/SES129/SA129S29	SES129	1.16005	17.4361	16.2761
BLOCK14/SES142/SA142S11	SES142	1.76674	16.2116	14.4448
BLOCK14/SES142/SA142S12	SES142	0.729442	15.1264	14.397
BLOCK14/SES142/SA142S24	SES142	1.24446	16.1148	14.8704
BLOCK14/SES142/SA142S27	SES142	1.90935	16.9804	15.0711
BLOCK14/SES142/SA142S29	SES142	2.44864	16.4887	14.0401
BLOCK14/SES143/SA143S12	SES143	0.874009	15.4965	14.6225
BLOCK14/SES143/SA143S13	SES143	0.724576	15.2249	14.5004
BLOCK14/SES143/SA143S23	SES143	0.917126	15.4028	14.4857
BLOCK14/SES143/SA143S25	SES143	1.1005	15.9954	14.8949
BLOCK14/SES143/SA143S28	SES143	0.565997	15.2551	14.6891
BLOCK14/SES144/SA144S09	SES144	0.627596	16.3902	15.7626
BLOCK14/SES144/SA144S11	SES144	1.01387	15.8284	14.8146
BLOCK14/SES144/SA144S21	SES144	-0.328717	14.7972	15.1259
BLOCK14/SES144/SA144S25	SES144	0.134976	14.2566	14.1216
BLOCK14/SES144/SA144S29	SES144	-0.260858	15.6147	15.8756
BLOCK14/SES146/SA146S14	SES146	0.299271	14.7409	14.4416
BLOCK14/SES146/SA146S15	SES146	0.103565	14.6992	14.5956
BLOCK14/SES146/SA146S24	SES146	0.793928	15.3777	14.5837
BLOCK14/SES146/SA146S26	SES146	0.631454	15.1128	14.4814
BLOCK14/SES146/SA146S29	SES146	0.368147	14.3892	14.021
BLOCK14/SES147/SA147S11	SES147	1.34461	15.8628	14.5182
BLOCK14/SES147/SA147S13	SES147	1.97486	16.7994	14.8245
BLOCK14/SES147/SA147S23	SES147	0.22228	15.2739	15.0516
BLOCK14/SES147/SA147S26	SES147	0.895876	15.7161	14.8202
BLOCK14/SES147/SA147S28	SES147	1.09832	15.5584	14.4601
BLOCK14/SES148/SA148S10	SES148	1.01726	15.2454	14.2282
BLOCK14/SES148/SA148S12	SES148	0.620594	14.2701	13.6495
BLOCK14/SES148/SA148S22	SES148	1.75907	17.0695	15.3104
BLOCK14/SES148/SA148S26	SES148	-0.513169	15.5964	16.1095
BLOCK14/SES148/SA148S29	SES148	0.455298	15.3209	14.8656
BLOCK14/SES149/SA149S13	SES149	-0.863855	14.9426	15.8064
BLOCK14/SES149/SA149S14	SES149	0.211512	16.6821	16.4706
BLOCK14/SES149/SA149S24	SES149	0.841736	17.1936	16.3518
BLOCK14/SES149/SA149S26	SES149	1.50375	18.4027	16.899
BLOCK14/SES149/SA149S28	SES149	1.75743	19.6364	17.879
BLOCK15/SES158/SA158S13	SES158	1.38749	14.9092	13.5217
BLOCK15/SES158/SA158S14	SES158	3.14538	16.1972	13.0518
BLOCK15/SES158/SA158S23	SES158	0.754443	15.1476	14.3931
BLOCK15/SES158/SA158S26	SES158	2.52396	15.6185	13.0945
BLOCK15/SES158/SA158S28	SES158	1.09706	14.8109	13.7138
BLOCK16/SES162/SA162S10	SES162	0.697684	14.1009	13.4032
BLOCK16/SES162/SA162S11	SES162	0.739143	16.5427	15.8035
BLOCK16/SES162/SA162S21	SES162	1.27856	16.7081	15.4295
BLOCK16/SES162/SA162S24	SES162	0.754659	15.8068	15.0522
BLOCK16/SES162/SA162S27	SES162	1.18667	15.6399	14.4532
BLOCK16/SES167/SA167S14	SES167	0.488367	17.7144	17.2261
BLOCK16/SES167/SA167S15	SES167	0.662253	16.4292	15.767
BLOCK16/SES167/SA167S21	SES167	1.3523	17.2075	15.8552
BLOCK16/SES167/SA167S25	SES167	2.25656	16.7787	14.5221
BLOCK16/SES167/SA167S29	SES167	1.85855	18.5188	16.6602
BLOCK17/SES172/SA172S12	SES172	1.22822	17.2494	16.0212
BLOCK17/SES172/SA172S13	SES172	1.35183	16.6822	15.3304
BLOCK17/SES172/SA172S23	SES172	1.08381	18.1256	17.0418
BLOCK17/SES172/SA172S27	SES172	1.06753	17.039	15.9714
BLOCK17/SES172/SA172S29	SES172	1.69598	17.6124	15.9165
BLOCK17/SES175/SA175S11	SES175	0.339429	16.2131	15.8737
BLOCK17/SES175/SA175S13	SES175	0.741829	16.252	15.5102
BLOCK17/SES175/SA175S23	SES175	0.947402	16.4057	15.4583
BLOCK17/SES175/SA175S25	SES175	0.186703	14.3366	14.1499
BLOCK17/SES175/SA175S28	SES175	0.713015	16.9775	16.2645
BLOCK17/SES177/SA177S15	SES177	-0.027276	15.9236	15.9509
BLOCK17/SES177/SA177S17	SES177	-0.357395	15.7845	16.1419
BLOCK17/SES177/SA177S23	SES177	-0.958455	14.6551	15.6135
BLOCK17/SES177/SA177S26	SES177	0.283672	17.9037	17.6201
BLOCK17/SES177/SA177S28	SES177	0.536896	16.8763	16.3394
BLOCK18/SES180/SA180S13	SES180	-0.599892	15.0634	15.6633
BLOCK18/SES180/SA180S15	SES180	0.364464	15.7887	15.4242
BLOCK18/SES180/SA180S24	SES180	0.204327	17.0428	16.8385
BLOCK18/SES180/SA180S26	SES180	0.467344	16.5792	16.1118
BLOCK18/SES180/SA180S29	SES180	1.10771	16.4071	15.2994
BLOCK18/SES183/SA183S13	SES183	1.09616	15.0664	13.9703
BLOCK18/SES183/SA183S14	SES183	-0.418408	13.8731	14.2915
BLOCK18/SES183/SA183S24	SES183	1.02136	14.222	13.2006
BLOCK18/SES183/SA183S27	SES183	0.971306	14.9748	14.0035
BLOCK18/SES183/SA183S29	SES183	0.300941	15.656	15.3551
BLOCK18/SES187/SA187S13	SES187	0.633775	16.1359	15.5021
BLOCK18/SES187/SA187S14	SES187	0.643839	15.4299	14.786
BLOCK18/SES187/SA187S24	SES187	1.87165	15.5471	13.6754
BLOCK18/SES187/SA187S27	SES187	1.21443	16.0401	14.8257
BLOCK18/SES187/SA187S29	SES187	1.33135	16.8621	15.5308
BLOCK18/SES189/SA189S10	SES189	1.73427	15.1311	13.3968
BLOCK18/SES189/SA189S13	SES189	1.41169	14.5418	13.1301
BLOCK18/SES189/SA189S24	SES189	2.412	15.3612	12.9492
BLOCK18/SES189/SA189S26	SES189	0.952242	15.2925	14.3402
BLOCK18/SES189/SA189S29	SES189	1.82755	15.7831	13.9555
BLOCK20/SES202/SA202S12	SES202	1.01506	13.1598	12.1447
BLOCK20/SES202/SA202S14	SES202	1.96741	15.6621	13.6947
BLOCK20/SES202/SA202S24	SES202	1.12715	15.5191	14.392
BLOCK20/SES202/SA202S27	SES202	1.12735	17.3699	16.2426
BLOCK20/SES202/SA202S29	SES202	1.49244	16.6328	15.1404
BLOCK20/SES206/SA206S15	SES206	-0.33244	15.8406	16.173
BLOCK20/SES206/SA206S17	SES206	1.34241	18.1438	16.8014
BLOCK20/SES206/SA206S24	SES206	1.56839	18.3526	16.7842
BLOCK20/SES206/SA206S27	SES206	1.74385	17.1219	15.378
BLOCK20/SES206/SA206S29	SES206	1.22257	18.5048	17.2822
BLOCK22/SES226/SA226S12	SES226	1.10931	15.8044	14.695
BLOCK22/SES226/SA226S13	SES226	-1.19627	13.462	14.6583
BLOCK22/SES226/SA226S20	SES226	0.966805	15.621	14.6542
BLOCK22/SES226/SA226S23	SES226	1.27547	16.5259	15.2504
BLOCK22/SES226/SA226S28	SES226	1.65586	16.6642	15.0084
BLOCK25/SES259/SA259S13	SES259	3.99196	18.5337	14.5417
BLOCK25/SES259/SA259S14	SES259	2.22602	16.9729	14.7469
BLOCK25/SES259/SA259S22	SES259	1.75078	16.5091	14.7583
BLOCK25/SES259/SA259S24	SES259	2.2212	18.5599	16.3387
BLOCK25/SES259/SA259S28	SES259	1.91345	17.2495	15.336
BLOCK27/SES270/SA270S14	SES270	2.77513	15.6266	12.8515
BLOCK27/SES270/SA270S16	SES270	0.484253	14.9383	14.454
BLOCK27/SES270/SA270S22	SES270	2.22894	16.2629	14.034
BLOCK27/SES270/SA270S26	SES270	1.29955	13.947	12.6475
BLOCK27/SES270/SA270S28	SES270	1.08606	15.745	14.6589
BLOCK27/SES275/SA275S17	SES275	1.58843	16.4294	14.841
BLOCK27/SES275/SA275S18	SES275	0.554996	16.1866	15.6316
BLOCK27/SES275/SA275S24	SES275	0.580477	14.5343	13.9538
BLOCK27/SES275/SA275S26	SES275	0.977875	16.1682	15.1903
BLOCK27/SES275/SA275S28	SES275	0.312445	15.7164	15.4039
BLOCK29/SES292/SA292S10	SES292	0.54628	15.7738	15.2275
BLOCK29/SES292/SA292S12	SES292	-0.0378828	15.6268	15.6646
BLOCK29/SES292/SA292S22	SES292	0.320671	16.5771	16.2565
BLOCK29/SES292/SA292S24	SES292	0.189405	15.9632	15.7738
BLOCK29/SES292/SA292S27	SES292	-0.303823	16.2468	16.5506
BLOCK00/SES001/SA001S14	SES062	-3.25055	9.96412	13.2147
BLOCK00/SES001/SA001S14	SES082	-3.36469	9.84998	13.2147
BLOCK00/SES001/SA001S14	SES106	-2.93429	10.2804	13.2147
BLOCK00/SES001/SA001S14	SES206	-2.84998	10.3647	13.2147
BLOCK00/SES001/SA001S15	SES062	-3.46944	11.5018	14.9713
BLOCK00/SES001/SA001S15	SES104	-3.73222	11.239	14.9713
BLOCK00/SES001/SA001S15	SES106	-2.89824	12.073	14.9713
BLOCK00/SES001/SA001S15	SES206	-2.65727	12.314	14.9713
BLOCK00/SES001/SA001S24	SES062	-4.10151	9.14204	13.2436
BLOCK00/SES001/SA001S24	SES082	-3.7113	9.53226	13.2436
BLOCK00/SES001/SA001S24	SES087	-2.48125	10.7623	13.2436
BLOCK00/SES001/SA001S24	SES206	-2.5995	10.6441	13.2436
BLOCK00/SES001/SA001S27	SES062	-2.66371	12.6434	15.3071
BLOCK00/SES001/SA001S27	SES082	-2.59263	12.7145	15.3071
BLOCK00/SES001/SA001S27	SES087	-2.34216	12.965	15.3071
BLOCK00/SES001/SA001S27	SES206	-2.48401	12.8231	15.3071
BLOCK00/SES001/SA001S29	SES062	-4.89401	8.98045	13.8745
BLOCK00/SES001/SA001S29	SES082	-2.61218	11.2623	13.8745
BLOCK00/SES001/SA001S29	SES158	-2.34658	11.5279	13.8745
BLOCK00/SES001/SA001S29	SES206	-3.64644	10.228	13.8745
BLOCK00/SES003/SA003S11	SES002	-1.71434	13.1751	14.8894
BLOCK00/SES003/SA003S11	SES019	-2.24341	12.646	14.8894
BLOCK00/SES003/SA003S11	SES082	-1.52989	13.3595	14.8894
BLOCK00/SES003/SA003S11	SES125	-2.94871	11.9407	14.8894
BLOCK00/SES003/SA003S15	SES016	-2.75491	13.1769	15.9318
BLOCK00/SES003/SA003S15	SES019	-2.89575	13.036	15.9318
BLOCK00/SES003/SA003S15	SES062	-2.77782	13.154	15.9318
BLOCK00/SES003/SA003S15	SES206	-2.60817	13.3236	15.9318
BLOCK00/SES003/SA003S22	SES002	-3.68787	11.6621	15.35
BLOCK00/SES003/SA003S22	SES062	-2.36928	12.9807	15.35
BLOCK00/SES003/SA003S22	SES082	-3.31878	12.0312	15.35
BLOCK00/SES003/SA003S22	SES087	-2.53234	12.8176	15.35
BLOCK00/SES003/SA003S25	SES062	-4.40651	9.81414	14.2206
BLOCK00/SES003/SA003S25	SES082	-2.25252	11.9681	14.2206
BLOCK00/SES003/SA003S25	SES087	-1.96261	12.258	14.2206
BLOCK00/SES003/SA003S25	SES206	-2.53391	11.6867	14.2206
BLOCK00/SES003/SA003S29	SES002	-2.52345	11.8041	14.3275
BLOCK00/SES003/SA003S29	SES062	-4.75282	9.57469	14.3275
BLOCK00/SES003/SA003S29	SES082	-2.488	11.8395	14.3275
BLOCK00/SES003/SA003S29	SES087	-2.81724	11.5103	14.3275
BLOCK00/SES004/SA004S12	SES083	-3.35154	11.1493	14.5008
BLOCK00/SES004/SA004S12	SES148	-3.23209	11.2688	14.5008
BLOCK00/SES004/SA004S12	SES172	-1.96055	12.5403	14.5008
BLOCK00/SES004/SA004S12	SES292	-2.22833	12.2725	14.5008
BLOCK00/SES004/SA004S17	SES083	-3.27403	11.1607	14.4347
BLOCK00/SES004/SA004S17	SES162	-2.0728	12.3619	14.4347
BLOCK00/SES004/SA004S17	SES172	-2.25487	12.1798	14.4347
BLOCK00/SES004/SA004S17	SES292	-2.58824	11.8464	14.4347
BLOCK00/SES004/SA004S24	SES083	-3.31173	11.5305	14.8422
BLOCK00/SES004/SA004S24	SES148	-3.51373	11.3285	14.8422
BLOCK00/SES004/SA004S24	SES172	-1.6994	13.1428	14.8422
BLOCK00/SES004/SA004S24	SES292	-2.1031	12.7391	14.8422
BLOCK00/SES004/SA004S26	SES083	-3.64016	11.0875	14.7276
BLOCK00/SES004/SA004S26	SES127	-2.93966	11.788	14.7276
BLOCK00/SES004/SA004S26	SES148	-5.03749	9.69013	14.7276
BLOCK00/SES004/SA004S26	SES292	-3.38562	11.342	14.7276
BLOCK00/SES004/SA004S28	SES083	-2.79031	13.7409	16.5313
BLOCK00/SES004/SA004S28	SES127	-2.30429	14.227	16.5313
BLOCK00/SES004/SA004S28	SES187	-1.9516	14.5797	16.5313
BLOCK00/SES004/SA004S28	SES292	-2.5981	13.9332	16.5313
BLOCK00/SES006/SA006S10	SES014	-4.34252	7.14767	11.4902
BLOCK00/SES006/SA006S10	SES158	-3.32283	8.16736	11.4902
BLOCK00/SES006/SA006S10	SES226	-5.85739	5.6328	11.4902
BLOCK00/SES006/SA006S10	SES270	-1.90221	9.58799	11.4902
BLOCK00/SES006/SA006S11	SES158	-2.8396	8.76716	11.6068
BLOCK00/SES006/SA006S11	SES226	-3.99302	7.61374	11.6068
BLOCK00/SES006/SA006S11	SES270	-2.41304	9.19372	11.6068
BLOCK00/SES006/SA006S11	SES275	-3.73442	7.87234	11.6068
BLOCK00/SES006/SA006S23	SES062	-3.88229	9.79168	13.674
BLOCK00/SES006/SA006S23	SES105	-3.96947	9.7045	13.674
BLOCK00/SES006/SA006S23	SES158	-2.91854	10.7554	13.674
BLOCK00/SES006/SA006S23	SES275	-2.92174	10.7522	13.674
BLOCK00/SES006/SA006S26	SES104	-5.10167	7.88138	12.983
BLOCK00/SES006/SA006S26	SES158	-2.63555	10.3475	12.983
BLOCK00/SES006/SA006S26	SES270	-1.11216	11.8709	12.983
BLOCK00/SES006/SA006S26	SES275	-3.31114	9.67191	12.983
BLOCK00/SES006/SA006S28	SES007	-4.0359	7.85256	11.8885
BLOCK00/SES006/SA006S28	SES105	-3.79196	8.09651	11.8885
BLOCK00/SES006/SA006S28	SES158	-2.51274	9.37572	11.8885
BLOCK00/SES006/SA006S28	SES275	-4.67032	7.21814	11.8885
BLOCK00/SES009/SA009S12	SES083	-4.10384	11.9741	16.078
BLOCK00/SES009/SA009S12	SES148	-3.52567	12.5523	16.078
BLOCK00/SES009/SA009S12	SES177	-2.20797	13.87	16.078
BLOCK00/SES009/SA009S12	SES292	-2.76105	13.3169	16.078
BLOCK00/SES009/SA009S15	SES007	-0.813665	15.8163	16.63
BLOCK00/SES009/SA009S15	SES099	-5.11334	11.5167	16.63
BLOCK00/SES009/SA009S15	SES148	-3.30532	13.3247	16.63
BLOCK00/SES009/SA009S15	SES172	-2.39727	14.2327	16.63
BLOCK00/SES009/SA009S24	SES146	-1.99214	14.6751	16.6672
BLOCK00/SES009/SA009S24	SES148	-3.87629	12.7909	16.6672
BLOCK00/SES009/SA009S24	SES177	-1.38943	15.2778	16.6672
BLOCK00/SES009/SA009S24	SES292	-2.54855	14.1187	16.6672
BLOCK00/SES009/SA009S26	SES083	-3.55941	12.0893	15.6487
BLOCK00/SES009/SA009S26	SES101	-3.76169	11.887	15.6487
BLOCK00/SES009/SA009S26	SES120	-2.62775	13.021	15.6487
BLOCK00/SES009/SA009S26	SES177	-1.79393	13.8548	15.6487
BLOCK00/SES009/SA009S29	SES083	-3.45693	13.2547	16.7116
BLOCK00/SES009/SA009S29	SES101	-3.30168	13.41	16.7116
BLOCK00/SES009/SA009S29	SES177	-2.06533	14.6463	16.7116
BLOCK00/SES009/SA009S29	SES292	-2.37516	14.3365	16.7116
BLOCK01/SES011/SA011S10	SES019	-2.29893	13.0335	15.3325
BLOCK01/SES011/SA011S10	SES042	-1.24204	14.0904	15.3325
BLOCK01/SES011/SA011S10	SES082	-3.64172	11.6907	15.3325
BLOCK01/SES011/SA011S10	SES206	-2.2416	13.0908	15.3325
BLOCK01/SES011/SA011S11	SES019	-2.31697	11.952	14.269
BLOCK01/SES011/SA011S11	SES042	-2.16502	12.1039	14.269
BLOCK01/SES011/SA011S11	SES082	-3.65943	10.6095	14.269
BLOCK01/SES011/SA011S11	SES206	-2.99886	11.2701	14.269
BLOCK01/SES011/SA011S22	SES019	-1.99721	12.0258	14.023
BLOCK01/SES011/SA011S22	SES042	-1.44349	12.5795	14.023
BLOCK01/SES011/SA011S22	SES082	-3.07295	10.9501	14.023
BLOCK01/SES011/SA011S22	SES206	-2.48665	11.5364	14.023
BLOCK01/SES011/SA011S24	SES019	-2.70691	12.2948	15.0017
BLOCK01/SES011/SA011S24	SES042	-0.948284	14.0534	15.0017
BLOCK01/SES011/SA011S24	SES104	-3.18909	11.8126	15.0017
BLOCK01/SES011/SA011S24	SES206	-2.15685	12.8448	15.0017
BLOCK01/SES011/SA011S27	SES082	-0.908263	13.5077	14.416
BLOCK01/SES011/SA011S27	SES087	-2.93352	11.4825	14.416
BLOCK01/SES011/SA011S27	SES125	-2.63719	11.7788	14.416
BLOCK01/SES011/SA011S27	SES206	-2.22828	12.1877	14.416
BLOCK01/SES012/SA012S11	SES007	-2.00052	15.0794	17.0799
BLOCK01/SES012/SA012S11	SES082	-2.80453	14.2754	17.0799
BLOCK01/SES012/SA012S11	SES083	-2.93975	14.1402	17.0799
BLOCK01/SES012/SA012S11	SES206	-2.55677	14.5232	17.0799
BLOCK01/SES012/SA012S14	SES082	-1.98342	14.375	16.3584
BLOCK01/SES012/SA012S14	SES087	-3.21022	13.1482	16.3584
BLOCK01/SES012/SA012S14	SES206	-1.97126	14.3871	16.3584
BLOCK01/SES012/SA012S14	SES292	-2.57055	13.7878	16.3584
BLOCK01/SES012/SA012S24	SES082	-1.55546	13.8422	15.3977
BLOCK01/SES012/SA012S24	SES087	-3.02617	12.3715	15.3977
BLOCK01/SES012/SA012S24	SES120	-3.03759	12.3601	15.3977
BLOCK01/SES012/SA012S24	SES206	-1.81045	13.5872	15.3977
BLOCK01/SES012/SA012S26	SES019	-4.96078	11.9933	16.9541
BLOCK01/SES012/SA012S26	SES082	-3.6028	13.3513	16.9541
BLOCK01/SES012/SA012S26	SES206	-1.46914	15.485	16.9541
BLOCK01/SES012/SA012S26	SES292	-1.74059	15.2135	16.9541
BLOCK01/SES012/SA012S29	SES062	-2.96538	14.0072	16.9726
BLOCK01/SES012/SA012S29	SES082	-2.41873	14.5538	16.9726
BLOCK01/SES012/SA012S29	SES083	-3.79442	13.1781	16.9726
BLOCK01/SES012/SA012S29	SES206	-1.66029	15.3123	16.9726
BLOCK01/SES013/SA013S16	SES062	-4.49371	9.87555	14.3693
BLOCK01/SES013/SA013S16	SES106	-2.47215	11.8971	14.3693
BLOCK01/SES013/SA013S16	SES206	-2.39384	11.9754	14.3693
BLOCK01/SES013/SA013S16	SES226	-1.99979	12.3695	14.3693
BLOCK01/SES013/SA013S17	SES062	-3.33133	12.8274	16.1587
BLOCK01/SES013/SA013S17	SES106	-2.76314	13.3956	16.1587
BLOCK01/SES013/SA013S17	SES206	-1.26365	14.8951	16.1587
BLOCK01/SES013/SA013S17	SES226	-1.87002	14.2887	16.1587
BLOCK01/SES013/SA013S23	SES104	-2.98414	12.0708	15.0549
BLOCK01/SES013/SA013S23	SES106	-1.99409	13.0608	15.0549
BLOCK01/SES013/SA013S23	SES206	-2.05276	13.0022	15.0549
BLOCK01/SES013/SA013S23	SES270	-2.55418	12.5008	15.0549
BLOCK01/SES013/SA013S25	SES042	-2.97485	13.2045	16.1794
BLOCK01/SES013/SA013S25	SES104	-2.03693	14.1425	16.1794
BLOCK01/SES013/SA013S25	SES106	-1.62162	14.5578	16.1794
BLOCK01/SES013/SA013S25	SES206	-1.64648	14.5329	16.1794
BLOCK01/SES013/SA013S29	SES062	-5.23229	10.2577	15.49
BLOCK01/SES013/SA013S29	SES104	-3.6875	11.8025	15.49
BLOCK01/SES013/SA013S29	SES106	-1.93401	13.556	15.49
BLOCK01/SES013/SA013S29	SES206	-2.53948	12.9505	15.49
BLOCK02/SES021/SA021S13	SES016	-4.45172	12.5803	17.032
BLOCK02/SES021/SA021S13	SES029	-2.19563	14.8364	17.032
BLOCK02/SES021/SA021S13	SES087	-3.03401	13.998	17.032
BLOCK02/SES021/SA021S13	SES206	-2.14216	14.8899	17.032
BLOCK02/SES021/SA021S15	SES087	-1.96428	15.9574	17.9217
BLOCK02/SES021/SA021S15	SES125	-1.20791	16.7138	17.9217
BLOCK02/SES021/SA021S15	SES206	-2.15501	15.7667	17.9217
BLOCK02/SES021/SA021S15	SES226	-3.35613	14.5656	17.9217
BLOCK02/SES021/SA021S23	SES062	-3.52911	11.3281	14.8572
BLOCK02/SES021/SA021S23	SES087	-2.34367	12.5135	14.8572
BLOCK02/SES021/SA021S23	SES206	-2.50109	12.3561	14.8572
BLOCK02/SES021/SA021S23	SES226	-2.30234	12.5548	14.8572
BLOCK02/SES021/SA021S27	SES002	-1.927	14.8522	16.7792
BLOCK02/SES021/SA021S27	SES016	-4.97097	11.8083	16.7792
BLOCK02/SES021/SA021S27	SES019	-2.41979	14.3594	16.7792
BLOCK02/SES021/SA021S27	SES062	-2.48958	14.2897	16.7792
BLOCK02/SES021/SA021S29	SES087	-2.73771	14.2153	16.953
BLOCK02/SES021/SA021S29	SES125	-1.29817	15.6548	16.953
BLOCK02/SES021/SA021S29	SES206	-1.86705	15.086	16.953
BLOCK02/SES021/SA021S29	SES226	-3.00379	13.9492	16.953
BLOCK04/SES043/SA043S09	SES083	-2.31618	11.7385	14.0546
BLOCK04/SES043/SA043S09	SES101	-2.08214	11.9725	14.0546
BLOCK04/SES043/SA043S09	SES144	-1.56791	12.4867	14.0546
BLOCK04/SES043/SA043S09	SES172	-2.6989	11.3557	14.0546
BLOCK04/SES043/SA043S11	SES083	-2.00504	13.9058	15.9109
BLOCK04/SES043/SA043S11	SES101	-1.94706	13.9638	15.9109
BLOCK04/SES043/SA043S11	SES144	-1.18549	14.7254	15.9109
BLOCK04/SES043/SA043S11	SES172	-2.27922	13.6316	15.9109
BLOCK04/SES043/SA043S23	SES083	-2.7633	12.4791	15.2424
BLOCK04/SES043/SA043S23	SES144	-1.06744	14.175	15.2424
BLOCK04/SES043/SA043S23	SES177	-2.62459	12.6178	15.2424
BLOCK04/SES043/SA043S23	SES275	-1.84847	13.394	15.2424
BLOCK04/SES043/SA043S26	SES083	-3.34092	11.0634	14.4043
BLOCK04/SES043/SA043S26	SES101	-2.7191	11.6852	14.4043
BLOCK04/SES043/SA043S26	SES144	-1.26123	13.1431	14.4043
BLOCK04/SES043/SA043S26	SES177	-2.96103	11.4433	14.4043
BLOCK04/SES043/SA043S28	SES016	-3.3702	12.5807	15.9509
BLOCK04/SES043/SA043S28	SES083	-1.85709	14.0938	15.9509
BLOCK04/SES043/SA043S28	SES101	-1.61157	14.3393	15.9509
BLOCK04/SES043/SA043S28	SES144	-1.57394	14.377	15.9509
BLOCK04/SES044/SA044S10	SES127	-5.07823	6.62211	11.7003
BLOCK04/SES044/SA044S10	SES144	-1.09966	10.6007	11.7003
BLOCK04/SES044/SA044S10	SES147	-3.91279	7.78755	11.7003
BLOCK04/SES044/SA044S10	SES148	-3.79239	7.90795	11.7003
BLOCK04/SES044/SA044S11	SES101	-2.18123	11.2004	13.3817
BLOCK04/SES044/SA044S11	SES144	-0.911789	12.4699	13.3817
BLOCK04/SES044/SA044S11	SES147	-3.54428	9.83738	13.3817
BLOCK04/SES044/SA044S11	SES177	-4.25515	9.12651	13.3817
BLOCK04/SES044/SA044S24	SES007	-2.99138	11.3381	14.3295
BLOCK04/SES044/SA044S24	SES101	-1.93688	12.3926	14.3295
BLOCK04/SES044/SA044S24	SES147	-3.35883	10.9707	14.3295
BLOCK04/SES044/SA044S24	SES177	-2.9846	11.3449	14.3295
BLOCK04/SES044/SA044S26	SES007	-2.7003	11.8967	14.597
BLOCK04/SES044/SA044S26	SES016	-1.82111	12.7759	14.597
BLOCK04/SES044/SA044S26	SES101	-2.30008	12.2969	14.597
BLOCK04/SES044/SA044S26	SES147	-1.94795	12.649	14.597
BLOCK04/SES044/SA044S29	SES007	-3.45724	11.0872	14.5444
BLOCK04/SES044/SA044S29	SES101	-1.03974	13.5047	14.5444
BLOCK04/SES044/SA044S29	SES147	-3.16416	11.3802	14.5444
BLOCK04/SES044/SA044S29	SES177	-3.951	10.5934	14.5444
BLOCK04/SES046/SA046S13	SES101	-2.57548	11.8494	14.4249
BLOCK04/SES046/SA046S13	SES144	-2.07742	12.3475	14.4249
BLOCK04/SES046/SA046S13	SES147	-3.31359	11.1113	14.4249
BLOCK04/SES046/SA046S13	SES177	-3.1545	11.2704	14.4249
BLOCK04/SES046/SA046S15	SES048	-1.98795	14.0314	16.0193
BLOCK04/SES046/SA046S15	SES083	-2.03222	13.9871	16.0193
BLOCK04/SES046/SA046S15	SES120	-4.29875	11.7206	16.0193
BLOCK04/SES046/SA046S15	SES148	-3.00044	13.0189	16.0193
BLOCK04/SES046/SA046S22	SES101	-2.5866	11.9926	14.5792
BLOCK04/SES046/SA046S22	SES144	-2.23541	12.3438	14.5792
BLOCK04/SES046/SA046S22	SES147	-3.35517	11.224	14.5792
BLOCK04/SES046/SA046S22	SES172	-2.2902	12.289	14.5792
BLOCK04/SES046/SA046S25	SES083	-2.29059	11.7198	14.0104
BLOCK04/SES046/SA046S25	SES127	-2.80059	11.2098	14.0104
BLOCK04/SES046/SA046S25	SES144	-3.26985	10.7406	14.0104
BLOCK04/SES046/SA046S25	SES148	-2.88384	11.1266	14.0104
BLOCK04/SES046/SA046S28	SES007	-3.33741	10.9381	14.2755
BLOCK04/SES046/SA046S28	SES105	-3.31088	10.9646	14.2755
BLOCK04/SES046/SA046S28	SES147	-2.52274	11.7527	14.2755
BLOCK04/SES046/SA046S28	SES148	-2.69389	11.5816	14.2755
BLOCK04/SES049/SA049S16	SES104	-3.52628	10.3569	13.8831
BLOCK04/SES049/SA049S16	SES106	-2.2529	11.6302	13.8831
BLOCK04/SES049/SA049S16	SES120	-3.19738	10.6858	13.8831
BLOCK04/SES049/SA049S16	SES206	-2.30835	11.5748	13.8831
BLOCK04/SES049/SA049S18	SES099	-1.5935	11.8407	13.4342
BLOCK04/SES049/SA049S18	SES104	-3.64018	9.79402	13.4342
BLOCK04/SES049/SA049S18	SES125	-3.7952	9.63899	13.4342
BLOCK04/SES049/SA049S18	SES206	-2.72852	10.7057	13.4342
BLOCK04/SES049/SA049S25	SES087	-2.88127	11.7379	14.6191
BLOCK04/SES049/SA049S25	SES104	-1.63597	12.9832	14.6191
BLOCK04/SES049/SA049S25	SES125	-2.69304	11.9261	14.6191
BLOCK04/SES049/SA049S25	SES206	-1.4528	13.1663	14.6191
BLOCK04/SES049/SA049S27	SES099	-1.31011	12.9623	14.2724
BLOCK04/SES049/SA049S27	SES104	-1.73255	12.5399	14.2724
BLOCK04/SES049/SA049S27	SES125	-2.80856	11.4639	14.2724
BLOCK04/SES049/SA049S27	SES206	-2.48751	11.7849	14.2724
BLOCK04/SES049/SA049S29	SES099	-0.847249	14.9326	15.7798
BLOCK04/SES049/SA049S29	SES104	-1.49994	14.2799	15.7798
BLOCK04/SES049/SA049S29	SES125	-2.12487	13.6549	15.7798
BLOCK04/SES049/SA049S29	SES206	-1.06343	14.7164	15.7798
BLOCK06/SES063/SA063S09	SES068	-2.67459	13.5596	16.2342
BLOCK06/SES063/SA063S09	SES083	-1.94603	14.2882	16.2342
BLOCK06/SES063/SA063S09	SES177	-2.30318	13.931	16.2342
BLOCK06/SES063/SA063S09	SES187	-2.2525	13.9817	16.2342
BLOCK06/SES063/SA063S10	SES068	-3.13854	12.2797	15.4183
BLOCK06/SES063/SA063S10	SES083	-2.16724	13.251	15.4183
BLOCK06/SES063/SA063S10	SES172	-2.52439	12.8939	15.4183
BLOCK06/SES063/SA063S10	SES187	-2.04593	13.3723	15.4183
BLOCK06/SES063/SA063S20	SES068	-3.49497	11.8364	15.3314
BLOCK06/SES063/SA063S20	SES083	-2.63342	12.698	15.3314
BLOCK06/SES063/SA063S20	SES172	-2.25151	13.0799	15.3314
BLOCK06/SES063/SA063S20	SES187	-1.78805	13.5433	15.3314
BLOCK06/SES063/SA063S24	SES029	-4.37602	11.7219	16.098
BLOCK06/SES063/SA063S24	SES083	-2.094	14.004	16.098
BLOCK06/SES063/SA063S24	SES177	-2.54133	13.5566	16.098
BLOCK06/SES063/SA063S24	SES189	-1.97472	14.1233	16.098
BLOCK06/SES063/SA063S27	SES083	-1.70216	13.2653	14.9674
BLOCK06/SES063/SA063S27	SES172	-2.18179	12.7856	14.9674
BLOCK06/SES063/SA063S27	SES187	-2.15718	12.8102	14.9674
BLOCK06/SES063/SA063S27	SES292	-3.0102	11.9572	14.9674
BLOCK06/SES067/SA067S12	SES083	-2.73966	13.1364	15.876
BLOCK06/SES067/SA067S12	SES172	-2.37292	13.5031	15.876
BLOCK06/SES067/SA067S12	SES202	-1.90234	13.9737	15.876
BLOCK06/SES067/SA067S12	SES292	-2.52553	13.3505	15.876
BLOCK06/SES067/SA067S14	SES085	-2.75552	13.999	16.7545
BLOCK06/SES067/SA067S14	SES177	-2.56962	14.1849	16.7545
BLOCK06/SES067/SA067S14	SES183	-1.17965	15.5748	16.7545
BLOCK06/SES067/SA067S14	SES202	-1.86216	14.8923	16.7545
BLOCK06/SES067/SA067S21	SES144	-1.88409	13.5055	15.3896
BLOCK06/SES067/SA067S21	SES177	-1.79732	13.5923	15.3896
BLOCK06/SES067/SA067S21	SES183	-1.11348	14.2761	15.3896
BLOCK06/SES067/SA067S21	SES189	-1.30131	14.0883	15.3896
BLOCK06/SES067/SA067S25	SES085	-2.15341	13.6709	15.8244
BLOCK06/SES067/SA067S25	SES177	-2.2095	13.6149	15.8244
BLOCK06/SES067/SA067S25	SES183	-2.02664	13.7977	15.8244
BLOCK06/SES067/SA067S25	SES202	-2.41944	13.4049	15.8244
BLOCK06/SES067/SA067S29	SES085	-3.14923	12.9267	16.0759
BLOCK06/SES067/SA067S29	SES177	-2.66177	13.4141	16.0759
BLOCK06/SES067/SA067S29	SES183	-1.06105	15.0148	16.0759
BLOCK06/SES067/SA067S29	SES202	-1.88969	14.1862	16.0759
BLOCK06/SES069/SA069S12	SES029	-3.38077	13.0377	16.4185
BLOCK06/SES069/SA069S12	SES082	-1.06275	15.3557	16.4185
BLOCK06/SES069/SA069S12	SES087	-2.26345	14.155	16.4185
BLOCK06/SES069/SA069S12	SES206	-1.49621	14.9223	16.4185
BLOCK06/SES069/SA069S13	SES029	-4.16797	12.1312	16.2992
BLOCK06/SES069/SA069S13	SES087	-1.97816	14.321	16.2992
BLOCK06/SES069/SA069S13	SES206	-1.85845	14.4408	16.2992
BLOCK06/SES069/SA069S13	SES226	-1.49873	14.8005	16.2992
BLOCK06/SES069/SA069S23	SES029	-1.91893	16.1334	18.0523
BLOCK06/SES069/SA069S23	SES087	-1.3062	16.7461	18.0523
BLOCK06/SES069/SA069S23	SES206	-2.16507	15.8872	18.0523
BLOCK06/SES069/SA069S23	SES226	-1.18523	16.8671	18.0523
BLOCK06/SES069/SA069S25	SES087	-1.76938	14.9702	16.7396
BLOCK06/SES069/SA069S25	SES206	-3.78348	12.9561	16.7396
BLOCK06/SES069/SA069S25	SES226	-1.46015	15.2794	16.7396
BLOCK06/SES069/SA069S25	SES270	-2.67086	14.0687	16.7396
BLOCK06/SES069/SA069S27	SES087	-3.03849	13.6913	16.7298
BLOCK06/SES069/SA069S27	SES206	-2.01785	14.7119	16.7298
BLOCK06/SES069/SA069S27	SES226	-1.28706	15.4427	16.7298
BLOCK06/SES069/SA069S27	SES270	-2.40897	14.3208	16.7298
BLOCK08/SES081/SA081S11	SES060	-3.94947	10.9708	14.9203
BLOCK08/SES081/SA081S11	SES062	-3.55727	11.363	14.9203
BLOCK08/SES081/SA081S11	SES117	-4.42734	10.493	14.9203
BLOCK08/SES081/SA081S11	SES162	-3.41665	11.5037	14.9203
BLOCK08/SES081/SA081S13	SES016	-2.53297	13.9502	16.4832
BLOCK08/SES081/SA081S13	SES060	-0.907014	15.5762	16.4832
BLOCK08/SES081/SA081S13	SES068	-2.01554	14.4677	16.4832
BLOCK08/SES081/SA081S13	SES129	-2.8367	13.6465	16.4832
BLOCK08/SES081/SA081S24	SES060	-1.9797	13.5085	15.4882
BLOCK08/SES081/SA081S24	SES068	-2.40304	13.0851	15.4882
BLOCK08/SES081/SA081S24	SES117	-3.51466	11.9735	15.4882
BLOCK08/SES081/SA081S24	SES275	-2.99739	12.4908	15.4882
BLOCK08/SES081/SA081S27	SES007	-2.4549	12.1547	14.6096
BLOCK08/SES081/SA081S27	SES060	-3.6782	10.9314	14.6096
BLOCK08/SES081/SA081S27	SES117	-2.78519	11.8244	14.6096
BLOCK08/SES081/SA081S27	SES275	-3.10354	11.506	14.6096
BLOCK08/SES081/SA081S29	SES007	-2.41003	13.5087	15.9187
BLOCK08/SES081/SA081S29	SES060	-2.26759	13.6512	15.9187
BLOCK08/SES081/SA081S29	SES117	-2.69826	13.2205	15.9187
BLOCK08/SES081/SA081S29	SES275	-2.87441	13.0443	15.9187
BLOCK08/SES086/SA086S11	SES029	-6.07686	7.73121	13.8081
BLOCK08/SES086/SA086S11	SES082	-2.83278	10.9753	13.8081
BLOCK08/SES086/SA086S11	SES087	-1.50641	12.3017	13.8081
BLOCK08/SES086/SA086S11	SES206	-3.36495	10.4431	13.8081
BLOCK08/SES086/SA086S12	SES029	-3.75438	11.3578	15.1122
BLOCK08/SES086/SA086S12	SES082	-2.97908	12.1331	15.1122
BLOCK08/SES086/SA086S12	SES087	-0.412149	14.7	15.1122
BLOCK08/SES086/SA086S12	SES206	-2.29768	12.8145	15.1122
BLOCK08/SES086/SA086S20	SES029	-4.96842	11.2682	16.2366
BLOCK08/SES086/SA086S20	SES082	-3.47902	12.7576	16.2366
BLOCK08/SES086/SA086S20	SES087	-0.932551	15.304	16.2366
BLOCK08/SES086/SA086S20	SES206	-1.66083	14.5758	16.2366
BLOCK08/SES086/SA086S24	SES087	-1.45276	13.5292	14.982
BLOCK08/SES086/SA086S24	SES104	-3.33899	11.643	14.982
BLOCK08/SES086/SA086S24	SES120	-3.15659	11.8254	14.982
BLOCK08/SES086/SA086S24	SES206	-0.798695	14.1833	14.982
BLOCK08/SES086/SA086S28	SES029	-3.76182	11.8495	15.6114
BLOCK08/SES086/SA086S28	SES082	-2.89994	12.7114	15.6114
BLOCK08/SES086/SA086S28	SES087	-1.37218	14.2392	15.6114
BLOCK08/SES086/SA086S28	SES206	-1.53249	14.0789	15.6114
BLOCK08/SES089/SA089S13	SES087	-2.02578	12.4409	14.4667
BLOCK08/SES089/SA089S13	SES206	-2.66716	11.7995	14.4667
BLOCK08/SES089/SA089S13	SES226	-2.37008	12.0966	14.4667
BLOCK08/SES089/SA089S13	SES270	-3.7795	10.6872	14.4667
BLOCK08/SES089/SA089S14	SES062	-3.65438	11.3042	14.9586
BLOCK08/SES089/SA089S14	SES087	-1.574	13.3846	14.9586
BLOCK08/SES089/SA089S14	SES206	-2.60458	12.354	14.9586
BLOCK08/SES089/SA089S14	SES226	-2.25407	12.7045	14.9586
BLOCK08/SES089/SA089S23	SES087	-2.66215	10.6992	13.3613
BLOCK08/SES089/SA089S23	SES206	-3.31677	10.0445	13.3613
BLOCK08/SES089/SA089S23	SES226	-3.1506	10.2107	13.3613
BLOCK08/SES089/SA089S23	SES270	-3.10602	10.2553	13.3613
BLOCK08/SES089/SA089S25	SES062	-4.46435	10.7225	15.1869
BLOCK08/SES089/SA089S25	SES087	-1.60165	13.5852	15.1869
BLOCK08/SES089/SA089S25	SES206	-3.59777	11.5891	15.1869
BLOCK08/SES089/SA089S25	SES226	-2.4263	12.7606	15.1869
BLOCK08/SES089/SA089S28	SES062	-2.70461	12.3953	15.0999
BLOCK08/SES089/SA089S28	SES087	-1.05052	14.0494	15.0999
BLOCK08/SES089/SA089S28	SES206	-2.04132	13.0586	15.0999
BLOCK08/SES089/SA089S28	SES226	-1.8	13.2999	15.0999
BLOCK09/SES097/SA097S11	SES099	-0.589437	14.0035	14.593
BLOCK09/SES097/SA097S11	SES125	-3.2327	11.3603	14.593
BLOCK09/SES097/SA097S11	SES206	-2.26854	12.3244	14.593
BLOCK09/SES097/SA097S11	SES226	-1.28341	13.3095	14.593
BLOCK09/SES097/SA097S14	SES062	-2.90388	11.1512	14.0551
BLOCK09/SES097/SA097S14	SES099	-1.32321	12.7319	14.0551
BLOCK09/SES097/SA097S14	SES104	-2.93884	11.1163	14.0551
BLOCK09/SES097/SA097S14	SES206	-3.16629	10.8888	14.0551
BLOCK09/SES097/SA097S22	SES099	2.67029e-05	14.914	14.914
BLOCK09/SES097/SA097S22	SES206	-2.48852	12.4255	14.914
BLOCK09/SES097/SA097S22	SES226	-2.89789	12.0161	14.914
BLOCK09/SES097/SA097S22	SES270	-1.18067	13.7333	14.914
BLOCK09/SES097/SA097S26	SES099	-0.439943	14.4858	14.9257
BLOCK09/SES097/SA097S26	SES120	-2.11963	12.8061	14.9257
BLOCK09/SES097/SA097S26	SES206	-2.59523	12.3305	14.9257
BLOCK09/SES097/SA097S26	SES226	-3.15398	11.7718	14.9257
BLOCK09/SES097/SA097S28	SES099	-1.24703	13.4182	14.6652
BLOCK09/SES097/SA097S28	SES120	-2.61165	12.0536	14.6652
BLOCK09/SES097/SA097S28	SES206	-3.2115	11.4537	14.6652
BLOCK09/SES097/SA097S28	SES226	-4.05584	10.6094	14.6652
BLOCK09/SES098/SA098S11	SES127	-3.84634	10.4076	14.2539
BLOCK09/SES098/SA098S11	SES144	-2.73757	11.5164	14.2539
BLOCK09/SES098/SA098S11	SES147	-1.96301	12.2909	14.2539
BLOCK09/SES098/SA098S11	SES148	-4.49886	9.75508	14.2539
BLOCK09/SES098/SA098S12	SES127	-4.91908	8.27518	13.1943
BLOCK09/SES098/SA098S12	SES144	-3.0616	10.1327	13.1943
BLOCK09/SES098/SA098S12	SES147	-2.92305	10.2712	13.1943
BLOCK09/SES098/SA098S12	SES189	-2.66986	10.5244	13.1943
BLOCK09/SES098/SA098S20	SES127	-4.19754	9.9579	14.1554
BLOCK09/SES098/SA098S20	SES147	-2.22706	11.9284	14.1554
BLOCK09/SES098/SA098S20	SES148	-3.68652	10.4689	14.1554
BLOCK09/SES098/SA098S20	SES292	-2.7524	11.403	14.1554
BLOCK09/SES098/SA098S23	SES127	-2.77532	12.2952	15.0705
BLOCK09/SES098/SA098S23	SES147	-1.72693	13.3436	15.0705
BLOCK09/SES098/SA098S23	SES187	-2.49973	12.5708	15.0705
BLOCK09/SES098/SA098S23	SES292	-2.54224	12.5283	15.0705
BLOCK09/SES098/SA098S27	SES127	-4.4051	9.2393	13.6444
BLOCK09/SES098/SA098S27	SES147	-4.1776	9.4668	13.6444
BLOCK09/SES098/SA098S27	SES148	-4.93896	8.70544	13.6444
BLOCK09/SES098/SA098S27	SES292	-2.40018	11.2442	13.6444
BLOCK10/SES102/SA102S13	SES101	-1.6408	11.755	13.3958
BLOCK10/SES102/SA102S13	SES105	-1.90887	11.4869	13.3958
BLOCK10/SES102/SA102S13	SES120	-3.29018	10.1056	13.3958
BLOCK10/SES102/SA102S13	SES158	-4.24515	9.15063	13.3958
BLOCK10/SES102/SA102S14	SES007	-1.46245	14.6618	16.1243
BLOCK10/SES102/SA102S14	SES101	-0.882545	15.2417	16.1243
BLOCK10/SES102/SA102S14	SES105	-0.964357	15.1599	16.1243
BLOCK10/SES102/SA102S14	SES147	-4.44903	11.6752	16.1243
BLOCK10/SES102/SA102S22	SES007	-2.3235	12.897	15.2205
BLOCK10/SES102/SA102S22	SES101	-1.27521	13.9453	15.2205
BLOCK10/SES102/SA102S22	SES105	-1.08073	14.1398	15.2205
BLOCK10/SES102/SA102S22	SES158	-3.43156	11.789	15.2205
BLOCK10/SES102/SA102S25	SES007	-1.78472	14.1911	15.9758
BLOCK10/SES102/SA102S25	SES101	-1.26126	14.7146	15.9758
BLOCK10/SES102/SA102S25	SES105	-1.86388	14.112	15.9758
BLOCK10/SES102/SA102S25	SES147	-4.55035	11.4255	15.9758
BLOCK10/SES102/SA102S27	SES007	-2.02295	13.1987	15.2216
BLOCK10/SES102/SA102S27	SES101	-0.980459	14.2412	15.2216
BLOCK10/SES102/SA102S27	SES105	-1.98288	13.2387	15.2216
BLOCK10/SES102/SA102S27	SES147	-3.73645	11.4852	15.2216
BLOCK10/SES103/SA103S14	SES105	-3.30709	9.56208	12.8692
BLOCK10/SES103/SA103S14	SES106	-2.56849	10.3007	12.8692
BLOCK10/SES103/SA103S14	SES120	-3.99393	8.87525	12.8692
BLOCK10/SES103/SA103S14	SES206	-3.68642	9.18275	12.8692
BLOCK10/SES103/SA103S15	SES099	-2.54697	9.21432	11.7613
BLOCK10/SES103/SA103S15	SES101	-5.40684	6.35445	11.7613
BLOCK10/SES103/SA103S15	SES104	-3.48234	8.27895	11.7613
BLOCK10/SES103/SA103S15	SES125	-2.64592	9.11537	11.7613
BLOCK10/SES103/SA103S24	SES104	-2.79436	11.6245	14.4189
BLOCK10/SES103/SA103S24	SES125	-2.48426	11.9346	14.4189
BLOCK10/SES103/SA103S24	SES148	-3.91125	10.5076	14.4189
BLOCK10/SES103/SA103S24	SES158	-2.2235	12.1954	14.4189
BLOCK10/SES103/SA103S26	SES104	-3.45512	8.88182	12.3369
BLOCK10/SES103/SA103S26	SES106	-1.96335	10.3736	12.3369
BLOCK10/SES103/SA103S26	SES125	-2.94215	9.3948	12.3369
BLOCK10/SES103/SA103S26	SES148	-5.50154	6.83541	12.3369
BLOCK10/SES103/SA103S28	SES104	-4.07053	7.62615	11.6967
BLOCK10/SES103/SA103S28	SES106	-2.34948	9.34721	11.6967
BLOCK10/SES103/SA103S28	SES125	-3.91568	7.781	11.6967
BLOCK10/SES103/SA103S28	SES206	-4.85624	6.84044	11.6967
BLOCK12/SES121/SA121S12	SES042	-4.23094	6.56882	10.7998
BLOCK12/SES121/SA121S12	SES087	-2.76893	8.03084	10.7998
BLOCK12/SES121/SA121S12	SES105	-1.4276	9.37217	10.7998
BLOCK12/SES121/SA121S12	SES206	-3.78273	7.01703	10.7998
BLOCK12/SES121/SA121S14	SES007	-3.45984	7.63448	11.0943
BLOCK12/SES121/SA121S14	SES105	-2.71864	8.37567	11.0943
BLOCK12/SES121/SA121S14	SES106	-3.05127	8.04304	11.0943
BLOCK12/SES121/SA121S14	SES206	-3.84051	7.2538	11.0943
BLOCK12/SES121/SA121S23	SES105	-2.12745	9.00234	11.1298
BLOCK12/SES121/SA121S23	SES106	-1.47216	9.65763	11.1298
BLOCK12/SES121/SA121S23	SES120	-2.1879	8.94189	11.1298
BLOCK12/SES121/SA121S23	SES206	-2.78178	8.34801	11.1298
BLOCK12/SES121/SA121S25	SES007	-2.43286	6.68411	9.11696
BLOCK12/SES121/SA121S25	SES105	-2.57927	6.53769	9.11696
BLOCK12/SES121/SA121S25	SES106	-2.60561	6.51135	9.11696
BLOCK12/SES121/SA121S25	SES206	-3.88562	5.23134	9.11696
BLOCK12/SES121/SA121S27	SES087	-1.72913	9.60346	11.3326
BLOCK12/SES121/SA121S27	SES105	-3.85328	7.47932	11.3326
BLOCK12/SES121/SA121S27	SES120	-0.415903	10.9167	11.3326
BLOCK12/SES121/SA121S27	SES206	-2.99591	8.33668	11.3326
BLOCK12/SES124/SA124S16	SES042	-1.633	12.0676	13.7006
BLOCK12/SES124/SA124S16	SES082	-2.86064	10.84	13.7006
BLOCK12/SES124/SA124S16	SES183	-2.93245	10.7682	13.7006
BLOCK12/SES124/SA124S16	SES206	-2.85262	10.848	13.7006
BLOCK12/SES124/SA124S17	SES105	-3.21937	8.77692	11.9963
BLOCK12/SES124/SA124S17	SES149	-4.92427	7.07202	11.9963
BLOCK12/SES124/SA124S17	SES158	-4.09453	7.90176	11.9963
BLOCK12/SES124/SA124S17	SES275	-1.86777	10.1285	11.9963
BLOCK12/SES124/SA124S23	SES105	-3.56594	12.1515	15.7175
BLOCK12/SES124/SA124S23	SES125	-1.07006	14.6474	15.7175
BLOCK12/SES124/SA124S23	SES129	-3.80358	11.9139	15.7175
BLOCK12/SES124/SA124S23	SES158	-1.61049	14.107	15.7175
BLOCK12/SES124/SA124S26	SES105	-4.3066	10.6671	14.9737
BLOCK12/SES124/SA124S26	SES125	-2.1559	12.8178	14.9737
BLOCK12/SES124/SA124S26	SES129	-4.2015	10.7722	14.9737
BLOCK12/SES124/SA124S26	SES158	-2.97081	12.0029	14.9737
BLOCK12/SES124/SA124S28	SES104	-2.24739	12.3335	14.5809
BLOCK12/SES124/SA124S28	SES106	-1.67293	12.908	14.5809
BLOCK12/SES124/SA124S28	SES125	-1.01384	13.5671	14.5809
BLOCK12/SES124/SA124S28	SES275	-3.2055	11.3754	14.5809
BLOCK12/SES126/SA126S13	SES007	-2.88584	11.5387	14.4246
BLOCK12/SES126/SA126S13	SES162	-2.92617	11.4984	14.4246
BLOCK12/SES126/SA126S13	SES177	-2.29848	12.1261	14.4246
BLOCK12/SES126/SA126S13	SES180	-3.15906	11.2655	14.4246
BLOCK12/SES126/SA126S14	SES144	-2.42264	13.4202	15.8429
BLOCK12/SES126/SA126S14	SES148	-3.14052	12.7023	15.8429
BLOCK12/SES126/SA126S14	SES177	-2.10916	13.7337	15.8429
BLOCK12/SES126/SA126S14	SES180	-3.27473	12.5681	15.8429
BLOCK12/SES126/SA126S20	SES007	-2.30398	12.3751	14.679
BLOCK12/SES126/SA126S20	SES162	-2.43207	12.247	14.679
BLOCK12/SES126/SA126S20	SES172	-3.03463	11.6444	14.679
BLOCK12/SES126/SA126S20	SES180	-2.79465	11.8844	14.679
BLOCK12/SES126/SA126S24	SES120	-1.36812	14.642	16.0101
BLOCK12/SES126/SA126S24	SES162	-2.20949	13.8007	16.0101
BLOCK12/SES126/SA126S24	SES177	-1.93314	14.077	16.0101
BLOCK12/SES126/SA126S24	SES180	-1.80044	14.2097	16.0101
BLOCK12/SES126/SA126S26	SES120	-1.36048	13.7097	15.0702
BLOCK12/SES126/SA126S26	SES177	-1.84716	13.223	15.0702
BLOCK12/SES126/SA126S26	SES180	-2.54383	12.5264	15.0702
BLOCK12/SES126/SA126S26	SES202	-2.33209	12.7381	15.0702
BLOCK12/SES128/SA128S10	SES087	-3.96214	11.3406	15.3027
BLOCK12/SES128/SA128S10	SES206	-2.33541	12.9673	15.3027
BLOCK12/SES128/SA128S10	SES226	-1.58616	13.7166	15.3027
BLOCK12/SES128/SA128S10	SES270	-1.99317	13.3096	15.3027
BLOCK12/SES128/SA128S12	SES120	-2.49897	12.1003	14.5992
BLOCK12/SES128/SA128S12	SES158	-3.16253	11.4367	14.5992
BLOCK12/SES128/SA128S12	SES206	-2.89199	11.7072	14.5992
BLOCK12/SES128/SA128S12	SES226	-3.01564	11.5836	14.5992
BLOCK12/SES128/SA128S21	SES106	-4.37202	9.59001	13.962
BLOCK12/SES128/SA128S21	SES120	-3.55666	10.4054	13.962
BLOCK12/SES128/SA128S21	SES206	-3.52562	10.4364	13.962
BLOCK12/SES128/SA128S21	SES226	-3.29023	10.6718	13.962
BLOCK12/SES128/SA128S24	SES087	-3.14962	11.224	14.3737
BLOCK12/SES128/SA128S24	SES120	-2.06162	12.312	14.3737
BLOCK12/SES128/SA128S24	SES206	-2.28743	12.0862	14.3737
BLOCK12/SES128/SA128S24	SES226	-2.88772	11.4859	14.3737
BLOCK12/SES128/SA128S27	SES099	-1.33723	14.2393	15.5765
BLOCK12/SES128/SA128S27	SES120	-1.47665	14.0999	15.5765
BLOCK12/SES128/SA128S27	SES206	-2.29183	13.2847	15.5765
BLOCK12/SES128/SA128S27	SES226	-2.55245	13.024	15.5765
BLOCK13/SES130/SA130S13	SES143	-2.04116	12.5286	14.5697
BLOCK13/SES130/SA130S13	SES144	-1.60926	12.9605	14.5697
BLOCK13/SES130/SA130S13	SES146	-3.15108	11.4187	14.5697
BLOCK13/SES130/SA130S13	SES275	-3.31585	11.2539	14.5697
BLOCK13/SES130/SA130S15	SES143	-2.8273	13.2475	16.0748
BLOCK13/SES130/SA130S15	SES144	-1.35486	14.7199	16.0748
BLOCK13/SES130/SA130S15	SES146	-2.20068	13.8741	16.0748
BLOCK13/SES130/SA130S15	SES275	-2.3793	13.6955	16.0748
BLOCK13/SES130/SA130S23	SES127	-3.77982	10.5609	14.3407
BLOCK13/SES130/SA130S23	SES144	-2.62481	11.7159	14.3407
BLOCK13/SES130/SA130S23	SES146	-2.29604	12.0447	14.3407
BLOCK13/SES130/SA130S23	SES162	-2.05117	12.2896	14.3407
BLOCK13/SES130/SA130S25	SES127	-1.87463	14.1614	16.036
BLOCK13/SES130/SA130S25	SES144	-1.55216	14.4839	16.036
BLOCK13/SES130/SA130S25	SES146	-1.94609	14.0899	16.036
BLOCK13/SES130/SA130S25	SES275	-1.37666	14.6594	16.036
BLOCK13/SES130/SA130S28	SES127	-2.48261	12.6551	15.1378
BLOCK13/SES130/SA130S28	SES144	-2.33527	12.8025	15.1378
BLOCK13/SES130/SA130S28	SES146	-1.9378	13.2	15.1378
BLOCK13/SES130/SA130S28	SES275	-1.49621	13.6415	15.1378
BLOCK13/SES131/SA131S13	SES002	-3.25775	8.43732	11.6951
BLOCK13/SES131/SA131S13	SES007	-3.40405	8.29102	11.6951
BLOCK13/SES131/SA131S13	SES099	-2.53856	9.15651	11.6951
BLOCK13/SES131/SA131S13	SES105	-3.29877	8.3963	11.6951
BLOCK13/SES131/SA131S14	SES104	-1.62048	11.6968	13.3173
BLOCK13/SES131/SA131S14	SES106	-2.79137	10.5259	13.3173
BLOCK13/SES131/SA131S14	SES125	-2.59258	10.7247	13.3173
BLOCK13/SES131/SA131S14	SES148	-2.28895	11.0284	13.3173
BLOCK13/SES131/SA131S20	SES104	-4.49057	6.79254	11.2831
BLOCK13/SES131/SA131S20	SES106	-2.4624	8.82071	11.2831
BLOCK13/SES131/SA131S20	SES125	-4.10709	7.17602	11.2831
BLOCK13/SES131/SA131S20	SES148	-2.87129	8.41181	11.2831
BLOCK13/SES131/SA131S22	SES099	-2.71356	10.5874	13.3009
BLOCK13/SES131/SA131S22	SES104	-3.62795	9.67298	13.3009
BLOCK13/SES131/SA131S22	SES125	-3.38999	9.91094	13.3009
BLOCK13/SES131/SA131S22	SES206	-3.37347	9.92746	13.3009
BLOCK13/SES131/SA131S29	SES087	-3.16629	8.87846	12.0448
BLOCK13/SES131/SA131S29	SES104	-4.70886	7.33589	12.0448
BLOCK13/SES131/SA131S29	SES125	-4.54859	7.49616	12.0448
BLOCK13/SES131/SA131S29	SES206	-4.05937	7.98538	12.0448
BLOCK13/SES132/SA132S11	SES083	-3.26951	12.3947	15.6642
BLOCK13/SES132/SA132S11	SES120	-0.956562	14.7076	15.6642
BLOCK13/SES132/SA132S11	SES127	-2.47862	13.1856	15.6642
BLOCK13/SES132/SA132S11	SES275	-2.17094	13.4933	15.6642
BLOCK13/SES132/SA132S12	SES083	-3.21268	12.4821	15.6947
BLOCK13/SES132/SA132S12	SES143	-2.45035	13.2444	15.6947
BLOCK13/SES132/SA132S12	SES144	-2.59565	13.0991	15.6947
BLOCK13/SES132/SA132S12	SES148	-1.65448	14.0403	15.6947
BLOCK13/SES132/SA132S22	SES062	-1.84039	13.9964	15.8368
BLOCK13/SES132/SA132S22	SES083	-2.33384	13.503	15.8368
BLOCK13/SES132/SA132S22	SES127	-2.16573	13.6711	15.8368
BLOCK13/SES132/SA132S22	SES275	-1.68997	14.1468	15.8368
BLOCK13/SES132/SA132S24	SES007	-2.11565	14.4801	16.5957
BLOCK13/SES132/SA132S24	SES083	-3.43379	13.1619	16.5957
BLOCK13/SES132/SA132S24	SES127	-3.01461	13.5811	16.5957
BLOCK13/SES132/SA132S24	SES275	-1.95524	14.6405	16.5957
BLOCK13/SES132/SA132S27	SES083	-3.55029	11.5551	15.1054
BLOCK13/SES132/SA132S27	SES120	-0.845469	14.26	15.1054
BLOCK13/SES132/SA132S27	SES127	-3.10888	11.9965	15.1054
BLOCK13/SES132/SA132S27	SES275	-2.85315	12.2523	15.1054
BLOCK14/SES141/SA141S09	SES143	-2.29374	13.1883	15.482
BLOCK14/SES141/SA141S09	SES144	-1.62871	13.8533	15.482
BLOCK14/SES141/SA141S09	SES162	-2.59554	12.8865	15.482
BLOCK14/SES141/SA141S09	SES180	-2.73549	12.7466	15.482
BLOCK14/SES141/SA141S15	SES127	-2.45563	12.2035	14.6591
BLOCK14/SES141/SA141S15	SES144	-2.26682	12.3923	14.6591
BLOCK14/SES141/SA141S15	SES162	-2.48046	12.1787	14.6591
BLOCK14/SES141/SA141S15	SES180	-2.38744	12.2717	14.6591
BLOCK14/SES141/SA141S24	SES127	-2.29262	13.2927	15.5853
BLOCK14/SES141/SA141S24	SES144	-3.0833	12.502	15.5853
BLOCK14/SES141/SA141S24	SES162	-2.59108	12.9942	15.5853
BLOCK14/SES141/SA141S24	SES183	-2.88037	12.7049	15.5853
BLOCK14/SES141/SA141S26	SES142	-1.89759	13.3931	15.2907
BLOCK14/SES141/SA141S26	SES144	-2.62248	12.6682	15.2907
BLOCK14/SES141/SA141S26	SES172	-2.0117	13.279	15.2907
BLOCK14/SES141/SA141S26	SES180	-2.69109	12.5996	15.2907
BLOCK14/SES141/SA141S29	SES127	-1.81998	13.7821	15.6021
BLOCK14/SES141/SA141S29	SES142	-1.38122	14.2208	15.6021
BLOCK14/SES141/SA141S29	SES144	-2.27431	13.3278	15.6021
BLOCK14/SES141/SA141S29	SES180	-2.39228	13.2098	15.6021
BLOCK15/SES157/SA157S08	SES083	-3.66173	11.5251	15.1868
BLOCK15/SES157/SA157S08	SES127	-2.89597	12.2909	15.1868
BLOCK15/SES157/SA157S08	SES148	-2.79808	12.3888	15.1868
BLOCK15/SES157/SA157S08	SES292	-3.6063	11.5805	15.1868
BLOCK15/SES157/SA157S11	SES083	-3.70246	11.8897	15.5921
BLOCK15/SES157/SA157S11	SES127	-2.80283	12.7893	15.5921
BLOCK15/SES157/SA157S11	SES148	-3.38845	12.2037	15.5921
BLOCK15/SES157/SA157S11	SES292	-3.3093	12.2828	15.5921
BLOCK15/SES157/SA157S21	SES127	-2.31369	13.5464	15.8601
BLOCK15/SES157/SA157S21	SES148	-1.26323	14.5969	15.8601
BLOCK15/SES157/SA157S21	SES158	-6.52626	9.33383	15.8601
BLOCK15/SES157/SA157S21	SES292	-2.45354	13.4065	15.8601
BLOCK15/SES157/SA157S24	SES127	-2.79184	13.092	15.8838
BLOCK15/SES157/SA157S24	SES148	-2.49093	13.3929	15.8838
BLOCK15/SES157/SA157S24	SES183	-2.44977	13.4341	15.8838
BLOCK15/SES157/SA157S24	SES292	-3.24116	12.6427	15.8838
BLOCK15/SES157/SA157S26	SES007	-2.08774	13.7752	15.863
BLOCK15/SES157/SA157S26	SES127	-2.57573	13.2873	15.863
BLOCK15/SES157/SA157S26	SES147	-3.17986	12.6831	15.863
BLOCK15/SES157/SA157S26	SES148	-2.40889	13.4541	15.863
BLOCK16/SES161/SA161S10	SES007	-2.76242	10.1336	12.896
BLOCK16/SES161/SA161S10	SES105	-2.09028	10.8058	12.896
BLOCK16/SES161/SA161S10	SES158	-2.43874	10.4573	12.896
BLOCK16/SES161/SA161S10	SES275	-1.8839	11.0121	12.896
BLOCK16/SES161/SA161S12	SES007	-3.18022	9.80067	12.9809
BLOCK16/SES161/SA161S12	SES105	-3.61492	9.36597	12.9809
BLOCK16/SES161/SA161S12	SES158	-2.42395	10.5569	12.9809
BLOCK16/SES161/SA161S12	SES275	-2.03401	10.9469	12.9809
BLOCK16/SES161/SA161S20	SES007	-2.75772	9.17702	11.9347
BLOCK16/SES161/SA161S20	SES105	-3.17309	8.76165	11.9347
BLOCK16/SES161/SA161S20	SES158	-2.66604	9.2687	11.9347
BLOCK16/SES161/SA161S20	SES275	-2.51373	9.42101	11.9347
BLOCK16/SES161/SA161S23	SES007	-3.49524	9.94784	13.4431
BLOCK16/SES161/SA161S23	SES105	-2.63326	10.8098	13.4431
BLOCK16/SES161/SA161S23	SES148	-3.08422	10.3589	13.4431
BLOCK16/SES161/SA161S23	SES158	-3.25122	10.1919	13.4431
BLOCK16/SES161/SA161S28	SES007	-3.76108	10.1473	13.9084
BLOCK16/SES161/SA161S28	SES105	-3.63843	10.27	13.9084
BLOCK16/SES161/SA161S28	SES158	-2.4042	11.5042	13.9084
BLOCK16/SES161/SA161S28	SES206	-2.70026	11.2081	13.9084
BLOCK16/SES164/SA164S11	SES104	-2.41214	12.4194	14.8315
BLOCK16/SES164/SA164S11	SES125	-1.51286	13.3187	14.8315
BLOCK16/SES164/SA164S11	SES158	-1.65953	13.172	14.8315
BLOCK16/SES164/SA164S11	SES206	-3.02858	11.8029	14.8315
BLOCK16/SES164/SA164S13	SES099	-2.12527	11.7578	13.883
BLOCK16/SES164/SA164S13	SES104	-3.19727	10.6858	13.883
BLOCK16/SES164/SA164S13	SES125	-3.7902	10.0928	13.883
BLOCK16/SES164/SA164S13	SES206	-3.43791	10.4451	13.883
BLOCK16/SES164/SA164S24	SES002	-1.06638	13.1391	14.2055
BLOCK16/SES164/SA164S24	SES099	-1.81907	12.3864	14.2055
BLOCK16/SES164/SA164S24	SES125	-3.15919	11.0463	14.2055
BLOCK16/SES164/SA164S24	SES226	-1.13644	13.0691	14.2055
BLOCK16/SES164/SA164S27	SES087	-2.52228	11.3473	13.8695
BLOCK16/SES164/SA164S27	SES125	-2.71509	11.1545	13.8695
BLOCK16/SES164/SA164S27	SES206	-3.0373	10.8322	13.8695
BLOCK16/SES164/SA164S27	SES226	-2.21086	11.6587	13.8695
BLOCK16/SES164/SA164S29	SES002	-1.23547	12.3074	13.5429
BLOCK16/SES164/SA164S29	SES019	-2.89221	10.6507	13.5429
BLOCK16/SES164/SA164S29	SES125	-2.39733	11.1456	13.5429
BLOCK16/SES164/SA164S29	SES226	-2.62611	10.9168	13.5429
BLOCK16/SES169/SA169S13	SES117	-2.47302	12.3491	14.8221
BLOCK16/SES169/SA169S13	SES144	-2.27839	12.5437	14.8221
BLOCK16/SES169/SA169S13	SES146	-2.24981	12.5723	14.8221
BLOCK16/SES169/SA169S13	SES162	-1.75732	13.0648	14.8221
BLOCK16/SES169/SA169S14	SES144	-2.90069	12.9123	15.813
BLOCK16/SES169/SA169S14	SES148	-2.68476	13.1282	15.813
BLOCK16/SES169/SA169S14	SES177	-2.39598	13.417	15.813
BLOCK16/SES169/SA169S14	SES180	-2.90638	12.9066	15.813
BLOCK16/SES169/SA169S24	SES117	-2.64919	11.3538	14.003
BLOCK16/SES169/SA169S24	SES144	-2.26409	11.7389	14.003
BLOCK16/SES169/SA169S24	SES146	-1.98149	12.0215	14.003
BLOCK16/SES169/SA169S24	SES162	-1.63932	12.3636	14.003
BLOCK16/SES169/SA169S27	SES127	-2.25334	12.323	14.5764
BLOCK16/SES169/SA169S27	SES129	-2.48361	12.0928	14.5764
BLOCK16/SES169/SA169S27	SES144	-3.16479	11.4116	14.5764
BLOCK16/SES169/SA169S27	SES146	-1.29056	13.2858	14.5764
BLOCK16/SES169/SA169S29	SES144	-1.90304	13.3936	15.2966
BLOCK16/SES169/SA169S29	SES162	-1.11457	14.182	15.2966
BLOCK16/SES169/SA169S29	SES177	-3.32992	11.9667	15.2966
BLOCK16/SES169/SA169S29	SES180	-1.59065	13.7059	15.2966
BLOCK17/SES171/SA171S12	SES083	-2.42635	11.7956	14.222
BLOCK17/SES171/SA171S12	SES148	-2.99811	11.2239	14.222
BLOCK17/SES171/SA171S12	SES172	-2.6722	11.5498	14.222
BLOCK17/SES171/SA171S12	SES292	-3.11382	11.1082	14.222
BLOCK17/SES171/SA171S15	SES148	-2.99713	10.5488	13.5459
BLOCK17/SES171/SA171S15	SES177	-2.00997	11.536	13.5459
BLOCK17/SES171/SA171S15	SES180	-3.90361	9.64232	13.5459
BLOCK17/SES171/SA171S15	SES292	-2.63723	10.9087	13.5459
BLOCK17/SES171/SA171S22	SES007	-2.59097	13.0532	15.6442
BLOCK17/SES171/SA171S22	SES148	-2.74697	12.8972	15.6442
BLOCK17/SES171/SA171S22	SES177	-1.80285	13.8414	15.6442
BLOCK17/SES171/SA171S22	SES180	-3.39705	12.2472	15.6442
BLOCK17/SES171/SA171S25	SES101	-3.46398	10.7747	14.2387
BLOCK17/SES171/SA171S25	SES120	-4.25084	9.98789	14.2387
BLOCK17/SES171/SA171S25	SES177	-2.1407	12.098	14.2387
BLOCK17/SES171/SA171S25	SES180	-3.5754	10.6633	14.2387
BLOCK17/SES171/SA171S27	SES177	-1.86384	12.543	14.4069
BLOCK17/SES171/SA171S27	SES180	-3.98418	10.4227	14.4069
BLOCK17/SES171/SA171S27	SES189	-2.3175	12.0894	14.4069
BLOCK17/SES171/SA171S27	SES292	-3.20389	11.203	14.4069
BLOCK17/SES173/SA173S13	SES162	-3.73386	10.6868	14.4206
BLOCK17/SES173/SA173S13	SES177	-2.8789	11.5417	14.4206
BLOCK17/SES173/SA173S13	SES180	-4.17783	10.2428	14.4206
BLOCK17/SES173/SA173S13	SES292	-1.51848	12.9021	14.4206
BLOCK17/SES173/SA173S14	SES007	-2.79025	10.6063	13.3965
BLOCK17/SES173/SA173S14	SES162	-3.16789	10.2286	13.3965
BLOCK17/SES173/SA173S14	SES177	-2.3391	11.0574	13.3965
BLOCK17/SES173/SA173S14	SES180	-4.002	9.39452	13.3965
BLOCK17/SES173/SA173S24	SES144	-3.73577	9.76853	13.5043
BLOCK17/SES173/SA173S24	SES162	-3.05861	10.4457	13.5043
BLOCK17/SES173/SA173S24	SES177	-2.53964	10.9646	13.5043
BLOCK17/SES173/SA173S24	SES180	-3.73898	9.76532	13.5043
BLOCK17/SES173/SA173S27	SES162	-4.05158	10.2454	14.297
BLOCK17/SES173/SA173S27	SES177	-2.77589	11.5211	14.297
BLOCK17/SES173/SA173S27	SES180	-3.28889	11.0081	14.297
BLOCK17/SES173/SA173S27	SES292	-1.31101	12.986	14.297
BLOCK17/SES173/SA173S29	SES162	-3.13881	11.5203	14.6591
BLOCK17/SES173/SA173S29	SES175	-2.72696	11.9322	14.6591
BLOCK17/SES173/SA173S29	SES177	-2.27244	12.3867	14.6591
BLOCK17/SES173/SA173S29	SES292	-2.49262	12.1665	14.6591
BLOCK18/SES182/SA182S10	SES144	-2.4173	12.0953	14.5126
BLOCK18/SES182/SA182S10	SES177	-2.0086	12.504	14.5126
BLOCK18/SES182/SA182S10	SES180	-3.69281	10.8198	14.5126
BLOCK18/SES182/SA182S10	SES275	-1.18343	13.3292	14.5126
BLOCK18/SES182/SA182S12	SES144	-1.22517	13.3172	14.5424
BLOCK18/SES182/SA182S12	SES177	-1.92135	12.621	14.5424
BLOCK18/SES182/SA182S12	SES180	-2.49019	12.0522	14.5424
BLOCK18/SES182/SA182S12	SES275	-1.16971	13.3727	14.5424
BLOCK18/SES182/SA182S21	SES117	-2.41276	11.574	13.9868
BLOCK18/SES182/SA182S21	SES144	-2.31613	11.6706	13.9868
BLOCK18/SES182/SA182S21	SES162	-1.5914	12.3954	13.9868
BLOCK18/SES182/SA182S21	SES180	-3.6255	10.3613	13.9868
BLOCK18/SES182/SA182S23	SES117	-2.0972	12.5799	14.6771
BLOCK18/SES182/SA182S23	SES144	-2.77597	11.9011	14.6771
BLOCK18/SES182/SA182S23	SES180	-3.61349	11.0636	14.6771
BLOCK18/SES182/SA182S23	SES275	-1.29715	13.3799	14.6771
BLOCK18/SES182/SA182S25	SES007	-1.09748	13.3345	14.432
BLOCK18/SES182/SA182S25	SES162	-1.00795	13.424	14.432
BLOCK18/SES182/SA182S25	SES177	-2.02768	12.4043	14.432
BLOCK18/SES182/SA182S25	SES180	-2.61054	11.8214	14.432
BLOCK18/SES184/SA184S12	SES177	-2.87818	12.3984	15.2766
BLOCK18/SES184/SA184S12	SES180	-2.99271	12.2839	15.2766
BLOCK18/SES184/SA184S12	SES189	-3.60199	11.6746	15.2766
BLOCK18/SES184/SA184S12	SES292	-2.39488	12.8817	15.2766
BLOCK18/SES184/SA184S13	SES101	-3.52095	11.437	14.9579
BLOCK18/SES184/SA184S13	SES177	-2.9774	11.9805	14.9579
BLOCK18/SES184/SA184S13	SES180	-2.96874	11.9892	14.9579
BLOCK18/SES184/SA184S13	SES292	-3.22604	11.7319	14.9579
BLOCK18/SES184/SA184S22	SES177	-2.97876	13.7932	16.7719
BLOCK18/SES184/SA184S22	SES180	-3.16639	13.6055	16.7719
BLOCK18/SES184/SA184S22	SES189	-3.55902	13.2129	16.7719
BLOCK18/SES184/SA184S22	SES292	-2.98522	13.7867	16.7719
BLOCK18/SES184/SA184S25	SES101	-2.51598	14.4465	16.9625
BLOCK18/SES184/SA184S25	SES177	-3.34418	13.6183	16.9625
BLOCK18/SES184/SA184S25	SES180	-2.81775	14.1448	16.9625
BLOCK18/SES184/SA184S25	SES292	-2.43074	14.5318	16.9625
BLOCK18/SES184/SA184S27	SES083	-2.23728	12.378	14.6153
BLOCK18/SES184/SA184S27	SES177	-2.01754	12.5978	14.6153
BLOCK18/SES184/SA184S27	SES202	-2.36573	12.2496	14.6153
BLOCK18/SES184/SA184S27	SES292	-2.23434	12.381	14.6153
BLOCK20/SES204/SA204S12	SES062	-1.76299	14.4875	16.2505
BLOCK20/SES204/SA204S12	SES083	-3.79922	12.4513	16.2505
BLOCK20/SES204/SA204S12	SES206	-2.54195	13.7085	16.2505
BLOCK20/SES204/SA204S12	SES226	-4.18482	12.0657	16.2505
BLOCK20/SES204/SA204S14	SES068	-1.92419	15.4087	17.3329
BLOCK20/SES204/SA204S14	SES087	-1.11592	16.217	17.3329
BLOCK20/SES204/SA204S14	SES206	-2.11391	15.219	17.3329
BLOCK20/SES204/SA204S14	SES226	-3.98084	13.3521	17.3329
BLOCK20/SES204/SA204S22	SES068	-2.45121	14.0074	16.4586
BLOCK20/SES204/SA204S22	SES082	-4.62808	11.8305	16.4586
BLOCK20/SES204/SA204S22	SES083	-5.08273	11.3759	16.4586
BLOCK20/SES204/SA204S22	SES206	-3.07958	13.379	16.4586
BLOCK20/SES204/SA204S25	SES062	-3.02315	13.3888	16.412
BLOCK20/SES204/SA204S25	SES083	-4.30363	12.1084	16.412
BLOCK20/SES204/SA204S25	SES206	-2.21545	14.1965	16.412
BLOCK20/SES204/SA204S25	SES226	-3.83629	12.5757	16.412
BLOCK20/SES204/SA204S27	SES068	-1.89528	13.5319	15.4272
BLOCK20/SES204/SA204S27	SES082	-4.41351	11.0137	15.4272
BLOCK20/SES204/SA204S27	SES087	-2.21233	13.2149	15.4272
BLOCK20/SES204/SA204S27	SES206	-2.75559	12.6716	15.4272
BLOCK20/SES207/SA207S10	SES127	-2.72462	11.6308	14.3555
BLOCK20/SES207/SA207S10	SES183	-2.73807	11.6174	14.3555
BLOCK20/SES207/SA207S10	SES189	-2.55185	11.8036	14.3555
BLOCK20/SES207/SA207S10	SES292	-2.40733	11.9481	14.3555
BLOCK20/SES207/SA207S11	SES127	-3.32304	10.4154	13.7384
BLOCK20/SES207/SA207S11	SES183	-2.45852	11.2799	13.7384
BLOCK20/SES207/SA207S11	SES187	-3.00348	10.7349	13.7384
BLOCK20/SES207/SA207S11	SES292	-2.16752	11.5709	13.7384
BLOCK20/SES207/SA207S25	SES068	-3.45607	11.1427	14.5988
BLOCK20/SES207/SA207S25	SES083	-3.76062	10.8381	14.5988
BLOCK20/SES207/SA207S25	SES127	-2.42062	12.1781	14.5988
BLOCK20/SES207/SA207S25	SES187	-2.68154	11.9172	14.5988
BLOCK20/SES207/SA207S27	SES127	-3.66943	9.47992	13.1494
BLOCK20/SES207/SA207S27	SES183	-2.27619	10.8732	13.1494
BLOCK20/SES207/SA207S27	SES187	-2.74562	10.4037	13.1494
BLOCK20/SES207/SA207S27	SES292	-3.52713	9.62222	13.1494
BLOCK20/SES207/SA207S29	SES083	-3.48804	11.6329	15.1209
BLOCK20/SES207/SA207S29	SES085	-3.01178	12.1091	15.1209
BLOCK20/SES207/SA207S29	SES172	-2.27381	12.8471	15.1209
BLOCK20/SES207/SA207S29	SES189	-2.96059	12.1603	15.1209
BLOCK22/SES221/SA221S12	SES068	-1.2313	14.6881	15.9194
BLOCK22/SES221/SA221S12	SES143	-2.37897	13.5405	15.9194
BLOCK22/SES221/SA221S12	SES175	-1.43444	14.485	15.9194
BLOCK22/SES221/SA221S12	SES202	-2.26361	13.6558	15.9194
BLOCK22/SES221/SA221S15	SES085	-2.1388	12.3275	14.4663
BLOCK22/SES221/SA221S15	SES143	-3.62144	10.8449	14.4663
BLOCK22/SES221/SA221S15	SES175	-1.83856	12.6277	14.4663
BLOCK22/SES221/SA221S15	SES187	-3.07614	11.3902	14.4663
BLOCK22/SES221/SA221S23	SES068	-2.37101	13.0231	15.3941
BLOCK22/SES221/SA221S23	SES143	-2.78477	12.6093	15.3941
BLOCK22/SES221/SA221S23	SES175	-1.48281	13.9113	15.3941
BLOCK22/SES221/SA221S23	SES189	-1.1683	14.2258	15.3941
BLOCK22/SES221/SA221S27	SES085	-1.3036	14.2908	15.5944
BLOCK22/SES221/SA221S27	SES143	-2.29783	13.2966	15.5944
BLOCK22/SES221/SA221S27	SES175	-1.69441	13.9	15.5944
BLOCK22/SES221/SA221S27	SES189	-0.76523	14.8292	15.5944
BLOCK22/SES221/SA221S29	SES085	-1.95069	12.7045	14.6551
BLOCK22/SES221/SA221S29	SES143	-2.20592	12.4492	14.6551
BLOCK22/SES221/SA221S29	SES175	-1.65916	12.996	14.6551
BLOCK22/SES221/SA221S29	SES187	-2.80149	11.8537	14.6551
BLOCK22/SES223/SA223S11	SES143	-2.19353	10.7164	12.9099
BLOCK22/SES223/SA223S11	SES144	-4.47468	8.43525	12.9099
BLOCK22/SES223/SA223S11	SES175	-1.70098	11.2089	12.9099
BLOCK22/SES223/SA223S11	SES187	-3.33383	9.57609	12.9099
BLOCK22/SES223/SA223S13	SES068	-2.23992	10.5522	12.7922
BLOCK22/SES223/SA223S13	SES143	-3.29018	9.50199	12.7922
BLOCK22/SES223/SA223S13	SES146	-3.9169	8.87527	12.7922
BLOCK22/SES223/SA223S13	SES202	-3.20151	9.59066	12.7922
BLOCK22/SES223/SA223S22	SES143	-2.29367	11.5391	13.8328
BLOCK22/SES223/SA223S22	SES144	-3.55405	10.2787	13.8328
BLOCK22/SES223/SA223S22	SES175	-1.94337	11.8894	13.8328
BLOCK22/SES223/SA223S22	SES187	-2.17858	11.6542	13.8328
BLOCK22/SES223/SA223S25	SES068	-2.4992	12.2734	14.7725
BLOCK22/SES223/SA223S25	SES143	-2.80975	11.9628	14.7725
BLOCK22/SES223/SA223S25	SES175	-2.12547	12.6471	14.7725
BLOCK22/SES223/SA223S25	SES187	-2.60434	12.1682	14.7725
BLOCK22/SES223/SA223S27	SES143	-1.77111	11.3984	13.1695
BLOCK22/SES223/SA223S27	SES146	-2.52007	10.6494	13.1695
BLOCK22/SES223/SA223S27	SES187	-2.68632	10.4832	13.1695
BLOCK22/SES223/SA223S27	SES292	-1.7466	11.4229	13.1695
BLOCK27/SES273/SA273S12	SES099	-1.04943	16.4948	17.5443
BLOCK27/SES273/SA273S12	SES104	-2.29884	15.2454	17.5443
BLOCK27/SES273/SA273S12	SES125	-2.65246	14.8918	17.5443
BLOCK27/SES273/SA273S12	SES206	-1.33251	16.2117	17.5443
BLOCK27/SES273/SA273S13	SES099	-1.70335	15.805	17.5083
BLOCK27/SES273/SA273S13	SES104	-2.30778	15.2006	17.5083
BLOCK27/SES273/SA273S13	SES206	-1.25254	16.2558	17.5083
BLOCK27/SES273/SA273S13	SES292	-2.45669	15.0517	17.5083
BLOCK27/SES273/SA273S21	SES099	-0.875601	16.2698	17.1454
BLOCK27/SES273/SA273S21	SES148	-3.7757	13.3697	17.1454
BLOCK27/SES273/SA273S21	SES149	-2.33494	14.8105	17.1454
BLOCK27/SES273/SA273S21	SES177	-2.68729	14.4581	17.1454
BLOCK27/SES273/SA273S25	SES104	-2.22669	14.5037	16.7304
BLOCK27/SES273/SA273S25	SES125	-2.34467	14.3857	16.7304
BLOCK27/SES273/SA273S25	SES158	-1.60805	15.1224	16.7304
BLOCK27/SES273/SA273S25	SES206	-0.906148	15.8243	16.7304
BLOCK27/SES273/SA273S27	SES099	-1.28404	15.1582	16.4422
BLOCK27/SES273/SA273S27	SES104	-2.48171	13.9605	16.4422
BLOCK27/SES273/SA273S27	SES149	-1.89558	14.5466	16.4422
BLOCK27/SES273/SA273S27	SES275	-2.69915	13.7431	16.4422
BLOCK27/SES274/SA274S10	SES105	-2.71255	12.9596	15.6721
BLOCK27/SES274/SA274S10	SES125	-4.21703	11.4551	15.6721
BLOCK27/SES274/SA274S10	SES129	-0.952608	14.7195	15.6721
BLOCK27/SES274/SA274S10	SES158	-4.89087	10.7813	15.6721
BLOCK27/SES274/SA274S11	SES105	-2.1472	13.8552	16.0024
BLOCK27/SES274/SA274S11	SES149	-2.65393	13.3485	16.0024
BLOCK27/SES274/SA274S11	SES158	-3.64138	12.361	16.0024
BLOCK27/SES274/SA274S11	SES275	-1.05705	14.9454	16.0024
BLOCK27/SES274/SA274S21	SES105	-3.24442	12.6244	15.8688
BLOCK27/SES274/SA274S21	SES129	-1.34971	14.5191	15.8688
BLOCK27/SES274/SA274S21	SES149	-2.63935	13.2294	15.8688
BLOCK27/SES274/SA274S21	SES158	-6.02367	9.84513	15.8688
BLOCK27/SES274/SA274S24	SES105	-2.67717	14.14	16.8172
BLOCK27/SES274/SA274S24	SES129	-1.19896	15.6183	16.8172
BLOCK27/SES274/SA274S24	SES149	-2.68102	14.1362	16.8172
BLOCK27/SES274/SA274S24	SES158	-6.59836	10.2189	16.8172
BLOCK27/SES274/SA274S29	SES105	-2.96777	12.6173	15.5851
BLOCK27/SES274/SA274S29	SES106	-4.71509	10.87	15.5851
BLOCK27/SES274/SA274S29	SES120	-2.29638	13.2887	15.5851
BLOCK27/SES274/SA274S29	SES275	-2.01699	13.5681	15.5851
BLOCK27/SES276/SA276S16	SES148	-2.83689	12.2485	15.0854
BLOCK27/SES276/SA276S16	SES172	-2.30866	12.7768	15.0854
BLOCK27/SES276/SA276S16	SES180	-3.45983	11.6256	15.0854
BLOCK27/SES276/SA276S16	SES292	-2.0341	13.0513	15.0854
BLOCK27/SES276/SA276S17	SES101	-2.49261	13.1393	15.632
BLOCK27/SES276/SA276S17	SES177	-2.87766	12.7543	15.632
BLOCK27/SES276/SA276S17	SES180	-2.41944	13.2125	15.632
BLOCK27/SES276/SA276S17	SES292	-2.35578	13.2762	15.632
BLOCK27/SES276/SA276S24	SES101	-1.75157	14.3989	16.1504
BLOCK27/SES276/SA276S24	SES177	-1.98106	14.1694	16.1504
BLOCK27/SES276/SA276S24	SES180	-2.3778	13.7726	16.1504
BLOCK27/SES276/SA276S24	SES292	-3.20179	12.9487	16.1504
BLOCK27/SES276/SA276S26	SES101	-3.18735	13.7267	16.914
BLOCK27/SES276/SA276S26	SES177	-1.68277	15.2313	16.914
BLOCK27/SES276/SA276S26	SES180	-1.19224	15.7218	16.914
BLOCK27/SES276/SA276S26	SES292	-1.2867	15.6273	16.914
BLOCK27/SES276/SA276S28	SES101	-2.34629	13.6882	16.0345
BLOCK27/SES276/SA276S28	SES177	-3.06455	12.97	16.0345
BLOCK27/SES276/SA276S28	SES180	-1.36298	14.6715	16.0345
BLOCK27/SES276/SA276S28	SES292	-2.17675	13.8578	16.0345
BLOCK27/SES277/SA277S12	SES101	-2.31542	11.1154	13.4308
BLOCK27/SES277/SA277S12	SES177	-3.03772	10.3931	13.4308
BLOCK27/SES277/SA277S12	SES180	-3.88281	9.54801	13.4308
BLOCK27/SES277/SA277S12	SES292	-3.66112	9.7697	13.4308
BLOCK27/SES277/SA277S14	SES177	-2.36212	10.7429	13.105
BLOCK27/SES277/SA277S14	SES180	-3.63316	9.47184	13.105
BLOCK27/SES277/SA277S14	SES189	-1.17768	11.9273	13.105
BLOCK27/SES277/SA277S14	SES292	-3.37519	9.72981	13.105
BLOCK27/SES277/SA277S21	SES177	-2.25064	12.533	14.7836
BLOCK27/SES277/SA277S21	SES180	-3.29666	11.487	14.7836
BLOCK27/SES277/SA277S21	SES189	-1.259	13.5246	14.7836
BLOCK27/SES277/SA277S21	SES292	-3.46747	11.3161	14.7836
BLOCK27/SES277/SA277S24	SES144	-2.79119	10.1584	12.9496
BLOCK27/SES277/SA277S24	SES177	-2.26429	10.6853	12.9496
BLOCK27/SES277/SA277S24	SES180	-4.41909	8.53051	12.9496
BLOCK27/SES277/SA277S24	SES189	-2.12083	10.8288	12.9496
BLOCK27/SES277/SA277S29	SES177	-2.32013	13.6159	15.936
BLOCK27/SES277/SA277S29	SES180	-3.52417	12.4118	15.936
BLOCK27/SES277/SA277S29	SES202	-2.73417	13.2018	15.936
BLOCK27/SES277/SA277S29	SES292	-3.22456	12.7115	15.936
BLOCK27/SES279/SA279S09	SES120	-2.67874	12.9698	15.6485
BLOCK27/SES279/SA279S09	SES146	-2.68836	12.9601	15.6485
BLOCK27/SES279/SA279S09	SES206	-2.66994	12.9786	15.6485
BLOCK27/SES279/SA279S09	SES226	-4.06217	11.5863	15.6485
BLOCK27/SES279/SA279S10	SES099	-1.13385	14.678	15.8118
BLOCK27/SES279/SA279S10	SES206	-1.73886	14.073	15.8118
BLOCK27/SES279/SA279S10	SES226	-3.15336	12.6585	15.8118
BLOCK27/SES279/SA279S10	SES292	-1.11689	14.6949	15.8118
BLOCK27/SES279/SA279S20	SES099	-2.27619	13.3224	15.5985
BLOCK27/SES279/SA279S20	SES206	-1.06489	14.5337	15.5985
BLOCK27/SES279/SA279S20	SES226	-3.24806	12.3505	15.5985
BLOCK27/SES279/SA279S20	SES292	-1.36014	14.2384	15.5985
BLOCK27/SES279/SA279S26	SES099	-2.11941	13.5825	15.7019
BLOCK27/SES279/SA279S26	SES206	-1.35316	14.3488	15.7019
BLOCK27/SES279/SA279S26	SES226	-3.47586	12.2261	15.7019
BLOCK27/SES279/SA279S26	SES292	-1.06031	14.6416	15.7019
BLOCK27/SES279/SA279S28	SES099	-2.04849	15.4843	17.5328
BLOCK27/SES279/SA279S28	SES120	-1.87185	15.661	17.5328
BLOCK27/SES279/SA279S28	SES177	-2.70955	14.8233	17.5328
BLOCK27/SES279/SA279S28	SES206	-1.95976	15.5731	17.5328
BLOCK29/SES290/SA290S12	SES162	-1.46183	13.4616	14.9234
BLOCK29/SES290/SA290S12	SES177	-1.47738	13.446	14.9234
BLOCK29/SES290/SA290S12	SES180	-2.46418	12.4592	14.9234
BLOCK29/SES290/SA290S12	SES292	-2.00218	12.9212	14.9234
BLOCK29/SES290/SA290S13	SES007	-2.17511	13.086	15.2611
BLOCK29/SES290/SA290S13	SES162	-2.97315	12.2879	15.2611
BLOCK29/SES290/SA290S13	SES177	-1.81125	13.4498	15.2611
BLOCK29/SES290/SA290S13	SES180	-2.2202	13.0409	15.2611
BLOCK29/SES290/SA290S22	SES177	-1.75939	12.9093	14.6687
BLOCK29/SES290/SA290S22	SES180	-2.5482	12.1205	14.6687
BLOCK29/SES290/SA290S22	SES202	-2.00927	12.6594	14.6687
BLOCK29/SES290/SA290S22	SES292	-2.32968	12.339	14.6687
BLOCK29/SES290/SA290S25	SES162	-1.70183	14.0894	15.7913
BLOCK29/SES290/SA290S25	SES177	-2.12245	13.6688	15.7913
BLOCK29/SES290/SA290S25	SES180	-2.31114	13.4801	15.7913
BLOCK29/SES290/SA290S25	SES292	-1.95415	13.8371	15.7913
BLOCK29/SES290/SA290S29	SES177	-1.36608	13.5602	14.9262
BLOCK29/SES290/SA290S29	SES180	-1.94158	12.9847	14.9262
BLOCK29/SES290/SA290S29	SES275	-2.36082	12.5654	14.9262
BLOCK29/SES290/SA290S29	SES292	-1.8119	13.1143	14.9262
BLOCK29/SES291/SA291S11	SES105	-3.87284	10.3109	14.1838
BLOCK29/SES291/SA291S11	SES125	-2.15576	12.028	14.1838
BLOCK29/SES291/SA291S11	SES158	-2.05651	12.1273	14.1838
BLOCK29/SES291/SA291S11	SES275	-3.73376	10.45	14.1838
BLOCK29/SES291/SA291S12	SES158	-0.359282	14.2506	14.6099
BLOCK29/SES291/SA291S12	SES226	-3.7191	10.8908	14.6099
BLOCK29/SES291/SA291S12	SES270	-0.459595	14.1503	14.6099
BLOCK29/SES291/SA291S12	SES275	-5.29428	9.3156	14.6099
BLOCK29/SES291/SA291S22	SES082	-2.60966	12.5622	15.1719
BLOCK29/SES291/SA291S22	SES158	-1.9356	13.2363	15.1719
BLOCK29/SES291/SA291S22	SES259	-3.6045	11.5674	15.1719
BLOCK29/SES291/SA291S22	SES275	-4.15353	11.0183	15.1719
BLOCK29/SES291/SA291S24	SES104	-1.14041	15.3726	16.513
BLOCK29/SES291/SA291S24	SES125	-1.92486	14.5881	16.513
BLOCK29/SES291/SA291S24	SES158	-1.48593	15.0271	16.513
BLOCK29/SES291/SA291S24	SES275	-4.78583	11.7272	16.513
BLOCK29/SES291/SA291S27	SES158	-0.545716	15.2792	15.8249
BLOCK29/SES291/SA291S27	SES172	-5.15641	10.6685	15.8249
BLOCK29/SES291/SA291S27	SES275	-4.70045	11.1245	15.8249
BLOCK29/SES291/SA291S27	SES292	-2.69286	13.132	15.8249
