BLOCK00/SES002/SA002S12	SES002	0.691942	-7.23719	-7.92913
BLOCK00/SES002/SA002S13	SES002	1.27747	-7.34392	-8.62139
BLOCK00/SES002/SA002S23	SES002	0.43708	-7.55585	-7.99293
BLOCK00/SES002/SA002S26	SES002	0.141778	-8.68705	-8.82883
BLOCK00/SES002/SA002S28	SES002	0.242655	-7.70412	-7.94677
BLOCK00/SES007/SA007S14	SES007	0.496694	-5.95376	-6.45046
BLOCK00/SES007/SA007S15	SES007	0.078989	-6.96411	-7.0431
BLOCK00/SES007/SA007S24	SES007	0.14378	-6.61521	-6.75899
BLOCK00/SES007/SA007S27	SES007	-0.226375	-8.02558	-7.79921
BLOCK00/SES007/SA007S29	SES007	-0.191565	-6.79649	-6.60493
BLOCK00/SES008/SA008S11	SES008	0.927604	-6.37394	-7.30154
BLOCK00/SES008/SA008S12	SES008	-0.0628014	-7.25147	-7.18867
BLOCK00/SES008/SA008S19	SES008	0.923787	-6.62239	-7.54617
BLOCK00/SES008/SA008S22	SES008	0.28828	-7.39144	-7.67972
BLOCK00/SES008/SA008S29	SES008	0.935549	-6.34452	-7.28007
BLOCK01/SES014/SA014S10	SES014	0.663694	-6.95862	-7.62232
BLOCK01/SES014/SA014S12	SES014	1.16784	-6.36502	-7.53286
BLOCK01/SES014/SA014S24	SES014	1.26971	-7.12634	-8.39605
BLOCK01/SES014/SA014S26	SES014	1.53646	-5.91795	-7.45441
BLOCK01/SES014/SA014S28	SES014	1.96446	-5.45853	-7.42299
BLOCK01/SES016/SA016S12	SES016	0.939538	-8.331	-9.27054
BLOCK01/SES016/SA016S13	SES016	0.447618	-6.85698	-7.3046
BLOCK01/SES016/SA016S22	SES016	0.672945	-6.51939	-7.19233
BLOCK01/SES016/SA016S25	SES016	0.905729	-5.19798	-6.10371
BLOCK01/SES016/SA016S27	SES016	0.83117	-6.12327	-6.95444
BLOCK01/SES019/SA019S13	SES019	2.74619	-5.88142	-8.62761
BLOCK01/SES019/SA019S14	SES019	0.878486	-7.84408	-8.72257
BLOCK01/SES019/SA019S22	SES019	2.02021	-6.37878	-8.39899
BLOCK01/SES019/SA019S25	SES019	1.7691	-6.81364	-8.58274
BLOCK01/SES019/SA019S29	SES019	3.05437	-6.51007	-9.56444
BLOCK02/SES029/SA029S11	SES029	0.320786	-6.01482	-6.3356
BLOCK02/SES029/SA029S12	SES029	-0.204446	-6.73274	-6.52829
BLOCK02/SES029/SA029S20	SES029	-0.0732937	-6.42285	-6.34955
BLOCK02/SES029/SA029S25	SES029	0.0511007	-6.90426	-6.95536
BLOCK02/SES029/SA029S28	SES029	-0.178714	-6.58883	-6.41011
BLOCK04/SES042/SA042S12	SES042	nan	nan	-7.35474
BLOCK04/SES042/SA042S15	SES042	nan	nan	-6.81844
BLOCK04/SES042/SA042S22	SES042	nan	nan	-8.28475
BLOCK04/SES042/SA042S25	SES042	nan	nan	-8.79181
BLOCK04/SES042/SA042S27	SES042	nan	nan	-8.02695
BLOCK04/SES048/SA048S11	SES048	0.434628	-5.93028	-6.36491
BLOCK04/SES048/SA048S12	SES048	0.051475	-7.50947	-7.56095
BLOCK04/SES048/SA048S20	SES048	0.0947762	-6.20786	-6.30263
BLOCK04/SES048/SA048S23	SES048	0.840249	-6.26676	-7.10701
BLOCK04/SES048/SA048S27	SES048	0.0104022	-7.19851	-7.20891
BLOCK06/SES060/SA060S11	SES060	0.74311	-6.46365	-7.20676
BLOCK06/SES060/SA060S12	SES060	0.403928	-7.45726	-7.86119
BLOCK06/SES060/SA060S22	SES060	-1.41791	-9.17542	-7.75751
BLOCK06/SES060/SA060S24	SES060	0.811244	-5.59714	-6.40839
BLOCK06/SES060/SA060S28	SES060	0.572053	-5.54574	-6.11779
BLOCK06/SES062/SA062S10	SES062	-0.294129	-6.99782	-6.70369
BLOCK06/SES062/SA062S11	SES062	-0.164793	-7.92474	-7.75994
BLOCK06/SES062/SA062S21	SES062	0.383484	-5.1555	-5.53899
BLOCK06/SES062/SA062S26	SES062	0.409933	-6.80958	-7.21952
BLOCK06/SES062/SA062S29	SES062	0.392004	-6.14201	-6.53401
BLOCK06/SES068/SA068S14	SES068	0.0861058	-7.18243	-7.26854
BLOCK06/SES068/SA068S15	SES068	0.630962	-6.65151	-7.28247
BLOCK06/SES068/SA068S23	SES068	0.212023	-7.17847	-7.3905
BLOCK06/SES068/SA068S27	SES068	1.30999	-5.95368	-7.26367
BLOCK06/SES068/SA068S29	SES068	0.356323	-6.97174	-7.32807
BLOCK08/SES082/SA082S12	SES082	-0.338266	-8.34159	-8.00333
BLOCK08/SES082/SA082S14	SES082	-0.123294	-8.00342	-7.88012
BLOCK08/SES082/SA082S21	SES082	0.41573	-6.90745	-7.32318
BLOCK08/SES082/SA082S24	SES082	-0.26146	-8.03224	-7.77078
BLOCK08/SES082/SA082S28	SES082	0.161264	-7.65594	-7.81721
BLOCK08/SES083/SA083S14	SES083	0.00593424	-6.74947	-6.75541
BLOCK08/SES083/SA083S15	SES083	0.184903	-6.77386	-6.95876
BLOCK08/SES083/SA083S24	SES083	0.149102	-7.09702	-7.24612
BLOCK08/SES083/SA083S26	SES083	0.233397	-7.83939	-8.07279
BLOCK08/SES083/SA083S29	SES083	-0.104803	-7.5574	-7.4526
BLOCK08/SES085/SA085S10	SES085	0.818556	-5.86734	-6.6859
BLOCK08/SES085/SA085S13	SES085	-0.537559	-8.08816	-7.5506
BLOCK08/SES085/SA085S22	SES085	0.573338	-6.46105	-7.03439
BLOCK08/SES085/SA085S26	SES085	-0.655712	-7.63317	-6.97745
BLOCK08/SES085/SA085S28	SES085	0.257414	-7.07788	-7.33529
BLOCK08/SES087/SA087S15	SES087	0.658849	-7.73917	-8.39802
BLOCK08/SES087/SA087S16	SES087	1.20597	-7.24154	-8.44751
BLOCK08/SES087/SA087S24	SES087	1.03761	-7.25167	-8.28928
BLOCK08/SES087/SA087S26	SES087	0.919605	-6.31443	-7.23403
BLOCK08/SES087/SA087S29	SES087	1.28224	-6.35366	-7.63589
BLOCK09/SES099/SA099S15	SES099	0.652157	-7.56161	-8.21377
BLOCK09/SES099/SA099S16	SES099	0.888644	-6.93166	-7.8203
BLOCK09/SES099/SA099S24	SES099	0.988232	-7.26586	-8.2541
BLOCK09/SES099/SA099S26	SES099	0.903909	-6.64595	-7.54986
BLOCK09/SES099/SA099S29	SES099	0.347596	-7.80307	-8.15066
BLOCK10/SES101/SA101S11	SES101	0.384721	-6.05945	-6.44418
BLOCK10/SES101/SA101S13	SES101	0.224699	-5.21134	-5.43604
BLOCK10/SES101/SA101S22	SES101	0.435307	-7.4297	-7.86501
BLOCK10/SES101/SA101S24	SES101	0.772215	-6.1589	-6.93111
BLOCK10/SES101/SA101S28	SES101	0.348967	-6.82182	-7.17079
BLOCK10/SES104/SA104S11	SES104	0.349405	-6.53229	-6.8817
BLOCK10/SES104/SA104S12	SES104	0.405241	-7.1496	-7.55484
BLOCK10/SES104/SA104S21	SES104	0.310436	-7.53831	-7.84875
BLOCK10/SES104/SA104S24	SES104	-0.263264	-7.9199	-7.65663
BLOCK10/SES104/SA104S28	SES104	1.10838	-6.66617	-7.77455
BLOCK10/SES105/SA105S12	SES105	0.460741	-7.46102	-7.92176
BLOCK10/SES105/SA105S13	SES105	0.0144439	-7.13358	-7.14802
BLOCK10/SES105/SA105S22	SES105	0.56208	-7.79711	-8.35919
BLOCK10/SES105/SA105S26	SES105	0.63782	-7.39464	-8.03246
BLOCK10/SES105/SA105S29	SES105	0.821424	-5.97616	-6.79759
BLOCK10/SES106/SA106S09	SES106	0.812336	-7.41489	-8.22723
BLOCK10/SES106/SA106S11	SES106	0.684391	-6.59196	-7.27635
BLOCK10/SES106/SA106S22	SES106	1.18597	-7.22774	-8.4137
BLOCK10/SES106/SA106S27	SES106	0.337436	-6.87889	-7.21633
BLOCK10/SES106/SA106S29	SES106	0.721406	-6.20646	-6.92787
BLOCK11/SES117/SA117S12	SES117	0.255506	-7.52897	-7.78448
BLOCK11/SES117/SA117S13	SES117	-0.200541	-7.9777	-7.77716
BLOCK11/SES117/SA117S23	SES117	0.453937	-8.22699	-8.68093
BLOCK11/SES117/SA117S25	SES117	0.608523	-7.39772	-8.00624
BLOCK11/SES117/SA117S28	SES117	0.879148	-7.30753	-8.18667
BLOCK12/SES120/SA120S08	SES120	0.380148	-7.4123	-7.79245
BLOCK12/SES120/SA120S11	SES120	-0.0945244	-10.1211	-10.0266
BLOCK12/SES120/SA120S22	SES120	-0.0412831	-6.84636	-6.80508
BLOCK12/SES120/SA120S24	SES120	-0.416005	-8.16683	-7.75083
BLOCK12/SES120/SA120S28	SES120	-0.236051	-8.04831	-7.81226
BLOCK12/SES125/SA125S13	SES125	0.936234	-6.87037	-7.80661
BLOCK12/SES125/SA125S14	SES125	0.623974	-7.3296	-7.95357
BLOCK12/SES125/SA125S25	SES125	0.821587	-7.43376	-8.25535
BLOCK12/SES125/SA125S27	SES125	0.776627	-6.59354	-7.37017
BLOCK12/SES125/SA125S29	SES125	0.26479	-7.05904	-7.32383
BLOCK12/SES127/SA127S11	SES127	-0.0197291	-7.59516	-7.57544
BLOCK12/SES127/SA127S12	SES127	0.384895	-5.59663	-5.98153
BLOCK12/SES127/SA127S23	SES127	0.0240936	-6.50942	-6.53351
BLOCK12/SES127/SA127S25	SES127	0.144545	-6.46435	-6.60889
BLOCK12/SES127/SA127S27	SES127	0.526308	-6.59889	-7.12519
BLOCK12/SES129/SA129S11	SES129	0.960692	-5.76802	-6.72872
BLOCK12/SES129/SA129S12	SES129	0.396692	-5.84101	-6.23771
BLOCK12/SES129/SA129S22	SES129	0.786973	-6.54524	-7.33221
BLOCK12/SES129/SA129S27	SES129	1.04538	-6.26745	-7.31282
BLOCK12/SES129/SA129S29	SES129	0.218272	-7.76841	-7.98669
BLOCK14/SES142/SA142S11	SES142	0.484805	-6.26802	-6.75282
BLOCK14/SES142/SA142S12	SES142	0.248937	-7.28694	-7.53587
BLOCK14/SES142/SA142S24	SES142	0.820651	-6.31453	-7.13518
BLOCK14/SES142/SA142S27	SES142	0.774301	-6.18926	-6.96356
BLOCK14/SES142/SA142S29	SES142	0.972891	-5.92805	-6.90094
BLOCK14/SES143/SA143S12	SES143	0.563697	-6.75481	-7.3185
BLOCK14/SES143/SA143S13	SES143	0.2077	-7.11888	-7.32658
BLOCK14/SES143/SA143S23	SES143	-0.0328994	-6.9699	-6.937
BLOCK14/SES143/SA143S25	SES143	0.105036	-7.19621	-7.30125
BLOCK14/SES143/SA143S28	SES143	0.337019	-6.87618	-7.2132
BLOCK14/SES144/SA144S09	SES144	0.336998	-7.10032	-7.43732
BLOCK14/SES144/SA144S11	SES144	-0.0487542	-7.03891	-6.99016
BLOCK14/SES144/SA144S21	SES144	-0.460929	-7.77942	-7.31849
BLOCK14/SES144/SA144S25	SES144	0.499538	-7.34691	-7.84644
BLOCK14/SES144/SA144S29	SES144	-0.754577	-8.19664	-7.44207
BLOCK14/SES146/SA146S14	SES146	0.129434	-7.56515	-7.69459
BLOCK14/SES146/SA146S15	SES146	-0.289393	-7.78991	-7.50052
BLOCK14/SES146/SA146S24	SES146	0.247671	-7.22946	-7.47713
BLOCK14/SES146/SA146S26	SES146	0.300501	-7.19903	-7.49953
BLOCK14/SES146/SA146S29	SES146	0.126677	-7.77199	-7.89867
BLOCK14/SES147/SA147S11	SES147	0.0942416	-7.06521	-7.15945
BLOCK14/SES147/SA147S13	SES147	0.220378	-6.24824	-6.46862
BLOCK14/SES147/SA147S23	SES147	0.0276031	-7.36882	-7.39643
BLOCK14/SES147/SA147S26	SES147	0.664602	-6.88981	-7.55441
BLOCK14/SES147/SA147S28	SES147	0.769203	-6.33333	-7.10253
BLOCK14/SES148/SA148S10	SES148	0.353229	-6.42974	-6.78297
BLOCK14/SES148/SA148S12	SES148	-0.278336	-7.76837	-7.49003
BLOCK14/SES148/SA148S22	SES148	0.386809	-6.45014	-6.83695
BLOCK14/SES148/SA148S26	SES148	-0.191724	-6.17583	-5.98411
BLOCK14/SES148/SA148S29	SES148	0.468518	-7.03016	-7.49868
BLOCK14/SES149/SA149S13	SES149	-0.420525	-7.06701	-6.64649
BLOCK14/SES149/SA149S14	SES149	-0.100412	-6.27726	-6.17685
BLOCK14/SES149/SA149S24	SES149	0.522258	-6.53654	-7.05879
BLOCK14/SES149/SA149S26	SES149	0.321366	-5.85199	-6.17335
BLOCK14/SES149/SA149S28	SES149	0.894414	-5.07861	-5.97302
BLOCK15/SES158/SA158S13	SES158	0.829986	-6.63792	-7.4679
BLOCK15/SES158/SA158S14	SES158	0.416241	-7.92468	-8.34092
BLOCK15/SES158/SA158S23	SES158	0.543199	-6.11658	-6.65978
BLOCK15/SES158/SA158S26	SES158	1.40633	-6.99253	-8.39886
BLOCK15/SES158/SA158S28	SES158	0.0719709	-7.68003	-7.752
BLOCK16/SES162/SA162S10	SES162	0.167645	-8.0771	-8.24475
BLOCK16/SES162/SA162S11	SES162	0.365294	-6.19858	-6.56388
BLOCK16/SES162/SA162S21	SES162	0.697724	-6.66178	-7.3595
BLOCK16/SES162/SA162S24	SES162	0.206614	-6.92654	-7.13315
BLOCK16/SES162/SA162S27	SES162	0.743508	-7.68511	-8.42862
BLOCK16/SES167/SA167S14	SES167	0.651677	-6.18448	-6.83616
BLOCK16/SES167/SA167S15	SES167	0.930481	-5.99777	-6.92826
BLOCK16/SES167/SA167S21	SES167	0.860731	-5.85244	-6.71317
BLOCK16/SES167/SA167S25	SES167	1.45943	-6.31542	-7.77485
BLOCK16/SES167/SA167S29	SES167	1.34592	-5.4812	-6.82712
BLOCK17/SES172/SA172S12	SES172	0.645105	-7.52066	-8.16577
BLOCK17/SES172/SA172S13	SES172	0.925498	-7.33446	-8.25996
BLOCK17/SES172/SA172S23	SES172	0.722936	-6.55354	-7.27647
BLOCK17/SES172/SA172S27	SES172	0.548427	-8.0074	-8.55583
BLOCK17/SES172/SA172S29	SES172	0.978168	-6.8601	-7.83827
BLOCK17/SES175/SA175S11	SES175	0.0883093	-7.08255	-7.17086
BLOCK17/SES175/SA175S13	SES175	0.208812	-5.23749	-5.4463
BLOCK17/SES175/SA175S23	SES175	0.353319	-6.14533	-6.49865
BLOCK17/SES175/SA175S25	SES175	-0.326973	-8.12557	-7.7986
BLOCK17/SES175/SA175S28	SES175	-0.0525675	-6.52316	-6.47059
BLOCK17/SES177/SA177S15	SES177	0.194276	-7.8334	-8.02767
BLOCK17/SES177/SA177S17	SES177	0.201453	-7.45854	-7.65999
BLOCK17/SES177/SA177S23	SES177	-0.230997	-8.01442	-7.78342
BLOCK17/SES177/SA177S26	SES177	0.324167	-5.46431	-5.78848
BLOCK17/SES177/SA177S28	SES177	0.498453	-7.32976	-7.82822
BLOCK18/SES180/SA180S13	SES180	-0.241213	-8.15459	-7.91338
BLOCK18/SES180/SA180S15	SES180	-0.368263	-7.39837	-7.03011
BLOCK18/SES180/SA180S24	SES180	0.0346255	-6.19452	-6.22915
BLOCK18/SES180/SA180S26	SES180	0.321878	-6.40642	-6.7283
BLOCK18/SES180/SA180S29	SES180	-0.346152	-7.80425	-7.4581
BLOCK18/SES183/SA183S13	SES183	0.828869	-6.71756	-7.54643
BLOCK18/SES183/SA183S14	SES183	-0.158488	-7.11422	-6.95573
BLOCK18/SES183/SA183S24	SES183	0.737569	-7.26535	-8.00291
BLOCK18/SES183/SA183S27	SES183	0.803794	-7.63019	-8.43399
BLOCK18/SES183/SA183S29	SES183	0.867692	-6.6121	-7.4798
BLOCK18/SES187/SA187S13	SES187	0.165781	-8.31317	-8.47895
BLOCK18/SES187/SA187S14	SES187	0.0767894	-7.89426	-7.97105
BLOCK18/SES187/SA187S24	SES187	0.624317	-7.62862	-8.25294
BLOCK18/SES187/SA187S27	SES187	0.0324411	-7.96723	-7.99967
BLOCK18/SES187/SA187S29	SES187	-0.0807457	-8.45041	-8.36967
BLOCK18/SES189/SA189S10	SES189	0.934735	-7.4718	-8.40654
BLOCK18/SES189/SA189S13	SES189	0.698609	-8.21641	-8.91502
BLOCK18/SES189/SA189S24	SES189	0.614283	-6.44604	-7.06032
BLOCK18/SES189/SA189S26	SES189	0.930896	-6.62683	-7.55772
BLOCK18/SES189/SA189S29	SES189	0.783241	-6.50471	-7.28795
BLOCK20/SES202/SA202S12	SES202	0.295019	-7.12052	-7.41554
BLOCK20/SES202/SA202S14	SES202	0.580949	-6.87434	-7.45529
BLOCK20/SES202/SA202S24	SES202	-0.152034	-8.0607	-7.90866
BLOCK20/SES202/SA202S27	SES202	0.437846	-6.48379	-6.92164
BLOCK20/SES202/SA202S29	SES202	0.612761	-6.6038	-7.21656
BLOCK20/SES206/SA206S15	SES206	-0.652351	-7.16394	-6.51159
BLOCK20/SES206/SA206S17	SES206	0.308251	-7.45477	-7.76302
BLOCK20/SES206/SA206S24	SES206	1.19318	-5.58757	-6.78075
BLOCK20/SES206/SA206S27	SES206	0.829256	-7.23791	-8.06716
BLOCK20/SES206/SA206S29	SES206	0.683683	-5.94137	-6.62505
BLOCK22/SES226/SA226S12	SES226	0.521603	-7.43382	-7.95542
BLOCK22/SES226/SA226S13	SES226	-0.454402	-8.29571	-7.84131
BLOCK22/SES226/SA226S20	SES226	0.701089	-7.21199	-7.91308
BLOCK22/SES226/SA226S23	SES226	0.786633	-6.4814	-7.26803
BLOCK22/SES226/SA226S28	SES226	1.10673	-6.48543	-7.59217
BLOCK25/SES259/SA259S13	SES259	1.80672	-6.18345	-7.99017
BLOCK25/SES259/SA259S14	SES259	0.888977	-6.37903	-7.26801
BLOCK25/SES259/SA259S22	SES259	1.3084	-5.93309	-7.2415
BLOCK25/SES259/SA259S24	SES259	0.973428	-6.70815	-7.68158
BLOCK25/SES259/SA259S28	SES259	0.827731	-6.52125	-7.34898
BLOCK27/SES270/SA270S14	SES270	1.56709	-6.97197	-8.53906
BLOCK27/SES270/SA270S16	SES270	0.153558	-7.07442	-7.22797
BLOCK27/SES270/SA270S22	SES270	2.17801	-6.00532	-8.18333
BLOCK27/SES270/SA270S26	SES270	0.687584	-7.38927	-8.07686
BLOCK27/SES270/SA270S28	SES270	0.96508	-6.92708	-7.89216
BLOCK27/SES275/SA275S17	SES275	0.349982	-6.68089	-7.03088
BLOCK27/SES275/SA275S18	SES275	0.0149565	-6.95455	-6.9695
BLOCK27/SES275/SA275S24	SES275	0.241948	-7.37431	-7.61626
BLOCK27/SES275/SA275S26	SES275	0.385075	-6.84971	-7.23478
BLOCK27/SES275/SA275S28	SES275	0.304575	-6.90148	-7.20605
BLOCK29/SES292/SA292S10	SES292	-0.572908	-6.90216	-6.32925
BLOCK29/SES292/SA292S12	SES292	0.0621781	-7.93141	-7.99359
BLOCK29/SES292/SA292S22	SES292	-0.0792856	-7.38512	-7.30583
BLOCK29/SES292/SA292S24	SES292	-0.0238771	-7.19022	-7.16635
BLOCK29/SES292/SA292S27	SES292	-0.372416	-7.06028	-6.68786
BLOCK00/SES001/SA001S14	SES062	-2.30497	-10.1976	-7.89265
BLOCK00/SES001/SA001S14	SES082	-0.803032	-8.69569	-7.89265
BLOCK00/SES001/SA001S14	SES106	-1.47854	-9.3712	-7.89265
BLOCK00/SES001/SA001S14	SES206	-2.02156	-9.91421	-7.89265
BLOCK00/SES001/SA001S15	SES062	-1.32249	-8.61283	-7.29035
BLOCK00/SES001/SA001S15	SES104	-1.32812	-8.61846	-7.29035
BLOCK00/SES001/SA001S15	SES106	-1.59679	-8.88714	-7.29035
BLOCK00/SES001/SA001S15	SES206	-1.8435	-9.13385	-7.29035
BLOCK00/SES001/SA001S24	SES062	-1.04483	-8.31595	-7.27112
BLOCK00/SES001/SA001S24	SES082	-1.13002	-8.40114	-7.27112
BLOCK00/SES001/SA001S24	SES087	-0.996628	-8.26775	-7.27112
BLOCK00/SES001/SA001S24	SES206	-0.523555	-7.79467	-7.27112
BLOCK00/SES001/SA001S27	SES062	-0.992517	-6.78744	-5.79493
BLOCK00/SES001/SA001S27	SES082	-0.993971	-6.7889	-5.79493
BLOCK00/SES001/SA001S27	SES087	-1.11804	-6.91296	-5.79493
BLOCK00/SES001/SA001S27	SES206	-1.5284	-7.32332	-5.79493
BLOCK00/SES001/SA001S29	SES062	-1.68207	-9.30851	-7.62643
BLOCK00/SES001/SA001S29	SES082	-0.791417	-8.41785	-7.62643
BLOCK00/SES001/SA001S29	SES158	-0.811015	-8.43745	-7.62643
BLOCK00/SES001/SA001S29	SES206	-1.5	-9.12643	-7.62643
BLOCK00/SES003/SA003S11	SES002	-0.56079	-8.48372	-7.92293
BLOCK00/SES003/SA003S11	SES019	-1.61319	-9.53612	-7.92293
BLOCK00/SES003/SA003S11	SES082	-0.533005	-8.45594	-7.92293
BLOCK00/SES003/SA003S11	SES125	-1.09251	-9.01545	-7.92293
BLOCK00/SES003/SA003S15	SES016	-1.52425	-8.351	-6.82675
BLOCK00/SES003/SA003S15	SES019	-4.29684	-11.1236	-6.82675
BLOCK00/SES003/SA003S15	SES062	-0.367688	-7.19444	-6.82675
BLOCK00/SES003/SA003S15	SES206	-1.11009	-7.93684	-6.82675
BLOCK00/SES003/SA003S22	SES002	-0.722807	-7.92051	-7.19771
BLOCK00/SES003/SA003S22	SES062	-0.279753	-7.47746	-7.19771
BLOCK00/SES003/SA003S22	SES082	-0.523935	-7.72164	-7.19771
BLOCK00/SES003/SA003S22	SES087	-0.617787	-7.81549	-7.19771
BLOCK00/SES003/SA003S25	SES062	-2.05751	-10.9539	-8.89636
BLOCK00/SES003/SA003S25	SES082	-1.47021	-10.3666	-8.89636
BLOCK00/SES003/SA003S25	SES087	-1.14144	-10.0378	-8.89636
BLOCK00/SES003/SA003S25	SES206	-1.04623	-9.94258	-8.89636
BLOCK00/SES003/SA003S29	SES002	-1.16535	-9.24118	-8.07584
BLOCK00/SES003/SA003S29	SES062	-2.48383	-10.5597	-8.07584
BLOCK00/SES003/SA003S29	SES082	-1.34604	-9.42188	-8.07584
BLOCK00/SES003/SA003S29	SES087	-1.96073	-10.0366	-8.07584
BLOCK00/SES004/SA004S12	SES083	-1.47335	-8.08708	-6.61373
BLOCK00/SES004/SA004S12	SES148	-0.838006	-7.45174	-6.61373
BLOCK00/SES004/SA004S12	SES172	-0.132279	-6.74601	-6.61373
BLOCK00/SES004/SA004S12	SES292	-1.20973	-7.82346	-6.61373
BLOCK00/SES004/SA004S17	SES083	-1.23144	-8.09418	-6.86274
BLOCK00/SES004/SA004S17	SES162	-1.1559	-8.01864	-6.86274
BLOCK00/SES004/SA004S17	SES172	-0.694283	-7.55703	-6.86274
BLOCK00/SES004/SA004S17	SES292	-1.41395	-8.27669	-6.86274
BLOCK00/SES004/SA004S24	SES083	-1.32193	-7.77944	-6.45751
BLOCK00/SES004/SA004S24	SES148	-1.58411	-8.04162	-6.45751
BLOCK00/SES004/SA004S24	SES172	-0.361071	-6.81858	-6.45751
BLOCK00/SES004/SA004S24	SES292	-0.99283	-7.45034	-6.45751
BLOCK00/SES004/SA004S26	SES083	-1.95269	-8.97967	-7.02698
BLOCK00/SES004/SA004S26	SES127	-1.1784	-8.20538	-7.02698
BLOCK00/SES004/SA004S26	SES148	-2.68901	-9.71599	-7.02698
BLOCK00/SES004/SA004S26	SES292	-2.03812	-9.0651	-7.02698
BLOCK00/SES004/SA004S28	SES083	-1.35144	-7.84832	-6.49688
BLOCK00/SES004/SA004S28	SES127	-0.617412	-7.11429	-6.49688
BLOCK00/SES004/SA004S28	SES187	-0.393486	-6.89036	-6.49688
BLOCK00/SES004/SA004S28	SES292	-1.65213	-8.14901	-6.49688
BLOCK00/SES006/SA006S10	SES014	-1.75272	-10.8736	-9.12087
BLOCK00/SES006/SA006S10	SES158	-1.78494	-10.9058	-9.12087
BLOCK00/SES006/SA006S10	SES226	-2.88119	-12.0021	-9.12087
BLOCK00/SES006/SA006S10	SES270	-0.097868	-9.21874	-9.12087
BLOCK00/SES006/SA006S11	SES158	-2.11086	-10.7577	-8.64682
BLOCK00/SES006/SA006S11	SES226	-1.80023	-10.4471	-8.64682
BLOCK00/SES006/SA006S11	SES270	-0.158644	-8.80547	-8.64682
BLOCK00/SES006/SA006S11	SES275	-1.78147	-10.4283	-8.64682
BLOCK00/SES006/SA006S23	SES062	-4.90192	-13.6317	-8.72978
BLOCK00/SES006/SA006S23	SES105	-3.44154	-12.1713	-8.72978
BLOCK00/SES006/SA006S23	SES158	-1.5991	-10.3289	-8.72978
BLOCK00/SES006/SA006S23	SES275	-2.71038	-11.4402	-8.72978
BLOCK00/SES006/SA006S26	SES104	-3.10198	-11.9252	-8.82325
BLOCK00/SES006/SA006S26	SES158	-1.51594	-10.3392	-8.82325
BLOCK00/SES006/SA006S26	SES270	-0.351608	-9.17485	-8.82325
BLOCK00/SES006/SA006S26	SES275	-2.044	-10.8672	-8.82325
BLOCK00/SES006/SA006S28	SES007	-2.60118	-11.111	-8.50986
BLOCK00/SES006/SA006S28	SES105	-3.13635	-11.6462	-8.50986
BLOCK00/SES006/SA006S28	SES158	-2.10265	-10.6125	-8.50986
BLOCK00/SES006/SA006S28	SES275	-2.68558	-11.1954	-8.50986
BLOCK00/SES009/SA009S12	SES083	-3.0149	-10.1902	-7.17532
BLOCK00/SES009/SA009S12	SES148	-1.75799	-8.93332	-7.17532
BLOCK00/SES009/SA009S12	SES177	-0.822661	-7.99799	-7.17532
BLOCK00/SES009/SA009S12	SES292	-0.942025	-8.11735	-7.17532
BLOCK00/SES009/SA009S15	SES007	-0.459462	-6.97771	-6.51825
BLOCK00/SES009/SA009S15	SES099	-3.3573	-9.87555	-6.51825
BLOCK00/SES009/SA009S15	SES148	-1.65004	-8.16829	-6.51825
BLOCK00/SES009/SA009S15	SES172	-1.06822	-7.58647	-6.51825
BLOCK00/SES009/SA009S24	SES146	-0.760499	-7.99802	-7.23752
BLOCK00/SES009/SA009S24	SES148	-2.27336	-9.51088	-7.23752
BLOCK00/SES009/SA009S24	SES177	-0.621977	-7.8595	-7.23752
BLOCK00/SES009/SA009S24	SES292	-1.33389	-8.57141	-7.23752
BLOCK00/SES009/SA009S26	SES083	-2.78597	-9.98289	-7.19692
BLOCK00/SES009/SA009S26	SES101	-2.2316	-9.42852	-7.19692
BLOCK00/SES009/SA009S26	SES120	-0.81861	-8.01553	-7.19692
BLOCK00/SES009/SA009S26	SES177	-1.2491	-8.44602	-7.19692
BLOCK00/SES009/SA009S29	SES083	-2.00714	-9.20003	-7.1929
BLOCK00/SES009/SA009S29	SES101	-1.55581	-8.7487	-7.1929
BLOCK00/SES009/SA009S29	SES177	-0.833754	-8.02665	-7.1929
BLOCK00/SES009/SA009S29	SES292	-1.32516	-8.51806	-7.1929
BLOCK01/SES011/SA011S10	SES019	-3.80147	-12.506	-8.70453
BLOCK01/SES011/SA011S10	SES042	nan	nan	-8.70453
BLOCK01/SES011/SA011S10	SES082	-0.981502	-9.68603	-8.70453
BLOCK01/SES011/SA011S10	SES206	-0.337873	-9.0424	-8.70453
BLOCK01/SES011/SA011S11	SES019	-3.17145	-11.4199	-8.24849
BLOCK01/SES011/SA011S11	SES042	nan	nan	-8.24849
BLOCK01/SES011/SA011S11	SES082	-0.516921	-8.76542	-8.24849
BLOCK01/SES011/SA011S11	SES206	-0.821432	-9.06993	-8.24849
BLOCK01/SES011/SA011S22	SES019	-2.98098	-11.2906	-8.30964
BLOCK01/SES011/SA011S22	SES042	nan	nan	-8.30964
BLOCK01/SES011/SA011S22	SES082	-1.42728	-9.73692	-8.30964
BLOCK01/SES011/SA011S22	SES206	-1.17261	-9.48225	-8.30964
BLOCK01/SES011/SA011S24	SES019	-3.58953	-11.464	-7.87448
BLOCK01/SES011/SA011S24	SES042	nan	nan	-7.87448
BLOCK01/SES011/SA011S24	SES104	-0.286724	-8.1612	-7.87448
BLOCK01/SES011/SA011S24	SES206	-0.460282	-8.33476	-7.87448
BLOCK01/SES011/SA011S27	SES082	-0.143515	-7.82476	-7.68124
BLOCK01/SES011/SA011S27	SES087	-1.73785	-9.41909	-7.68124
BLOCK01/SES011/SA011S27	SES125	-0.471913	-8.15316	-7.68124
BLOCK01/SES011/SA011S27	SES206	-0.760766	-8.44201	-7.68124
BLOCK01/SES012/SA012S11	SES007	-0.344233	-6.95129	-6.60705
BLOCK01/SES012/SA012S11	SES082	-0.551477	-7.15853	-6.60705
BLOCK01/SES012/SA012S11	SES083	-1.64321	-8.25027	-6.60705
BLOCK01/SES012/SA012S11	SES206	-0.811013	-7.41807	-6.60705
BLOCK01/SES012/SA012S14	SES082	-0.43684	-8.16136	-7.72452
BLOCK01/SES012/SA012S14	SES087	-1.63965	-9.36417	-7.72452
BLOCK01/SES012/SA012S14	SES206	-0.518014	-8.24254	-7.72452
BLOCK01/SES012/SA012S14	SES292	-0.902662	-8.62718	-7.72452
BLOCK01/SES012/SA012S24	SES082	-0.965624	-9.42473	-8.45911
BLOCK01/SES012/SA012S24	SES087	-1.81457	-10.2737	-8.45911
BLOCK01/SES012/SA012S24	SES120	-1.64503	-10.1041	-8.45911
BLOCK01/SES012/SA012S24	SES206	-1.1905	-9.64961	-8.45911
BLOCK01/SES012/SA012S26	SES019	-6.89057	-15.2311	-8.3405
BLOCK01/SES012/SA012S26	SES082	-1.84034	-10.1808	-8.3405
BLOCK01/SES012/SA012S26	SES206	0.0837927	-8.2567	-8.3405
BLOCK01/SES012/SA012S26	SES292	-0.617822	-8.95832	-8.3405
BLOCK01/SES012/SA012S29	SES062	-1.18197	-7.66222	-6.48025
BLOCK01/SES012/SA012S29	SES082	0.213598	-6.26665	-6.48025
BLOCK01/SES012/SA012S29	SES083	-1.96998	-8.45023	-6.48025
BLOCK01/SES012/SA012S29	SES206	0.122964	-6.35729	-6.48025
BLOCK01/SES013/SA013S16	SES062	-3.42636	-12.2029	-8.77658
BLOCK01/SES013/SA013S16	SES106	-1.07764	-9.85422	-8.77658
BLOCK01/SES013/SA013S16	SES206	-1.05072	-9.8273	-8.77658
BLOCK01/SES013/SA013S16	SES226	-0.927954	-9.70453	-8.77658
BLOCK01/SES013/SA013S17	SES062	-1.46688	-9.26958	-7.8027
BLOCK01/SES013/SA013S17	SES106	-0.926235	-8.72894	-7.8027
BLOCK01/SES013/SA013S17	SES206	-0.460611	-8.26331	-7.8027
BLOCK01/SES013/SA013S17	SES226	-0.259849	-8.06255	-7.8027
BLOCK01/SES013/SA013S23	SES104	-0.758743	-9.64906	-8.89032
BLOCK01/SES013/SA013S23	SES106	-0.0863342	-8.97665	-8.89032
BLOCK01/SES013/SA013S23	SES206	-1.95015	-10.8405	-8.89032
BLOCK01/SES013/SA013S23	SES270	-0.498363	-9.38868	-8.89032
BLOCK01/SES013/SA013S25	SES042	nan	nan	-8.2963
BLOCK01/SES013/SA013S25	SES104	-0.543692	-8.83999	-8.2963
BLOCK01/SES013/SA013S25	SES106	0.0993462	-8.19695	-8.2963
BLOCK01/SES013/SA013S25	SES206	-1.46527	-9.76156	-8.2963
BLOCK01/SES013/SA013S29	SES062	-3.23825	-11.9411	-8.70284
BLOCK01/SES013/SA013S29	SES104	-0.940024	-9.64286	-8.70284
BLOCK01/SES013/SA013S29	SES106	-0.00802326	-8.71086	-8.70284
BLOCK01/SES013/SA013S29	SES206	-1.79424	-10.4971	-8.70284
BLOCK02/SES021/SA021S13	SES016	-2.89835	-10.3309	-7.43254
BLOCK02/SES021/SA021S13	SES029	-1.31326	-8.7458	-7.43254
BLOCK02/SES021/SA021S13	SES087	-2.44487	-9.87741	-7.43254
BLOCK02/SES021/SA021S13	SES206	-1.78173	-9.21427	-7.43254
BLOCK02/SES021/SA021S15	SES087	-0.702715	-7.95852	-7.25581
BLOCK02/SES021/SA021S15	SES125	-1.15205	-8.40786	-7.25581
BLOCK02/SES021/SA021S15	SES206	-1.6118	-8.86761	-7.25581
BLOCK02/SES021/SA021S15	SES226	-1.19735	-8.45316	-7.25581
BLOCK02/SES021/SA021S23	SES062	-2.96906	-11.4457	-8.4766
BLOCK02/SES021/SA021S23	SES087	-1.00461	-9.48122	-8.4766
BLOCK02/SES021/SA021S23	SES206	-1.61705	-10.0937	-8.4766
BLOCK02/SES021/SA021S23	SES226	-1.10587	-9.58247	-8.4766
BLOCK02/SES021/SA021S27	SES002	-1.02895	-7.96349	-6.93453
BLOCK02/SES021/SA021S27	SES016	-3.65087	-10.5854	-6.93453
BLOCK02/SES021/SA021S27	SES019	-1.91112	-8.84565	-6.93453
BLOCK02/SES021/SA021S27	SES062	-1.26831	-8.20284	-6.93453
BLOCK02/SES021/SA021S29	SES087	-1.27476	-9.23733	-7.96257
BLOCK02/SES021/SA021S29	SES125	-2.05498	-10.0175	-7.96257
BLOCK02/SES021/SA021S29	SES206	-0.328949	-8.29152	-7.96257
BLOCK02/SES021/SA021S29	SES226	-1.16104	-9.1236	-7.96257
BLOCK04/SES043/SA043S09	SES083	-0.476539	-8.4883	-8.01176
BLOCK04/SES043/SA043S09	SES101	-0.7161	-8.72786	-8.01176
BLOCK04/SES043/SA043S09	SES144	-0.45499	-8.46675	-8.01176
BLOCK04/SES043/SA043S09	SES172	-1.7364	-9.74816	-8.01176
BLOCK04/SES043/SA043S11	SES083	-0.238723	-7.13361	-6.89489
BLOCK04/SES043/SA043S11	SES101	-0.605747	-7.50064	-6.89489
BLOCK04/SES043/SA043S11	SES144	-0.234933	-7.12982	-6.89489
BLOCK04/SES043/SA043S11	SES172	-0.863866	-7.75876	-6.89489
BLOCK04/SES043/SA043S23	SES083	-0.681159	-8.07037	-7.38921
BLOCK04/SES043/SA043S23	SES144	-0.55901	-7.94822	-7.38921
BLOCK04/SES043/SA043S23	SES177	-1.1665	-8.55571	-7.38921
BLOCK04/SES043/SA043S23	SES275	-1.10592	-8.49513	-7.38921
BLOCK04/SES043/SA043S26	SES083	-1.04568	-9.52599	-8.48031
BLOCK04/SES043/SA043S26	SES101	-0.793612	-9.27392	-8.48031
BLOCK04/SES043/SA043S26	SES144	-0.355129	-8.83544	-8.48031
BLOCK04/SES043/SA043S26	SES177	-1.35319	-9.83349	-8.48031
BLOCK04/SES043/SA043S28	SES016	-2.18627	-9.71729	-7.53102
BLOCK04/SES043/SA043S28	SES083	-0.797645	-8.32866	-7.53102
BLOCK04/SES043/SA043S28	SES101	-0.523448	-8.05447	-7.53102
BLOCK04/SES043/SA043S28	SES144	-0.584053	-8.11507	-7.53102
BLOCK04/SES044/SA044S10	SES127	-3.08504	-11.6063	-8.52121
BLOCK04/SES044/SA044S10	SES144	-0.560334	-9.08155	-8.52121
BLOCK04/SES044/SA044S10	SES147	-5.00419	-13.5254	-8.52121
BLOCK04/SES044/SA044S10	SES148	-2.51584	-11.0371	-8.52121
BLOCK04/SES044/SA044S11	SES101	-0.374309	-7.88633	-7.51202
BLOCK04/SES044/SA044S11	SES144	-0.0801878	-7.59221	-7.51202
BLOCK04/SES044/SA044S11	SES147	-2.38228	-9.8943	-7.51202
BLOCK04/SES044/SA044S11	SES177	-1.18565	-8.69767	-7.51202
BLOCK04/SES044/SA044S24	SES007	-2.43572	-10.107	-7.67127
BLOCK04/SES044/SA044S24	SES101	-0.427603	-8.09887	-7.67127
BLOCK04/SES044/SA044S24	SES147	-2.39922	-10.0705	-7.67127
BLOCK04/SES044/SA044S24	SES177	-0.491942	-8.16321	-7.67127
BLOCK04/SES044/SA044S26	SES007	-1.96434	-9.00841	-7.04407
BLOCK04/SES044/SA044S26	SES016	-1.01488	-8.05896	-7.04407
BLOCK04/SES044/SA044S26	SES101	-0.303124	-7.3472	-7.04407
BLOCK04/SES044/SA044S26	SES147	-1.07313	-8.11721	-7.04407
BLOCK04/SES044/SA044S29	SES007	-2.17547	-9.00231	-6.82684
BLOCK04/SES044/SA044S29	SES101	-0.0170498	-6.84389	-6.82684
BLOCK04/SES044/SA044S29	SES147	-1.57055	-8.39739	-6.82684
BLOCK04/SES044/SA044S29	SES177	-2.95523	-9.78207	-6.82684
BLOCK04/SES046/SA046S13	SES101	-0.609879	-9.20151	-8.59163
BLOCK04/SES046/SA046S13	SES144	-0.273522	-8.86516	-8.59163
BLOCK04/SES046/SA046S13	SES147	-2.64256	-11.2342	-8.59163
BLOCK04/SES046/SA046S13	SES177	-1.48423	-10.0759	-8.59163
BLOCK04/SES046/SA046S15	SES048	-0.310897	-6.34664	-6.03574
BLOCK04/SES046/SA046S15	SES083	-1.38677	-7.42251	-6.03574
BLOCK04/SES046/SA046S15	SES120	-2.68556	-8.7213	-6.03574
BLOCK04/SES046/SA046S15	SES148	-1.04121	-7.07695	-6.03574
BLOCK04/SES046/SA046S22	SES101	-0.433321	-8.23418	-7.80086
BLOCK04/SES046/SA046S22	SES144	-0.272606	-8.07346	-7.80086
BLOCK04/SES046/SA046S22	SES147	-2.64169	-10.4425	-7.80086
BLOCK04/SES046/SA046S22	SES172	-0.300514	-8.10137	-7.80086
BLOCK04/SES046/SA046S25	SES083	-0.796276	-7.86331	-7.06703
BLOCK04/SES046/SA046S25	SES127	-1.53579	-8.60282	-7.06703
BLOCK04/SES046/SA046S25	SES144	-0.556494	-7.62353	-7.06703
BLOCK04/SES046/SA046S25	SES148	-1.60325	-8.67028	-7.06703
BLOCK04/SES046/SA046S28	SES007	-1.89195	-9.0298	-7.13785
BLOCK04/SES046/SA046S28	SES105	-1.41379	-8.55163	-7.13785
BLOCK04/SES046/SA046S28	SES147	-1.68956	-8.82741	-7.13785
BLOCK04/SES046/SA046S28	SES148	-1.67475	-8.8126	-7.13785
BLOCK04/SES049/SA049S16	SES104	-0.691404	-9.77664	-9.08524
BLOCK04/SES049/SA049S16	SES106	-2.07622	-11.1615	-9.08524
BLOCK04/SES049/SA049S16	SES120	-1.6508	-10.736	-9.08524
BLOCK04/SES049/SA049S16	SES206	-1.86523	-10.9505	-9.08524
BLOCK04/SES049/SA049S18	SES099	-0.621131	-9.10591	-8.48478
BLOCK04/SES049/SA049S18	SES104	-1.81551	-10.3003	-8.48478
BLOCK04/SES049/SA049S18	SES125	-1.50226	-9.98703	-8.48478
BLOCK04/SES049/SA049S18	SES206	-2.47552	-10.9603	-8.48478
BLOCK04/SES049/SA049S25	SES087	-1.87186	-11.3445	-9.47262
BLOCK04/SES049/SA049S25	SES104	-0.722185	-10.1948	-9.47262
BLOCK04/SES049/SA049S25	SES125	-0.954988	-10.4276	-9.47262
BLOCK04/SES049/SA049S25	SES206	-1.3652	-10.8378	-9.47262
BLOCK04/SES049/SA049S27	SES099	-0.702919	-8.57469	-7.87177
BLOCK04/SES049/SA049S27	SES104	-0.214076	-8.08585	-7.87177
BLOCK04/SES049/SA049S27	SES125	-1.34445	-9.21622	-7.87177
BLOCK04/SES049/SA049S27	SES206	-1.8125	-9.68427	-7.87177
BLOCK04/SES049/SA049S29	SES099	-0.611851	-8.21621	-7.60436
BLOCK04/SES049/SA049S29	SES104	0.185697	-7.41867	-7.60436
BLOCK04/SES049/SA049S29	SES125	-0.761489	-8.36585	-7.60436
BLOCK04/SES049/SA049S29	SES206	-1.42633	-9.03069	-7.60436
BLOCK06/SES063/SA063S09	SES068	-2.42424	-11.279	-8.8548
BLOCK06/SES063/SA063S09	SES083	-1.08727	-9.94207	-8.8548
BLOCK06/SES063/SA063S09	SES177	-0.845968	-9.70076	-8.8548
BLOCK06/SES063/SA063S09	SES187	-1.23592	-10.0907	-8.8548
BLOCK06/SES063/SA063S10	SES068	-1.76684	-10.3407	-8.57388
BLOCK06/SES063/SA063S10	SES083	-0.749153	-9.32303	-8.57388
BLOCK06/SES063/SA063S10	SES172	-0.961523	-9.5354	-8.57388
BLOCK06/SES063/SA063S10	SES187	-1.22959	-9.80346	-8.57388
BLOCK06/SES063/SA063S20	SES068	-3.06465	-11.5625	-8.49782
BLOCK06/SES063/SA063S20	SES083	-1.29559	-9.79341	-8.49782
BLOCK06/SES063/SA063S20	SES172	-1.01605	-9.51387	-8.49782
BLOCK06/SES063/SA063S20	SES187	-1.03522	-9.53304	-8.49782
BLOCK06/SES063/SA063S24	SES029	-3.35822	-12.6277	-9.2695
BLOCK06/SES063/SA063S24	SES083	-1.30421	-10.5737	-9.2695
BLOCK06/SES063/SA063S24	SES177	-1.11937	-10.3889	-9.2695
BLOCK06/SES063/SA063S24	SES189	0.281961	-8.98754	-9.2695
BLOCK06/SES063/SA063S27	SES083	-0.54298	-8.86435	-8.32137
BLOCK06/SES063/SA063S27	SES172	-1.5951	-9.91648	-8.32137
BLOCK06/SES063/SA063S27	SES187	-1.0516	-9.37297	-8.32137
BLOCK06/SES063/SA063S27	SES292	-1.19918	-9.52055	-8.32137
BLOCK06/SES067/SA067S12	SES083	-1.16951	-8.23405	-7.06454
BLOCK06/SES067/SA067S12	SES172	-1.65326	-8.71779	-7.06454
BLOCK06/SES067/SA067S12	SES202	-0.862543	-7.92708	-7.06454
BLOCK06/SES067/SA067S12	SES292	-1.27725	-8.34179	-7.06454
BLOCK06/SES067/SA067S14	SES085	-1.40687	-7.37052	-5.96364
BLOCK06/SES067/SA067S14	SES177	-1.55109	-7.51473	-5.96364
BLOCK06/SES067/SA067S14	SES183	0.461351	-5.50229	-5.96364
BLOCK06/SES067/SA067S14	SES202	-0.0219374	-5.98558	-5.96364
BLOCK06/SES067/SA067S21	SES144	-1.38595	-8.86977	-7.48382
BLOCK06/SES067/SA067S21	SES177	-1.36928	-8.8531	-7.48382
BLOCK06/SES067/SA067S21	SES183	-1.43511	-8.91893	-7.48382
BLOCK06/SES067/SA067S21	SES189	-1.4161	-8.89993	-7.48382
BLOCK06/SES067/SA067S25	SES085	-2.26983	-9.09096	-6.82113
BLOCK06/SES067/SA067S25	SES177	-0.956848	-7.77798	-6.82113
BLOCK06/SES067/SA067S25	SES183	-0.680297	-7.50143	-6.82113
BLOCK06/SES067/SA067S25	SES202	-1.98441	-8.80555	-6.82113
BLOCK06/SES067/SA067S29	SES085	-3.49383	-11.4369	-7.94305
BLOCK06/SES067/SA067S29	SES177	-1.5706	-9.51365	-7.94305
BLOCK06/SES067/SA067S29	SES183	-0.817249	-8.7603	-7.94305
BLOCK06/SES067/SA067S29	SES202	-0.42151	-8.36456	-7.94305
BLOCK06/SES069/SA069S12	SES029	-1.57273	-8.82808	-7.25535
BLOCK06/SES069/SA069S12	SES082	-0.801349	-8.05669	-7.25535
BLOCK06/SES069/SA069S12	SES087	-1.38338	-8.63873	-7.25535
BLOCK06/SES069/SA069S12	SES206	-0.543693	-7.79904	-7.25535
BLOCK06/SES069/SA069S13	SES029	-2.15969	-9.32811	-7.16842
BLOCK06/SES069/SA069S13	SES087	-1.59584	-8.76426	-7.16842
BLOCK06/SES069/SA069S13	SES206	-1.6253	-8.79372	-7.16842
BLOCK06/SES069/SA069S13	SES226	0.047236	-7.12118	-7.16842
BLOCK06/SES069/SA069S23	SES029	-0.829046	-7.4174	-6.58835
BLOCK06/SES069/SA069S23	SES087	-0.90286	-7.49121	-6.58835
BLOCK06/SES069/SA069S23	SES206	-1.80795	-8.3963	-6.58835
BLOCK06/SES069/SA069S23	SES226	0.0762973	-6.51206	-6.58835
BLOCK06/SES069/SA069S25	SES087	-1.0511	-8.17434	-7.12324
BLOCK06/SES069/SA069S25	SES206	-2.02272	-9.14597	-7.12324
BLOCK06/SES069/SA069S25	SES226	0.00613546	-7.11711	-7.12324
BLOCK06/SES069/SA069S25	SES270	-1.40265	-8.5259	-7.12324
BLOCK06/SES069/SA069S27	SES087	-1.71511	-9.46629	-7.75118
BLOCK06/SES069/SA069S27	SES206	-0.788302	-8.53948	-7.75118
BLOCK06/SES069/SA069S27	SES226	0.0711937	-7.67999	-7.75118
BLOCK06/SES069/SA069S27	SES270	-0.980981	-8.73216	-7.75118
BLOCK08/SES081/SA081S11	SES060	-1.43108	-9.25019	-7.81912
BLOCK08/SES081/SA081S11	SES062	-0.642705	-8.46182	-7.81912
BLOCK08/SES081/SA081S11	SES117	-2.20674	-10.0259	-7.81912
BLOCK08/SES081/SA081S11	SES162	-2.04918	-9.8683	-7.81912
BLOCK08/SES081/SA081S13	SES016	-0.711094	-7.34849	-6.6374
BLOCK08/SES081/SA081S13	SES060	-0.435645	-7.07304	-6.6374
BLOCK08/SES081/SA081S13	SES068	-0.403022	-7.04042	-6.6374
BLOCK08/SES081/SA081S13	SES129	-1.20955	-7.84694	-6.6374
BLOCK08/SES081/SA081S24	SES060	-0.921342	-8.06291	-7.14157
BLOCK08/SES081/SA081S24	SES068	-0.945789	-8.08736	-7.14157
BLOCK08/SES081/SA081S24	SES117	-2.08364	-9.22521	-7.14157
BLOCK08/SES081/SA081S24	SES275	-1.19895	-8.34052	-7.14157
BLOCK08/SES081/SA081S27	SES007	-0.323487	-8.17581	-7.85232
BLOCK08/SES081/SA081S27	SES060	-0.652394	-8.50471	-7.85232
BLOCK08/SES081/SA081S27	SES117	-1.03752	-8.88983	-7.85232
BLOCK08/SES081/SA081S27	SES275	-1.64164	-9.49396	-7.85232
BLOCK08/SES081/SA081S29	SES007	-0.512413	-8.73148	-8.21907
BLOCK08/SES081/SA081S29	SES060	-0.681177	-8.90025	-8.21907
BLOCK08/SES081/SA081S29	SES117	-1.11888	-9.33795	-8.21907
BLOCK08/SES081/SA081S29	SES275	-1.65082	-9.86989	-8.21907
BLOCK08/SES086/SA086S11	SES029	-2.24733	-11.4415	-9.19417
BLOCK08/SES086/SA086S11	SES082	-2.1309	-11.3251	-9.19417
BLOCK08/SES086/SA086S11	SES087	-0.417973	-9.61214	-9.19417
BLOCK08/SES086/SA086S11	SES206	-1.67227	-10.8664	-9.19417
BLOCK08/SES086/SA086S12	SES029	-2.05849	-10.5787	-8.52017
BLOCK08/SES086/SA086S12	SES082	-1.68855	-10.2087	-8.52017
BLOCK08/SES086/SA086S12	SES087	0.319145	-8.20102	-8.52017
BLOCK08/SES086/SA086S12	SES206	-0.895939	-9.41611	-8.52017
BLOCK08/SES086/SA086S20	SES029	-1.9962	-9.98688	-7.99067
BLOCK08/SES086/SA086S20	SES082	-1.09439	-9.08506	-7.99067
BLOCK08/SES086/SA086S20	SES087	-0.00217628	-7.99285	-7.99067
BLOCK08/SES086/SA086S20	SES206	-0.375701	-8.36637	-7.99067
BLOCK08/SES086/SA086S24	SES087	-0.0179033	-9.08278	-9.06488
BLOCK08/SES086/SA086S24	SES104	-1.54067	-10.6056	-9.06488
BLOCK08/SES086/SA086S24	SES120	-1.0152	-10.0801	-9.06488
BLOCK08/SES086/SA086S24	SES206	-0.356001	-9.42088	-9.06488
BLOCK08/SES086/SA086S28	SES029	-2.25515	-9.90085	-7.6457
BLOCK08/SES086/SA086S28	SES082	-1.67049	-9.31619	-7.6457
BLOCK08/SES086/SA086S28	SES087	-0.147443	-7.79314	-7.6457
BLOCK08/SES086/SA086S28	SES206	-0.64444	-8.29014	-7.6457
BLOCK08/SES089/SA089S13	SES087	-0.958549	-9.55518	-8.59663
BLOCK08/SES089/SA089S13	SES206	-1.98856	-10.5852	-8.59663
BLOCK08/SES089/SA089S13	SES226	-1.03	-9.62663	-8.59663
BLOCK08/SES089/SA089S13	SES270	-1.7944	-10.391	-8.59663
BLOCK08/SES089/SA089S14	SES062	-2.09709	-10.1542	-8.05708
BLOCK08/SES089/SA089S14	SES087	-0.408939	-8.46602	-8.05708
BLOCK08/SES089/SA089S14	SES206	-1.71827	-9.77536	-8.05708
BLOCK08/SES089/SA089S14	SES226	-1.36811	-9.42519	-8.05708
BLOCK08/SES089/SA089S23	SES087	-0.965662	-10.6127	-9.64707
BLOCK08/SES089/SA089S23	SES206	-2.52588	-12.1729	-9.64707
BLOCK08/SES089/SA089S23	SES226	-1.23306	-10.8801	-9.64707
BLOCK08/SES089/SA089S23	SES270	-3.57292	-13.22	-9.64707
BLOCK08/SES089/SA089S25	SES062	-1.27588	-9.959	-8.68312
BLOCK08/SES089/SA089S25	SES087	-0.371232	-9.05435	-8.68312
BLOCK08/SES089/SA089S25	SES206	-2.33909	-11.0222	-8.68312
BLOCK08/SES089/SA089S25	SES226	-1.27526	-9.95838	-8.68312
BLOCK08/SES089/SA089S28	SES062	-1.06447	-9.46779	-8.40332
BLOCK08/SES089/SA089S28	SES087	0.0847502	-8.31857	-8.40332
BLOCK08/SES089/SA089S28	SES206	-1.47518	-9.8785	-8.40332
BLOCK08/SES089/SA089S28	SES226	-0.884096	-9.28742	-8.40332
BLOCK09/SES097/SA097S11	SES099	0.0616388	-9.06267	-9.12431
BLOCK09/SES097/SA097S11	SES125	-1.29062	-10.4149	-9.12431
BLOCK09/SES097/SA097S11	SES206	-1.02464	-10.1489	-9.12431
BLOCK09/SES097/SA097S11	SES226	0.607723	-8.51659	-9.12431
BLOCK09/SES097/SA097S14	SES062	-3.18002	-11.2972	-8.11722
BLOCK09/SES097/SA097S14	SES099	-0.881463	-8.99869	-8.11722
BLOCK09/SES097/SA097S14	SES104	-1.01603	-9.13325	-8.11722
BLOCK09/SES097/SA097S14	SES206	-1.90367	-10.0209	-8.11722
BLOCK09/SES097/SA097S22	SES099	0.636122	-8.51022	-9.14634
BLOCK09/SES097/SA097S22	SES206	-0.877592	-10.0239	-9.14634
BLOCK09/SES097/SA097S22	SES226	-0.268475	-9.41481	-9.14634
BLOCK09/SES097/SA097S22	SES270	-0.658203	-9.80454	-9.14634
BLOCK09/SES097/SA097S26	SES099	0.923965	-8.56512	-9.48908
BLOCK09/SES097/SA097S26	SES120	-0.055337	-9.54442	-9.48908
BLOCK09/SES097/SA097S26	SES206	-1.21408	-10.7032	-9.48908
BLOCK09/SES097/SA097S26	SES226	0.021348	-9.46774	-9.48908
BLOCK09/SES097/SA097S28	SES099	0.152925	-7.61758	-7.77051
BLOCK09/SES097/SA097S28	SES120	-1.0326	-8.80311	-7.77051
BLOCK09/SES097/SA097S28	SES206	-1.71516	-9.48567	-7.77051
BLOCK09/SES097/SA097S28	SES226	-0.780638	-8.55115	-7.77051
BLOCK09/SES098/SA098S11	SES127	-1.38577	-8.06852	-6.68275
BLOCK09/SES098/SA098S11	SES144	-1.05743	-7.74018	-6.68275
BLOCK09/SES098/SA098S11	SES147	-1.04755	-7.7303	-6.68275
BLOCK09/SES098/SA098S11	SES148	-2.41427	-9.09702	-6.68275
BLOCK09/SES098/SA098S12	SES127	-2.468	-10.6479	-8.17986
BLOCK09/SES098/SA098S12	SES144	-2.1417	-10.3216	-8.17986
BLOCK09/SES098/SA098S12	SES147	-1.85364	-10.0335	-8.17986
BLOCK09/SES098/SA098S12	SES189	-1.84669	-10.0266	-8.17986
BLOCK09/SES098/SA098S20	SES127	-2.95746	-10.8154	-7.85794
BLOCK09/SES098/SA098S20	SES147	-2.33529	-10.1932	-7.85794
BLOCK09/SES098/SA098S20	SES148	-3.21609	-11.074	-7.85794
BLOCK09/SES098/SA098S20	SES292	-1.31281	-9.17076	-7.85794
BLOCK09/SES098/SA098S23	SES127	-1.85579	-9.34855	-7.49276
BLOCK09/SES098/SA098S23	SES147	-1.58476	-9.07752	-7.49276
BLOCK09/SES098/SA098S23	SES187	-1.00979	-8.50255	-7.49276
BLOCK09/SES098/SA098S23	SES292	-1.0336	-8.52636	-7.49276
BLOCK09/SES098/SA098S27	SES127	-3.03398	-10.7408	-7.70681
BLOCK09/SES098/SA098S27	SES147	-1.6356	-9.34241	-7.70681
BLOCK09/SES098/SA098S27	SES148	-2.97405	-10.6809	-7.70681
BLOCK09/SES098/SA098S27	SES292	-0.615067	-8.32187	-7.70681
BLOCK10/SES102/SA102S13	SES101	-1.09232	-9.57281	-8.48049
BLOCK10/SES102/SA102S13	SES105	-1.29294	-9.77343	-8.48049
BLOCK10/SES102/SA102S13	SES120	-3.1773	-11.6578	-8.48049
BLOCK10/SES102/SA102S13	SES158	-2.96329	-11.4438	-8.48049
BLOCK10/SES102/SA102S14	SES007	-0.0285306	-6.13289	-6.10436
BLOCK10/SES102/SA102S14	SES101	-0.60754	-6.7119	-6.10436
BLOCK10/SES102/SA102S14	SES105	-0.943786	-7.04815	-6.10436
BLOCK10/SES102/SA102S14	SES147	-2.39375	-8.49812	-6.10436
BLOCK10/SES102/SA102S22	SES007	-1.35761	-8.15588	-6.79828
BLOCK10/SES102/SA102S22	SES101	-0.548503	-7.34678	-6.79828
BLOCK10/SES102/SA102S22	SES105	-0.846132	-7.64441	-6.79828
BLOCK10/SES102/SA102S22	SES158	-2.59794	-9.39622	-6.79828
BLOCK10/SES102/SA102S25	SES007	-0.594162	-7.38757	-6.7934
BLOCK10/SES102/SA102S25	SES101	-0.286653	-7.08006	-6.7934
BLOCK10/SES102/SA102S25	SES105	-1.308	-8.10141	-6.7934
BLOCK10/SES102/SA102S25	SES147	-2.8769	-9.67031	-6.7934
BLOCK10/SES102/SA102S27	SES007	-0.546502	-7.75984	-7.21334
BLOCK10/SES102/SA102S27	SES101	-0.330863	-7.5442	-7.21334
BLOCK10/SES102/SA102S27	SES105	-2.06498	-9.27833	-7.21334
BLOCK10/SES102/SA102S27	SES147	-2.75114	-9.96448	-7.21334
BLOCK10/SES103/SA103S14	SES105	-2.01993	-10.4966	-8.47662
BLOCK10/SES103/SA103S14	SES106	-1.42725	-9.90387	-8.47662
BLOCK10/SES103/SA103S14	SES120	-2.02104	-10.4977	-8.47662
BLOCK10/SES103/SA103S14	SES206	-1.8367	-10.3133	-8.47662
BLOCK10/SES103/SA103S15	SES099	-2.26394	-11.6177	-9.35376
BLOCK10/SES103/SA103S15	SES101	-4.38464	-13.7384	-9.35376
BLOCK10/SES103/SA103S15	SES104	-1.86536	-11.2191	-9.35376
BLOCK10/SES103/SA103S15	SES125	-2.21613	-11.5699	-9.35376
BLOCK10/SES103/SA103S24	SES104	-1.34664	-9.75077	-8.40413
BLOCK10/SES103/SA103S24	SES125	-2.59432	-10.9985	-8.40413
BLOCK10/SES103/SA103S24	SES148	-2.52215	-10.9263	-8.40413
BLOCK10/SES103/SA103S24	SES158	-2.28377	-10.6879	-8.40413
BLOCK10/SES103/SA103S26	SES104	-1.19364	-9.25203	-8.05838
BLOCK10/SES103/SA103S26	SES106	-1.67684	-9.73522	-8.05838
BLOCK10/SES103/SA103S26	SES125	-1.64554	-9.70393	-8.05838
BLOCK10/SES103/SA103S26	SES148	-2.75316	-10.8115	-8.05838
BLOCK10/SES103/SA103S28	SES104	-0.859982	-9.26981	-8.40983
BLOCK10/SES103/SA103S28	SES106	-1.61224	-10.0221	-8.40983
BLOCK10/SES103/SA103S28	SES125	-2.59618	-11.006	-8.40983
BLOCK10/SES103/SA103S28	SES206	-2.41029	-10.8201	-8.40983
BLOCK12/SES121/SA121S12	SES042	nan	nan	-8.49234
BLOCK12/SES121/SA121S12	SES087	-1.76727	-10.2596	-8.49234
BLOCK12/SES121/SA121S12	SES105	-0.726806	-9.21915	-8.49234
BLOCK12/SES121/SA121S12	SES206	-0.89052	-9.38286	-8.49234
BLOCK12/SES121/SA121S14	SES007	-3.11164	-13.3134	-10.2018
BLOCK12/SES121/SA121S14	SES105	-1.84813	-12.0499	-10.2018
BLOCK12/SES121/SA121S14	SES106	-1.6768	-11.8786	-10.2018
BLOCK12/SES121/SA121S14	SES206	-1.81021	-12.012	-10.2018
BLOCK12/SES121/SA121S23	SES105	-1.6555	-11.4712	-9.81566
BLOCK12/SES121/SA121S23	SES106	-1.26933	-11.085	-9.81566
BLOCK12/SES121/SA121S23	SES120	-2.30913	-12.1248	-9.81566
BLOCK12/SES121/SA121S23	SES206	-0.600672	-10.4163	-9.81566
BLOCK12/SES121/SA121S25	SES007	-1.73947	-12.118	-10.3786
BLOCK12/SES121/SA121S25	SES105	-1.76978	-12.1483	-10.3786
BLOCK12/SES121/SA121S25	SES106	-0.962066	-11.3406	-10.3786
BLOCK12/SES121/SA121S25	SES206	-1.37561	-11.7542	-10.3786
BLOCK12/SES121/SA121S27	SES087	0.36203	-9.75867	-10.1207
BLOCK12/SES121/SA121S27	SES105	-2.39037	-12.5111	-10.1207
BLOCK12/SES121/SA121S27	SES120	-0.680854	-10.8016	-10.1207
BLOCK12/SES121/SA121S27	SES206	-1.27452	-11.3952	-10.1207
BLOCK12/SES124/SA124S16	SES042	nan	nan	-6.89531
BLOCK12/SES124/SA124S16	SES082	-0.536028	-7.43133	-6.89531
BLOCK12/SES124/SA124S16	SES183	-1.22744	-8.12274	-6.89531
BLOCK12/SES124/SA124S16	SES206	-0.689998	-7.5853	-6.89531
BLOCK12/SES124/SA124S17	SES105	-1.70495	-9.77769	-8.07275
BLOCK12/SES124/SA124S17	SES149	-1.01263	-9.08537	-8.07275
BLOCK12/SES124/SA124S17	SES158	-2.04592	-10.1187	-8.07275
BLOCK12/SES124/SA124S17	SES275	-1.29144	-9.36418	-8.07275
BLOCK12/SES124/SA124S23	SES105	-1.97807	-8.26355	-6.28548
BLOCK12/SES124/SA124S23	SES125	0.241291	-6.04419	-6.28548
BLOCK12/SES124/SA124S23	SES129	-2.04244	-8.32792	-6.28548
BLOCK12/SES124/SA124S23	SES158	-1.39827	-7.68375	-6.28548
BLOCK12/SES124/SA124S26	SES105	-2.06792	-9.75369	-7.68577
BLOCK12/SES124/SA124S26	SES125	-0.548247	-8.23402	-7.68577
BLOCK12/SES124/SA124S26	SES129	-2.23838	-9.92415	-7.68577
BLOCK12/SES124/SA124S26	SES158	-1.33705	-9.02282	-7.68577
BLOCK12/SES124/SA124S28	SES104	-0.817238	-7.58511	-6.76787
BLOCK12/SES124/SA124S28	SES106	-1.14498	-7.91285	-6.76787
BLOCK12/SES124/SA124S28	SES125	-0.364852	-7.13273	-6.76787
BLOCK12/SES124/SA124S28	SES275	-1.26154	-8.02942	-6.76787
BLOCK12/SES126/SA126S13	SES007	-1.05795	-8.68077	-7.62282
BLOCK12/SES126/SA126S13	SES162	-1.59987	-9.22268	-7.62282
BLOCK12/SES126/SA126S13	SES177	-0.676481	-8.2993	-7.62282
BLOCK12/SES126/SA126S13	SES180	-1.69271	-9.31553	-7.62282
BLOCK12/SES126/SA126S14	SES144	-0.507511	-7.55432	-7.0468
BLOCK12/SES126/SA126S14	SES148	-1.79911	-8.84591	-7.0468
BLOCK12/SES126/SA126S14	SES177	-0.599149	-7.64595	-7.0468
BLOCK12/SES126/SA126S14	SES180	-1.58534	-8.63214	-7.0468
BLOCK12/SES126/SA126S20	SES007	-0.844313	-7.33015	-6.48584
BLOCK12/SES126/SA126S20	SES162	-1.63873	-8.12457	-6.48584
BLOCK12/SES126/SA126S20	SES172	-1.31216	-7.79799	-6.48584
BLOCK12/SES126/SA126S20	SES180	-1.39801	-7.88385	-6.48584
BLOCK12/SES126/SA126S24	SES120	-0.322999	-7.22681	-6.90382
BLOCK12/SES126/SA126S24	SES162	-1.31896	-8.22277	-6.90382
BLOCK12/SES126/SA126S24	SES177	-0.355116	-7.25893	-6.90382
BLOCK12/SES126/SA126S24	SES180	-0.783952	-7.68777	-6.90382
BLOCK12/SES126/SA126S26	SES120	0.271176	-7.02929	-7.30047
BLOCK12/SES126/SA126S26	SES177	-0.96084	-8.26131	-7.30047
BLOCK12/SES126/SA126S26	SES180	-1.04142	-8.34189	-7.30047
BLOCK12/SES126/SA126S26	SES202	-0.974924	-8.27539	-7.30047
BLOCK12/SES128/SA128S10	SES087	-2.40871	-10.2907	-7.88199
BLOCK12/SES128/SA128S10	SES206	-0.934123	-8.81611	-7.88199
BLOCK12/SES128/SA128S10	SES226	-0.417986	-8.29997	-7.88199
BLOCK12/SES128/SA128S10	SES270	-0.775697	-8.65768	-7.88199
BLOCK12/SES128/SA128S12	SES120	-0.40485	-8.22386	-7.81901
BLOCK12/SES128/SA128S12	SES158	-0.771468	-8.59048	-7.81901
BLOCK12/SES128/SA128S12	SES206	-0.48428	-8.30329	-7.81901
BLOCK12/SES128/SA128S12	SES226	-1.81719	-9.6362	-7.81901
BLOCK12/SES128/SA128S21	SES106	-1.03568	-8.82989	-7.79421
BLOCK12/SES128/SA128S21	SES120	-0.917126	-8.71134	-7.79421
BLOCK12/SES128/SA128S21	SES206	-0.561178	-8.35539	-7.79421
BLOCK12/SES128/SA128S21	SES226	0.301246	-7.49297	-7.79421
BLOCK12/SES128/SA128S24	SES087	-1.30503	-9.61916	-8.31413
BLOCK12/SES128/SA128S24	SES120	-0.531363	-8.8455	-8.31413
BLOCK12/SES128/SA128S24	SES206	-0.382668	-8.6968	-8.31413
BLOCK12/SES128/SA128S24	SES226	-1.35475	-9.66888	-8.31413
BLOCK12/SES128/SA128S27	SES099	0.0428677	-7.21758	-7.26045
BLOCK12/SES128/SA128S27	SES120	-0.0161796	-7.27663	-7.26045
BLOCK12/SES128/SA128S27	SES206	-0.655171	-7.91562	-7.26045
BLOCK12/SES128/SA128S27	SES226	-0.969357	-8.22981	-7.26045
BLOCK13/SES130/SA130S13	SES143	-0.128661	-8.92764	-8.79897
BLOCK13/SES130/SA130S13	SES144	0.502708	-8.29627	-8.79897
BLOCK13/SES130/SA130S13	SES146	-1.67521	-10.4742	-8.79897
BLOCK13/SES130/SA130S13	SES275	-2.0254	-10.8244	-8.79897
BLOCK13/SES130/SA130S15	SES143	-1.13038	-8.05704	-6.92666
BLOCK13/SES130/SA130S15	SES144	0.192058	-6.73461	-6.92666
BLOCK13/SES130/SA130S15	SES146	-0.769968	-7.69663	-6.92666
BLOCK13/SES130/SA130S15	SES275	-1.27109	-8.19775	-6.92666
BLOCK13/SES130/SA130S23	SES127	-0.945165	-8.85301	-7.90784
BLOCK13/SES130/SA130S23	SES144	-0.141545	-8.04939	-7.90784
BLOCK13/SES130/SA130S23	SES146	-0.950971	-8.85882	-7.90784
BLOCK13/SES130/SA130S23	SES162	-0.970941	-8.87879	-7.90784
BLOCK13/SES130/SA130S25	SES127	-1.04142	-7.3133	-6.27188
BLOCK13/SES130/SA130S25	SES144	-0.592628	-6.86451	-6.27188
BLOCK13/SES130/SA130S25	SES146	-1.03892	-7.31079	-6.27188
BLOCK13/SES130/SA130S25	SES275	-1.33303	-7.60491	-6.27188
BLOCK13/SES130/SA130S28	SES127	-0.722645	-8.4404	-7.71775
BLOCK13/SES130/SA130S28	SES144	-1.00023	-8.71798	-7.71775
BLOCK13/SES130/SA130S28	SES146	-0.679195	-8.39695	-7.71775
BLOCK13/SES130/SA130S28	SES275	-1.00185	-8.7196	-7.71775
BLOCK13/SES131/SA131S13	SES002	-1.6291	-10.2926	-8.66354
BLOCK13/SES131/SA131S13	SES007	-1.74228	-10.4058	-8.66354
BLOCK13/SES131/SA131S13	SES099	-0.239498	-8.90304	-8.66354
BLOCK13/SES131/SA131S13	SES105	-1.55069	-10.2142	-8.66354
BLOCK13/SES131/SA131S14	SES104	-0.76868	-7.12204	-6.35336
BLOCK13/SES131/SA131S14	SES106	-2.4096	-8.76296	-6.35336
BLOCK13/SES131/SA131S14	SES125	-1.6132	-7.96656	-6.35336
BLOCK13/SES131/SA131S14	SES148	-0.219017	-6.57238	-6.35336
BLOCK13/SES131/SA131S20	SES104	-0.871172	-9.7318	-8.86063
BLOCK13/SES131/SA131S20	SES106	-1.75525	-10.6159	-8.86063
BLOCK13/SES131/SA131S20	SES125	-1.17303	-10.0337	-8.86063
BLOCK13/SES131/SA131S20	SES148	-1.83573	-10.6964	-8.86063
BLOCK13/SES131/SA131S22	SES099	-0.248909	-7.21417	-6.96526
BLOCK13/SES131/SA131S22	SES104	-0.975453	-7.94071	-6.96526
BLOCK13/SES131/SA131S22	SES125	-0.682525	-7.64779	-6.96526
BLOCK13/SES131/SA131S22	SES206	-0.770767	-7.73603	-6.96526
BLOCK13/SES131/SA131S29	SES087	-1.69148	-10.2703	-8.57877
BLOCK13/SES131/SA131S29	SES104	-2.48834	-11.0671	-8.57877
BLOCK13/SES131/SA131S29	SES125	-3.96808	-12.5469	-8.57877
BLOCK13/SES131/SA131S29	SES206	-2.36296	-10.9417	-8.57877
BLOCK13/SES132/SA132S11	SES083	-1.77692	-9.05062	-7.27369
BLOCK13/SES132/SA132S11	SES120	-0.0129642	-7.28666	-7.27369
BLOCK13/SES132/SA132S11	SES127	-2.45052	-9.72422	-7.27369
BLOCK13/SES132/SA132S11	SES275	-1.47883	-8.75252	-7.27369
BLOCK13/SES132/SA132S12	SES083	-1.92347	-9.13044	-7.20697
BLOCK13/SES132/SA132S12	SES143	-1.85831	-9.06529	-7.20697
BLOCK13/SES132/SA132S12	SES144	-0.823178	-8.03015	-7.20697
BLOCK13/SES132/SA132S12	SES148	-1.1947	-8.40167	-7.20697
BLOCK13/SES132/SA132S22	SES062	-1.022	-8.35619	-7.3342
BLOCK13/SES132/SA132S22	SES083	-2.53721	-9.8714	-7.3342
BLOCK13/SES132/SA132S22	SES127	-2.20151	-9.5357	-7.3342
BLOCK13/SES132/SA132S22	SES275	-1.18764	-8.52184	-7.3342
BLOCK13/SES132/SA132S24	SES007	-0.744545	-7.53758	-6.79304
BLOCK13/SES132/SA132S24	SES083	-1.9578	-8.75084	-6.79304
BLOCK13/SES132/SA132S24	SES127	-2.73429	-9.52732	-6.79304
BLOCK13/SES132/SA132S24	SES275	-1.1598	-7.95283	-6.79304
BLOCK13/SES132/SA132S27	SES083	-2.57123	-10.8793	-8.30806
BLOCK13/SES132/SA132S27	SES120	0.37116	-7.9369	-8.30806
BLOCK13/SES132/SA132S27	SES127	-4.0525	-12.3606	-8.30806
BLOCK13/SES132/SA132S27	SES275	-2.21662	-10.5247	-8.30806
BLOCK14/SES141/SA141S09	SES143	-1.23955	-7.87111	-6.63156
BLOCK14/SES141/SA141S09	SES144	-0.445356	-7.07692	-6.63156
BLOCK14/SES141/SA141S09	SES162	-1.2877	-7.91927	-6.63156
BLOCK14/SES141/SA141S09	SES180	-0.930727	-7.56229	-6.63156
BLOCK14/SES141/SA141S15	SES127	-1.89503	-9.59113	-7.6961
BLOCK14/SES141/SA141S15	SES144	-1.09933	-8.79544	-7.6961
BLOCK14/SES141/SA141S15	SES162	-2.41825	-10.1144	-7.6961
BLOCK14/SES141/SA141S15	SES180	-1.29548	-8.99158	-7.6961
BLOCK14/SES141/SA141S24	SES127	-2.38404	-9.58832	-7.20428
BLOCK14/SES141/SA141S24	SES144	-1.59507	-8.79935	-7.20428
BLOCK14/SES141/SA141S24	SES162	-2.05102	-9.2553	-7.20428
BLOCK14/SES141/SA141S24	SES183	-1.70816	-8.91244	-7.20428
BLOCK14/SES141/SA141S26	SES142	-0.485558	-8.40419	-7.91863
BLOCK14/SES141/SA141S26	SES144	-1.73434	-9.65297	-7.91863
BLOCK14/SES141/SA141S26	SES172	-1.34048	-9.2591	-7.91863
BLOCK14/SES141/SA141S26	SES180	-1.12609	-9.04472	-7.91863
BLOCK14/SES141/SA141S29	SES127	-1.32977	-8.24843	-6.91867
BLOCK14/SES141/SA141S29	SES142	-0.246226	-7.16489	-6.91867
BLOCK14/SES141/SA141S29	SES144	-0.434966	-7.35363	-6.91867
BLOCK14/SES141/SA141S29	SES180	-0.563529	-7.48219	-6.91867
BLOCK15/SES157/SA157S08	SES083	-1.75393	-8.75387	-6.99995
BLOCK15/SES157/SA157S08	SES127	-1.22354	-8.22349	-6.99995
BLOCK15/SES157/SA157S08	SES148	-0.40862	-7.40857	-6.99995
BLOCK15/SES157/SA157S08	SES292	-1.57732	-8.57727	-6.99995
BLOCK15/SES157/SA157S11	SES083	-1.69951	-9.25369	-7.55418
BLOCK15/SES157/SA157S11	SES127	-1.45573	-9.00992	-7.55418
BLOCK15/SES157/SA157S11	SES148	-2.08794	-9.64212	-7.55418
BLOCK15/SES157/SA157S11	SES292	-2.33662	-9.89081	-7.55418
BLOCK15/SES157/SA157S21	SES127	-0.598361	-7.1809	-6.58254
BLOCK15/SES157/SA157S21	SES148	-0.128637	-6.71118	-6.58254
BLOCK15/SES157/SA157S21	SES158	-4.14498	-10.7275	-6.58254
BLOCK15/SES157/SA157S21	SES292	-1.72241	-8.30495	-6.58254
BLOCK15/SES157/SA157S24	SES127	-0.845692	-8.83183	-7.98614
BLOCK15/SES157/SA157S24	SES148	-0.666013	-8.65215	-7.98614
BLOCK15/SES157/SA157S24	SES183	-1.218	-9.20413	-7.98614
BLOCK15/SES157/SA157S24	SES292	-1.91829	-9.90443	-7.98614
BLOCK15/SES157/SA157S26	SES007	-1.11349	-8.19398	-7.08049
BLOCK15/SES157/SA157S26	SES127	-0.978343	-8.05884	-7.08049
BLOCK15/SES157/SA157S26	SES147	-1.50968	-8.59017	-7.08049
BLOCK15/SES157/SA157S26	SES148	-1.48019	-8.56068	-7.08049
BLOCK16/SES161/SA161S10	SES007	-0.92226	-8.53833	-7.61607
BLOCK16/SES161/SA161S10	SES105	-0.753058	-8.36913	-7.61607
BLOCK16/SES161/SA161S10	SES158	-1.61108	-9.22715	-7.61607
BLOCK16/SES161/SA161S10	SES275	-0.745164	-8.36123	-7.61607
BLOCK16/SES161/SA161S12	SES007	-2.60847	-11.4209	-8.81244
BLOCK16/SES161/SA161S12	SES105	-1.3715	-10.1839	-8.81244
BLOCK16/SES161/SA161S12	SES158	-1.82534	-10.6378	-8.81244
BLOCK16/SES161/SA161S12	SES275	-3.375	-12.1874	-8.81244
BLOCK16/SES161/SA161S20	SES007	-0.908853	-9.8305	-8.92165
BLOCK16/SES161/SA161S20	SES105	-1.90329	-10.8249	-8.92165
BLOCK16/SES161/SA161S20	SES158	-0.423938	-9.34559	-8.92165
BLOCK16/SES161/SA161S20	SES275	-1.9892	-10.9109	-8.92165
BLOCK16/SES161/SA161S23	SES007	-3.93057	-12.1726	-8.24203
BLOCK16/SES161/SA161S23	SES105	-1.39686	-9.63889	-8.24203
BLOCK16/SES161/SA161S23	SES148	-3.13554	-11.3776	-8.24203
BLOCK16/SES161/SA161S23	SES158	-3.996	-12.238	-8.24203
BLOCK16/SES161/SA161S28	SES007	-1.37465	-9.48016	-8.10551
BLOCK16/SES161/SA161S28	SES105	-1.80474	-9.91025	-8.10551
BLOCK16/SES161/SA161S28	SES158	-0.39452	-8.50003	-8.10551
BLOCK16/SES161/SA161S28	SES206	-1.01264	-9.11814	-8.10551
BLOCK16/SES164/SA164S11	SES104	-1.05477	-9.05303	-7.99825
BLOCK16/SES164/SA164S11	SES125	-0.138759	-8.13701	-7.99825
BLOCK16/SES164/SA164S11	SES158	-0.251214	-8.24946	-7.99825
BLOCK16/SES164/SA164S11	SES206	-2.506	-10.5043	-7.99825
BLOCK16/SES164/SA164S13	SES099	-1.20567	-9.89177	-8.6861
BLOCK16/SES164/SA164S13	SES104	-0.683722	-9.36982	-8.6861
BLOCK16/SES164/SA164S13	SES125	-0.876211	-9.56231	-8.6861
BLOCK16/SES164/SA164S13	SES206	-1.97612	-10.6622	-8.6861
BLOCK16/SES164/SA164S24	SES002	0.536292	-7.70874	-8.24503
BLOCK16/SES164/SA164S24	SES099	-0.143478	-8.38851	-8.24503
BLOCK16/SES164/SA164S24	SES125	-0.475354	-8.72039	-8.24503
BLOCK16/SES164/SA164S24	SES226	0.896465	-7.34857	-8.24503
BLOCK16/SES164/SA164S27	SES087	-3.05702	-11.8372	-8.78013
BLOCK16/SES164/SA164S27	SES125	-0.528552	-9.30868	-8.78013
BLOCK16/SES164/SA164S27	SES206	-2.50276	-11.2829	-8.78013
BLOCK16/SES164/SA164S27	SES226	0.111924	-8.6682	-8.78013
BLOCK16/SES164/SA164S29	SES002	0.391308	-8.20173	-8.59304
BLOCK16/SES164/SA164S29	SES019	-0.857615	-9.45066	-8.59304
BLOCK16/SES164/SA164S29	SES125	-0.245126	-8.83817	-8.59304
BLOCK16/SES164/SA164S29	SES226	0.113495	-8.47955	-8.59304
BLOCK16/SES169/SA169S13	SES117	-1.23068	-8.84051	-7.60983
BLOCK16/SES169/SA169S13	SES144	-0.856325	-8.46615	-7.60983
BLOCK16/SES169/SA169S13	SES146	-1.0453	-8.65513	-7.60983
BLOCK16/SES169/SA169S13	SES162	-1.48706	-9.09689	-7.60983
BLOCK16/SES169/SA169S14	SES144	-0.777755	-7.00099	-6.22323
BLOCK16/SES169/SA169S14	SES148	-0.602445	-6.82568	-6.22323
BLOCK16/SES169/SA169S14	SES177	-0.560288	-6.78352	-6.22323
BLOCK16/SES169/SA169S14	SES180	-1.20805	-7.43128	-6.22323
BLOCK16/SES169/SA169S24	SES117	-0.877853	-9.12608	-8.24822
BLOCK16/SES169/SA169S24	SES144	-0.937717	-9.18594	-8.24822
BLOCK16/SES169/SA169S24	SES146	-0.989877	-9.2381	-8.24822
BLOCK16/SES169/SA169S24	SES162	-1.34242	-9.59064	-8.24822
BLOCK16/SES169/SA169S27	SES127	-1.18238	-8.43992	-7.25753
BLOCK16/SES169/SA169S27	SES129	-0.685093	-7.94263	-7.25753
BLOCK16/SES169/SA169S27	SES144	-0.885315	-8.14285	-7.25753
BLOCK16/SES169/SA169S27	SES146	-0.712149	-7.96968	-7.25753
BLOCK16/SES169/SA169S29	SES144	-0.186633	-6.68911	-6.50248
BLOCK16/SES169/SA169S29	SES162	-0.374389	-6.87687	-6.50248
BLOCK16/SES169/SA169S29	SES177	-0.92695	-7.42943	-6.50248
BLOCK16/SES169/SA169S29	SES180	-1.31903	-7.82151	-6.50248
BLOCK17/SES171/SA171S12	SES083	-1.21103	-9.70703	-8.496
BLOCK17/SES171/SA171S12	SES148	-2.61389	-11.1099	-8.496
BLOCK17/SES171/SA171S12	SES172	-1.99561	-10.4916	-8.496
BLOCK17/SES171/SA171S12	SES292	-3.03358	-11.5296	-8.496
BLOCK17/SES171/SA171S15	SES148	-1.3958	-9.36426	-7.96846
BLOCK17/SES171/SA171S15	SES177	-1.16453	-9.133	-7.96846
BLOCK17/SES171/SA171S15	SES180	-3.28878	-11.2572	-7.96846
BLOCK17/SES171/SA171S15	SES292	-1.557	-9.52546	-7.96846
BLOCK17/SES171/SA171S22	SES007	-1.21568	-7.59083	-6.37515
BLOCK17/SES171/SA171S22	SES148	-0.754984	-7.13013	-6.37515
BLOCK17/SES171/SA171S22	SES177	-0.349003	-6.72415	-6.37515
BLOCK17/SES171/SA171S22	SES180	-2.06058	-8.43573	-6.37515
BLOCK17/SES171/SA171S25	SES101	-1.91573	-9.76193	-7.8462
BLOCK17/SES171/SA171S25	SES120	-3.52696	-11.3732	-7.8462
BLOCK17/SES171/SA171S25	SES177	-1.6307	-9.47689	-7.8462
BLOCK17/SES171/SA171S25	SES180	-2.36196	-10.2082	-7.8462
BLOCK17/SES171/SA171S27	SES177	-0.81639	-8.94601	-8.12962
BLOCK17/SES171/SA171S27	SES180	-2.93243	-11.062	-8.12962
BLOCK17/SES171/SA171S27	SES189	-0.613201	-8.74282	-8.12962
BLOCK17/SES171/SA171S27	SES292	-3.22179	-11.3514	-8.12962
BLOCK17/SES173/SA173S13	SES162	-3.05372	-10.4591	-7.40541
BLOCK17/SES173/SA173S13	SES177	-1.41499	-8.82039	-7.40541
BLOCK17/SES173/SA173S13	SES180	-2.14671	-9.55211	-7.40541
BLOCK17/SES173/SA173S13	SES292	-0.158879	-7.56429	-7.40541
BLOCK17/SES173/SA173S14	SES007	-1.07954	-8.34752	-7.26798
BLOCK17/SES173/SA173S14	SES162	-3.11432	-10.3823	-7.26798
BLOCK17/SES173/SA173S14	SES177	-1.95421	-9.22219	-7.26798
BLOCK17/SES173/SA173S14	SES180	-2.47226	-9.74023	-7.26798
BLOCK17/SES173/SA173S24	SES144	-2.01099	-9.74239	-7.7314
BLOCK17/SES173/SA173S24	SES162	-2.79329	-10.5247	-7.7314
BLOCK17/SES173/SA173S24	SES177	-1.0263	-8.7577	-7.7314
BLOCK17/SES173/SA173S24	SES180	-2.57411	-10.3055	-7.7314
BLOCK17/SES173/SA173S27	SES162	-4.30419	-11.6601	-7.35592
BLOCK17/SES173/SA173S27	SES177	-1.63836	-8.99428	-7.35592
BLOCK17/SES173/SA173S27	SES180	-1.80459	-9.16052	-7.35592
BLOCK17/SES173/SA173S27	SES292	-0.526856	-7.88278	-7.35592
BLOCK17/SES173/SA173S29	SES162	-2.56879	-10.3155	-7.74667
BLOCK17/SES173/SA173S29	SES175	-0.843583	-8.59025	-7.74667
BLOCK17/SES173/SA173S29	SES177	-1.04761	-8.79428	-7.74667
BLOCK17/SES173/SA173S29	SES292	-1.66243	-9.4091	-7.74667
BLOCK18/SES182/SA182S10	SES144	-1.65063	-8.54134	-6.89071
BLOCK18/SES182/SA182S10	SES177	-1.47785	-8.36856	-6.89071
BLOCK18/SES182/SA182S10	SES180	-2.29009	-9.1808	-6.89071
BLOCK18/SES182/SA182S10	SES275	-1.07756	-7.96828	-6.89071
BLOCK18/SES182/SA182S12	SES144	-1.16905	-7.84821	-6.67916
BLOCK18/SES182/SA182S12	SES177	-0.893158	-7.57232	-6.67916
BLOCK18/SES182/SA182S12	SES180	-2.24909	-8.92825	-6.67916
BLOCK18/SES182/SA182S12	SES275	-1.03875	-7.71791	-6.67916
BLOCK18/SES182/SA182S21	SES117	-1.49413	-9.92408	-8.42995
BLOCK18/SES182/SA182S21	SES144	-1.15366	-9.58362	-8.42995
BLOCK18/SES182/SA182S21	SES162	-1.36732	-9.79728	-8.42995
BLOCK18/SES182/SA182S21	SES180	-2.57286	-11.0028	-8.42995
BLOCK18/SES182/SA182S23	SES117	-1.66294	-10.0541	-8.39111
BLOCK18/SES182/SA182S23	SES144	-1.93941	-10.3305	-8.39111
BLOCK18/SES182/SA182S23	SES180	-3.91066	-12.3018	-8.39111
BLOCK18/SES182/SA182S23	SES275	-2.09968	-10.4908	-8.39111
BLOCK18/SES182/SA182S25	SES007	-0.252247	-7.9836	-7.73135
BLOCK18/SES182/SA182S25	SES162	-1.213	-8.94435	-7.73135
BLOCK18/SES182/SA182S25	SES177	-0.960244	-8.69159	-7.73135
BLOCK18/SES182/SA182S25	SES180	-2.11554	-9.84689	-7.73135
BLOCK18/SES184/SA184S12	SES177	-2.00509	-9.06283	-7.05774
BLOCK18/SES184/SA184S12	SES180	-0.595626	-7.65337	-7.05774
BLOCK18/SES184/SA184S12	SES189	-2.13481	-9.19255	-7.05774
BLOCK18/SES184/SA184S12	SES292	-0.334632	-7.39237	-7.05774
BLOCK18/SES184/SA184S13	SES101	-1.03552	-8.49991	-7.46439
BLOCK18/SES184/SA184S13	SES177	-0.81284	-8.27723	-7.46439
BLOCK18/SES184/SA184S13	SES180	-1.17802	-8.64241	-7.46439
BLOCK18/SES184/SA184S13	SES292	-1.07731	-8.5417	-7.46439
BLOCK18/SES184/SA184S22	SES177	-1.75262	-9.20355	-7.45093
BLOCK18/SES184/SA184S22	SES180	-0.7536	-8.20453	-7.45093
BLOCK18/SES184/SA184S22	SES189	-1.49409	-8.94502	-7.45093
BLOCK18/SES184/SA184S22	SES292	-1.1697	-8.62063	-7.45093
BLOCK18/SES184/SA184S25	SES101	-0.938449	-8.06135	-7.1229
BLOCK18/SES184/SA184S25	SES177	-1.65761	-8.78052	-7.1229
BLOCK18/SES184/SA184S25	SES180	-0.431883	-7.55479	-7.1229
BLOCK18/SES184/SA184S25	SES292	-0.877625	-8.00053	-7.1229
BLOCK18/SES184/SA184S27	SES083	-1.44699	-8.81022	-7.36323
BLOCK18/SES184/SA184S27	SES177	-0.866688	-8.22992	-7.36323
BLOCK18/SES184/SA184S27	SES202	-1.19657	-8.55981	-7.36323
BLOCK18/SES184/SA184S27	SES292	-0.837572	-8.2008	-7.36323
BLOCK20/SES204/SA204S12	SES062	-0.941886	-7.77922	-6.83734
BLOCK20/SES204/SA204S12	SES083	-2.37184	-9.20917	-6.83734
BLOCK20/SES204/SA204S12	SES206	-0.898805	-7.73614	-6.83734
BLOCK20/SES204/SA204S12	SES226	-1.21096	-8.04829	-6.83734
BLOCK20/SES204/SA204S14	SES068	-0.443834	-6.54766	-6.10382
BLOCK20/SES204/SA204S14	SES087	-0.446148	-6.54997	-6.10382
BLOCK20/SES204/SA204S14	SES206	-1.02254	-7.12636	-6.10382
BLOCK20/SES204/SA204S14	SES226	-1.62136	-7.72518	-6.10382
BLOCK20/SES204/SA204S22	SES068	-0.839193	-7.55491	-6.71572
BLOCK20/SES204/SA204S22	SES082	-0.962548	-7.67827	-6.71572
BLOCK20/SES204/SA204S22	SES083	-2.93882	-9.65454	-6.71572
BLOCK20/SES204/SA204S22	SES206	-0.8627	-7.57842	-6.71572
BLOCK20/SES204/SA204S25	SES062	-0.999135	-7.68838	-6.68925
BLOCK20/SES204/SA204S25	SES083	-2.56085	-9.25009	-6.68925
BLOCK20/SES204/SA204S25	SES206	-0.503177	-7.19242	-6.68925
BLOCK20/SES204/SA204S25	SES226	-1.20735	-7.8966	-6.68925
BLOCK20/SES204/SA204S27	SES068	-0.261352	-8.05113	-7.78978
BLOCK20/SES204/SA204S27	SES082	-1.6939	-9.48368	-7.78978
BLOCK20/SES204/SA204S27	SES087	-0.0744281	-7.86421	-7.78978
BLOCK20/SES204/SA204S27	SES206	-1.5712	-9.36098	-7.78978
BLOCK20/SES207/SA207S10	SES127	-2.2179	-9.37195	-7.15405
BLOCK20/SES207/SA207S10	SES183	-1.16773	-8.32178	-7.15405
BLOCK20/SES207/SA207S10	SES189	-0.96348	-8.11753	-7.15405
BLOCK20/SES207/SA207S10	SES292	-1.74589	-8.89994	-7.15405
BLOCK20/SES207/SA207S11	SES127	-1.893	-10.1054	-8.21238
BLOCK20/SES207/SA207S11	SES183	-1.22931	-9.44169	-8.21238
BLOCK20/SES207/SA207S11	SES187	-0.817985	-9.03037	-8.21238
BLOCK20/SES207/SA207S11	SES292	-0.498646	-8.71103	-8.21238
BLOCK20/SES207/SA207S25	SES068	-1.24625	-9.30848	-8.06223
BLOCK20/SES207/SA207S25	SES083	-2.18109	-10.2433	-8.06223
BLOCK20/SES207/SA207S25	SES127	-0.927846	-8.99008	-8.06223
BLOCK20/SES207/SA207S25	SES187	-1.37634	-9.43857	-8.06223
BLOCK20/SES207/SA207S27	SES127	-2.12406	-9.90299	-7.77893
BLOCK20/SES207/SA207S27	SES183	-1.99338	-9.77232	-7.77893
BLOCK20/SES207/SA207S27	SES187	-1.15923	-8.93816	-7.77893
BLOCK20/SES207/SA207S27	SES292	-2.07763	-9.85656	-7.77893
BLOCK20/SES207/SA207S29	SES083	-2.66743	-10.1238	-7.45638
BLOCK20/SES207/SA207S29	SES085	-1.49033	-8.9467	-7.45638
BLOCK20/SES207/SA207S29	SES172	-0.889871	-8.34625	-7.45638
BLOCK20/SES207/SA207S29	SES189	-2.93323	-10.3896	-7.45638
BLOCK22/SES221/SA221S12	SES068	-0.277782	-6.70581	-6.42803
BLOCK22/SES221/SA221S12	SES143	-1.66439	-8.09242	-6.42803
BLOCK22/SES221/SA221S12	SES175	-0.610782	-7.03881	-6.42803
BLOCK22/SES221/SA221S12	SES202	-0.958249	-7.38628	-6.42803
BLOCK22/SES221/SA221S15	SES085	-0.539111	-7.23338	-6.69427
BLOCK22/SES221/SA221S15	SES143	-1.50043	-8.1947	-6.69427
BLOCK22/SES221/SA221S15	SES175	-0.81586	-7.51013	-6.69427
BLOCK22/SES221/SA221S15	SES187	-1.24281	-7.93708	-6.69427
BLOCK22/SES221/SA221S23	SES068	0.00129652	-6.72274	-6.72403
BLOCK22/SES221/SA221S23	SES143	-1.60646	-8.3305	-6.72403
BLOCK22/SES221/SA221S23	SES175	-1.20941	-7.93344	-6.72403
BLOCK22/SES221/SA221S23	SES189	-1.92266	-8.64669	-6.72403
BLOCK22/SES221/SA221S27	SES085	0.165225	-7.34186	-7.50709
BLOCK22/SES221/SA221S27	SES143	-1.50499	-9.01207	-7.50709
BLOCK22/SES221/SA221S27	SES175	-0.989925	-8.49701	-7.50709
BLOCK22/SES221/SA221S27	SES189	-1.0282	-8.53529	-7.50709
BLOCK22/SES221/SA221S29	SES085	-0.0716696	-6.84796	-6.77629
BLOCK22/SES221/SA221S29	SES143	-1.1061	-7.88239	-6.77629
BLOCK22/SES221/SA221S29	SES175	-0.711307	-7.4876	-6.77629
BLOCK22/SES221/SA221S29	SES187	-1.3193	-8.09559	-6.77629
BLOCK22/SES223/SA223S11	SES143	-1.13229	-8.61625	-7.48396
BLOCK22/SES223/SA223S11	SES144	-2.10745	-9.59141	-7.48396
BLOCK22/SES223/SA223S11	SES175	-0.710703	-8.19466	-7.48396
BLOCK22/SES223/SA223S11	SES187	-1.42186	-8.90583	-7.48396
BLOCK22/SES223/SA223S13	SES068	-0.13712	-7.58021	-7.44309
BLOCK22/SES223/SA223S13	SES143	-1.78581	-9.2289	-7.44309
BLOCK22/SES223/SA223S13	SES146	-1.28153	-8.72462	-7.44309
BLOCK22/SES223/SA223S13	SES202	-1.2488	-8.69189	-7.44309
BLOCK22/SES223/SA223S22	SES143	-0.539557	-7.71878	-7.17922
BLOCK22/SES223/SA223S22	SES144	-2.03986	-9.21908	-7.17922
BLOCK22/SES223/SA223S22	SES175	-0.404248	-7.58347	-7.17922
BLOCK22/SES223/SA223S22	SES187	-1.55937	-8.73859	-7.17922
BLOCK22/SES223/SA223S25	SES068	-1.06609	-8.3283	-7.26221
BLOCK22/SES223/SA223S25	SES143	-1.06844	-8.33065	-7.26221
BLOCK22/SES223/SA223S25	SES175	-0.663902	-7.92612	-7.26221
BLOCK22/SES223/SA223S25	SES187	-1.49559	-8.7578	-7.26221
BLOCK22/SES223/SA223S27	SES143	-0.641179	-8.47602	-7.83484
BLOCK22/SES223/SA223S27	SES146	-1.74553	-9.58036	-7.83484
BLOCK22/SES223/SA223S27	SES187	-1.42878	-9.26362	-7.83484
BLOCK22/SES223/SA223S27	SES292	-0.511257	-8.34609	-7.83484
BLOCK27/SES273/SA273S12	SES099	-0.102467	-7.3923	-7.28983
BLOCK27/SES273/SA273S12	SES104	0.045126	-7.2447	-7.28983
BLOCK27/SES273/SA273S12	SES125	-0.547437	-7.83727	-7.28983
BLOCK27/SES273/SA273S12	SES206	-0.0764494	-7.36628	-7.28983
BLOCK27/SES273/SA273S13	SES099	-1.04656	-7.79756	-6.751
BLOCK27/SES273/SA273S13	SES104	-0.206407	-6.95741	-6.751
BLOCK27/SES273/SA273S13	SES206	-1.47575	-8.22675	-6.751
BLOCK27/SES273/SA273S13	SES292	-0.976285	-7.72729	-6.751
BLOCK27/SES273/SA273S21	SES099	-0.804862	-8.49929	-7.69443
BLOCK27/SES273/SA273S21	SES148	-2.00611	-9.70055	-7.69443
BLOCK27/SES273/SA273S21	SES149	-1.65916	-9.35359	-7.69443
BLOCK27/SES273/SA273S21	SES177	-2.03497	-9.7294	-7.69443
BLOCK27/SES273/SA273S25	SES104	-0.187351	-8.13209	-7.94474
BLOCK27/SES273/SA273S25	SES125	-0.793351	-8.73809	-7.94474
BLOCK27/SES273/SA273S25	SES158	-0.105765	-8.05051	-7.94474
BLOCK27/SES273/SA273S25	SES206	-0.328535	-8.27328	-7.94474
BLOCK27/SES273/SA273S27	SES099	-0.763334	-7.02063	-6.2573
BLOCK27/SES273/SA273S27	SES104	-0.598105	-6.8554	-6.2573
BLOCK27/SES273/SA273S27	SES149	-1.21294	-7.47024	-6.2573
BLOCK27/SES273/SA273S27	SES275	-1.37326	-7.63056	-6.2573
BLOCK27/SES274/SA274S10	SES105	-1.88475	-8.27813	-6.39338
BLOCK27/SES274/SA274S10	SES125	-1.91511	-8.30849	-6.39338
BLOCK27/SES274/SA274S10	SES129	-0.284454	-6.67784	-6.39338
BLOCK27/SES274/SA274S10	SES158	-4.41758	-10.811	-6.39338
BLOCK27/SES274/SA274S11	SES105	-1.07672	-7.50795	-6.43123
BLOCK27/SES274/SA274S11	SES149	-0.725158	-7.15639	-6.43123
BLOCK27/SES274/SA274S11	SES158	-1.46451	-7.89574	-6.43123
BLOCK27/SES274/SA274S11	SES275	-0.343153	-6.77438	-6.43123
BLOCK27/SES274/SA274S21	SES105	-1.32163	-7.84839	-6.52676
BLOCK27/SES274/SA274S21	SES129	-0.391479	-6.91824	-6.52676
BLOCK27/SES274/SA274S21	SES149	-1.93456	-8.46132	-6.52676
BLOCK27/SES274/SA274S21	SES158	-3.96155	-10.4883	-6.52676
BLOCK27/SES274/SA274S24	SES105	-1.90356	-9.32597	-7.42241
BLOCK27/SES274/SA274S24	SES129	-0.109899	-7.53231	-7.42241
BLOCK27/SES274/SA274S24	SES149	-2.37973	-9.80214	-7.42241
BLOCK27/SES274/SA274S24	SES158	-5.11152	-12.5339	-7.42241
BLOCK27/SES274/SA274S29	SES105	-1.45675	-8.48143	-7.02468
BLOCK27/SES274/SA274S29	SES106	-1.91954	-8.94422	-7.02468
BLOCK27/SES274/SA274S29	SES120	-0.772568	-7.79725	-7.02468
BLOCK27/SES274/SA274S29	SES275	-0.753935	-7.77862	-7.02468
BLOCK27/SES276/SA276S16	SES148	-0.605832	-7.34071	-6.73488
BLOCK27/SES276/SA276S16	SES172	-0.121879	-6.85676	-6.73488
BLOCK27/SES276/SA276S16	SES180	-0.859149	-7.59403	-6.73488
BLOCK27/SES276/SA276S16	SES292	-0.912697	-7.64757	-6.73488
BLOCK27/SES276/SA276S17	SES101	-1.1436	-8.37427	-7.23067
BLOCK27/SES276/SA276S17	SES177	-1.89802	-9.12868	-7.23067
BLOCK27/SES276/SA276S17	SES180	-1.67954	-8.91021	-7.23067
BLOCK27/SES276/SA276S17	SES292	-1.24389	-8.47456	-7.23067
BLOCK27/SES276/SA276S24	SES101	-0.595037	-6.99941	-6.40437
BLOCK27/SES276/SA276S24	SES177	-0.983649	-7.38802	-6.40437
BLOCK27/SES276/SA276S24	SES180	-1.23558	-7.63995	-6.40437
BLOCK27/SES276/SA276S24	SES292	-1.28123	-7.6856	-6.40437
BLOCK27/SES276/SA276S26	SES101	-0.772344	-7.41577	-6.64343
BLOCK27/SES276/SA276S26	SES177	-0.960973	-7.6044	-6.64343
BLOCK27/SES276/SA276S26	SES180	-0.848445	-7.49187	-6.64343
BLOCK27/SES276/SA276S26	SES292	-0.256682	-6.90011	-6.64343
BLOCK27/SES276/SA276S28	SES101	-0.16117	-6.87494	-6.71377
BLOCK27/SES276/SA276S28	SES177	-1.18355	-7.89731	-6.71377
BLOCK27/SES276/SA276S28	SES180	-0.272049	-6.98582	-6.71377
BLOCK27/SES276/SA276S28	SES292	-0.374192	-7.08796	-6.71377
BLOCK27/SES277/SA277S12	SES101	-0.683081	-9.09701	-8.41393
BLOCK27/SES277/SA277S12	SES177	-1.93444	-10.3484	-8.41393
BLOCK27/SES277/SA277S12	SES180	-2.11086	-10.5248	-8.41393
BLOCK27/SES277/SA277S12	SES292	-1.69195	-10.1059	-8.41393
BLOCK27/SES277/SA277S14	SES177	-1.43462	-9.9353	-8.50069
BLOCK27/SES277/SA277S14	SES180	-1.92777	-10.4285	-8.50069
BLOCK27/SES277/SA277S14	SES189	-0.110445	-8.61113	-8.50069
BLOCK27/SES277/SA277S14	SES292	-2.34183	-10.8425	-8.50069
BLOCK27/SES277/SA277S21	SES177	-1.12061	-9.58916	-8.46855
BLOCK27/SES277/SA277S21	SES180	-1.31066	-9.7792	-8.46855
BLOCK27/SES277/SA277S21	SES189	0.177511	-8.29104	-8.46855
BLOCK27/SES277/SA277S21	SES292	-2.72401	-11.1926	-8.46855
BLOCK27/SES277/SA277S24	SES144	-0.786081	-9.53224	-8.74615
BLOCK27/SES277/SA277S24	SES177	-1.34875	-10.0949	-8.74615
BLOCK27/SES277/SA277S24	SES180	-2.74824	-11.4944	-8.74615
BLOCK27/SES277/SA277S24	SES189	0.102421	-8.64373	-8.74615
BLOCK27/SES277/SA277S29	SES177	-1.13133	-7.22335	-6.09201
BLOCK27/SES277/SA277S29	SES180	-1.17173	-7.26375	-6.09201
BLOCK27/SES277/SA277S29	SES202	-0.595649	-6.68766	-6.09201
BLOCK27/SES277/SA277S29	SES292	-1.58083	-7.67284	-6.09201
BLOCK27/SES279/SA279S09	SES120	-1.01529	-7.5672	-6.55191
BLOCK27/SES279/SA279S09	SES146	-1.4468	-7.9987	-6.55191
BLOCK27/SES279/SA279S09	SES206	-0.587132	-7.13904	-6.55191
BLOCK27/SES279/SA279S09	SES226	-1.16569	-7.71759	-6.55191
BLOCK27/SES279/SA279S10	SES099	-1.26958	-8.53796	-7.26837
BLOCK27/SES279/SA279S10	SES206	-1.82441	-9.09278	-7.26837
BLOCK27/SES279/SA279S10	SES226	-2.03894	-9.30731	-7.26837
BLOCK27/SES279/SA279S10	SES292	-0.276713	-7.54509	-7.26837
BLOCK27/SES279/SA279S20	SES099	-1.68194	-9.04767	-7.36574
BLOCK27/SES279/SA279S20	SES206	-1.15669	-8.52243	-7.36574
BLOCK27/SES279/SA279S20	SES226	-2.37765	-9.74339	-7.36574
BLOCK27/SES279/SA279S20	SES292	-0.691758	-8.0575	-7.36574
BLOCK27/SES279/SA279S26	SES099	-0.927116	-8.80742	-7.88031
BLOCK27/SES279/SA279S26	SES206	-0.894931	-8.77524	-7.88031
BLOCK27/SES279/SA279S26	SES226	-1.93938	-9.81968	-7.88031
BLOCK27/SES279/SA279S26	SES292	0.179989	-7.70032	-7.88031
BLOCK27/SES279/SA279S28	SES099	-0.860613	-7.25373	-6.39311
BLOCK27/SES279/SA279S28	SES120	-0.777326	-7.17044	-6.39311
BLOCK27/SES279/SA279S28	SES177	-2.04961	-8.44272	-6.39311
BLOCK27/SES279/SA279S28	SES206	-0.979279	-7.37239	-6.39311
BLOCK29/SES290/SA290S12	SES162	-0.325417	-5.94402	-5.6186
BLOCK29/SES290/SA290S12	SES177	-0.738063	-6.35666	-5.6186
BLOCK29/SES290/SA290S12	SES180	-0.676288	-6.29489	-5.6186
BLOCK29/SES290/SA290S12	SES292	-1.28358	-6.90218	-5.6186
BLOCK29/SES290/SA290S13	SES007	-0.0584617	-6.21452	-6.15606
BLOCK29/SES290/SA290S13	SES162	-1.22572	-7.38178	-6.15606
BLOCK29/SES290/SA290S13	SES177	-1.20629	-7.36234	-6.15606
BLOCK29/SES290/SA290S13	SES180	-0.568534	-6.72459	-6.15606
BLOCK29/SES290/SA290S22	SES177	-0.845545	-7.32372	-6.47818
BLOCK29/SES290/SA290S22	SES180	-0.676952	-7.15513	-6.47818
BLOCK29/SES290/SA290S22	SES202	-0.510628	-6.9888	-6.47818
BLOCK29/SES290/SA290S22	SES292	-0.708123	-7.1863	-6.47818
BLOCK29/SES290/SA290S25	SES162	-0.75305	-6.96193	-6.20888
BLOCK29/SES290/SA290S25	SES177	-1.04693	-7.25581	-6.20888
BLOCK29/SES290/SA290S25	SES180	-1.07274	-7.28162	-6.20888
BLOCK29/SES290/SA290S25	SES292	-0.682529	-6.89141	-6.20888
BLOCK29/SES290/SA290S29	SES177	-0.668795	-6.80149	-6.13269
BLOCK29/SES290/SA290S29	SES180	-0.107119	-6.23981	-6.13269
BLOCK29/SES290/SA290S29	SES275	-0.697857	-6.83055	-6.13269
BLOCK29/SES290/SA290S29	SES292	-0.477058	-6.60975	-6.13269
BLOCK29/SES291/SA291S11	SES105	-1.62328	-9.49588	-7.87261
BLOCK29/SES291/SA291S11	SES125	-1.20257	-9.07518	-7.87261
BLOCK29/SES291/SA291S11	SES158	-0.52544	-8.39805	-7.87261
BLOCK29/SES291/SA291S11	SES275	-1.11017	-8.98278	-7.87261
BLOCK29/SES291/SA291S12	SES158	0.21979	-6.93465	-7.15444
BLOCK29/SES291/SA291S12	SES226	-1.2741	-8.42854	-7.15444
BLOCK29/SES291/SA291S12	SES270	-1.04949	-8.20393	-7.15444
BLOCK29/SES291/SA291S12	SES275	-2.71526	-9.8697	-7.15444
BLOCK29/SES291/SA291S22	SES082	-0.668976	-8.32507	-7.65609
BLOCK29/SES291/SA291S22	SES158	-0.368522	-8.02461	-7.65609
BLOCK29/SES291/SA291S22	SES259	-0.908302	-8.56439	-7.65609
BLOCK29/SES291/SA291S22	SES275	-1.60463	-9.26072	-7.65609
BLOCK29/SES291/SA291S24	SES104	0.119647	-6.82875	-6.94839
BLOCK29/SES291/SA291S24	SES125	-0.600978	-7.54937	-6.94839
BLOCK29/SES291/SA291S24	SES158	-0.411894	-7.36029	-6.94839
BLOCK29/SES291/SA291S24	SES275	-1.6827	-8.63109	-6.94839
BLOCK29/SES291/SA291S27	SES158	-0.401007	-7.23545	-6.83444
BLOCK29/SES291/SA291S27	SES172	-2.44418	-9.27862	-6.83444
BLOCK29/SES291/SA291S27	SES275	-1.82037	-8.65481	-6.83444
BLOCK29/SES291/SA291S27	SES292	-0.457971	-7.29241	-6.83444
