Threshold search:
THR	7.68214859366	9	0(0)	1(1000)
THR	7.7962121077234	8.973	0(0)	0.997(997)
THR	7.9102756217868	8.964	0(0)	0.996(996)
THR	8.0243391358502	8.964	0(0)	0.996(996)
THR	8.1384026499136	8.955	0(0)	0.995(995)
THR	8.252466163977	8.955	0(0)	0.995(995)
THR	8.3665296780404	8.955	0(0)	0.995(995)
THR	8.4805931921038	8.955	0(0)	0.995(995)
THR	8.5946567061672	8.946	0(0)	0.994(994)
THR	8.7087202202306	8.946	0(0)	0.994(994)
THR	8.822783734294	8.937	0(0)	0.993(993)
THR	8.9368472483574	8.919	0(0)	0.991(991)
THR	9.0509107624208	8.919	0(0)	0.991(991)
THR	9.1649742764842	8.91	0(0)	0.99(990)
THR	9.2790377905476	8.892	0(0)	0.988(988)
THR	9.393101304611	8.856	0(0)	0.984(984)
THR	9.5071648186744	8.847	0(0)	0.983(983)
THR	9.62122833273779	8.82	0(0)	0.98(980)
THR	9.73529184680119	8.802	0(0)	0.978(978)
THR	9.84935536086459	8.757	0(0)	0.973(973)
THR	9.96341887492799	8.748	0(0)	0.972(972)
THR	10.0774823889914	8.712	0(0)	0.968(968)
THR	10.1915459030548	8.667	0(0)	0.963(963)
THR	10.3056094171182	8.631	0(0)	0.959(959)
THR	10.4196729311816	8.577	0(0)	0.953(953)
THR	10.533736445245	8.514	0(0)	0.946(946)
THR	10.6477999593084	8.46	0(0)	0.94(940)
THR	10.7618634733718	8.388	0(0)	0.932(932)
THR	10.8759269874352	8.316	0(0)	0.924(924)
THR	10.9899905014986	8.253	0(0)	0.917(917)
THR	11.104054015562	8.181	0(0)	0.909(909)
THR	11.2181175296254	8.082	0(0)	0.898(898)
THR	11.3321810436888	8.001	0(0)	0.889(889)
THR	11.4462445577522	7.893	0(0)	0.877(877)
THR	11.5603080718156	7.776	0(0)	0.864(864)
THR	11.674371585879	7.587	0(0)	0.843(843)
THR	11.7884350999424	7.452	0(0)	0.828(828)
THR	11.9024986140058	7.236	0(0)	0.804(804)
THR	12.0165621280692	7.096	0.004(1)	0.788(788)
THR	12.1306256421326	6.956	0.008(2)	0.772(772)
THR	12.244689156196	6.78	0.012(3)	0.752(752)
THR	12.3587526702594	6.564	0.012(3)	0.728(728)
THR	12.4728161843228	6.306	0.024(6)	0.698(698)
THR	12.5868796983862	6.093	0.036(9)	0.673(673)
THR	12.7009432124496	5.867	0.044(11)	0.647(647)
THR	12.815006726513	5.511	0.048(12)	0.607(607)
THR	12.9290702405764	5.227	0.052(13)	0.575(575)
THR	13.0431337546398	4.807	0.064(16)	0.527(527)
THR	13.1571972687032	4.489	0.088(22)	0.489(489)
THR	13.2712607827666	4.133	0.092(23)	0.449(449)
THR	13.38532429683	3.906	0.108(27)	0.422(422)
THR	13.4993878108934	3.668	0.14(35)	0.392(392)
THR	13.6134513249568	3.301	0.16(40)	0.349(349)
THR	13.7275148390202	3.027	0.192(48)	0.315(315)
THR	13.8415783530836	2.8	0.208(52)	0.288(288)
THR	13.955641867147	2.534	0.248(62)	0.254(254)
THR	14.0697053812104	2.363	0.284(71)	0.231(231)
THR	14.1837688952738	2.145	0.3(75)	0.205(205)
THR	14.2978324093372	1.901	0.344(86)	0.173(173)
THR	14.4118959234006	1.683	0.36(90)	0.147(147)
THR	14.525959437464	1.547	0.404(101)	0.127(127)
THR	14.6400229515274	1.436	0.464(116)	0.108(108)
THR	14.7540864655908	1.342	0.496(124)	0.094(94)
THR	14.8681499796542	1.211	0.536(134)	0.075(75)
THR	14.9822134937176	1.088	0.584(146)	0.056(56)
THR	15.096277007781	0.988	0.592(148)	0.044(44)
THR	15.2103405218444	0.942	0.636(159)	0.034(34)
THR	15.3244040359078	0.932	0.68(170)	0.028(28)
THR	15.4384675499712	0.922	0.724(181)	0.022(22)
THR	15.5525310640346	0.946	0.748(187)	0.022(22)
THR	15.666594578098	0.938	0.776(194)	0.018(18)
THR	15.7806580921614	0.942	0.816(204)	0.014(14)
THR	15.8947216062248	0.939	0.84(210)	0.011(11)
THR	16.0087851202882	0.933	0.852(213)	0.009(9)
THR	16.1228486343516	0.944	0.872(218)	0.008(8)
THR	16.236912148415	0.93	0.876(219)	0.006(6)
THR	16.3509756624784	0.932	0.896(224)	0.004(4)
THR	16.4650391765418	0.93	0.912(228)	0.002(2)
THR	16.5791026906052	0.933	0.924(231)	0.001(1)
THR	16.6931662046686	0.933	0.924(231)	0.001(1)
THR	16.807229718732	0.932	0.932(233)	0(0)
THR	16.9212932327954	0.932	0.932(233)	0(0)
THR	17.0353567468588	0.936	0.936(234)	0(0)
THR	17.1494202609222	0.948	0.948(237)	0(0)
THR	17.2634837749856	0.952	0.952(238)	0(0)
THR	17.377547289049	0.96	0.96(240)	0(0)
THR	17.4916108031124	0.976	0.976(244)	0(0)
THR	17.6056743171758	0.984	0.984(246)	0(0)
THR	17.7197378312392	0.988	0.988(247)	0(0)
THR	17.8338013453026	0.988	0.988(247)	0(0)
THR	17.947864859366	0.988	0.988(247)	0(0)
THR	18.0619283734294	0.988	0.988(247)	0(0)
THR	18.1759918874928	0.992	0.992(248)	0(0)
THR	18.2900554015562	0.996	0.996(249)	0(0)
THR	18.4041189156196	0.996	0.996(249)	0(0)
THR	18.518182429683	0.996	0.996(249)	0(0)
THR	18.6322459437464	0.996	0.996(249)	0(0)
THR	18.7463094578098	0.996	0.996(249)	0(0)
THR	18.8603729718732	0.996	0.996(249)	0(0)
THR	18.9744364859366	0.996	0.996(249)	0(0)
THR	19.0885	0.996	0.996(249)	0(0)
THR	19.2025635140634	1	1(250)	0(0)


==============================================
THR: 15.4384675499712
Missed:     181/250=0.7240
FalseAlarm: 22/1000=0.0220
----------------------------------------------
==> CostDetection: 92.2
==============================================
Threshold search:
THR	5.23132363464	9	0(0)	1(1000)
THR	5.3949773982936	8.991	0(0)	0.999(999)
THR	5.5586311619472	8.991	0(0)	0.999(999)
THR	5.7222849256008	8.982	0(0)	0.998(998)
THR	5.8859386892544	8.982	0(0)	0.998(998)
THR	6.049592452908	8.982	0(0)	0.998(998)
THR	6.2132462165616	8.982	0(0)	0.998(998)
THR	6.3768999802152	8.973	0(0)	0.997(997)
THR	6.5405537438688	8.955	0(0)	0.995(995)
THR	6.7042075075224	8.928	0(0)	0.992(992)
THR	6.867861271176	8.901	0(0)	0.989(989)
THR	7.0315150348296	8.892	0(0)	0.988(988)
THR	7.1951687984832	8.865	0(0)	0.985(985)
THR	7.3588225621368	8.838	0(0)	0.982(982)
THR	7.5224763257904	8.82	0(0)	0.98(980)
THR	7.686130089444	8.793	0(0)	0.977(977)
THR	7.8497838530976	8.766	0(0)	0.974(974)
THR	8.0134376167512	8.712	0(0)	0.968(968)
THR	8.1770913804048	8.676	0(0)	0.964(964)
THR	8.3407451440584	8.64	0(0)	0.96(960)
THR	8.504398907712	8.586	0(0)	0.954(954)
THR	8.6680526713656	8.577	0(0)	0.953(953)
THR	8.83170643501921	8.532	0(0)	0.948(948)
THR	8.99536019867281	8.478	0(0)	0.942(942)
THR	9.15901396232641	8.424	0(0)	0.936(936)
THR	9.32266772598001	8.361	0(0)	0.929(929)
THR	9.48632148963361	8.262	0(0)	0.918(918)
THR	9.64997525328721	8.145	0(0)	0.905(905)
THR	9.81362901694081	8.028	0(0)	0.892(892)
THR	9.97728278059441	7.938	0(0)	0.882(882)
THR	10.140936544248	7.875	0(0)	0.875(875)
THR	10.3045903079016	7.731	0(0)	0.859(859)
THR	10.4682440715552	7.56	0(0)	0.84(840)
THR	10.6318978352088	7.416	0(0)	0.824(824)
THR	10.7955515988624	7.173	0(0)	0.797(797)
THR	10.959205362516	6.993	0(0)	0.777(777)
THR	11.1228591261696	6.813	0(0)	0.757(757)
THR	11.2865128898232	6.579	0(0)	0.731(731)
THR	11.4501666534768	6.336	0(0)	0.704(704)
THR	11.6138204171304	6.003	0(0)	0.667(667)
THR	11.777474180784	5.715	0(0)	0.635(635)
THR	11.9411279444376	5.368	0.004(1)	0.596(596)
THR	12.1047817080912	5.035	0.004(1)	0.559(559)
THR	12.2684354717448	4.801	0.004(1)	0.533(533)
THR	12.4320892353984	4.337	0.008(2)	0.481(481)
THR	12.595742999052	4.04	0.008(2)	0.448(448)
THR	12.7593967627056	3.743	0.008(2)	0.415(415)
THR	12.9230505263592	3.5	0.008(2)	0.388(388)
THR	13.0867042900128	3.158	0.008(2)	0.35(350)
THR	13.2503580536664	2.838	0.012(3)	0.314(314)
THR	13.41401181732	2.442	0.012(3)	0.27(270)
THR	13.5776655809736	2.171	0.02(5)	0.239(239)
THR	13.7413193446272	1.91	0.02(5)	0.21(210)
THR	13.9049731082808	1.747	0.028(7)	0.191(191)
THR	14.0686268719344	1.548	0.036(9)	0.168(168)
THR	14.232280635588	1.227	0.048(12)	0.131(131)
THR	14.3959343992416	1.027	0.064(16)	0.107(107)
THR	14.5595881628952	0.868	0.076(19)	0.088(88)
THR	14.7232419265488	0.664	0.088(22)	0.064(64)
THR	14.8868956902024	0.625	0.112(28)	0.057(57)
THR	15.050549453856	0.558	0.144(36)	0.046(46)
THR	15.2142032175096	0.522	0.18(45)	0.038(38)
THR	15.3778569811632	0.471	0.228(57)	0.027(27)
THR	15.5415107448168	0.471	0.264(66)	0.023(23)
THR	15.7051645084704	0.464	0.32(80)	0.016(16)
THR	15.868818272124	0.479	0.38(95)	0.011(11)
THR	16.0324720357776	0.485	0.404(101)	0.009(9)
THR	16.1961257994312	0.52	0.448(112)	0.008(8)
THR	16.3597795630848	0.56	0.524(131)	0.004(4)
THR	16.5234333267384	0.607	0.58(145)	0.003(3)
THR	16.687087090392	0.671	0.644(161)	0.003(3)
THR	16.8507408540456	0.689	0.68(170)	0.001(1)
THR	17.0143946176992	0.728	0.728(182)	0(0)
THR	17.1780483813528	0.776	0.776(194)	0(0)
THR	17.3417021450064	0.812	0.812(203)	0(0)
THR	17.50535590866	0.824	0.824(206)	0(0)
THR	17.6690096723136	0.852	0.852(213)	0(0)
THR	17.8326634359672	0.868	0.868(217)	0(0)
THR	17.9963171996208	0.888	0.888(222)	0(0)
THR	18.1599709632744	0.904	0.904(226)	0(0)
THR	18.323624726928	0.912	0.912(228)	0(0)
THR	18.4872784905816	0.928	0.928(232)	0(0)
THR	18.6509322542352	0.956	0.956(239)	0(0)
THR	18.8145860178888	0.956	0.956(239)	0(0)
THR	18.9782397815424	0.956	0.956(239)	0(0)
THR	19.141893545196	0.96	0.96(240)	0(0)
THR	19.3055473088496	0.964	0.964(241)	0(0)
THR	19.4692010725032	0.968	0.968(242)	0(0)
THR	19.6328548361568	0.972	0.972(243)	0(0)
THR	19.7965085998104	0.98	0.98(245)	0(0)
THR	19.960162363464	0.98	0.98(245)	0(0)
THR	20.1238161271176	0.984	0.984(246)	0(0)
THR	20.2874698907712	0.984	0.984(246)	0(0)
THR	20.4511236544248	0.984	0.984(246)	0(0)
THR	20.6147774180784	0.996	0.996(249)	0(0)
THR	20.778431181732	0.996	0.996(249)	0(0)
THR	20.9420849453856	0.996	0.996(249)	0(0)
THR	21.1057387090392	0.996	0.996(249)	0(0)
THR	21.2693924726928	0.996	0.996(249)	0(0)
THR	21.4330462363464	0.996	0.996(249)	0(0)
THR	21.5967	1	1(250)	0(0)


==============================================
THR: 15.7051645084704
Missed:     80/250=0.3200
FalseAlarm: 16/1000=0.0160
----------------------------------------------
==> CostDetection: 46.4
==============================================
Threshold search:
THR	-6.59837085485	9	0(0)	1(1000)
THR	-6.4898222463015	8.982	0(0)	0.998(998)
THR	-6.381273637753	8.982	0(0)	0.998(998)
THR	-6.2727250292045	8.982	0(0)	0.998(998)
THR	-6.164176420656	8.982	0(0)	0.998(998)
THR	-6.0556278121075	8.973	0(0)	0.997(997)
THR	-5.947079203559	8.964	0(0)	0.996(996)
THR	-5.8385305950105	8.955	0(0)	0.995(995)
THR	-5.729981986462	8.955	0(0)	0.995(995)
THR	-5.6214333779135	8.955	0(0)	0.995(995)
THR	-5.512884769365	8.955	0(0)	0.995(995)
THR	-5.4043361608165	8.937	0(0)	0.993(993)
THR	-5.295787552268	8.937	0(0)	0.993(993)
THR	-5.1872389437195	8.919	0(0)	0.991(991)
THR	-5.07869033517099	8.883	0(0)	0.987(987)
THR	-4.97014172662249	8.856	0(0)	0.984(984)
THR	-4.86159311807399	8.793	0(0)	0.977(977)
THR	-4.75304450952549	8.775	0(0)	0.975(975)
THR	-4.64449590097699	8.73	0(0)	0.97(970)
THR	-4.53594729242849	8.703	0(0)	0.967(967)
THR	-4.42739868387999	8.64	0(0)	0.96(960)
THR	-4.31885007533149	8.568	0(0)	0.952(952)
THR	-4.21030146678299	8.496	0(0)	0.944(944)
THR	-4.10175285823449	8.415	0(0)	0.935(935)
THR	-3.99320424968599	8.325	0(0)	0.925(925)
THR	-3.88465564113749	8.208	0(0)	0.912(912)
THR	-3.77610703258899	8.037	0(0)	0.893(893)
THR	-3.66755842404049	7.83	0(0)	0.87(870)
THR	-3.55900981549199	7.605	0(0)	0.845(845)
THR	-3.45046120694349	7.344	0(0)	0.816(816)
THR	-3.34191259839499	7.164	0(0)	0.796(796)
THR	-3.23336398984649	6.849	0(0)	0.761(761)
THR	-3.12481538129799	6.498	0(0)	0.722(722)
THR	-3.01626677274949	6.3	0(0)	0.7(700)
THR	-2.90771816420099	5.94	0(0)	0.66(660)
THR	-2.79916955565249	5.607	0(0)	0.623(623)
THR	-2.69062094710399	5.13	0(0)	0.57(570)
THR	-2.58207233855549	4.653	0(0)	0.517(517)
THR	-2.47352373000699	4.176	0(0)	0.464(464)
THR	-2.36497512145849	3.708	0(0)	0.412(412)
THR	-2.25642651290999	3.15	0(0)	0.35(350)
THR	-2.14787790436149	2.7	0(0)	0.3(300)
THR	-2.03932929581299	2.412	0(0)	0.268(268)
THR	-1.93078068726449	1.926	0(0)	0.214(214)
THR	-1.82223207871599	1.665	0(0)	0.185(185)
THR	-1.71368347016749	1.431	0(0)	0.159(159)
THR	-1.60513486161899	1.197	0(0)	0.133(133)
THR	-1.49658625307049	1.044	0(0)	0.116(116)
THR	-1.38803764452199	0.891	0(0)	0.099(99)
THR	-1.27948903597349	0.657	0(0)	0.073(73)
THR	-1.17094042742499	0.472	0.004(1)	0.052(52)
THR	-1.06239181887649	0.301	0.004(1)	0.033(33)
THR	-0.953843210327994	0.21	0.012(3)	0.022(22)
THR	-0.845294601779494	0.115	0.016(4)	0.011(11)
THR	-0.736745993230994	0.088	0.016(4)	0.008(8)
THR	-0.628197384682494	0.092	0.02(5)	0.008(8)
THR	-0.519648776133994	0.082	0.028(7)	0.006(6)
THR	-0.411100167585494	0.066	0.048(12)	0.002(2)
THR	-0.302551559036994	0.081	0.072(18)	0.001(1)
THR	-0.194002950488494	0.089	0.08(20)	0.001(1)
THR	-0.0854543419399944	0.097	0.088(22)	0.001(1)
THR	0.0230942666085056	0.116	0.116(29)	0(0)
THR	0.131642875157006	0.132	0.132(33)	0(0)
THR	0.240191483705506	0.18	0.18(45)	0(0)
THR	0.348740092254006	0.236	0.236(59)	0(0)
THR	0.457288700802505	0.264	0.264(66)	0(0)
THR	0.565837309351006	0.3	0.3(75)	0(0)
THR	0.674385917899506	0.352	0.352(88)	0(0)
THR	0.782934526448006	0.428	0.428(107)	0(0)
THR	0.891483134996506	0.472	0.472(118)	0(0)
THR	1.00003174354501	0.512	0.512(128)	0(0)
THR	1.10858035209351	0.572	0.572(143)	0(0)
THR	1.21712896064201	0.608	0.608(152)	0(0)
THR	1.32567756919051	0.66	0.66(165)	0(0)
THR	1.43422617773901	0.712	0.712(178)	0(0)
THR	1.5427747862875	0.748	0.748(187)	0(0)
THR	1.651323394836	0.788	0.788(197)	0(0)
THR	1.7598720033845	0.848	0.848(212)	0(0)
THR	1.868420611933	0.868	0.868(217)	0(0)
THR	1.9769692204815	0.892	0.892(223)	0(0)
THR	2.08551782903	0.904	0.904(226)	0(0)
THR	2.1940664375785	0.912	0.912(228)	0(0)
THR	2.302615046127	0.936	0.936(234)	0(0)
THR	2.4111636546755	0.944	0.944(236)	0(0)
THR	2.519712263224	0.952	0.952(238)	0(0)
THR	2.6282608717725	0.96	0.96(240)	0(0)
THR	2.736809480321	0.964	0.964(241)	0(0)
THR	2.8453580888695	0.968	0.968(242)	0(0)
THR	2.953906697418	0.98	0.98(245)	0(0)
THR	3.0624553059665	0.98	0.98(245)	0(0)
THR	3.171003914515	0.992	0.992(248)	0(0)
THR	3.2795525230635	0.992	0.992(248)	0(0)
THR	3.388101131612	0.992	0.992(248)	0(0)
THR	3.4966497401605	0.992	0.992(248)	0(0)
THR	3.605198348709	0.992	0.992(248)	0(0)
THR	3.7137469572575	0.992	0.992(248)	0(0)
THR	3.822295565806	0.992	0.992(248)	0(0)
THR	3.9308441743545	0.992	0.992(248)	0(0)
THR	4.039392782903	0.996	0.996(249)	0(0)
THR	4.1479413914515	0.996	0.996(249)	0(0)
THR	4.25649	1	1(250)	0(0)


==============================================
THR: -0.411100167585494
Missed:     12/250=0.0480
FalseAlarm: 2/1000=0.0020
----------------------------------------------
==> CostDetection: 6.6
==============================================
Threshold search:
THR	-6.59837085485	9	0(0)	1(1000)
THR	-6.4898222463015	8.982	0(0)	0.998(998)
THR	-6.381273637753	8.982	0(0)	0.998(998)
THR	-6.2727250292045	8.982	0(0)	0.998(998)
THR	-6.164176420656	8.982	0(0)	0.998(998)
THR	-6.0556278121075	8.973	0(0)	0.997(997)
THR	-5.947079203559	8.964	0(0)	0.996(996)
THR	-5.8385305950105	8.955	0(0)	0.995(995)
THR	-5.729981986462	8.955	0(0)	0.995(995)
THR	-5.6214333779135	8.955	0(0)	0.995(995)
THR	-5.512884769365	8.955	0(0)	0.995(995)
THR	-5.4043361608165	8.937	0(0)	0.993(993)
THR	-5.295787552268	8.937	0(0)	0.993(993)
THR	-5.1872389437195	8.919	0(0)	0.991(991)
THR	-5.07869033517099	8.883	0(0)	0.987(987)
THR	-4.97014172662249	8.856	0(0)	0.984(984)
THR	-4.86159311807399	8.793	0(0)	0.977(977)
THR	-4.75304450952549	8.775	0(0)	0.975(975)
THR	-4.64449590097699	8.73	0(0)	0.97(970)
THR	-4.53594729242849	8.703	0(0)	0.967(967)
THR	-4.42739868387999	8.64	0(0)	0.96(960)
THR	-4.31885007533149	8.568	0(0)	0.952(952)
THR	-4.21030146678299	8.496	0(0)	0.944(944)
THR	-4.10175285823449	8.415	0(0)	0.935(935)
THR	-3.99320424968599	8.325	0(0)	0.925(925)
THR	-3.88465564113749	8.208	0(0)	0.912(912)
THR	-3.77610703258899	8.037	0(0)	0.893(893)
THR	-3.66755842404049	7.83	0(0)	0.87(870)
THR	-3.55900981549199	7.605	0(0)	0.845(845)
THR	-3.45046120694349	7.344	0(0)	0.816(816)
THR	-3.34191259839499	7.164	0(0)	0.796(796)
THR	-3.23336398984649	6.849	0(0)	0.761(761)
THR	-3.12481538129799	6.498	0(0)	0.722(722)
THR	-3.01626677274949	6.3	0(0)	0.7(700)
THR	-2.90771816420099	5.94	0(0)	0.66(660)
THR	-2.79916955565249	5.607	0(0)	0.623(623)
THR	-2.69062094710399	5.13	0(0)	0.57(570)
THR	-2.58207233855549	4.653	0(0)	0.517(517)
THR	-2.47352373000699	4.176	0(0)	0.464(464)
THR	-2.36497512145849	3.708	0(0)	0.412(412)
THR	-2.25642651290999	3.15	0(0)	0.35(350)
THR	-2.14787790436149	2.7	0(0)	0.3(300)
THR	-2.03932929581299	2.412	0(0)	0.268(268)
THR	-1.93078068726449	1.926	0(0)	0.214(214)
THR	-1.82223207871599	1.665	0(0)	0.185(185)
THR	-1.71368347016749	1.431	0(0)	0.159(159)
THR	-1.60513486161899	1.197	0(0)	0.133(133)
THR	-1.49658625307049	1.044	0(0)	0.116(116)
THR	-1.38803764452199	0.891	0(0)	0.099(99)
THR	-1.27948903597349	0.657	0(0)	0.073(73)
THR	-1.17094042742499	0.472	0.004(1)	0.052(52)
THR	-1.06239181887649	0.301	0.004(1)	0.033(33)
THR	-0.953843210327994	0.21	0.012(3)	0.022(22)
THR	-0.845294601779494	0.115	0.016(4)	0.011(11)
THR	-0.736745993230994	0.088	0.016(4)	0.008(8)
THR	-0.628197384682494	0.092	0.02(5)	0.008(8)
THR	-0.519648776133994	0.082	0.028(7)	0.006(6)
THR	-0.411100167585494	0.066	0.048(12)	0.002(2)
THR	-0.302551559036994	0.081	0.072(18)	0.001(1)
THR	-0.194002950488494	0.089	0.08(20)	0.001(1)
THR	-0.0854543419399944	0.097	0.088(22)	0.001(1)
THR	0.0230942666085056	0.116	0.116(29)	0(0)
THR	0.131642875157006	0.132	0.132(33)	0(0)
THR	0.240191483705506	0.18	0.18(45)	0(0)
THR	0.348740092254006	0.236	0.236(59)	0(0)
THR	0.457288700802505	0.264	0.264(66)	0(0)
THR	0.565837309351006	0.3	0.3(75)	0(0)
THR	0.674385917899506	0.352	0.352(88)	0(0)
THR	0.782934526448006	0.428	0.428(107)	0(0)
THR	0.891483134996506	0.472	0.472(118)	0(0)
THR	1.00003174354501	0.512	0.512(128)	0(0)
THR	1.10858035209351	0.572	0.572(143)	0(0)
THR	1.21712896064201	0.608	0.608(152)	0(0)
THR	1.32567756919051	0.66	0.66(165)	0(0)
THR	1.43422617773901	0.712	0.712(178)	0(0)
THR	1.5427747862875	0.748	0.748(187)	0(0)
THR	1.651323394836	0.788	0.788(197)	0(0)
THR	1.7598720033845	0.848	0.848(212)	0(0)
THR	1.868420611933	0.868	0.868(217)	0(0)
THR	1.9769692204815	0.892	0.892(223)	0(0)
THR	2.08551782903	0.904	0.904(226)	0(0)
THR	2.1940664375785	0.912	0.912(228)	0(0)
THR	2.302615046127	0.936	0.936(234)	0(0)
THR	2.4111636546755	0.944	0.944(236)	0(0)
THR	2.519712263224	0.952	0.952(238)	0(0)
THR	2.6282608717725	0.96	0.96(240)	0(0)
THR	2.736809480321	0.964	0.964(241)	0(0)
THR	2.8453580888695	0.968	0.968(242)	0(0)
THR	2.953906697418	0.98	0.98(245)	0(0)
THR	3.0624553059665	0.98	0.98(245)	0(0)
THR	3.171003914515	0.992	0.992(248)	0(0)
THR	3.2795525230635	0.992	0.992(248)	0(0)
THR	3.388101131612	0.992	0.992(248)	0(0)
THR	3.4966497401605	0.992	0.992(248)	0(0)
THR	3.605198348709	0.992	0.992(248)	0(0)
THR	3.7137469572575	0.992	0.992(248)	0(0)
THR	3.822295565806	0.992	0.992(248)	0(0)
THR	3.9308441743545	0.992	0.992(248)	0(0)
THR	4.039392782903	0.996	0.996(249)	0(0)
THR	4.1479413914515	0.996	0.996(249)	0(0)
THR	4.25649	1	1(250)	0(0)


==============================================
THR: -0.411100167585494
Missed:     12/250=0.0480
FalseAlarm: 2/1000=0.0020
----------------------------------------------
==> CostDetection: 6.6
==============================================
Threshold search:
THR	-6.59837085485	9	0(0)	1(1000)
THR	-6.4898222463015	8.982	0(0)	0.998(998)
THR	-6.381273637753	8.982	0(0)	0.998(998)
THR	-6.2727250292045	8.982	0(0)	0.998(998)
THR	-6.164176420656	8.982	0(0)	0.998(998)
THR	-6.0556278121075	8.973	0(0)	0.997(997)
THR	-5.947079203559	8.964	0(0)	0.996(996)
THR	-5.8385305950105	8.955	0(0)	0.995(995)
THR	-5.729981986462	8.955	0(0)	0.995(995)
THR	-5.6214333779135	8.955	0(0)	0.995(995)
THR	-5.512884769365	8.955	0(0)	0.995(995)
THR	-5.4043361608165	8.937	0(0)	0.993(993)
THR	-5.295787552268	8.937	0(0)	0.993(993)
THR	-5.1872389437195	8.919	0(0)	0.991(991)
THR	-5.07869033517099	8.883	0(0)	0.987(987)
THR	-4.97014172662249	8.856	0(0)	0.984(984)
THR	-4.86159311807399	8.793	0(0)	0.977(977)
THR	-4.75304450952549	8.775	0(0)	0.975(975)
THR	-4.64449590097699	8.73	0(0)	0.97(970)
THR	-4.53594729242849	8.703	0(0)	0.967(967)
THR	-4.42739868387999	8.64	0(0)	0.96(960)
THR	-4.31885007533149	8.568	0(0)	0.952(952)
THR	-4.21030146678299	8.496	0(0)	0.944(944)
THR	-4.10175285823449	8.415	0(0)	0.935(935)
THR	-3.99320424968599	8.325	0(0)	0.925(925)
THR	-3.88465564113749	8.208	0(0)	0.912(912)
THR	-3.77610703258899	8.037	0(0)	0.893(893)
THR	-3.66755842404049	7.83	0(0)	0.87(870)
THR	-3.55900981549199	7.605	0(0)	0.845(845)
THR	-3.45046120694349	7.344	0(0)	0.816(816)
THR	-3.34191259839499	7.164	0(0)	0.796(796)
THR	-3.23336398984649	6.849	0(0)	0.761(761)
THR	-3.12481538129799	6.498	0(0)	0.722(722)
THR	-3.01626677274949	6.3	0(0)	0.7(700)
THR	-2.90771816420099	5.94	0(0)	0.66(660)
THR	-2.79916955565249	5.607	0(0)	0.623(623)
THR	-2.69062094710399	5.13	0(0)	0.57(570)
THR	-2.58207233855549	4.653	0(0)	0.517(517)
THR	-2.47352373000699	4.176	0(0)	0.464(464)
THR	-2.36497512145849	3.708	0(0)	0.412(412)
THR	-2.25642651290999	3.15	0(0)	0.35(350)
THR	-2.14787790436149	2.7	0(0)	0.3(300)
THR	-2.03932929581299	2.412	0(0)	0.268(268)
THR	-1.93078068726449	1.926	0(0)	0.214(214)
THR	-1.82223207871599	1.665	0(0)	0.185(185)
THR	-1.71368347016749	1.431	0(0)	0.159(159)
THR	-1.60513486161899	1.197	0(0)	0.133(133)
THR	-1.49658625307049	1.044	0(0)	0.116(116)
THR	-1.38803764452199	0.891	0(0)	0.099(99)
THR	-1.27948903597349	0.657	0(0)	0.073(73)
THR	-1.17094042742499	0.472	0.004(1)	0.052(52)
THR	-1.06239181887649	0.301	0.004(1)	0.033(33)
THR	-0.953843210327994	0.21	0.012(3)	0.022(22)
THR	-0.845294601779494	0.115	0.016(4)	0.011(11)
THR	-0.736745993230994	0.088	0.016(4)	0.008(8)
THR	-0.628197384682494	0.092	0.02(5)	0.008(8)
THR	-0.519648776133994	0.082	0.028(7)	0.006(6)
THR	-0.411100167585494	0.066	0.048(12)	0.002(2)
THR	-0.302551559036994	0.081	0.072(18)	0.001(1)
THR	-0.194002950488494	0.089	0.08(20)	0.001(1)
THR	-0.0854543419399944	0.097	0.088(22)	0.001(1)
THR	0.0230942666085056	0.116	0.116(29)	0(0)
THR	0.131642875157006	0.132	0.132(33)	0(0)
THR	0.240191483705506	0.18	0.18(45)	0(0)
THR	0.348740092254006	0.236	0.236(59)	0(0)
THR	0.457288700802505	0.264	0.264(66)	0(0)
THR	0.565837309351006	0.3	0.3(75)	0(0)
THR	0.674385917899506	0.352	0.352(88)	0(0)
THR	0.782934526448006	0.428	0.428(107)	0(0)
THR	0.891483134996506	0.472	0.472(118)	0(0)
THR	1.00003174354501	0.512	0.512(128)	0(0)
THR	1.10858035209351	0.572	0.572(143)	0(0)
THR	1.21712896064201	0.608	0.608(152)	0(0)
THR	1.32567756919051	0.66	0.66(165)	0(0)
THR	1.43422617773901	0.712	0.712(178)	0(0)
THR	1.5427747862875	0.748	0.748(187)	0(0)
THR	1.651323394836	0.788	0.788(197)	0(0)
THR	1.7598720033845	0.848	0.848(212)	0(0)
THR	1.868420611933	0.868	0.868(217)	0(0)
THR	1.9769692204815	0.892	0.892(223)	0(0)
THR	2.08551782903	0.904	0.904(226)	0(0)
THR	2.1940664375785	0.912	0.912(228)	0(0)
THR	2.302615046127	0.936	0.936(234)	0(0)
THR	2.4111636546755	0.944	0.944(236)	0(0)
THR	2.519712263224	0.952	0.952(238)	0(0)
THR	2.6282608717725	0.96	0.96(240)	0(0)
THR	2.736809480321	0.964	0.964(241)	0(0)
THR	2.8453580888695	0.968	0.968(242)	0(0)
THR	2.953906697418	0.98	0.98(245)	0(0)
THR	3.0624553059665	0.98	0.98(245)	0(0)
THR	3.171003914515	0.992	0.992(248)	0(0)
THR	3.2795525230635	0.992	0.992(248)	0(0)
THR	3.388101131612	0.992	0.992(248)	0(0)
THR	3.4966497401605	0.992	0.992(248)	0(0)
THR	3.605198348709	0.992	0.992(248)	0(0)
THR	3.7137469572575	0.992	0.992(248)	0(0)
THR	3.822295565806	0.992	0.992(248)	0(0)
THR	3.9308441743545	0.992	0.992(248)	0(0)
THR	4.039392782903	0.996	0.996(249)	0(0)
THR	4.1479413914515	0.996	0.996(249)	0(0)
THR	4.25649	1	1(250)	0(0)


==============================================
THR: -0.411100167585494
Missed:     12/250=0.0480
FalseAlarm: 2/1000=0.0020
----------------------------------------------
==> CostDetection: 6.6
==============================================
