Threshold search:
THR	-15.00130790763	9	0(0)	1(1000)
THR	-14.9222315285537	8.982	0(0)	0.998(998)
THR	-14.8431551494774	8.973	0(0)	0.997(997)
THR	-14.7640787704011	8.964	0(0)	0.996(996)
THR	-14.6850023913248	8.955	0(0)	0.995(995)
THR	-14.6059260122485	8.928	0(0)	0.992(992)
THR	-14.5268496331722	8.928	0(0)	0.992(992)
THR	-14.4477732540959	8.928	0(0)	0.992(992)
THR	-14.3686968750196	8.91	0(0)	0.99(990)
THR	-14.2896204959433	8.91	0(0)	0.99(990)
THR	-14.210544116867	8.892	0(0)	0.988(988)
THR	-14.1314677377907	8.874	0(0)	0.986(986)
THR	-14.0523913587144	8.865	0(0)	0.985(985)
THR	-13.9733149796381	8.856	0(0)	0.984(984)
THR	-13.8942386005618	8.856	0(0)	0.984(984)
THR	-13.8151622214855	8.838	0(0)	0.982(982)
THR	-13.7360858424092	8.82	0(0)	0.98(980)
THR	-13.6570094633329	8.811	0(0)	0.979(979)
THR	-13.5779330842566	8.802	0(0)	0.978(978)
THR	-13.4988567051803	8.793	0(0)	0.977(977)
THR	-13.419780326104	8.784	0(0)	0.976(976)
THR	-13.3407039470277	8.775	0(0)	0.975(975)
THR	-13.2616275679514	8.766	0(0)	0.974(974)
THR	-13.1825511888751	8.748	0(0)	0.972(972)
THR	-13.1034748097988	8.748	0(0)	0.972(972)
THR	-13.0243984307225	8.73	0(0)	0.97(970)
THR	-12.9453220516462	8.712	0(0)	0.968(968)
THR	-12.8662456725699	8.685	0(0)	0.965(965)
THR	-12.7871692934936	8.667	0(0)	0.963(963)
THR	-12.7080929144173	8.649	0(0)	0.961(961)
THR	-12.629016535341	8.617	0.004(1)	0.957(957)
THR	-12.5499401562647	8.563	0.004(1)	0.951(951)
THR	-12.4708637771884	8.527	0.004(1)	0.947(947)
THR	-12.3917873981121	8.473	0.004(1)	0.941(941)
THR	-12.3127110190358	8.41	0.004(1)	0.934(934)
THR	-12.2336346399595	8.338	0.004(1)	0.926(926)
THR	-12.1545582608832	8.284	0.004(1)	0.92(920)
THR	-12.0754818818069	8.212	0.004(1)	0.912(912)
THR	-11.9964055027306	8.113	0.004(1)	0.901(901)
THR	-11.9173291236543	8.005	0.004(1)	0.889(889)
THR	-11.838252744578	7.897	0.004(1)	0.877(877)
THR	-11.7591763655017	7.865	0.008(2)	0.873(873)
THR	-11.6800999864254	7.757	0.008(2)	0.861(861)
THR	-11.6010236073491	7.653	0.012(3)	0.849(849)
THR	-11.5219472282728	7.536	0.012(3)	0.836(836)
THR	-11.4428708491965	7.41	0.012(3)	0.822(822)
THR	-11.3637944701202	7.284	0.012(3)	0.808(808)
THR	-11.2847180910439	7.198	0.016(4)	0.798(798)
THR	-11.2056417119676	7.027	0.016(4)	0.779(779)
THR	-11.1265653328913	6.901	0.016(4)	0.765(765)
THR	-11.047488953815	6.832	0.028(7)	0.756(756)
THR	-10.9684125747387	6.683	0.032(8)	0.739(739)
THR	-10.8893361956624	6.543	0.036(9)	0.723(723)
THR	-10.8102598165861	6.394	0.04(10)	0.706(706)
THR	-10.7311834375098	6.119	0.044(11)	0.675(675)
THR	-10.6521070584335	5.997	0.048(12)	0.661(661)
THR	-10.5730306793572	5.829	0.06(15)	0.641(641)
THR	-10.4939543002809	5.58	0.072(18)	0.612(612)
THR	-10.4148779212046	5.327	0.08(20)	0.583(583)
THR	-10.3358015421283	5.043	0.084(21)	0.551(551)
THR	-10.256725163052	4.699	0.1(25)	0.511(511)
THR	-10.1776487839757	4.352	0.14(35)	0.468(468)
THR	-10.0985724048994	4.087	0.172(43)	0.435(435)
THR	-10.0194960258231	3.863	0.2(50)	0.407(407)
THR	-9.94041964674681	3.583	0.208(52)	0.375(375)
THR	-9.86134326767051	3.256	0.232(58)	0.336(336)
THR	-9.78226688859421	3.094	0.268(67)	0.314(314)
THR	-9.70319050951791	2.823	0.312(78)	0.279(279)
THR	-9.62411413044161	2.718	0.36(90)	0.262(262)
THR	-9.54503775136531	2.546	0.404(101)	0.238(238)
THR	-9.46596137228901	2.384	0.44(110)	0.216(216)
THR	-9.38688499321271	2.298	0.516(129)	0.198(198)
THR	-9.30780861413641	2.121	0.564(141)	0.173(173)
THR	-9.22873223506011	1.906	0.592(148)	0.146(146)
THR	-9.14965585598381	1.748	0.632(158)	0.124(124)
THR	-9.07057947690751	1.552	0.688(172)	0.096(96)
THR	-8.99150309783121	1.491	0.708(177)	0.087(87)
THR	-8.91242671875491	1.414	0.748(187)	0.074(74)
THR	-8.83335033967861	1.297	0.784(196)	0.057(57)
THR	-8.75427396060231	1.259	0.8(200)	0.051(51)
THR	-8.67519758152601	1.188	0.828(207)	0.04(40)
THR	-8.59612120244971	1.143	0.864(216)	0.031(31)
THR	-8.51704482337341	1.057	0.868(217)	0.021(21)
THR	-8.43796844429711	1.05	0.888(222)	0.018(18)
THR	-8.35889206522081	1.021	0.904(226)	0.013(13)
THR	-8.27981568614451	1.015	0.916(229)	0.011(11)
THR	-8.20073930706821	1	0.928(232)	0.008(8)
THR	-8.12166292799192	1.012	0.94(235)	0.008(8)
THR	-8.04258654891562	1.01	0.956(239)	0.006(6)
THR	-7.96351016983932	0.992	0.956(239)	0.004(4)
THR	-7.88443379076302	0.995	0.968(242)	0.003(3)
THR	-7.80535741168672	0.999	0.972(243)	0.003(3)
THR	-7.72628103261042	1.011	0.984(246)	0.003(3)
THR	-7.64720465353412	1.019	0.992(248)	0.003(3)
THR	-7.56812827445782	1.014	0.996(249)	0.002(2)
THR	-7.48905189538152	1.014	0.996(249)	0.002(2)
THR	-7.40997551630522	1.005	0.996(249)	0.001(1)
THR	-7.33089913722892	0.996	0.996(249)	0(0)
THR	-7.25182275815262	0.996	0.996(249)	0(0)
THR	-7.17274637907632	0.996	0.996(249)	0(0)
THR	-7.09367000000002	0.996	0.996(249)	0(0)
THR	-7.01459362092372	1	1(250)	0(0)


==============================================
THR: -7.96351016983932
Missed:     239/250=0.9560
FalseAlarm: 4/1000=0.0040
----------------------------------------------
==> CostDetection: 99.2
==============================================
Threshold search:
THR	-15.00130790763	9	0(0)	1(1000)
THR	-14.9222315285537	8.982	0(0)	0.998(998)
THR	-14.8431551494774	8.973	0(0)	0.997(997)
THR	-14.7640787704011	8.964	0(0)	0.996(996)
THR	-14.6850023913248	8.955	0(0)	0.995(995)
THR	-14.6059260122485	8.928	0(0)	0.992(992)
THR	-14.5268496331722	8.928	0(0)	0.992(992)
THR	-14.4477732540959	8.928	0(0)	0.992(992)
THR	-14.3686968750196	8.91	0(0)	0.99(990)
THR	-14.2896204959433	8.91	0(0)	0.99(990)
THR	-14.210544116867	8.892	0(0)	0.988(988)
THR	-14.1314677377907	8.874	0(0)	0.986(986)
THR	-14.0523913587144	8.865	0(0)	0.985(985)
THR	-13.9733149796381	8.856	0(0)	0.984(984)
THR	-13.8942386005618	8.856	0(0)	0.984(984)
THR	-13.8151622214855	8.838	0(0)	0.982(982)
THR	-13.7360858424092	8.82	0(0)	0.98(980)
THR	-13.6570094633329	8.811	0(0)	0.979(979)
THR	-13.5779330842566	8.802	0(0)	0.978(978)
THR	-13.4988567051803	8.793	0(0)	0.977(977)
THR	-13.419780326104	8.784	0(0)	0.976(976)
THR	-13.3407039470277	8.775	0(0)	0.975(975)
THR	-13.2616275679514	8.766	0(0)	0.974(974)
THR	-13.1825511888751	8.748	0(0)	0.972(972)
THR	-13.1034748097988	8.748	0(0)	0.972(972)
THR	-13.0243984307225	8.73	0(0)	0.97(970)
THR	-12.9453220516462	8.712	0(0)	0.968(968)
THR	-12.8662456725699	8.685	0(0)	0.965(965)
THR	-12.7871692934936	8.667	0(0)	0.963(963)
THR	-12.7080929144173	8.649	0(0)	0.961(961)
THR	-12.629016535341	8.617	0.004(1)	0.957(957)
THR	-12.5499401562647	8.563	0.004(1)	0.951(951)
THR	-12.4708637771884	8.527	0.004(1)	0.947(947)
THR	-12.3917873981121	8.473	0.004(1)	0.941(941)
THR	-12.3127110190358	8.41	0.004(1)	0.934(934)
THR	-12.2336346399595	8.338	0.004(1)	0.926(926)
THR	-12.1545582608832	8.284	0.004(1)	0.92(920)
THR	-12.0754818818069	8.212	0.004(1)	0.912(912)
THR	-11.9964055027306	8.113	0.004(1)	0.901(901)
THR	-11.9173291236543	8.005	0.004(1)	0.889(889)
THR	-11.838252744578	7.897	0.004(1)	0.877(877)
THR	-11.7591763655017	7.865	0.008(2)	0.873(873)
THR	-11.6800999864254	7.757	0.008(2)	0.861(861)
THR	-11.6010236073491	7.653	0.012(3)	0.849(849)
THR	-11.5219472282728	7.536	0.012(3)	0.836(836)
THR	-11.4428708491965	7.41	0.012(3)	0.822(822)
THR	-11.3637944701202	7.284	0.012(3)	0.808(808)
THR	-11.2847180910439	7.198	0.016(4)	0.798(798)
THR	-11.2056417119676	7.027	0.016(4)	0.779(779)
THR	-11.1265653328913	6.901	0.016(4)	0.765(765)
THR	-11.047488953815	6.832	0.028(7)	0.756(756)
THR	-10.9684125747387	6.683	0.032(8)	0.739(739)
THR	-10.8893361956624	6.543	0.036(9)	0.723(723)
THR	-10.8102598165861	6.394	0.04(10)	0.706(706)
THR	-10.7311834375098	6.119	0.044(11)	0.675(675)
THR	-10.6521070584335	5.997	0.048(12)	0.661(661)
THR	-10.5730306793572	5.829	0.06(15)	0.641(641)
THR	-10.4939543002809	5.58	0.072(18)	0.612(612)
THR	-10.4148779212046	5.327	0.08(20)	0.583(583)
THR	-10.3358015421283	5.043	0.084(21)	0.551(551)
THR	-10.256725163052	4.699	0.1(25)	0.511(511)
THR	-10.1776487839757	4.352	0.14(35)	0.468(468)
THR	-10.0985724048994	4.087	0.172(43)	0.435(435)
THR	-10.0194960258231	3.863	0.2(50)	0.407(407)
THR	-9.94041964674681	3.583	0.208(52)	0.375(375)
THR	-9.86134326767051	3.256	0.232(58)	0.336(336)
THR	-9.78226688859421	3.094	0.268(67)	0.314(314)
THR	-9.70319050951791	2.823	0.312(78)	0.279(279)
THR	-9.62411413044161	2.718	0.36(90)	0.262(262)
THR	-9.54503775136531	2.546	0.404(101)	0.238(238)
THR	-9.46596137228901	2.384	0.44(110)	0.216(216)
THR	-9.38688499321271	2.298	0.516(129)	0.198(198)
THR	-9.30780861413641	2.121	0.564(141)	0.173(173)
THR	-9.22873223506011	1.906	0.592(148)	0.146(146)
THR	-9.14965585598381	1.748	0.632(158)	0.124(124)
THR	-9.07057947690751	1.552	0.688(172)	0.096(96)
THR	-8.99150309783121	1.491	0.708(177)	0.087(87)
THR	-8.91242671875491	1.414	0.748(187)	0.074(74)
THR	-8.83335033967861	1.297	0.784(196)	0.057(57)
THR	-8.75427396060231	1.259	0.8(200)	0.051(51)
THR	-8.67519758152601	1.188	0.828(207)	0.04(40)
THR	-8.59612120244971	1.143	0.864(216)	0.031(31)
THR	-8.51704482337341	1.057	0.868(217)	0.021(21)
THR	-8.43796844429711	1.05	0.888(222)	0.018(18)
THR	-8.35889206522081	1.021	0.904(226)	0.013(13)
THR	-8.27981568614451	1.015	0.916(229)	0.011(11)
THR	-8.20073930706821	1	0.928(232)	0.008(8)
THR	-8.12166292799192	1.012	0.94(235)	0.008(8)
THR	-8.04258654891562	1.01	0.956(239)	0.006(6)
THR	-7.96351016983932	0.992	0.956(239)	0.004(4)
THR	-7.88443379076302	0.995	0.968(242)	0.003(3)
THR	-7.80535741168672	0.999	0.972(243)	0.003(3)
THR	-7.72628103261042	1.011	0.984(246)	0.003(3)
THR	-7.64720465353412	1.019	0.992(248)	0.003(3)
THR	-7.56812827445782	1.014	0.996(249)	0.002(2)
THR	-7.48905189538152	1.014	0.996(249)	0.002(2)
THR	-7.40997551630522	1.005	0.996(249)	0.001(1)
THR	-7.33089913722892	0.996	0.996(249)	0(0)
THR	-7.25182275815262	0.996	0.996(249)	0(0)
THR	-7.17274637907632	0.996	0.996(249)	0(0)
THR	-7.09367000000002	0.996	0.996(249)	0(0)
THR	-7.01459362092372	1	1(250)	0(0)


==============================================
THR: -7.96351016983932
Missed:     239/250=0.9560
FalseAlarm: 4/1000=0.0040
----------------------------------------------
==> CostDetection: 99.2
==============================================
Threshold search:
THR	-15.23111015249	8.957	0.02(5)	0.993(993)
THR	-15.1295851509651	8.948	0.02(5)	0.992(992)
THR	-15.0280601494402	8.948	0.02(5)	0.992(992)
THR	-14.9265351479153	8.948	0.02(5)	0.992(992)
THR	-14.8250101463904	8.948	0.02(5)	0.992(992)
THR	-14.7234851448655	8.948	0.02(5)	0.992(992)
THR	-14.6219601433406	8.948	0.02(5)	0.992(992)
THR	-14.5204351418157	8.948	0.02(5)	0.992(992)
THR	-14.4189101402908	8.948	0.02(5)	0.992(992)
THR	-14.3173851387659	8.948	0.02(5)	0.992(992)
THR	-14.215860137241	8.948	0.02(5)	0.992(992)
THR	-14.1143351357161	8.948	0.02(5)	0.992(992)
THR	-14.0128101341912	8.948	0.02(5)	0.992(992)
THR	-13.9112851326663	8.948	0.02(5)	0.992(992)
THR	-13.8097601311414	8.948	0.02(5)	0.992(992)
THR	-13.7082351296165	8.939	0.02(5)	0.991(991)
THR	-13.6067101280916	8.93	0.02(5)	0.99(990)
THR	-13.5051851265667	8.921	0.02(5)	0.989(989)
THR	-13.4036601250418	8.921	0.02(5)	0.989(989)
THR	-13.3021351235169	8.912	0.02(5)	0.988(988)
THR	-13.200610121992	8.903	0.02(5)	0.987(987)
THR	-13.0990851204671	8.903	0.02(5)	0.987(987)
THR	-12.9975601189422	8.903	0.02(5)	0.987(987)
THR	-12.8960351174173	8.903	0.02(5)	0.987(987)
THR	-12.7945101158924	8.903	0.02(5)	0.987(987)
THR	-12.6929851143675	8.903	0.02(5)	0.987(987)
THR	-12.5914601128426	8.894	0.02(5)	0.986(986)
THR	-12.4899351113177	8.858	0.02(5)	0.982(982)
THR	-12.3884101097928	8.858	0.02(5)	0.982(982)
THR	-12.2868851082679	8.84	0.02(5)	0.98(980)
THR	-12.185360106743	8.813	0.02(5)	0.977(977)
THR	-12.0838351052181	8.759	0.02(5)	0.971(971)
THR	-11.9823101036932	8.732	0.02(5)	0.968(968)
THR	-11.8807851021683	8.714	0.02(5)	0.966(966)
THR	-11.7792601006434	8.696	0.02(5)	0.964(964)
THR	-11.6777350991185	8.687	0.02(5)	0.963(963)
THR	-11.5762100975936	8.642	0.02(5)	0.958(958)
THR	-11.4746850960687	8.606	0.02(5)	0.954(954)
THR	-11.3731600945438	8.498	0.02(5)	0.942(942)
THR	-11.2716350930189	8.426	0.02(5)	0.934(934)
THR	-11.170110091494	8.381	0.02(5)	0.929(929)
THR	-11.0685850899691	8.327	0.02(5)	0.923(923)
THR	-10.9670600884442	8.264	0.02(5)	0.916(916)
THR	-10.8655350869193	8.156	0.02(5)	0.904(904)
THR	-10.7640100853944	8.066	0.02(5)	0.894(894)
THR	-10.6624850838695	7.994	0.02(5)	0.886(886)
THR	-10.5609600823446	7.895	0.02(5)	0.875(875)
THR	-10.4594350808197	7.787	0.02(5)	0.863(863)
THR	-10.3579100792948	7.661	0.02(5)	0.849(849)
THR	-10.2563850777699	7.517	0.02(5)	0.833(833)
THR	-10.154860076245	7.427	0.02(5)	0.823(823)
THR	-10.0533350747201	7.287	0.024(6)	0.807(807)
THR	-9.95181007319521	7.143	0.024(6)	0.791(791)
THR	-9.85028507167031	6.927	0.024(6)	0.767(767)
THR	-9.74876007014541	6.729	0.024(6)	0.745(745)
THR	-9.64723506862051	6.513	0.024(6)	0.721(721)
THR	-9.54571006709561	6.342	0.024(6)	0.702(702)
THR	-9.44418506557071	6.117	0.024(6)	0.677(677)
THR	-9.34266006404581	5.892	0.024(6)	0.652(652)
THR	-9.24113506252091	5.658	0.024(6)	0.626(626)
THR	-9.13961006099601	5.446	0.028(7)	0.602(602)
THR	-9.03808505947111	5.158	0.028(7)	0.57(570)
THR	-8.93656005794621	4.942	0.028(7)	0.546(546)
THR	-8.83503505642131	4.69	0.028(7)	0.518(518)
THR	-8.73351005489641	4.402	0.028(7)	0.486(486)
THR	-8.63198505337151	4.136	0.032(8)	0.456(456)
THR	-8.53046005184661	3.893	0.032(8)	0.429(429)
THR	-8.42893505032171	3.573	0.036(9)	0.393(393)
THR	-8.32741004879681	3.284	0.044(11)	0.36(360)
THR	-8.22588504727191	2.99	0.056(14)	0.326(326)
THR	-8.12436004574701	2.749	0.076(19)	0.297(297)
THR	-8.02283504422211	2.458	0.1(25)	0.262(262)
THR	-7.92131004269721	2.283	0.132(33)	0.239(239)
THR	-7.81978504117231	2.096	0.152(38)	0.216(216)
THR	-7.71826003964741	1.943	0.188(47)	0.195(195)
THR	-7.61673503812251	1.773	0.216(54)	0.173(173)
THR	-7.51521003659761	1.589	0.248(62)	0.149(149)
THR	-7.41368503507271	1.431	0.288(72)	0.127(127)
THR	-7.31216003354781	1.28	0.344(86)	0.104(104)
THR	-7.21063503202291	1.184	0.392(98)	0.088(88)
THR	-7.10911003049801	1.065	0.444(111)	0.069(69)
THR	-7.00758502897311	1.019	0.488(122)	0.059(59)
THR	-6.90606002744821	0.968	0.536(134)	0.048(48)
THR	-6.80453502592331	0.893	0.596(149)	0.033(33)
THR	-6.70301002439841	0.804	0.624(156)	0.02(20)
THR	-6.60148502287351	0.812	0.668(167)	0.016(16)
THR	-6.49996002134861	0.832	0.724(181)	0.012(12)
THR	-6.39843501982371	0.876	0.768(192)	0.012(12)
THR	-6.29691001829881	0.889	0.808(202)	0.009(9)
THR	-6.19538501677391	0.885	0.84(210)	0.005(5)
THR	-6.09386001524901	0.916	0.88(220)	0.004(4)
THR	-5.99233501372411	0.923	0.896(224)	0.003(3)
THR	-5.89081001219921	0.937	0.928(232)	0.001(1)
THR	-5.78928501067431	0.957	0.948(237)	0.001(1)
THR	-5.68776000914941	0.961	0.952(238)	0.001(1)
THR	-5.58623500762451	0.973	0.964(241)	0.001(1)
THR	-5.48471000609961	0.968	0.968(242)	0(0)
THR	-5.38318500457471	0.98	0.98(245)	0(0)
THR	-5.28166000304982	0.98	0.98(245)	0(0)
THR	-5.18013500152492	0.992	0.992(248)	0(0)
THR	-5.07861000000002	0.996	0.996(249)	0(0)
THR	-4.97708499847512	1	1(250)	0(0)


==============================================
THR: -6.70301002439841
Missed:     156/250=0.6240
FalseAlarm: 20/1000=0.0200
----------------------------------------------
==> CostDetection: 80.4
==============================================
