Threshold search:
THR	-50.9319126937	9	0(0)	1(1000)
THR	-50.804975566763	8.991	0(0)	0.999(999)
THR	-50.678038439826	8.991	0(0)	0.999(999)
THR	-50.551101312889	8.991	0(0)	0.999(999)
THR	-50.424164185952	8.991	0(0)	0.999(999)
THR	-50.297227059015	8.991	0(0)	0.999(999)
THR	-50.170289932078	8.991	0(0)	0.999(999)
THR	-50.043352805141	8.991	0(0)	0.999(999)
THR	-49.916415678204	8.991	0(0)	0.999(999)
THR	-49.789478551267	8.991	0(0)	0.999(999)
THR	-49.66254142433	8.982	0(0)	0.998(998)
THR	-49.535604297393	8.982	0(0)	0.998(998)
THR	-49.408667170456	8.982	0(0)	0.998(998)
THR	-49.281730043519	8.946	0(0)	0.994(994)
THR	-49.154792916582	8.937	0(0)	0.993(993)
THR	-49.027855789645	8.91	0(0)	0.99(990)
THR	-48.900918662708	8.892	0(0)	0.988(988)
THR	-48.773981535771	8.865	0(0)	0.985(985)
THR	-48.647044408834	8.856	0(0)	0.984(984)
THR	-48.520107281897	8.829	0(0)	0.981(981)
THR	-48.39317015496	8.811	0(0)	0.979(979)
THR	-48.266233028023	8.811	0(0)	0.979(979)
THR	-48.139295901086	8.784	0(0)	0.976(976)
THR	-48.012358774149	8.739	0(0)	0.971(971)
THR	-47.885421647212	8.703	0(0)	0.967(967)
THR	-47.758484520275	8.658	0(0)	0.962(962)
THR	-47.631547393338	8.613	0(0)	0.957(957)
THR	-47.504610266401	8.559	0(0)	0.951(951)
THR	-47.377673139464	8.514	0(0)	0.946(946)
THR	-47.250736012527	8.478	0(0)	0.942(942)
THR	-47.12379888559	8.415	0(0)	0.935(935)
THR	-46.996861758653	8.334	0(0)	0.926(926)
THR	-46.869924631716	8.253	0(0)	0.917(917)
THR	-46.742987504779	8.163	0(0)	0.907(907)
THR	-46.616050377842	8.073	0(0)	0.897(897)
THR	-46.489113250905	7.956	0(0)	0.884(884)
THR	-46.362176123968	7.821	0(0)	0.869(869)
THR	-46.235238997031	7.686	0(0)	0.854(854)
THR	-46.108301870094	7.551	0(0)	0.839(839)
THR	-45.981364743157	7.353	0(0)	0.817(817)
THR	-45.85442761622	7.191	0(0)	0.799(799)
THR	-45.7274904892829	7.056	0(0)	0.784(784)
THR	-45.6005533623459	6.849	0(0)	0.761(761)
THR	-45.4736162354089	6.705	0(0)	0.745(745)
THR	-45.3466791084719	6.552	0(0)	0.728(728)
THR	-45.2197419815349	6.327	0(0)	0.703(703)
THR	-45.0928048545979	6.003	0(0)	0.667(667)
THR	-44.9658677276609	5.778	0(0)	0.642(642)
THR	-44.8389306007239	5.535	0(0)	0.615(615)
THR	-44.7119934737869	5.202	0(0)	0.578(578)
THR	-44.5850563468499	4.905	0(0)	0.545(545)
THR	-44.4581192199129	4.653	0(0)	0.517(517)
THR	-44.3311820929759	4.302	0(0)	0.478(478)
THR	-44.2042449660389	4.086	0(0)	0.454(454)
THR	-44.0773078391019	3.699	0(0)	0.411(411)
THR	-43.9503707121649	3.361	0.004(1)	0.373(373)
THR	-43.8234335852279	3.064	0.004(1)	0.34(340)
THR	-43.6964964582909	2.713	0.004(1)	0.301(301)
THR	-43.5695593313539	2.366	0.008(2)	0.262(262)
THR	-43.4426222044169	2.006	0.008(2)	0.222(222)
THR	-43.3156850774799	1.785	0.012(3)	0.197(197)
THR	-43.1887479505429	1.56	0.012(3)	0.172(172)
THR	-43.0618108236059	1.402	0.016(4)	0.154(154)
THR	-42.9348736966689	1.166	0.032(8)	0.126(126)
THR	-42.8079365697319	0.957	0.048(12)	0.101(101)
THR	-42.6809994427949	0.74	0.056(14)	0.076(76)
THR	-42.5540623158579	0.59	0.068(17)	0.058(58)
THR	-42.4271251889209	0.481	0.076(19)	0.045(45)
THR	-42.3001880619839	0.431	0.116(29)	0.035(35)
THR	-42.1732509350469	0.373	0.148(37)	0.025(25)
THR	-42.0463138081099	0.359	0.188(47)	0.019(19)
THR	-41.9193766811729	0.342	0.216(54)	0.014(14)
THR	-41.7924395542359	0.341	0.26(65)	0.009(9)
THR	-41.6655024272989	0.403	0.34(85)	0.007(7)
THR	-41.5385653003619	0.382	0.364(91)	0.002(2)
THR	-41.4116281734249	0.43	0.412(103)	0.002(2)
THR	-41.2846910464879	0.457	0.448(112)	0.001(1)
THR	-41.1577539195509	0.524	0.524(131)	0(0)
THR	-41.0308167926139	0.588	0.588(147)	0(0)
THR	-40.9038796656769	0.64	0.64(160)	0(0)
THR	-40.7769425387399	0.692	0.692(173)	0(0)
THR	-40.6500054118029	0.74	0.74(185)	0(0)
THR	-40.5230682848659	0.772	0.772(193)	0(0)
THR	-40.3961311579289	0.816	0.816(204)	0(0)
THR	-40.2691940309919	0.852	0.852(213)	0(0)
THR	-40.1422569040549	0.876	0.876(219)	0(0)
THR	-40.0153197771179	0.896	0.896(224)	0(0)
THR	-39.8883826501809	0.916	0.916(229)	0(0)
THR	-39.7614455232439	0.932	0.932(233)	0(0)
THR	-39.6345083963069	0.956	0.956(239)	0(0)
THR	-39.5075712693699	0.964	0.964(241)	0(0)
THR	-39.3806341424329	0.972	0.972(243)	0(0)
THR	-39.2536970154959	0.972	0.972(243)	0(0)
THR	-39.1267598885589	0.98	0.98(245)	0(0)
THR	-38.9998227616219	0.98	0.98(245)	0(0)
THR	-38.8728856346849	0.98	0.98(245)	0(0)
THR	-38.7459485077479	0.98	0.98(245)	0(0)
THR	-38.6190113808109	0.984	0.984(246)	0(0)
THR	-38.4920742538739	0.988	0.988(247)	0(0)
THR	-38.3651371269369	0.996	0.996(249)	0(0)
THR	-38.2381999999999	1	1(250)	0(0)


==============================================
THR: -41.7924395542359
Missed:     65/250=0.2600
FalseAlarm: 9/1000=0.0090
----------------------------------------------
==> CostDetection: 34.1
==============================================
Threshold search:
THR	-50.9319126937	9	0(0)	1(1000)
THR	-50.804975566763	8.991	0(0)	0.999(999)
THR	-50.678038439826	8.991	0(0)	0.999(999)
THR	-50.551101312889	8.991	0(0)	0.999(999)
THR	-50.424164185952	8.991	0(0)	0.999(999)
THR	-50.297227059015	8.991	0(0)	0.999(999)
THR	-50.170289932078	8.991	0(0)	0.999(999)
THR	-50.043352805141	8.991	0(0)	0.999(999)
THR	-49.916415678204	8.991	0(0)	0.999(999)
THR	-49.789478551267	8.991	0(0)	0.999(999)
THR	-49.66254142433	8.982	0(0)	0.998(998)
THR	-49.535604297393	8.982	0(0)	0.998(998)
THR	-49.408667170456	8.982	0(0)	0.998(998)
THR	-49.281730043519	8.946	0(0)	0.994(994)
THR	-49.154792916582	8.937	0(0)	0.993(993)
THR	-49.027855789645	8.91	0(0)	0.99(990)
THR	-48.900918662708	8.892	0(0)	0.988(988)
THR	-48.773981535771	8.865	0(0)	0.985(985)
THR	-48.647044408834	8.856	0(0)	0.984(984)
THR	-48.520107281897	8.829	0(0)	0.981(981)
THR	-48.39317015496	8.811	0(0)	0.979(979)
THR	-48.266233028023	8.811	0(0)	0.979(979)
THR	-48.139295901086	8.784	0(0)	0.976(976)
THR	-48.012358774149	8.739	0(0)	0.971(971)
THR	-47.885421647212	8.703	0(0)	0.967(967)
THR	-47.758484520275	8.658	0(0)	0.962(962)
THR	-47.631547393338	8.613	0(0)	0.957(957)
THR	-47.504610266401	8.559	0(0)	0.951(951)
THR	-47.377673139464	8.514	0(0)	0.946(946)
THR	-47.250736012527	8.478	0(0)	0.942(942)
THR	-47.12379888559	8.415	0(0)	0.935(935)
THR	-46.996861758653	8.334	0(0)	0.926(926)
THR	-46.869924631716	8.253	0(0)	0.917(917)
THR	-46.742987504779	8.163	0(0)	0.907(907)
THR	-46.616050377842	8.073	0(0)	0.897(897)
THR	-46.489113250905	7.956	0(0)	0.884(884)
THR	-46.362176123968	7.821	0(0)	0.869(869)
THR	-46.235238997031	7.686	0(0)	0.854(854)
THR	-46.108301870094	7.551	0(0)	0.839(839)
THR	-45.981364743157	7.353	0(0)	0.817(817)
THR	-45.85442761622	7.191	0(0)	0.799(799)
THR	-45.7274904892829	7.056	0(0)	0.784(784)
THR	-45.6005533623459	6.849	0(0)	0.761(761)
THR	-45.4736162354089	6.705	0(0)	0.745(745)
THR	-45.3466791084719	6.552	0(0)	0.728(728)
THR	-45.2197419815349	6.327	0(0)	0.703(703)
THR	-45.0928048545979	6.003	0(0)	0.667(667)
THR	-44.9658677276609	5.778	0(0)	0.642(642)
THR	-44.8389306007239	5.535	0(0)	0.615(615)
THR	-44.7119934737869	5.202	0(0)	0.578(578)
THR	-44.5850563468499	4.905	0(0)	0.545(545)
THR	-44.4581192199129	4.653	0(0)	0.517(517)
THR	-44.3311820929759	4.302	0(0)	0.478(478)
THR	-44.2042449660389	4.086	0(0)	0.454(454)
THR	-44.0773078391019	3.699	0(0)	0.411(411)
THR	-43.9503707121649	3.361	0.004(1)	0.373(373)
THR	-43.8234335852279	3.064	0.004(1)	0.34(340)
THR	-43.6964964582909	2.713	0.004(1)	0.301(301)
THR	-43.5695593313539	2.366	0.008(2)	0.262(262)
THR	-43.4426222044169	2.006	0.008(2)	0.222(222)
THR	-43.3156850774799	1.785	0.012(3)	0.197(197)
THR	-43.1887479505429	1.56	0.012(3)	0.172(172)
THR	-43.0618108236059	1.402	0.016(4)	0.154(154)
THR	-42.9348736966689	1.166	0.032(8)	0.126(126)
THR	-42.8079365697319	0.957	0.048(12)	0.101(101)
THR	-42.6809994427949	0.74	0.056(14)	0.076(76)
THR	-42.5540623158579	0.59	0.068(17)	0.058(58)
THR	-42.4271251889209	0.481	0.076(19)	0.045(45)
THR	-42.3001880619839	0.431	0.116(29)	0.035(35)
THR	-42.1732509350469	0.373	0.148(37)	0.025(25)
THR	-42.0463138081099	0.359	0.188(47)	0.019(19)
THR	-41.9193766811729	0.342	0.216(54)	0.014(14)
THR	-41.7924395542359	0.341	0.26(65)	0.009(9)
THR	-41.6655024272989	0.403	0.34(85)	0.007(7)
THR	-41.5385653003619	0.382	0.364(91)	0.002(2)
THR	-41.4116281734249	0.43	0.412(103)	0.002(2)
THR	-41.2846910464879	0.457	0.448(112)	0.001(1)
THR	-41.1577539195509	0.524	0.524(131)	0(0)
THR	-41.0308167926139	0.588	0.588(147)	0(0)
THR	-40.9038796656769	0.64	0.64(160)	0(0)
THR	-40.7769425387399	0.692	0.692(173)	0(0)
THR	-40.6500054118029	0.74	0.74(185)	0(0)
THR	-40.5230682848659	0.772	0.772(193)	0(0)
THR	-40.3961311579289	0.816	0.816(204)	0(0)
THR	-40.2691940309919	0.852	0.852(213)	0(0)
THR	-40.1422569040549	0.876	0.876(219)	0(0)
THR	-40.0153197771179	0.896	0.896(224)	0(0)
THR	-39.8883826501809	0.916	0.916(229)	0(0)
THR	-39.7614455232439	0.932	0.932(233)	0(0)
THR	-39.6345083963069	0.956	0.956(239)	0(0)
THR	-39.5075712693699	0.964	0.964(241)	0(0)
THR	-39.3806341424329	0.972	0.972(243)	0(0)
THR	-39.2536970154959	0.972	0.972(243)	0(0)
THR	-39.1267598885589	0.98	0.98(245)	0(0)
THR	-38.9998227616219	0.98	0.98(245)	0(0)
THR	-38.8728856346849	0.98	0.98(245)	0(0)
THR	-38.7459485077479	0.98	0.98(245)	0(0)
THR	-38.6190113808109	0.984	0.984(246)	0(0)
THR	-38.4920742538739	0.988	0.988(247)	0(0)
THR	-38.3651371269369	0.996	0.996(249)	0(0)
THR	-38.2381999999999	1	1(250)	0(0)


==============================================
THR: -41.7924395542359
Missed:     65/250=0.2600
FalseAlarm: 9/1000=0.0090
----------------------------------------------
==> CostDetection: 34.1
==============================================
Threshold search:
THR	-9.54766284588	9	0(0)	1(1000)
THR	-9.4192039174212	8.991	0(0)	0.999(999)
THR	-9.2907449889624	8.991	0(0)	0.999(999)
THR	-9.1622860605036	8.991	0(0)	0.999(999)
THR	-9.0338271320448	8.991	0(0)	0.999(999)
THR	-8.905368203586	8.991	0(0)	0.999(999)
THR	-8.7769092751272	8.991	0(0)	0.999(999)
THR	-8.6484503466684	8.991	0(0)	0.999(999)
THR	-8.5199914182096	8.991	0(0)	0.999(999)
THR	-8.3915324897508	8.991	0(0)	0.999(999)
THR	-8.263073561292	8.991	0(0)	0.999(999)
THR	-8.1346146328332	8.991	0(0)	0.999(999)
THR	-8.0061557043744	8.991	0(0)	0.999(999)
THR	-7.8776967759156	8.991	0(0)	0.999(999)
THR	-7.7492378474568	8.991	0(0)	0.999(999)
THR	-7.620778918998	8.991	0(0)	0.999(999)
THR	-7.4923199905392	8.991	0(0)	0.999(999)
THR	-7.3638610620804	8.991	0(0)	0.999(999)
THR	-7.23540213362161	8.991	0(0)	0.999(999)
THR	-7.10694320516281	8.991	0(0)	0.999(999)
THR	-6.97848427670401	8.991	0(0)	0.999(999)
THR	-6.85002534824521	8.991	0(0)	0.999(999)
THR	-6.72156641978641	8.991	0(0)	0.999(999)
THR	-6.59310749132761	8.991	0(0)	0.999(999)
THR	-6.46464856286881	8.991	0(0)	0.999(999)
THR	-6.33618963441001	8.982	0(0)	0.998(998)
THR	-6.20773070595121	8.973	0(0)	0.997(997)
THR	-6.07927177749241	8.973	0(0)	0.997(997)
THR	-5.95081284903361	8.973	0(0)	0.997(997)
THR	-5.82235392057481	8.973	0(0)	0.997(997)
THR	-5.69389499211601	8.964	0(0)	0.996(996)
THR	-5.56543606365721	8.937	0(0)	0.993(993)
THR	-5.43697713519841	8.937	0(0)	0.993(993)
THR	-5.30851820673961	8.919	0(0)	0.991(991)
THR	-5.18005927828081	8.892	0(0)	0.988(988)
THR	-5.05160034982201	8.892	0(0)	0.988(988)
THR	-4.92314142136321	8.883	0(0)	0.987(987)
THR	-4.79468249290441	8.874	0(0)	0.986(986)
THR	-4.66622356444561	8.82	0(0)	0.98(980)
THR	-4.53776463598681	8.775	0(0)	0.975(975)
THR	-4.40930570752801	8.712	0(0)	0.968(968)
THR	-4.28084677906921	8.676	0(0)	0.964(964)
THR	-4.15238785061041	8.622	0(0)	0.958(958)
THR	-4.02392892215161	8.559	0(0)	0.951(951)
THR	-3.89546999369281	8.496	0(0)	0.944(944)
THR	-3.76701106523401	8.415	0(0)	0.935(935)
THR	-3.63855213677521	8.352	0(0)	0.928(928)
THR	-3.51009320831641	8.28	0(0)	0.92(920)
THR	-3.38163427985761	8.181	0(0)	0.909(909)
THR	-3.25317535139881	8.064	0(0)	0.896(896)
THR	-3.12471642294001	7.911	0(0)	0.879(879)
THR	-2.99625749448121	7.722	0(0)	0.858(858)
THR	-2.86779856602241	7.515	0(0)	0.835(835)
THR	-2.73933963756361	7.29	0(0)	0.81(810)
THR	-2.61088070910481	6.984	0(0)	0.776(776)
THR	-2.48242178064601	6.615	0(0)	0.735(735)
THR	-2.35396285218721	6.273	0(0)	0.697(697)
THR	-2.22550392372841	5.85	0(0)	0.65(650)
THR	-2.09704499526961	5.562	0(0)	0.618(618)
THR	-1.96858606681081	5.229	0(0)	0.581(581)
THR	-1.84012713835201	4.788	0(0)	0.532(532)
THR	-1.71166820989321	4.212	0(0)	0.468(468)
THR	-1.58320928143441	3.582	0(0)	0.398(398)
THR	-1.45475035297561	2.988	0(0)	0.332(332)
THR	-1.32629142451681	2.466	0(0)	0.274(274)
THR	-1.19783249605801	2.011	0.004(1)	0.223(223)
THR	-1.06937356759921	1.606	0.004(1)	0.178(178)
THR	-0.940914639140413	1.219	0.004(1)	0.135(135)
THR	-0.812455710681613	0.85	0.004(1)	0.094(94)
THR	-0.683996782222813	0.597	0.012(3)	0.065(65)
THR	-0.555537853764013	0.488	0.02(5)	0.052(52)
THR	-0.427078925305213	0.325	0.028(7)	0.033(33)
THR	-0.298619996846412	0.234	0.036(9)	0.022(22)
THR	-0.170161068387612	0.17	0.044(11)	0.014(14)
THR	-0.0417021399288124	0.136	0.064(16)	0.008(8)
THR	0.0867567885299876	0.142	0.088(22)	0.006(6)
THR	0.215215716988788	0.153	0.108(27)	0.005(5)
THR	0.343674645447588	0.18	0.144(36)	0.004(4)
THR	0.472133573906388	0.201	0.192(48)	0.001(1)
THR	0.600592502365188	0.256	0.256(64)	0(0)
THR	0.729051430823988	0.308	0.308(77)	0(0)
THR	0.857510359282788	0.36	0.36(90)	0(0)
THR	0.985969287741588	0.448	0.448(112)	0(0)
THR	1.11442821620039	0.52	0.52(130)	0(0)
THR	1.24288714465919	0.596	0.596(149)	0(0)
THR	1.37134607311799	0.68	0.68(170)	0(0)
THR	1.49980500157679	0.724	0.724(181)	0(0)
THR	1.62826393003559	0.8	0.8(200)	0(0)
THR	1.75672285849439	0.864	0.864(216)	0(0)
THR	1.88518178695319	0.888	0.888(222)	0(0)
THR	2.01364071541199	0.908	0.908(227)	0(0)
THR	2.14209964387079	0.94	0.94(235)	0(0)
THR	2.27055857232959	0.956	0.956(239)	0(0)
THR	2.39901750078839	0.964	0.964(241)	0(0)
THR	2.52747642924719	0.968	0.968(242)	0(0)
THR	2.65593535770599	0.976	0.976(244)	0(0)
THR	2.78439428616479	0.976	0.976(244)	0(0)
THR	2.91285321462359	0.988	0.988(247)	0(0)
THR	3.04131214308239	0.992	0.992(248)	0(0)
THR	3.16977107154119	0.996	0.996(249)	0(0)
THR	3.29822999999999	0.996	0.996(249)	0(0)
THR	3.42668892845879	1	1(250)	0(0)


==============================================
THR: -0.0417021399288124
Missed:     16/250=0.0640
FalseAlarm: 8/1000=0.0080
----------------------------------------------
==> CostDetection: 13.6
==============================================
Threshold search:
THR	-9.54766284588	9	0(0)	1(1000)
THR	-9.4192039174212	8.991	0(0)	0.999(999)
THR	-9.2907449889624	8.991	0(0)	0.999(999)
THR	-9.1622860605036	8.991	0(0)	0.999(999)
THR	-9.0338271320448	8.991	0(0)	0.999(999)
THR	-8.905368203586	8.991	0(0)	0.999(999)
THR	-8.7769092751272	8.991	0(0)	0.999(999)
THR	-8.6484503466684	8.991	0(0)	0.999(999)
THR	-8.5199914182096	8.991	0(0)	0.999(999)
THR	-8.3915324897508	8.991	0(0)	0.999(999)
THR	-8.263073561292	8.991	0(0)	0.999(999)
THR	-8.1346146328332	8.991	0(0)	0.999(999)
THR	-8.0061557043744	8.991	0(0)	0.999(999)
THR	-7.8776967759156	8.991	0(0)	0.999(999)
THR	-7.7492378474568	8.991	0(0)	0.999(999)
THR	-7.620778918998	8.991	0(0)	0.999(999)
THR	-7.4923199905392	8.991	0(0)	0.999(999)
THR	-7.3638610620804	8.991	0(0)	0.999(999)
THR	-7.23540213362161	8.991	0(0)	0.999(999)
THR	-7.10694320516281	8.991	0(0)	0.999(999)
THR	-6.97848427670401	8.991	0(0)	0.999(999)
THR	-6.85002534824521	8.991	0(0)	0.999(999)
THR	-6.72156641978641	8.991	0(0)	0.999(999)
THR	-6.59310749132761	8.991	0(0)	0.999(999)
THR	-6.46464856286881	8.991	0(0)	0.999(999)
THR	-6.33618963441001	8.982	0(0)	0.998(998)
THR	-6.20773070595121	8.973	0(0)	0.997(997)
THR	-6.07927177749241	8.973	0(0)	0.997(997)
THR	-5.95081284903361	8.973	0(0)	0.997(997)
THR	-5.82235392057481	8.973	0(0)	0.997(997)
THR	-5.69389499211601	8.964	0(0)	0.996(996)
THR	-5.56543606365721	8.937	0(0)	0.993(993)
THR	-5.43697713519841	8.937	0(0)	0.993(993)
THR	-5.30851820673961	8.919	0(0)	0.991(991)
THR	-5.18005927828081	8.892	0(0)	0.988(988)
THR	-5.05160034982201	8.892	0(0)	0.988(988)
THR	-4.92314142136321	8.883	0(0)	0.987(987)
THR	-4.79468249290441	8.874	0(0)	0.986(986)
THR	-4.66622356444561	8.82	0(0)	0.98(980)
THR	-4.53776463598681	8.775	0(0)	0.975(975)
THR	-4.40930570752801	8.712	0(0)	0.968(968)
THR	-4.28084677906921	8.676	0(0)	0.964(964)
THR	-4.15238785061041	8.622	0(0)	0.958(958)
THR	-4.02392892215161	8.559	0(0)	0.951(951)
THR	-3.89546999369281	8.496	0(0)	0.944(944)
THR	-3.76701106523401	8.415	0(0)	0.935(935)
THR	-3.63855213677521	8.352	0(0)	0.928(928)
THR	-3.51009320831641	8.28	0(0)	0.92(920)
THR	-3.38163427985761	8.181	0(0)	0.909(909)
THR	-3.25317535139881	8.064	0(0)	0.896(896)
THR	-3.12471642294001	7.911	0(0)	0.879(879)
THR	-2.99625749448121	7.722	0(0)	0.858(858)
THR	-2.86779856602241	7.515	0(0)	0.835(835)
THR	-2.73933963756361	7.29	0(0)	0.81(810)
THR	-2.61088070910481	6.984	0(0)	0.776(776)
THR	-2.48242178064601	6.615	0(0)	0.735(735)
THR	-2.35396285218721	6.273	0(0)	0.697(697)
THR	-2.22550392372841	5.85	0(0)	0.65(650)
THR	-2.09704499526961	5.562	0(0)	0.618(618)
THR	-1.96858606681081	5.229	0(0)	0.581(581)
THR	-1.84012713835201	4.788	0(0)	0.532(532)
THR	-1.71166820989321	4.212	0(0)	0.468(468)
THR	-1.58320928143441	3.582	0(0)	0.398(398)
THR	-1.45475035297561	2.988	0(0)	0.332(332)
THR	-1.32629142451681	2.466	0(0)	0.274(274)
THR	-1.19783249605801	2.011	0.004(1)	0.223(223)
THR	-1.06937356759921	1.606	0.004(1)	0.178(178)
THR	-0.940914639140413	1.219	0.004(1)	0.135(135)
THR	-0.812455710681613	0.85	0.004(1)	0.094(94)
THR	-0.683996782222813	0.597	0.012(3)	0.065(65)
THR	-0.555537853764013	0.488	0.02(5)	0.052(52)
THR	-0.427078925305213	0.325	0.028(7)	0.033(33)
THR	-0.298619996846412	0.234	0.036(9)	0.022(22)
THR	-0.170161068387612	0.17	0.044(11)	0.014(14)
THR	-0.0417021399288124	0.136	0.064(16)	0.008(8)
THR	0.0867567885299876	0.142	0.088(22)	0.006(6)
THR	0.215215716988788	0.153	0.108(27)	0.005(5)
THR	0.343674645447588	0.18	0.144(36)	0.004(4)
THR	0.472133573906388	0.201	0.192(48)	0.001(1)
THR	0.600592502365188	0.256	0.256(64)	0(0)
THR	0.729051430823988	0.308	0.308(77)	0(0)
THR	0.857510359282788	0.36	0.36(90)	0(0)
THR	0.985969287741588	0.448	0.448(112)	0(0)
THR	1.11442821620039	0.52	0.52(130)	0(0)
THR	1.24288714465919	0.596	0.596(149)	0(0)
THR	1.37134607311799	0.68	0.68(170)	0(0)
THR	1.49980500157679	0.724	0.724(181)	0(0)
THR	1.62826393003559	0.8	0.8(200)	0(0)
THR	1.75672285849439	0.864	0.864(216)	0(0)
THR	1.88518178695319	0.888	0.888(222)	0(0)
THR	2.01364071541199	0.908	0.908(227)	0(0)
THR	2.14209964387079	0.94	0.94(235)	0(0)
THR	2.27055857232959	0.956	0.956(239)	0(0)
THR	2.39901750078839	0.964	0.964(241)	0(0)
THR	2.52747642924719	0.968	0.968(242)	0(0)
THR	2.65593535770599	0.976	0.976(244)	0(0)
THR	2.78439428616479	0.976	0.976(244)	0(0)
THR	2.91285321462359	0.988	0.988(247)	0(0)
THR	3.04131214308239	0.992	0.992(248)	0(0)
THR	3.16977107154119	0.996	0.996(249)	0(0)
THR	3.29822999999999	0.996	0.996(249)	0(0)
THR	3.42668892845879	1	1(250)	0(0)


==============================================
THR: -0.0417021399288124
Missed:     16/250=0.0640
FalseAlarm: 8/1000=0.0080
----------------------------------------------
==> CostDetection: 13.6
==============================================
