Threshold search:
THR	-48.5501087144	9	0(0)	1(1000)
THR	-48.462964627256	8.991	0(0)	0.999(999)
THR	-48.375820540112	8.991	0(0)	0.999(999)
THR	-48.288676452968	8.991	0(0)	0.999(999)
THR	-48.201532365824	8.991	0(0)	0.999(999)
THR	-48.11438827868	8.991	0(0)	0.999(999)
THR	-48.027244191536	8.991	0(0)	0.999(999)
THR	-47.940100104392	8.991	0(0)	0.999(999)
THR	-47.852956017248	8.991	0(0)	0.999(999)
THR	-47.765811930104	8.991	0(0)	0.999(999)
THR	-47.67866784296	8.991	0(0)	0.999(999)
THR	-47.591523755816	8.982	0(0)	0.998(998)
THR	-47.504379668672	8.973	0(0)	0.997(997)
THR	-47.417235581528	8.946	0(0)	0.994(994)
THR	-47.330091494384	8.937	0(0)	0.993(993)
THR	-47.24294740724	8.928	0(0)	0.992(992)
THR	-47.155803320096	8.928	0(0)	0.992(992)
THR	-47.0686592329521	8.928	0(0)	0.992(992)
THR	-46.9815151458081	8.928	0(0)	0.992(992)
THR	-46.8943710586641	8.919	0(0)	0.991(991)
THR	-46.8072269715201	8.883	0(0)	0.987(987)
THR	-46.7200828843761	8.874	0(0)	0.986(986)
THR	-46.6329387972321	8.874	0(0)	0.986(986)
THR	-46.5457947100881	8.865	0(0)	0.985(985)
THR	-46.4586506229441	8.847	0(0)	0.983(983)
THR	-46.3715065358001	8.838	0(0)	0.982(982)
THR	-46.2843624486561	8.802	0(0)	0.978(978)
THR	-46.1972183615121	8.757	0(0)	0.973(973)
THR	-46.1100742743681	8.73	0(0)	0.97(970)
THR	-46.0229301872241	8.685	0(0)	0.965(965)
THR	-45.9357861000801	8.658	0(0)	0.962(962)
THR	-45.8486420129361	8.604	0(0)	0.956(956)
THR	-45.7614979257921	8.55	0(0)	0.95(950)
THR	-45.6743538386481	8.496	0(0)	0.944(944)
THR	-45.5872097515041	8.406	0(0)	0.934(934)
THR	-45.5000656643601	8.343	0(0)	0.927(927)
THR	-45.4129215772161	8.28	0(0)	0.92(920)
THR	-45.3257774900721	8.172	0(0)	0.908(908)
THR	-45.2386334029281	8.055	0(0)	0.895(895)
THR	-45.1514893157841	7.992	0(0)	0.888(888)
THR	-45.0643452286401	7.893	0(0)	0.877(877)
THR	-44.9772011414961	7.74	0(0)	0.86(860)
THR	-44.8900570543521	7.659	0(0)	0.851(851)
THR	-44.8029129672081	7.542	0(0)	0.838(838)
THR	-44.7157688800641	7.339	0.004(1)	0.815(815)
THR	-44.6286247929201	7.186	0.004(1)	0.798(798)
THR	-44.5414807057761	7.069	0.004(1)	0.785(785)
THR	-44.4543366186321	6.943	0.004(1)	0.771(771)
THR	-44.3671925314881	6.781	0.004(1)	0.753(753)
THR	-44.2800484443441	6.528	0.012(3)	0.724(724)
THR	-44.1929043572001	6.289	0.016(4)	0.697(697)
THR	-44.1057602700561	6.046	0.016(4)	0.67(670)
THR	-44.0186161829121	5.834	0.02(5)	0.646(646)
THR	-43.9314720957682	5.582	0.02(5)	0.618(618)
THR	-43.8443280086242	5.348	0.02(5)	0.592(592)
THR	-43.7571839214802	5.087	0.02(5)	0.563(563)
THR	-43.6700398343362	4.829	0.032(8)	0.533(533)
THR	-43.5828957471922	4.57	0.052(13)	0.502(502)
THR	-43.4957516600482	4.29	0.06(15)	0.47(470)
THR	-43.4086075729042	4.027	0.076(19)	0.439(439)
THR	-43.3214634857602	3.756	0.084(21)	0.408(408)
THR	-43.2343193986162	3.492	0.108(27)	0.376(376)
THR	-43.1471753114722	3.106	0.136(34)	0.33(330)
THR	-43.0600312243282	2.824	0.16(40)	0.296(296)
THR	-42.9728871371842	2.447	0.188(47)	0.251(251)
THR	-42.8857430500402	2.256	0.24(60)	0.224(224)
THR	-42.7985989628962	2.059	0.268(67)	0.199(199)
THR	-42.7114548757522	1.781	0.296(74)	0.165(165)
THR	-42.6243107886082	1.657	0.352(88)	0.145(145)
THR	-42.5371667014642	1.532	0.416(104)	0.124(124)
THR	-42.4500226143202	1.401	0.456(114)	0.105(105)
THR	-42.3628785271762	1.235	0.488(122)	0.083(83)
THR	-42.2757344400322	1.146	0.516(129)	0.07(70)
THR	-42.1885903528882	1.081	0.532(133)	0.061(61)
THR	-42.1014462657442	1.049	0.572(143)	0.053(53)
THR	-42.0143021786002	0.996	0.6(150)	0.044(44)
THR	-41.9271580914562	1.015	0.664(166)	0.039(39)
THR	-41.8400140043122	0.939	0.696(174)	0.027(27)
THR	-41.7528699171682	0.928	0.748(187)	0.02(20)
THR	-41.6657258300242	0.927	0.792(198)	0.015(15)
THR	-41.5785817428802	0.884	0.812(203)	0.008(8)
THR	-41.4914376557362	0.911	0.848(212)	0.007(7)
THR	-41.4042935685922	0.901	0.856(214)	0.005(5)
THR	-41.3171494814482	0.908	0.872(218)	0.004(4)
THR	-41.2300053943042	0.91	0.892(223)	0.002(2)
THR	-41.1428613071602	0.913	0.904(226)	0.001(1)
THR	-41.0557172200162	0.933	0.924(231)	0.001(1)
THR	-40.9685731328722	0.941	0.932(233)	0.001(1)
THR	-40.8814290457282	0.952	0.952(238)	0(0)
THR	-40.7942849585842	0.964	0.964(241)	0(0)
THR	-40.7071408714403	0.972	0.972(243)	0(0)
THR	-40.6199967842963	0.972	0.972(243)	0(0)
THR	-40.5328526971523	0.98	0.98(245)	0(0)
THR	-40.4457086100083	0.984	0.984(246)	0(0)
THR	-40.3585645228643	0.988	0.988(247)	0(0)
THR	-40.2714204357203	0.988	0.988(247)	0(0)
THR	-40.1842763485763	0.996	0.996(249)	0(0)
THR	-40.0971322614323	0.996	0.996(249)	0(0)
THR	-40.0099881742883	0.996	0.996(249)	0(0)
THR	-39.9228440871443	0.996	0.996(249)	0(0)
THR	-39.8357000000003	0.996	0.996(249)	0(0)
THR	-39.7485559128563	1	1(250)	0(0)


==============================================
THR: -41.5785817428802
Missed:     203/250=0.8120
FalseAlarm: 8/1000=0.0080
----------------------------------------------
==> CostDetection: 88.4
==============================================
Threshold search:
THR	-9.54766284588	9	0(0)	1(1000)
THR	-9.4192039174212	8.991	0(0)	0.999(999)
THR	-9.2907449889624	8.991	0(0)	0.999(999)
THR	-9.1622860605036	8.991	0(0)	0.999(999)
THR	-9.0338271320448	8.991	0(0)	0.999(999)
THR	-8.905368203586	8.991	0(0)	0.999(999)
THR	-8.7769092751272	8.991	0(0)	0.999(999)
THR	-8.6484503466684	8.991	0(0)	0.999(999)
THR	-8.5199914182096	8.991	0(0)	0.999(999)
THR	-8.3915324897508	8.991	0(0)	0.999(999)
THR	-8.263073561292	8.991	0(0)	0.999(999)
THR	-8.1346146328332	8.991	0(0)	0.999(999)
THR	-8.0061557043744	8.991	0(0)	0.999(999)
THR	-7.8776967759156	8.991	0(0)	0.999(999)
THR	-7.7492378474568	8.991	0(0)	0.999(999)
THR	-7.620778918998	8.991	0(0)	0.999(999)
THR	-7.4923199905392	8.991	0(0)	0.999(999)
THR	-7.3638610620804	8.991	0(0)	0.999(999)
THR	-7.23540213362161	8.991	0(0)	0.999(999)
THR	-7.10694320516281	8.991	0(0)	0.999(999)
THR	-6.97848427670401	8.991	0(0)	0.999(999)
THR	-6.85002534824521	8.991	0(0)	0.999(999)
THR	-6.72156641978641	8.991	0(0)	0.999(999)
THR	-6.59310749132761	8.991	0(0)	0.999(999)
THR	-6.46464856286881	8.991	0(0)	0.999(999)
THR	-6.33618963441001	8.982	0(0)	0.998(998)
THR	-6.20773070595121	8.973	0(0)	0.997(997)
THR	-6.07927177749241	8.973	0(0)	0.997(997)
THR	-5.95081284903361	8.973	0(0)	0.997(997)
THR	-5.82235392057481	8.973	0(0)	0.997(997)
THR	-5.69389499211601	8.964	0(0)	0.996(996)
THR	-5.56543606365721	8.937	0(0)	0.993(993)
THR	-5.43697713519841	8.937	0(0)	0.993(993)
THR	-5.30851820673961	8.919	0(0)	0.991(991)
THR	-5.18005927828081	8.892	0(0)	0.988(988)
THR	-5.05160034982201	8.892	0(0)	0.988(988)
THR	-4.92314142136321	8.883	0(0)	0.987(987)
THR	-4.79468249290441	8.874	0(0)	0.986(986)
THR	-4.66622356444561	8.82	0(0)	0.98(980)
THR	-4.53776463598681	8.775	0(0)	0.975(975)
THR	-4.40930570752801	8.712	0(0)	0.968(968)
THR	-4.28084677906921	8.676	0(0)	0.964(964)
THR	-4.15238785061041	8.622	0(0)	0.958(958)
THR	-4.02392892215161	8.559	0(0)	0.951(951)
THR	-3.89546999369281	8.496	0(0)	0.944(944)
THR	-3.76701106523401	8.415	0(0)	0.935(935)
THR	-3.63855213677521	8.352	0(0)	0.928(928)
THR	-3.51009320831641	8.28	0(0)	0.92(920)
THR	-3.38163427985761	8.181	0(0)	0.909(909)
THR	-3.25317535139881	8.064	0(0)	0.896(896)
THR	-3.12471642294001	7.911	0(0)	0.879(879)
THR	-2.99625749448121	7.722	0(0)	0.858(858)
THR	-2.86779856602241	7.515	0(0)	0.835(835)
THR	-2.73933963756361	7.29	0(0)	0.81(810)
THR	-2.61088070910481	6.984	0(0)	0.776(776)
THR	-2.48242178064601	6.615	0(0)	0.735(735)
THR	-2.35396285218721	6.273	0(0)	0.697(697)
THR	-2.22550392372841	5.85	0(0)	0.65(650)
THR	-2.09704499526961	5.562	0(0)	0.618(618)
THR	-1.96858606681081	5.229	0(0)	0.581(581)
THR	-1.84012713835201	4.788	0(0)	0.532(532)
THR	-1.71166820989321	4.212	0(0)	0.468(468)
THR	-1.58320928143441	3.582	0(0)	0.398(398)
THR	-1.45475035297561	2.988	0(0)	0.332(332)
THR	-1.32629142451681	2.466	0(0)	0.274(274)
THR	-1.19783249605801	2.011	0.004(1)	0.223(223)
THR	-1.06937356759921	1.606	0.004(1)	0.178(178)
THR	-0.940914639140413	1.219	0.004(1)	0.135(135)
THR	-0.812455710681613	0.85	0.004(1)	0.094(94)
THR	-0.683996782222813	0.597	0.012(3)	0.065(65)
THR	-0.555537853764013	0.488	0.02(5)	0.052(52)
THR	-0.427078925305213	0.325	0.028(7)	0.033(33)
THR	-0.298619996846412	0.234	0.036(9)	0.022(22)
THR	-0.170161068387612	0.17	0.044(11)	0.014(14)
THR	-0.0417021399288124	0.136	0.064(16)	0.008(8)
THR	0.0867567885299876	0.142	0.088(22)	0.006(6)
THR	0.215215716988788	0.153	0.108(27)	0.005(5)
THR	0.343674645447588	0.18	0.144(36)	0.004(4)
THR	0.472133573906388	0.201	0.192(48)	0.001(1)
THR	0.600592502365188	0.256	0.256(64)	0(0)
THR	0.729051430823988	0.308	0.308(77)	0(0)
THR	0.857510359282788	0.36	0.36(90)	0(0)
THR	0.985969287741588	0.448	0.448(112)	0(0)
THR	1.11442821620039	0.52	0.52(130)	0(0)
THR	1.24288714465919	0.596	0.596(149)	0(0)
THR	1.37134607311799	0.68	0.68(170)	0(0)
THR	1.49980500157679	0.724	0.724(181)	0(0)
THR	1.62826393003559	0.8	0.8(200)	0(0)
THR	1.75672285849439	0.864	0.864(216)	0(0)
THR	1.88518178695319	0.888	0.888(222)	0(0)
THR	2.01364071541199	0.908	0.908(227)	0(0)
THR	2.14209964387079	0.94	0.94(235)	0(0)
THR	2.27055857232959	0.956	0.956(239)	0(0)
THR	2.39901750078839	0.964	0.964(241)	0(0)
THR	2.52747642924719	0.968	0.968(242)	0(0)
THR	2.65593535770599	0.976	0.976(244)	0(0)
THR	2.78439428616479	0.976	0.976(244)	0(0)
THR	2.91285321462359	0.988	0.988(247)	0(0)
THR	3.04131214308239	0.992	0.992(248)	0(0)
THR	3.16977107154119	0.996	0.996(249)	0(0)
THR	3.29822999999999	0.996	0.996(249)	0(0)
THR	3.42668892845879	1	1(250)	0(0)


==============================================
THR: -0.0417021399288124
Missed:     16/250=0.0640
FalseAlarm: 8/1000=0.0080
----------------------------------------------
==> CostDetection: 13.6
==============================================
